[2026-07-24 01:51:18.400] [debug] ================= [CONFIG LOADED] =================
[2026-07-24 01:51:18.400] [debug]   Mode: PC
[2026-07-24 01:51:18.400] [debug]   Camera ID : 0
[2026-07-24 01:51:18.400] [debug]   Target Res: 1280x720
[2026-07-24 01:51:18.400] [debug]   Target Fmt: MJPG
[2026-07-24 01:51:18.400] [debug]   Target Brightness: 0
[2026-07-24 01:51:18.400] [debug]   Target Contrast: 0
[2026-07-24 01:51:18.400] [debug]   Model Path: ../models/detect.prototxt | ../models/detect.caffemodel | ../models/sr.prototxt | ../models/sr.caffemodel

[2026-07-24 01:51:18.400] [debug]   Stream        : Port=5000, Res=640x360, Quality=60
[2026-07-24 01:51:18.400] [debug] ===================================================
[2026-07-24 01:51:18.404] [info] [qrcode_scanner.cpp] 微信模型加载成功
[2026-07-24 01:51:18.430] [debug] 
[2026-07-24 01:51:18.430] [debug] ================= [ACTUAL CAMERA STATUS] =================
[2026-07-24 01:51:18.430] [debug]   Backend API   : V4L2
[2026-07-24 01:51:18.430] [debug]   Resolution    : 1280x720
[2026-07-24 01:51:18.430] [debug]   FPS           : 30
[2026-07-24 01:51:18.430] [debug]   Video Format  : MJPG
[2026-07-24 01:51:18.430] [debug]   Exposure      : 166
[2026-07-24 01:51:18.430] [debug]   Brightness    : 0
[2026-07-24 01:51:18.430] [debug]   Contrast      : 0
[2026-07-24 01:51:18.430] [debug] ==========================================================
[2026-07-24 01:51:18.430] [debug] [main.cpp] 相机初始化完毕, 按 'ESC' 或 'q' 退出

[2026-07-24 01:51:18.430] [debug] ================= [SERIAL STATUS] =================
[2026-07-24 01:51:18.430] [error] [serial_port.cpp] 无法打开串口 /dev/ttyACM0

[2026-07-24 01:51:18.430] [error]   is_serial_open: FAILED
[2026-07-24 01:51:18.430] [debug] ===================================================

[2026-07-24 01:51:18.430] [info] [HttpStream] HTTP 服务器已启动，端口: 5000
[2026-07-24 01:51:18.430] [info] [HttpStream] 服务器正在 0.0.0.0:5000 监听
[2026-07-24 01:51:18.430] [info] [SERIAL THREAD] 相机 OK, 串口 ERROR, 有效信息 NO, 发送 255 and 255 FAILED
[2026-07-24 01:51:18.430] [info] 本机局域网 IP: 10.62.146.83  (接口: wlp0s20f3)
[2026-07-24 01:51:18.430] [debug] [main.cpp] starting 3 threads...

[2026-07-24 01:51:18.905] [warning] [serial_port.cpp] 尝试重新打开串口...
[2026-07-24 01:51:18.905] [error] [serial_port.cpp] 无法打开串口 /dev/ttyACM0

[2026-07-24 01:51:19.410] [warning] [serial_port.cpp] 尝试重新打开串口...
[2026-07-24 01:51:19.410] [error] [serial_port.cpp] 无法打开串口 /dev/ttyACM0

[2026-07-24 01:51:19.916] [warning] [serial_port.cpp] 尝试重新打开串口...
[2026-07-24 01:51:19.917] [error] [serial_port.cpp] 无法打开串口 /dev/ttyACM0

[2026-07-24 01:51:20.422] [warning] [serial_port.cpp] 尝试重新打开串口...
[2026-07-24 01:51:20.422] [error] [serial_port.cpp] 无法打开串口 /dev/ttyACM0

[2026-07-24 01:51:20.927] [warning] [serial_port.cpp] 尝试重新打开串口...
[2026-07-24 01:51:20.927] [error] [serial_port.cpp] 无法打开串口 /dev/ttyACM0

[2026-07-24 01:51:21.431] [warning] [serial_port.cpp] 尝试重新打开串口...
[2026-07-24 01:51:21.431] [error] [serial_port.cpp] 无法打开串口 /dev/ttyACM0

[2026-07-24 01:51:21.936] [warning] [serial_port.cpp] 尝试重新打开串口...
[2026-07-24 01:51:21.936] [error] [serial_port.cpp] 无法打开串口 /dev/ttyACM0

[2026-07-24 01:51:22.105] [debug] 

[2026-07-24 01:51:22.105] [warning] [main.cpp] 捕捉到退出信号(SIGINT)，准备退出程序...

[2026-07-24 01:51:22.158] [info] [HttpStream] HTTP 服务器已停止。
