[2026-07-24 13:32:47.482] [debug] ================= [CONFIG LOADED] =================
[2026-07-24 13:32:47.482] [debug]   Mode: Raspberry Pi
[2026-07-24 13:32:47.482] [debug]   Camera ID : 2
[2026-07-24 13:32:47.482] [debug]   Target Res: 1280x720
[2026-07-24 13:32:47.482] [debug]   Target Fmt: MJPG
[2026-07-24 13:32:47.482] [debug]   Target Brightness: 0
[2026-07-24 13:32:47.482] [debug]   Target Contrast: 30
[2026-07-24 13:32:47.482] [debug]   Model Path: ../models/detect.prototxt | ../models/detect.caffemodel | ../models/sr.prototxt | ../models/sr.caffemodel

[2026-07-24 13:32:47.482] [debug]   Stream        : Port=5000, Res=640x360, Quality=60
[2026-07-24 13:32:47.482] [debug] ===================================================
[2026-07-24 13:32:47.485] [info] [qrcode_scanner.cpp] 微信模型加载成功
[2026-07-24 13:32:47.584] [error] [main.cpp] 初始打开相机失败, ID: 2
[2026-07-24 13:32:47.584] [debug] ================= [SERIAL STATUS] =================
[2026-07-24 13:32:47.584] [error] [serial_port.cpp] 无法打开串口 /dev/ttyACM0

[2026-07-24 13:32:47.584] [error]   is_serial_open: FAILED
[2026-07-24 13:32:47.584] [debug] ===================================================

[2026-07-24 13:32:47.584] [info] [HttpStream] HTTP 服务器已启动，端口: 5000
[2026-07-24 13:32:47.584] [info] [SERIAL THREAD] 相机 ERROR, 串口 ERROR, 有效信息 NO, 发送 238 and 238 FAILED
[2026-07-24 13:32:47.584] [info] 本机局域网 IP: 10.62.146.83  (接口: wlp0s20f3)
[2026-07-24 13:32:47.584] [debug] [main.cpp] starting 3 threads...

[2026-07-24 13:32:47.584] [warning] [main.cpp] 相机已断开, 0.5s 后尝试重新连接...
[2026-07-24 13:32:47.584] [info] [HttpStream] 服务器正在 0.0.0.0:5000 监听
[2026-07-24 13:32:47.983] [warning] [serial_port.cpp] 尝试重新打开串口...
[2026-07-24 13:32:47.984] [error] [serial_port.cpp] 无法打开串口 /dev/ttyACM0

[2026-07-24 13:32:48.085] [warning] [main.cpp] 相机已断开, 0.5s 后尝试重新连接...
[2026-07-24 13:32:48.492] [warning] [serial_port.cpp] 尝试重新打开串口...
[2026-07-24 13:32:48.493] [error] [serial_port.cpp] 无法打开串口 /dev/ttyACM0

[2026-07-24 13:32:48.585] [warning] [main.cpp] 相机已断开, 0.5s 后尝试重新连接...
[2026-07-24 13:32:48.993] [warning] [serial_port.cpp] 尝试重新打开串口...
[2026-07-24 13:32:48.993] [error] [serial_port.cpp] 无法打开串口 /dev/ttyACM0

[2026-07-24 13:32:49.086] [warning] [main.cpp] 相机已断开, 0.5s 后尝试重新连接...
[2026-07-24 13:32:49.206] [debug] 

[2026-07-24 13:32:49.206] [warning] [main.cpp] 捕捉到退出信号(SIGINT)，准备退出程序...

[2026-07-24 13:32:49.587] [info] [HttpStream] HTTP 服务器已停止。
