[2026-07-24 03:04:50.599] [debug] ================= [CONFIG LOADED] =================
[2026-07-24 03:04:50.599] [debug]   Mode: PC
[2026-07-24 03:04:50.599] [debug]   Camera ID : 2
[2026-07-24 03:04:50.599] [debug]   Target Res: 1280x720
[2026-07-24 03:04:50.599] [debug]   Target Fmt: MJPG
[2026-07-24 03:04:50.599] [debug]   Target Brightness: 0
[2026-07-24 03:04:50.599] [debug]   Target Contrast: 0
[2026-07-24 03:04:50.599] [debug]   Model Path: ../models/detect.prototxt | ../models/detect.caffemodel | ../models/sr.prototxt | ../models/sr.caffemodel

[2026-07-24 03:04:50.599] [debug]   Stream        : Port=5000, Res=960x540, Quality=60
[2026-07-24 03:04:50.599] [debug] ===================================================
[2026-07-24 03:04:50.603] [info] [qrcode_scanner.cpp] 微信模型加载成功
[2026-07-24 03:04:50.798] [debug] 
[2026-07-24 03:04:50.799] [debug] ================= [ACTUAL CAMERA STATUS] =================
[2026-07-24 03:04:50.799] [debug]   Backend API   : V4L2
[2026-07-24 03:04:50.799] [debug]   Resolution    : 1280x720
[2026-07-24 03:04:50.799] [debug]   FPS           : 30
[2026-07-24 03:04:50.799] [debug]   Video Format  : MJPG
[2026-07-24 03:04:50.799] [debug]   Exposure      : 156
[2026-07-24 03:04:50.799] [debug]   Brightness    : 0
[2026-07-24 03:04:50.799] [debug]   Contrast      : 0
[2026-07-24 03:04:50.799] [debug] ==========================================================
[2026-07-24 03:04:50.799] [debug] [main.cpp] 相机初始化完毕, 按 'ESC' 或 'q' 退出

[2026-07-24 03:04:50.799] [debug] ================= [SERIAL STATUS] =================
[2026-07-24 03:04:50.799] [info] [serial_port.cpp] 串口 /dev/ttyACM0 打开成功，波特率: 115200
[2026-07-24 03:04:50.799] [info]   is_serial_open: SUCCESS
[2026-07-24 03:04:50.799] [debug]   Port Name     : /dev/ttyACM0
[2026-07-24 03:04:50.799] [debug]   Baud Rate     : 115200
[2026-07-24 03:04:50.799] [debug] ===================================================

[2026-07-24 03:04:50.799] [info] [HttpStream] HTTP 服务器已启动，端口: 5000
[2026-07-24 03:04:50.799] [info] 本机局域网 IP: 10.62.146.83  (接口: wlp0s20f3)
[2026-07-24 03:04:50.799] [debug] [main.cpp] starting 3 threads...

[2026-07-24 03:04:50.799] [info] [SERIAL THREAD] 相机 OK, 串口 OK, 有效信息 NO, 发送 255 and 255 SUCCESSED
[2026-07-24 03:04:50.799] [info] [HttpStream] 服务器正在 0.0.0.0:5000 监听
[2026-07-24 03:06:08.829] [error] [main.cpp] 连续读取空帧，相机物理掉线！
[2026-07-24 03:06:08.829] [warning] [main.cpp] 相机已断开, 0.5s 后尝试重新连接...
[2026-07-24 03:06:08.832] [info] [SERIAL THREAD] 相机 ERROR, 串口 OK, 有效信息 NO, 发送 238 and 238 SUCCESSED
[2026-07-24 03:06:09.429] [warning] [main.cpp] 相机已断开, 0.5s 后尝试重新连接...
[2026-07-24 03:06:09.929] [warning] [main.cpp] 相机已断开, 0.5s 后尝试重新连接...
[2026-07-24 03:06:10.430] [warning] [main.cpp] 相机已断开, 0.5s 后尝试重新连接...
[2026-07-24 03:06:10.930] [warning] [main.cpp] 相机已断开, 0.5s 后尝试重新连接...
[2026-07-24 03:06:11.431] [warning] [main.cpp] 相机已断开, 0.5s 后尝试重新连接...
[2026-07-24 03:06:11.736] [error] [serial_port.cpp] 数据发送不完整或失败！
[2026-07-24 03:06:11.736] [warning] [serial_port.cpp] 尝试重新打开串口...
[2026-07-24 03:06:11.736] [warning] [serial_port.cpp] 串口已关闭。
[2026-07-24 03:06:11.736] [error] [serial_port.cpp] 无法打开串口 /dev/ttyACM0

[2026-07-24 03:06:11.736] [warning] [serial_port.cpp] 尝试重新打开串口...
[2026-07-24 03:06:11.736] [error] [serial_port.cpp] 无法打开串口 /dev/ttyACM0

[2026-07-24 03:06:11.736] [info] [SERIAL THREAD] 相机 ERROR, 串口 ERROR, 有效信息 NO, 发送 238 and 238 FAILED
[2026-07-24 03:06:11.935] [warning] [main.cpp] 相机已断开, 0.5s 后尝试重新连接...
[2026-07-24 03:06:12.240] [warning] [serial_port.cpp] 尝试重新打开串口...
[2026-07-24 03:06:12.240] [error] [serial_port.cpp] 无法打开串口 /dev/ttyACM0

[2026-07-24 03:06:12.439] [warning] [main.cpp] 相机已断开, 0.5s 后尝试重新连接...
[2026-07-24 03:06:12.743] [warning] [serial_port.cpp] 尝试重新打开串口...
[2026-07-24 03:06:12.743] [error] [serial_port.cpp] 无法打开串口 /dev/ttyACM0

[2026-07-24 03:06:12.943] [warning] [main.cpp] 相机已断开, 0.5s 后尝试重新连接...
[2026-07-24 03:06:13.247] [warning] [serial_port.cpp] 尝试重新打开串口...
[2026-07-24 03:06:13.247] [error] [serial_port.cpp] 无法打开串口 /dev/ttyACM0

[2026-07-24 03:06:13.447] [warning] [main.cpp] 相机已断开, 0.5s 后尝试重新连接...
[2026-07-24 03:06:13.751] [warning] [serial_port.cpp] 尝试重新打开串口...
[2026-07-24 03:06:13.751] [error] [serial_port.cpp] 无法打开串口 /dev/ttyACM0

[2026-07-24 03:06:13.951] [warning] [main.cpp] 相机已断开, 0.5s 后尝试重新连接...
[2026-07-24 03:06:14.254] [warning] [serial_port.cpp] 尝试重新打开串口...
[2026-07-24 03:06:14.254] [error] [serial_port.cpp] 无法打开串口 /dev/ttyACM0

[2026-07-24 03:06:14.452] [warning] [main.cpp] 相机已断开, 0.5s 后尝试重新连接...
[2026-07-24 03:06:14.758] [warning] [serial_port.cpp] 尝试重新打开串口...
[2026-07-24 03:06:14.758] [error] [serial_port.cpp] 无法打开串口 /dev/ttyACM0

[2026-07-24 03:06:15.094] [debug] 
[2026-07-24 03:06:15.094] [debug] ================= [ACTUAL CAMERA STATUS] =================
[2026-07-24 03:06:15.094] [debug]   Backend API   : V4L2
[2026-07-24 03:06:15.094] [debug]   Resolution    : 1280x720
[2026-07-24 03:06:15.094] [debug]   FPS           : 30
[2026-07-24 03:06:15.094] [debug]   Video Format  : MJPG
[2026-07-24 03:06:15.094] [debug]   Exposure      : 156
[2026-07-24 03:06:15.094] [debug]   Brightness    : 0
[2026-07-24 03:06:15.094] [debug]   Contrast      : 0
[2026-07-24 03:06:15.094] [debug] ==========================================================
[2026-07-24 03:06:15.094] [debug] [main.cpp] 相机初始化完毕, 按 'ESC' 或 'q' 退出

[2026-07-24 03:06:15.094] [info] [main.cpp] 相机重连成功，恢复视觉流！
[2026-07-24 03:06:15.101] [info] [SERIAL THREAD] 相机 OK, 串口 ERROR, 有效信息 NO, 发送 255 and 255 FAILED
[2026-07-24 03:06:15.262] [warning] [serial_port.cpp] 尝试重新打开串口...
[2026-07-24 03:06:15.262] [error] [serial_port.cpp] 无法打开串口 /dev/ttyACM0

[2026-07-24 03:06:15.767] [warning] [serial_port.cpp] 尝试重新打开串口...
[2026-07-24 03:06:15.767] [error] [serial_port.cpp] 无法打开串口 /dev/ttyACM0

[2026-07-24 03:06:16.272] [warning] [serial_port.cpp] 尝试重新打开串口...
[2026-07-24 03:06:16.272] [error] [serial_port.cpp] 无法打开串口 /dev/ttyACM0

[2026-07-24 03:06:16.776] [warning] [serial_port.cpp] 尝试重新打开串口...
[2026-07-24 03:06:16.776] [error] [serial_port.cpp] 无法打开串口 /dev/ttyACM0

[2026-07-24 03:06:17.282] [warning] [serial_port.cpp] 尝试重新打开串口...
[2026-07-24 03:06:17.282] [error] [serial_port.cpp] 无法打开串口 /dev/ttyACM0

[2026-07-24 03:06:17.786] [warning] [serial_port.cpp] 尝试重新打开串口...
[2026-07-24 03:06:17.786] [error] [serial_port.cpp] 无法打开串口 /dev/ttyACM0

[2026-07-24 03:06:18.293] [warning] [serial_port.cpp] 尝试重新打开串口...
[2026-07-24 03:06:18.293] [error] [serial_port.cpp] 无法打开串口 /dev/ttyACM0

[2026-07-24 03:06:18.797] [warning] [serial_port.cpp] 尝试重新打开串口...
[2026-07-24 03:06:18.797] [error] [serial_port.cpp] 无法打开串口 /dev/ttyACM0

[2026-07-24 03:06:19.302] [warning] [serial_port.cpp] 尝试重新打开串口...
[2026-07-24 03:06:19.302] [error] [serial_port.cpp] 无法打开串口 /dev/ttyACM0

[2026-07-24 03:06:19.805] [warning] [serial_port.cpp] 尝试重新打开串口...
[2026-07-24 03:06:19.806] [error] [serial_port.cpp] 无法打开串口 /dev/ttyACM0

[2026-07-24 03:06:20.309] [warning] [serial_port.cpp] 尝试重新打开串口...
[2026-07-24 03:06:20.310] [error] [serial_port.cpp] 无法打开串口 /dev/ttyACM0

[2026-07-24 03:06:20.816] [warning] [serial_port.cpp] 尝试重新打开串口...
[2026-07-24 03:06:20.816] [error] [serial_port.cpp] 无法打开串口 /dev/ttyACM0

[2026-07-24 03:06:20.920] [info] [qrcode_scanner.cpp] data2 更新，检测到 三个投球框 的颜色顺序: Yellow,Blue,Red
[2026-07-24 03:06:20.927] [info] [SERIAL THREAD] 相机 OK, 串口 ERROR, 有效信息 YES, 发送 255 and 4 FAILED
[2026-07-24 03:06:21.323] [warning] [serial_port.cpp] 尝试重新打开串口...
[2026-07-24 03:06:21.323] [error] [serial_port.cpp] 无法打开串口 /dev/ttyACM0

[2026-07-24 03:06:21.829] [warning] [serial_port.cpp] 尝试重新打开串口...
[2026-07-24 03:06:21.829] [error] [serial_port.cpp] 无法打开串口 /dev/ttyACM0

[2026-07-24 03:06:22.333] [warning] [serial_port.cpp] 尝试重新打开串口...
[2026-07-24 03:06:22.333] [error] [serial_port.cpp] 无法打开串口 /dev/ttyACM0

[2026-07-24 03:06:22.837] [warning] [serial_port.cpp] 尝试重新打开串口...
[2026-07-24 03:06:22.837] [error] [serial_port.cpp] 无法打开串口 /dev/ttyACM0

[2026-07-24 03:06:23.342] [warning] [serial_port.cpp] 尝试重新打开串口...
[2026-07-24 03:06:23.342] [error] [serial_port.cpp] 无法打开串口 /dev/ttyACM0

[2026-07-24 03:06:23.848] [warning] [serial_port.cpp] 尝试重新打开串口...
[2026-07-24 03:06:23.848] [error] [serial_port.cpp] 无法打开串口 /dev/ttyACM0

[2026-07-24 03:06:24.086] [info] [qrcode_scanner.cpp] data1 更新，检测到 基础框 和 核心框 的颜色: Red,Blue
[2026-07-24 03:06:24.091] [info] [SERIAL THREAD] 相机 OK, 串口 ERROR, 有效信息 YES, 发送 2 and 4 FAILED
[2026-07-24 03:06:24.353] [warning] [serial_port.cpp] 尝试重新打开串口...
[2026-07-24 03:06:24.353] [error] [serial_port.cpp] 无法打开串口 /dev/ttyACM0

[2026-07-24 03:06:24.857] [warning] [serial_port.cpp] 尝试重新打开串口...
[2026-07-24 03:06:24.857] [error] [serial_port.cpp] 无法打开串口 /dev/ttyACM0

[2026-07-24 03:06:25.362] [warning] [serial_port.cpp] 尝试重新打开串口...
[2026-07-24 03:06:25.362] [error] [serial_port.cpp] 无法打开串口 /dev/ttyACM0

[2026-07-24 03:06:25.866] [warning] [serial_port.cpp] 尝试重新打开串口...
[2026-07-24 03:06:25.866] [error] [serial_port.cpp] 无法打开串口 /dev/ttyACM0

[2026-07-24 03:06:26.371] [warning] [serial_port.cpp] 尝试重新打开串口...
[2026-07-24 03:06:26.371] [error] [serial_port.cpp] 无法打开串口 /dev/ttyACM0

[2026-07-24 03:06:26.875] [warning] [serial_port.cpp] 尝试重新打开串口...
[2026-07-24 03:06:26.875] [error] [serial_port.cpp] 无法打开串口 /dev/ttyACM0

[2026-07-24 03:06:27.380] [warning] [serial_port.cpp] 尝试重新打开串口...
[2026-07-24 03:06:27.380] [error] [serial_port.cpp] 无法打开串口 /dev/ttyACM0

[2026-07-24 03:06:27.886] [warning] [serial_port.cpp] 尝试重新打开串口...
[2026-07-24 03:06:27.886] [error] [serial_port.cpp] 无法打开串口 /dev/ttyACM0

[2026-07-24 03:06:28.388] [warning] [serial_port.cpp] 尝试重新打开串口...
[2026-07-24 03:06:28.388] [error] [serial_port.cpp] 无法打开串口 /dev/ttyACM0

[2026-07-24 03:06:28.892] [warning] [serial_port.cpp] 尝试重新打开串口...
[2026-07-24 03:06:28.892] [error] [serial_port.cpp] 无法打开串口 /dev/ttyACM0

[2026-07-24 03:06:29.397] [warning] [serial_port.cpp] 尝试重新打开串口...
[2026-07-24 03:06:29.397] [error] [serial_port.cpp] 无法打开串口 /dev/ttyACM0

[2026-07-24 03:06:29.902] [warning] [serial_port.cpp] 尝试重新打开串口...
[2026-07-24 03:06:29.902] [error] [serial_port.cpp] 无法打开串口 /dev/ttyACM0

[2026-07-24 03:06:30.408] [warning] [serial_port.cpp] 尝试重新打开串口...
[2026-07-24 03:06:30.408] [error] [serial_port.cpp] 无法打开串口 /dev/ttyACM0

[2026-07-24 03:06:30.914] [warning] [serial_port.cpp] 尝试重新打开串口...
[2026-07-24 03:06:30.914] [error] [serial_port.cpp] 无法打开串口 /dev/ttyACM0

[2026-07-24 03:06:31.419] [warning] [serial_port.cpp] 尝试重新打开串口...
[2026-07-24 03:06:31.419] [error] [serial_port.cpp] 无法打开串口 /dev/ttyACM0

[2026-07-24 03:06:31.925] [warning] [serial_port.cpp] 尝试重新打开串口...
[2026-07-24 03:06:31.925] [error] [serial_port.cpp] 无法打开串口 /dev/ttyACM0

[2026-07-24 03:06:32.430] [warning] [serial_port.cpp] 尝试重新打开串口...
[2026-07-24 03:06:32.430] [error] [serial_port.cpp] 无法打开串口 /dev/ttyACM0

[2026-07-24 03:06:32.935] [warning] [serial_port.cpp] 尝试重新打开串口...
[2026-07-24 03:06:32.935] [error] [serial_port.cpp] 无法打开串口 /dev/ttyACM0

[2026-07-24 03:06:33.440] [warning] [serial_port.cpp] 尝试重新打开串口...
[2026-07-24 03:06:33.440] [error] [serial_port.cpp] 无法打开串口 /dev/ttyACM0

[2026-07-24 03:06:33.947] [warning] [serial_port.cpp] 尝试重新打开串口...
[2026-07-24 03:06:33.947] [error] [serial_port.cpp] 无法打开串口 /dev/ttyACM0

[2026-07-24 03:06:34.452] [warning] [serial_port.cpp] 尝试重新打开串口...
[2026-07-24 03:06:34.452] [error] [serial_port.cpp] 无法打开串口 /dev/ttyACM0

[2026-07-24 03:06:34.957] [warning] [serial_port.cpp] 尝试重新打开串口...
[2026-07-24 03:06:34.957] [error] [serial_port.cpp] 无法打开串口 /dev/ttyACM0

[2026-07-24 03:06:35.462] [warning] [serial_port.cpp] 尝试重新打开串口...
[2026-07-24 03:06:35.462] [error] [serial_port.cpp] 无法打开串口 /dev/ttyACM0

[2026-07-24 03:06:35.966] [warning] [serial_port.cpp] 尝试重新打开串口...
[2026-07-24 03:06:35.966] [error] [serial_port.cpp] 无法打开串口 /dev/ttyACM0

[2026-07-24 03:06:36.470] [warning] [serial_port.cpp] 尝试重新打开串口...
[2026-07-24 03:06:36.470] [error] [serial_port.cpp] 无法打开串口 /dev/ttyACM0

[2026-07-24 03:06:36.975] [warning] [serial_port.cpp] 尝试重新打开串口...
[2026-07-24 03:06:36.975] [error] [serial_port.cpp] 无法打开串口 /dev/ttyACM0

[2026-07-24 03:06:37.483] [warning] [serial_port.cpp] 尝试重新打开串口...
[2026-07-24 03:06:37.483] [error] [serial_port.cpp] 无法打开串口 /dev/ttyACM0

[2026-07-24 03:06:37.990] [warning] [serial_port.cpp] 尝试重新打开串口...
[2026-07-24 03:06:37.990] [error] [serial_port.cpp] 无法打开串口 /dev/ttyACM0

[2026-07-24 03:06:38.494] [warning] [serial_port.cpp] 尝试重新打开串口...
[2026-07-24 03:06:38.494] [error] [serial_port.cpp] 无法打开串口 /dev/ttyACM0

[2026-07-24 03:06:38.999] [warning] [serial_port.cpp] 尝试重新打开串口...
[2026-07-24 03:06:39.000] [error] [serial_port.cpp] 无法打开串口 /dev/ttyACM0

[2026-07-24 03:06:39.504] [warning] [serial_port.cpp] 尝试重新打开串口...
[2026-07-24 03:06:39.504] [error] [serial_port.cpp] 无法打开串口 /dev/ttyACM0

[2026-07-24 03:06:40.008] [warning] [serial_port.cpp] 尝试重新打开串口...
[2026-07-24 03:06:40.008] [error] [serial_port.cpp] 无法打开串口 /dev/ttyACM0

[2026-07-24 03:06:40.512] [warning] [serial_port.cpp] 尝试重新打开串口...
[2026-07-24 03:06:40.512] [error] [serial_port.cpp] 无法打开串口 /dev/ttyACM0

[2026-07-24 03:06:41.017] [warning] [serial_port.cpp] 尝试重新打开串口...
[2026-07-24 03:06:41.017] [error] [serial_port.cpp] 无法打开串口 /dev/ttyACM0

[2026-07-24 03:06:41.522] [warning] [serial_port.cpp] 尝试重新打开串口...
[2026-07-24 03:06:41.523] [error] [serial_port.cpp] 无法打开串口 /dev/ttyACM0

[2026-07-24 03:06:41.772] [info] [qrcode_scanner.cpp] 检测到 RESET!!! ，已重置
[2026-07-24 03:06:41.775] [info] [SERIAL THREAD] 相机 OK, 串口 ERROR, 有效信息 NO, 发送 255 and 255 FAILED
[2026-07-24 03:06:41.820] [info] [qrcode_scanner.cpp] 检测到 RESET!!! ，已重置
[2026-07-24 03:06:41.841] [info] [qrcode_scanner.cpp] 检测到 RESET!!! ，已重置
[2026-07-24 03:06:41.874] [info] [qrcode_scanner.cpp] 检测到 RESET!!! ，已重置
[2026-07-24 03:06:41.920] [info] [qrcode_scanner.cpp] 检测到 RESET!!! ，已重置
[2026-07-24 03:06:42.027] [warning] [serial_port.cpp] 尝试重新打开串口...
[2026-07-24 03:06:42.028] [error] [serial_port.cpp] 无法打开串口 /dev/ttyACM0

[2026-07-24 03:06:42.532] [warning] [serial_port.cpp] 尝试重新打开串口...
[2026-07-24 03:06:42.532] [error] [serial_port.cpp] 无法打开串口 /dev/ttyACM0

[2026-07-24 03:06:43.037] [warning] [serial_port.cpp] 尝试重新打开串口...
[2026-07-24 03:06:43.037] [error] [serial_port.cpp] 无法打开串口 /dev/ttyACM0

[2026-07-24 03:06:43.277] [info] [qrcode_scanner.cpp] 检测到 RESET!!! ，已重置
[2026-07-24 03:06:43.539] [warning] [serial_port.cpp] 尝试重新打开串口...
[2026-07-24 03:06:43.539] [error] [serial_port.cpp] 无法打开串口 /dev/ttyACM0

[2026-07-24 03:06:43.586] [info] [qrcode_scanner.cpp] 检测到 RESET!!! ，已重置
[2026-07-24 03:06:43.603] [info] [qrcode_scanner.cpp] 检测到 RESET!!! ，已重置
[2026-07-24 03:06:43.655] [info] [qrcode_scanner.cpp] 检测到 RESET!!! ，已重置
[2026-07-24 03:06:44.043] [warning] [serial_port.cpp] 尝试重新打开串口...
[2026-07-24 03:06:44.043] [error] [serial_port.cpp] 无法打开串口 /dev/ttyACM0

[2026-07-24 03:06:44.550] [warning] [serial_port.cpp] 尝试重新打开串口...
[2026-07-24 03:06:44.550] [error] [serial_port.cpp] 无法打开串口 /dev/ttyACM0

[2026-07-24 03:06:45.055] [warning] [serial_port.cpp] 尝试重新打开串口...
[2026-07-24 03:06:45.055] [error] [serial_port.cpp] 无法打开串口 /dev/ttyACM0

[2026-07-24 03:06:45.561] [warning] [serial_port.cpp] 尝试重新打开串口...
[2026-07-24 03:06:45.562] [error] [serial_port.cpp] 无法打开串口 /dev/ttyACM0

[2026-07-24 03:06:46.066] [warning] [serial_port.cpp] 尝试重新打开串口...
[2026-07-24 03:06:46.066] [error] [serial_port.cpp] 无法打开串口 /dev/ttyACM0

[2026-07-24 03:06:46.570] [warning] [serial_port.cpp] 尝试重新打开串口...
[2026-07-24 03:06:46.570] [error] [serial_port.cpp] 无法打开串口 /dev/ttyACM0

[2026-07-24 03:06:46.690] [info] [qrcode_scanner.cpp] data1 更新，检测到 基础框 和 核心框 的颜色: Red,Blue
[2026-07-24 03:06:46.691] [info] [SERIAL THREAD] 相机 OK, 串口 ERROR, 有效信息 YES, 发送 2 and 255 FAILED
[2026-07-24 03:06:46.781] [info] [qrcode_scanner.cpp] data2 更新，检测到 三个投球框 的颜色顺序: Yellow,Blue,Red
[2026-07-24 03:06:46.782] [info] [SERIAL THREAD] 相机 OK, 串口 ERROR, 有效信息 YES, 发送 2 and 4 FAILED
[2026-07-24 03:06:47.075] [warning] [serial_port.cpp] 尝试重新打开串口...
[2026-07-24 03:06:47.075] [error] [serial_port.cpp] 无法打开串口 /dev/ttyACM0

[2026-07-24 03:06:47.582] [warning] [serial_port.cpp] 尝试重新打开串口...
[2026-07-24 03:06:47.582] [error] [serial_port.cpp] 无法打开串口 /dev/ttyACM0

[2026-07-24 03:06:48.087] [warning] [serial_port.cpp] 尝试重新打开串口...
[2026-07-24 03:06:48.087] [error] [serial_port.cpp] 无法打开串口 /dev/ttyACM0

[2026-07-24 03:06:48.592] [warning] [serial_port.cpp] 尝试重新打开串口...
[2026-07-24 03:06:48.592] [error] [serial_port.cpp] 无法打开串口 /dev/ttyACM0

[2026-07-24 03:06:49.097] [warning] [serial_port.cpp] 尝试重新打开串口...
[2026-07-24 03:06:49.098] [error] [serial_port.cpp] 无法打开串口 /dev/ttyACM0

[2026-07-24 03:06:49.604] [warning] [serial_port.cpp] 尝试重新打开串口...
[2026-07-24 03:06:49.604] [error] [serial_port.cpp] 无法打开串口 /dev/ttyACM0

[2026-07-24 03:06:50.109] [warning] [serial_port.cpp] 尝试重新打开串口...
[2026-07-24 03:06:50.109] [error] [serial_port.cpp] 无法打开串口 /dev/ttyACM0

[2026-07-24 03:06:50.615] [warning] [serial_port.cpp] 尝试重新打开串口...
[2026-07-24 03:06:50.615] [error] [serial_port.cpp] 无法打开串口 /dev/ttyACM0

[2026-07-24 03:06:51.119] [warning] [serial_port.cpp] 尝试重新打开串口...
[2026-07-24 03:06:51.119] [error] [serial_port.cpp] 无法打开串口 /dev/ttyACM0

[2026-07-24 03:06:51.623] [warning] [serial_port.cpp] 尝试重新打开串口...
[2026-07-24 03:06:51.623] [error] [serial_port.cpp] 无法打开串口 /dev/ttyACM0

[2026-07-24 03:06:52.130] [warning] [serial_port.cpp] 尝试重新打开串口...
[2026-07-24 03:06:52.130] [error] [serial_port.cpp] 无法打开串口 /dev/ttyACM0

[2026-07-24 03:06:52.634] [warning] [serial_port.cpp] 尝试重新打开串口...
[2026-07-24 03:06:52.634] [error] [serial_port.cpp] 无法打开串口 /dev/ttyACM0

[2026-07-24 03:06:53.138] [warning] [serial_port.cpp] 尝试重新打开串口...
[2026-07-24 03:06:53.138] [error] [serial_port.cpp] 无法打开串口 /dev/ttyACM0

[2026-07-24 03:06:53.641] [warning] [serial_port.cpp] 尝试重新打开串口...
[2026-07-24 03:06:53.642] [error] [serial_port.cpp] 无法打开串口 /dev/ttyACM0

[2026-07-24 03:06:54.146] [warning] [serial_port.cpp] 尝试重新打开串口...
[2026-07-24 03:06:54.146] [error] [serial_port.cpp] 无法打开串口 /dev/ttyACM0

[2026-07-24 03:06:54.651] [warning] [serial_port.cpp] 尝试重新打开串口...
[2026-07-24 03:06:54.652] [error] [serial_port.cpp] 无法打开串口 /dev/ttyACM0

[2026-07-24 03:06:55.156] [warning] [serial_port.cpp] 尝试重新打开串口...
[2026-07-24 03:06:55.156] [error] [serial_port.cpp] 无法打开串口 /dev/ttyACM0

[2026-07-24 03:06:55.660] [warning] [serial_port.cpp] 尝试重新打开串口...
[2026-07-24 03:06:55.660] [error] [serial_port.cpp] 无法打开串口 /dev/ttyACM0

[2026-07-24 03:06:56.164] [warning] [serial_port.cpp] 尝试重新打开串口...
[2026-07-24 03:06:56.164] [error] [serial_port.cpp] 无法打开串口 /dev/ttyACM0

[2026-07-24 03:06:56.669] [warning] [serial_port.cpp] 尝试重新打开串口...
[2026-07-24 03:06:56.669] [error] [serial_port.cpp] 无法打开串口 /dev/ttyACM0

[2026-07-24 03:06:57.175] [warning] [serial_port.cpp] 尝试重新打开串口...
[2026-07-24 03:06:57.175] [error] [serial_port.cpp] 无法打开串口 /dev/ttyACM0

[2026-07-24 03:06:57.679] [warning] [serial_port.cpp] 尝试重新打开串口...
[2026-07-24 03:06:57.679] [error] [serial_port.cpp] 无法打开串口 /dev/ttyACM0

[2026-07-24 03:06:58.182] [warning] [serial_port.cpp] 尝试重新打开串口...
[2026-07-24 03:06:58.182] [error] [serial_port.cpp] 无法打开串口 /dev/ttyACM0

[2026-07-24 03:06:58.687] [warning] [serial_port.cpp] 尝试重新打开串口...
[2026-07-24 03:06:58.687] [error] [serial_port.cpp] 无法打开串口 /dev/ttyACM0

[2026-07-24 03:06:59.191] [warning] [serial_port.cpp] 尝试重新打开串口...
[2026-07-24 03:06:59.191] [error] [serial_port.cpp] 无法打开串口 /dev/ttyACM0

[2026-07-24 03:06:59.697] [warning] [serial_port.cpp] 尝试重新打开串口...
[2026-07-24 03:06:59.697] [error] [serial_port.cpp] 无法打开串口 /dev/ttyACM0

[2026-07-24 03:07:00.200] [warning] [serial_port.cpp] 尝试重新打开串口...
[2026-07-24 03:07:00.201] [error] [serial_port.cpp] 无法打开串口 /dev/ttyACM0

[2026-07-24 03:07:00.704] [warning] [serial_port.cpp] 尝试重新打开串口...
[2026-07-24 03:07:00.704] [error] [serial_port.cpp] 无法打开串口 /dev/ttyACM0

[2026-07-24 03:07:01.209] [warning] [serial_port.cpp] 尝试重新打开串口...
[2026-07-24 03:07:01.209] [error] [serial_port.cpp] 无法打开串口 /dev/ttyACM0

[2026-07-24 03:07:01.714] [warning] [serial_port.cpp] 尝试重新打开串口...
[2026-07-24 03:07:01.714] [error] [serial_port.cpp] 无法打开串口 /dev/ttyACM0

[2026-07-24 03:07:02.221] [warning] [serial_port.cpp] 尝试重新打开串口...
[2026-07-24 03:07:02.221] [error] [serial_port.cpp] 无法打开串口 /dev/ttyACM0

[2026-07-24 03:07:02.725] [warning] [serial_port.cpp] 尝试重新打开串口...
[2026-07-24 03:07:02.725] [error] [serial_port.cpp] 无法打开串口 /dev/ttyACM0

[2026-07-24 03:07:03.230] [warning] [serial_port.cpp] 尝试重新打开串口...
[2026-07-24 03:07:03.230] [error] [serial_port.cpp] 无法打开串口 /dev/ttyACM0

[2026-07-24 03:07:03.736] [warning] [serial_port.cpp] 尝试重新打开串口...
[2026-07-24 03:07:03.736] [error] [serial_port.cpp] 无法打开串口 /dev/ttyACM0

[2026-07-24 03:07:04.240] [warning] [serial_port.cpp] 尝试重新打开串口...
[2026-07-24 03:07:04.240] [error] [serial_port.cpp] 无法打开串口 /dev/ttyACM0

[2026-07-24 03:07:04.747] [warning] [serial_port.cpp] 尝试重新打开串口...
[2026-07-24 03:07:04.747] [error] [serial_port.cpp] 无法打开串口 /dev/ttyACM0

[2026-07-24 03:07:05.252] [warning] [serial_port.cpp] 尝试重新打开串口...
[2026-07-24 03:07:05.253] [error] [serial_port.cpp] 无法打开串口 /dev/ttyACM0

[2026-07-24 03:07:05.756] [warning] [serial_port.cpp] 尝试重新打开串口...
[2026-07-24 03:07:05.756] [error] [serial_port.cpp] 无法打开串口 /dev/ttyACM0

[2026-07-24 03:07:06.261] [warning] [serial_port.cpp] 尝试重新打开串口...
[2026-07-24 03:07:06.261] [error] [serial_port.cpp] 无法打开串口 /dev/ttyACM0

[2026-07-24 03:07:06.765] [warning] [serial_port.cpp] 尝试重新打开串口...
[2026-07-24 03:07:06.765] [error] [serial_port.cpp] 无法打开串口 /dev/ttyACM0

[2026-07-24 03:07:07.270] [warning] [serial_port.cpp] 尝试重新打开串口...
[2026-07-24 03:07:07.270] [error] [serial_port.cpp] 无法打开串口 /dev/ttyACM0

[2026-07-24 03:07:07.775] [warning] [serial_port.cpp] 尝试重新打开串口...
[2026-07-24 03:07:07.775] [error] [serial_port.cpp] 无法打开串口 /dev/ttyACM0

[2026-07-24 03:07:08.280] [warning] [serial_port.cpp] 尝试重新打开串口...
[2026-07-24 03:07:08.280] [error] [serial_port.cpp] 无法打开串口 /dev/ttyACM0

[2026-07-24 03:07:08.787] [warning] [serial_port.cpp] 尝试重新打开串口...
[2026-07-24 03:07:08.787] [error] [serial_port.cpp] 无法打开串口 /dev/ttyACM0

[2026-07-24 03:07:09.242] [error] [main.cpp] 连续读取空帧，相机物理掉线！
[2026-07-24 03:07:09.242] [warning] [main.cpp] 相机已断开, 0.5s 后尝试重新连接...
[2026-07-24 03:07:09.251] [info] [SERIAL THREAD] 相机 ERROR, 串口 ERROR, 有效信息 YES, 发送 238 and 238 FAILED
[2026-07-24 03:07:09.291] [warning] [serial_port.cpp] 尝试重新打开串口...
[2026-07-24 03:07:09.291] [error] [serial_port.cpp] 无法打开串口 /dev/ttyACM0

[2026-07-24 03:07:09.795] [warning] [serial_port.cpp] 尝试重新打开串口...
[2026-07-24 03:07:09.795] [error] [serial_port.cpp] 无法打开串口 /dev/ttyACM0

[2026-07-24 03:07:09.839] [warning] [main.cpp] 相机已断开, 0.5s 后尝试重新连接...
[2026-07-24 03:07:10.298] [warning] [serial_port.cpp] 尝试重新打开串口...
[2026-07-24 03:07:10.298] [error] [serial_port.cpp] 无法打开串口 /dev/ttyACM0

[2026-07-24 03:07:10.340] [warning] [main.cpp] 相机已断开, 0.5s 后尝试重新连接...
[2026-07-24 03:07:10.802] [warning] [serial_port.cpp] 尝试重新打开串口...
[2026-07-24 03:07:10.802] [error] [serial_port.cpp] 无法打开串口 /dev/ttyACM0

[2026-07-24 03:07:10.841] [warning] [main.cpp] 相机已断开, 0.5s 后尝试重新连接...
[2026-07-24 03:07:11.306] [warning] [serial_port.cpp] 尝试重新打开串口...
[2026-07-24 03:07:11.306] [error] [serial_port.cpp] 无法打开串口 /dev/ttyACM0

[2026-07-24 03:07:11.341] [warning] [main.cpp] 相机已断开, 0.5s 后尝试重新连接...
[2026-07-24 03:07:11.810] [warning] [serial_port.cpp] 尝试重新打开串口...
[2026-07-24 03:07:11.810] [error] [serial_port.cpp] 无法打开串口 /dev/ttyACM0

[2026-07-24 03:07:11.984] [debug] 
[2026-07-24 03:07:11.984] [debug] ================= [ACTUAL CAMERA STATUS] =================
[2026-07-24 03:07:11.984] [debug]   Backend API   : V4L2
[2026-07-24 03:07:11.984] [debug]   Resolution    : 1280x720
[2026-07-24 03:07:11.984] [debug]   FPS           : 30
[2026-07-24 03:07:11.984] [debug]   Video Format  : MJPG
[2026-07-24 03:07:11.984] [debug]   Exposure      : 156
[2026-07-24 03:07:11.984] [debug]   Brightness    : 0
[2026-07-24 03:07:11.984] [debug]   Contrast      : 0
[2026-07-24 03:07:11.984] [debug] ==========================================================
[2026-07-24 03:07:11.984] [debug] [main.cpp] 相机初始化完毕, 按 'ESC' 或 'q' 退出

[2026-07-24 03:07:11.984] [info] [main.cpp] 相机重连成功，恢复视觉流！
[2026-07-24 03:07:11.991] [info] [SERIAL THREAD] 相机 OK, 串口 ERROR, 有效信息 YES, 发送 2 and 4 FAILED
[2026-07-24 03:07:12.314] [warning] [serial_port.cpp] 尝试重新打开串口...
[2026-07-24 03:07:12.314] [error] [serial_port.cpp] 无法打开串口 /dev/ttyACM0

[2026-07-24 03:07:12.819] [warning] [serial_port.cpp] 尝试重新打开串口...
[2026-07-24 03:07:12.819] [error] [serial_port.cpp] 无法打开串口 /dev/ttyACM0

[2026-07-24 03:07:13.323] [warning] [serial_port.cpp] 尝试重新打开串口...
[2026-07-24 03:07:13.323] [error] [serial_port.cpp] 无法打开串口 /dev/ttyACM0

[2026-07-24 03:07:13.828] [warning] [serial_port.cpp] 尝试重新打开串口...
[2026-07-24 03:07:13.828] [error] [serial_port.cpp] 无法打开串口 /dev/ttyACM0

[2026-07-24 03:07:14.334] [warning] [serial_port.cpp] 尝试重新打开串口...
[2026-07-24 03:07:14.334] [error] [serial_port.cpp] 无法打开串口 /dev/ttyACM0

[2026-07-24 03:07:14.839] [warning] [serial_port.cpp] 尝试重新打开串口...
[2026-07-24 03:07:14.839] [error] [serial_port.cpp] 无法打开串口 /dev/ttyACM0

[2026-07-24 03:07:15.343] [warning] [serial_port.cpp] 尝试重新打开串口...
[2026-07-24 03:07:15.343] [error] [serial_port.cpp] 无法打开串口 /dev/ttyACM0

[2026-07-24 03:07:15.848] [warning] [serial_port.cpp] 尝试重新打开串口...
[2026-07-24 03:07:15.848] [error] [serial_port.cpp] 无法打开串口 /dev/ttyACM0

[2026-07-24 03:07:16.353] [warning] [serial_port.cpp] 尝试重新打开串口...
[2026-07-24 03:07:16.353] [error] [serial_port.cpp] 无法打开串口 /dev/ttyACM0

[2026-07-24 03:07:16.857] [warning] [serial_port.cpp] 尝试重新打开串口...
[2026-07-24 03:07:16.857] [error] [serial_port.cpp] 无法打开串口 /dev/ttyACM0

[2026-07-24 03:07:17.361] [warning] [serial_port.cpp] 尝试重新打开串口...
[2026-07-24 03:07:17.361] [error] [serial_port.cpp] 无法打开串口 /dev/ttyACM0

[2026-07-24 03:07:17.434] [error] [main.cpp] 连续读取空帧，相机物理掉线！
[2026-07-24 03:07:17.434] [warning] [main.cpp] 相机已断开, 0.5s 后尝试重新连接...
[2026-07-24 03:07:17.441] [info] [SERIAL THREAD] 相机 ERROR, 串口 ERROR, 有效信息 YES, 发送 238 and 238 FAILED
[2026-07-24 03:07:17.864] [warning] [serial_port.cpp] 尝试重新打开串口...
[2026-07-24 03:07:17.864] [error] [serial_port.cpp] 无法打开串口 /dev/ttyACM0

[2026-07-24 03:07:18.031] [warning] [main.cpp] 相机已断开, 0.5s 后尝试重新连接...
[2026-07-24 03:07:18.368] [warning] [serial_port.cpp] 尝试重新打开串口...
[2026-07-24 03:07:18.368] [error] [serial_port.cpp] 无法打开串口 /dev/ttyACM0

[2026-07-24 03:07:18.532] [warning] [main.cpp] 相机已断开, 0.5s 后尝试重新连接...
[2026-07-24 03:07:18.871] [warning] [serial_port.cpp] 尝试重新打开串口...
[2026-07-24 03:07:18.871] [error] [serial_port.cpp] 无法打开串口 /dev/ttyACM0

[2026-07-24 03:07:19.033] [warning] [main.cpp] 相机已断开, 0.5s 后尝试重新连接...
[2026-07-24 03:07:19.375] [warning] [serial_port.cpp] 尝试重新打开串口...
[2026-07-24 03:07:19.375] [error] [serial_port.cpp] 无法打开串口 /dev/ttyACM0

[2026-07-24 03:07:19.533] [warning] [main.cpp] 相机已断开, 0.5s 后尝试重新连接...
[2026-07-24 03:07:19.878] [warning] [serial_port.cpp] 尝试重新打开串口...
[2026-07-24 03:07:19.878] [error] [serial_port.cpp] 无法打开串口 /dev/ttyACM0

[2026-07-24 03:07:20.034] [warning] [main.cpp] 相机已断开, 0.5s 后尝试重新连接...
[2026-07-24 03:07:20.382] [warning] [serial_port.cpp] 尝试重新打开串口...
[2026-07-24 03:07:20.382] [error] [serial_port.cpp] 无法打开串口 /dev/ttyACM0

[2026-07-24 03:07:20.535] [warning] [main.cpp] 相机已断开, 0.5s 后尝试重新连接...
[2026-07-24 03:07:20.887] [warning] [serial_port.cpp] 尝试重新打开串口...
[2026-07-24 03:07:20.887] [error] [serial_port.cpp] 无法打开串口 /dev/ttyACM0

[2026-07-24 03:07:21.035] [warning] [main.cpp] 相机已断开, 0.5s 后尝试重新连接...
[2026-07-24 03:07:21.391] [warning] [serial_port.cpp] 尝试重新打开串口...
[2026-07-24 03:07:21.391] [error] [serial_port.cpp] 无法打开串口 /dev/ttyACM0

[2026-07-24 03:07:21.536] [warning] [main.cpp] 相机已断开, 0.5s 后尝试重新连接...
[2026-07-24 03:07:21.895] [warning] [serial_port.cpp] 尝试重新打开串口...
[2026-07-24 03:07:21.895] [error] [serial_port.cpp] 无法打开串口 /dev/ttyACM0

[2026-07-24 03:07:22.036] [warning] [main.cpp] 相机已断开, 0.5s 后尝试重新连接...
[2026-07-24 03:07:22.398] [warning] [serial_port.cpp] 尝试重新打开串口...
[2026-07-24 03:07:22.398] [error] [serial_port.cpp] 无法打开串口 /dev/ttyACM0

[2026-07-24 03:07:22.537] [warning] [main.cpp] 相机已断开, 0.5s 后尝试重新连接...
[2026-07-24 03:07:22.902] [warning] [serial_port.cpp] 尝试重新打开串口...
[2026-07-24 03:07:22.902] [error] [serial_port.cpp] 无法打开串口 /dev/ttyACM0

[2026-07-24 03:07:23.038] [warning] [main.cpp] 相机已断开, 0.5s 后尝试重新连接...
[2026-07-24 03:07:23.406] [warning] [serial_port.cpp] 尝试重新打开串口...
[2026-07-24 03:07:23.406] [error] [serial_port.cpp] 无法打开串口 /dev/ttyACM0

[2026-07-24 03:07:23.538] [warning] [main.cpp] 相机已断开, 0.5s 后尝试重新连接...
[2026-07-24 03:07:23.910] [warning] [serial_port.cpp] 尝试重新打开串口...
[2026-07-24 03:07:23.910] [error] [serial_port.cpp] 无法打开串口 /dev/ttyACM0

[2026-07-24 03:07:24.039] [warning] [main.cpp] 相机已断开, 0.5s 后尝试重新连接...
[2026-07-24 03:07:24.413] [warning] [serial_port.cpp] 尝试重新打开串口...
[2026-07-24 03:07:24.413] [error] [serial_port.cpp] 无法打开串口 /dev/ttyACM0

[2026-07-24 03:07:24.540] [warning] [main.cpp] 相机已断开, 0.5s 后尝试重新连接...
[2026-07-24 03:07:24.917] [warning] [serial_port.cpp] 尝试重新打开串口...
[2026-07-24 03:07:24.917] [error] [serial_port.cpp] 无法打开串口 /dev/ttyACM0

[2026-07-24 03:07:25.040] [warning] [main.cpp] 相机已断开, 0.5s 后尝试重新连接...
[2026-07-24 03:07:25.420] [warning] [serial_port.cpp] 尝试重新打开串口...
[2026-07-24 03:07:25.420] [error] [serial_port.cpp] 无法打开串口 /dev/ttyACM0

[2026-07-24 03:07:25.541] [warning] [main.cpp] 相机已断开, 0.5s 后尝试重新连接...
[2026-07-24 03:07:25.925] [warning] [serial_port.cpp] 尝试重新打开串口...
[2026-07-24 03:07:25.925] [error] [serial_port.cpp] 无法打开串口 /dev/ttyACM0

[2026-07-24 03:07:26.042] [warning] [main.cpp] 相机已断开, 0.5s 后尝试重新连接...
[2026-07-24 03:07:26.429] [warning] [serial_port.cpp] 尝试重新打开串口...
[2026-07-24 03:07:26.430] [error] [serial_port.cpp] 无法打开串口 /dev/ttyACM0

[2026-07-24 03:07:26.542] [warning] [main.cpp] 相机已断开, 0.5s 后尝试重新连接...
[2026-07-24 03:07:26.934] [warning] [serial_port.cpp] 尝试重新打开串口...
[2026-07-24 03:07:26.934] [error] [serial_port.cpp] 无法打开串口 /dev/ttyACM0

[2026-07-24 03:07:27.043] [warning] [main.cpp] 相机已断开, 0.5s 后尝试重新连接...
[2026-07-24 03:07:27.438] [warning] [serial_port.cpp] 尝试重新打开串口...
[2026-07-24 03:07:27.438] [error] [serial_port.cpp] 无法打开串口 /dev/ttyACM0

[2026-07-24 03:07:27.543] [warning] [main.cpp] 相机已断开, 0.5s 后尝试重新连接...
[2026-07-24 03:07:27.943] [warning] [serial_port.cpp] 尝试重新打开串口...
[2026-07-24 03:07:27.943] [error] [serial_port.cpp] 无法打开串口 /dev/ttyACM0

[2026-07-24 03:07:28.044] [warning] [main.cpp] 相机已断开, 0.5s 后尝试重新连接...
[2026-07-24 03:07:28.447] [warning] [serial_port.cpp] 尝试重新打开串口...
[2026-07-24 03:07:28.447] [error] [serial_port.cpp] 无法打开串口 /dev/ttyACM0

[2026-07-24 03:07:28.569] [warning] [main.cpp] 相机已断开, 0.5s 后尝试重新连接...
[2026-07-24 03:07:28.951] [warning] [serial_port.cpp] 尝试重新打开串口...
[2026-07-24 03:07:28.951] [error] [serial_port.cpp] 无法打开串口 /dev/ttyACM0

[2026-07-24 03:07:29.072] [warning] [main.cpp] 相机已断开, 0.5s 后尝试重新连接...
[2026-07-24 03:07:29.454] [warning] [serial_port.cpp] 尝试重新打开串口...
[2026-07-24 03:07:29.454] [error] [serial_port.cpp] 无法打开串口 /dev/ttyACM0

[2026-07-24 03:07:29.573] [warning] [main.cpp] 相机已断开, 0.5s 后尝试重新连接...
[2026-07-24 03:07:29.958] [warning] [serial_port.cpp] 尝试重新打开串口...
[2026-07-24 03:07:29.958] [error] [serial_port.cpp] 无法打开串口 /dev/ttyACM0

[2026-07-24 03:07:30.074] [warning] [main.cpp] 相机已断开, 0.5s 后尝试重新连接...
[2026-07-24 03:07:30.461] [warning] [serial_port.cpp] 尝试重新打开串口...
[2026-07-24 03:07:30.461] [error] [serial_port.cpp] 无法打开串口 /dev/ttyACM0

[2026-07-24 03:07:30.574] [warning] [main.cpp] 相机已断开, 0.5s 后尝试重新连接...
[2026-07-24 03:07:30.965] [warning] [serial_port.cpp] 尝试重新打开串口...
[2026-07-24 03:07:30.965] [error] [serial_port.cpp] 无法打开串口 /dev/ttyACM0

[2026-07-24 03:07:31.075] [warning] [main.cpp] 相机已断开, 0.5s 后尝试重新连接...
[2026-07-24 03:07:31.468] [warning] [serial_port.cpp] 尝试重新打开串口...
[2026-07-24 03:07:31.468] [error] [serial_port.cpp] 无法打开串口 /dev/ttyACM0

[2026-07-24 03:07:31.576] [warning] [main.cpp] 相机已断开, 0.5s 后尝试重新连接...
[2026-07-24 03:07:31.972] [warning] [serial_port.cpp] 尝试重新打开串口...
[2026-07-24 03:07:31.972] [error] [serial_port.cpp] 无法打开串口 /dev/ttyACM0

[2026-07-24 03:07:32.077] [warning] [main.cpp] 相机已断开, 0.5s 后尝试重新连接...
[2026-07-24 03:07:32.475] [warning] [serial_port.cpp] 尝试重新打开串口...
[2026-07-24 03:07:32.475] [error] [serial_port.cpp] 无法打开串口 /dev/ttyACM0

[2026-07-24 03:07:32.578] [warning] [main.cpp] 相机已断开, 0.5s 后尝试重新连接...
[2026-07-24 03:07:32.979] [warning] [serial_port.cpp] 尝试重新打开串口...
[2026-07-24 03:07:32.979] [error] [serial_port.cpp] 无法打开串口 /dev/ttyACM0

[2026-07-24 03:07:33.078] [warning] [main.cpp] 相机已断开, 0.5s 后尝试重新连接...
[2026-07-24 03:07:33.483] [warning] [serial_port.cpp] 尝试重新打开串口...
[2026-07-24 03:07:33.483] [error] [serial_port.cpp] 无法打开串口 /dev/ttyACM0

[2026-07-24 03:07:33.579] [warning] [main.cpp] 相机已断开, 0.5s 后尝试重新连接...
[2026-07-24 03:07:33.988] [warning] [serial_port.cpp] 尝试重新打开串口...
[2026-07-24 03:07:33.988] [error] [serial_port.cpp] 无法打开串口 /dev/ttyACM0

[2026-07-24 03:07:34.080] [warning] [main.cpp] 相机已断开, 0.5s 后尝试重新连接...
[2026-07-24 03:07:34.492] [warning] [serial_port.cpp] 尝试重新打开串口...
[2026-07-24 03:07:34.492] [error] [serial_port.cpp] 无法打开串口 /dev/ttyACM0

[2026-07-24 03:07:34.581] [warning] [main.cpp] 相机已断开, 0.5s 后尝试重新连接...
[2026-07-24 03:07:34.995] [warning] [serial_port.cpp] 尝试重新打开串口...
[2026-07-24 03:07:34.995] [error] [serial_port.cpp] 无法打开串口 /dev/ttyACM0

[2026-07-24 03:07:35.177] [debug] 
[2026-07-24 03:07:35.177] [debug] ================= [ACTUAL CAMERA STATUS] =================
[2026-07-24 03:07:35.177] [debug]   Backend API   : V4L2
[2026-07-24 03:07:35.177] [debug]   Resolution    : 1280x720
[2026-07-24 03:07:35.177] [debug]   FPS           : 20
[2026-07-24 03:07:35.177] [debug]   Video Format  : GREY
[2026-07-24 03:07:35.177] [debug]   Exposure      : -1
[2026-07-24 03:07:35.177] [debug]   Brightness    : -1
[2026-07-24 03:07:35.177] [debug]   Contrast      : -1
[2026-07-24 03:07:35.177] [debug] ==========================================================
[2026-07-24 03:07:35.177] [debug] [main.cpp] 相机初始化完毕, 按 'ESC' 或 'q' 退出

[2026-07-24 03:07:35.177] [info] [main.cpp] 相机重连成功，恢复视觉流！
[2026-07-24 03:07:35.177] [error] [main.cpp] 连续读取空帧，相机物理掉线！
[2026-07-24 03:07:35.177] [warning] [main.cpp] 相机已断开, 0.5s 后尝试重新连接...
[2026-07-24 03:07:35.500] [warning] [serial_port.cpp] 尝试重新打开串口...
[2026-07-24 03:07:35.500] [error] [serial_port.cpp] 无法打开串口 /dev/ttyACM0

[2026-07-24 03:07:35.678] [warning] [main.cpp] 相机已断开, 0.5s 后尝试重新连接...
[2026-07-24 03:07:36.004] [warning] [serial_port.cpp] 尝试重新打开串口...
[2026-07-24 03:07:36.004] [error] [serial_port.cpp] 无法打开串口 /dev/ttyACM0

[2026-07-24 03:07:36.320] [debug] 
[2026-07-24 03:07:36.320] [debug] ================= [ACTUAL CAMERA STATUS] =================
[2026-07-24 03:07:36.320] [debug]   Backend API   : V4L2
[2026-07-24 03:07:36.320] [debug]   Resolution    : 1280x720
[2026-07-24 03:07:36.320] [debug]   FPS           : 30
[2026-07-24 03:07:36.320] [debug]   Video Format  : MJPG
[2026-07-24 03:07:36.320] [debug]   Exposure      : 156
[2026-07-24 03:07:36.320] [debug]   Brightness    : 0
[2026-07-24 03:07:36.320] [debug]   Contrast      : 0
[2026-07-24 03:07:36.320] [debug] ==========================================================
[2026-07-24 03:07:36.320] [debug] [main.cpp] 相机初始化完毕, 按 'ESC' 或 'q' 退出

[2026-07-24 03:07:36.320] [info] [main.cpp] 相机重连成功，恢复视觉流！
[2026-07-24 03:07:36.326] [info] [SERIAL THREAD] 相机 OK, 串口 ERROR, 有效信息 YES, 发送 2 and 4 FAILED
[2026-07-24 03:07:36.508] [warning] [serial_port.cpp] 尝试重新打开串口...
[2026-07-24 03:07:36.508] [error] [serial_port.cpp] 无法打开串口 /dev/ttyACM0

[2026-07-24 03:07:36.633] [error] [main.cpp] 连续读取空帧，相机物理掉线！
[2026-07-24 03:07:36.633] [warning] [main.cpp] 相机已断开, 0.5s 后尝试重新连接...
[2026-07-24 03:07:36.639] [info] [SERIAL THREAD] 相机 ERROR, 串口 ERROR, 有效信息 YES, 发送 238 and 238 FAILED
[2026-07-24 03:07:37.012] [warning] [serial_port.cpp] 尝试重新打开串口...
[2026-07-24 03:07:37.012] [error] [serial_port.cpp] 无法打开串口 /dev/ttyACM0

[2026-07-24 03:07:37.134] [warning] [main.cpp] 相机已断开, 0.5s 后尝试重新连接...
[2026-07-24 03:07:37.516] [warning] [serial_port.cpp] 尝试重新打开串口...
[2026-07-24 03:07:37.516] [error] [serial_port.cpp] 无法打开串口 /dev/ttyACM0

[2026-07-24 03:07:37.638] [warning] [main.cpp] 相机已断开, 0.5s 后尝试重新连接...
[2026-07-24 03:07:38.019] [warning] [serial_port.cpp] 尝试重新打开串口...
[2026-07-24 03:07:38.020] [error] [serial_port.cpp] 无法打开串口 /dev/ttyACM0

[2026-07-24 03:07:38.139] [warning] [main.cpp] 相机已断开, 0.5s 后尝试重新连接...
[2026-07-24 03:07:38.523] [warning] [serial_port.cpp] 尝试重新打开串口...
[2026-07-24 03:07:38.523] [error] [serial_port.cpp] 无法打开串口 /dev/ttyACM0

[2026-07-24 03:07:38.639] [warning] [main.cpp] 相机已断开, 0.5s 后尝试重新连接...
[2026-07-24 03:07:39.028] [warning] [serial_port.cpp] 尝试重新打开串口...
[2026-07-24 03:07:39.028] [error] [serial_port.cpp] 无法打开串口 /dev/ttyACM0

[2026-07-24 03:07:39.140] [warning] [main.cpp] 相机已断开, 0.5s 后尝试重新连接...
[2026-07-24 03:07:39.533] [warning] [serial_port.cpp] 尝试重新打开串口...
[2026-07-24 03:07:39.533] [error] [serial_port.cpp] 无法打开串口 /dev/ttyACM0

[2026-07-24 03:07:39.641] [warning] [main.cpp] 相机已断开, 0.5s 后尝试重新连接...
[2026-07-24 03:07:40.038] [warning] [serial_port.cpp] 尝试重新打开串口...
[2026-07-24 03:07:40.038] [error] [serial_port.cpp] 无法打开串口 /dev/ttyACM0

[2026-07-24 03:07:40.142] [warning] [main.cpp] 相机已断开, 0.5s 后尝试重新连接...
[2026-07-24 03:07:40.543] [warning] [serial_port.cpp] 尝试重新打开串口...
[2026-07-24 03:07:40.543] [error] [serial_port.cpp] 无法打开串口 /dev/ttyACM0

[2026-07-24 03:07:40.718] [warning] [main.cpp] 相机已断开, 0.5s 后尝试重新连接...
[2026-07-24 03:07:41.047] [warning] [serial_port.cpp] 尝试重新打开串口...
[2026-07-24 03:07:41.047] [error] [serial_port.cpp] 无法打开串口 /dev/ttyACM0

[2026-07-24 03:07:41.218] [warning] [main.cpp] 相机已断开, 0.5s 后尝试重新连接...
[2026-07-24 03:07:41.552] [warning] [serial_port.cpp] 尝试重新打开串口...
[2026-07-24 03:07:41.552] [error] [serial_port.cpp] 无法打开串口 /dev/ttyACM0

[2026-07-24 03:07:41.719] [warning] [main.cpp] 相机已断开, 0.5s 后尝试重新连接...
[2026-07-24 03:07:42.056] [warning] [serial_port.cpp] 尝试重新打开串口...
[2026-07-24 03:07:42.056] [error] [serial_port.cpp] 无法打开串口 /dev/ttyACM0

[2026-07-24 03:07:42.363] [debug] 
[2026-07-24 03:07:42.363] [debug] ================= [ACTUAL CAMERA STATUS] =================
[2026-07-24 03:07:42.363] [debug]   Backend API   : V4L2
[2026-07-24 03:07:42.363] [debug]   Resolution    : 1280x720
[2026-07-24 03:07:42.363] [debug]   FPS           : 30
[2026-07-24 03:07:42.363] [debug]   Video Format  : MJPG
[2026-07-24 03:07:42.363] [debug]   Exposure      : 156
[2026-07-24 03:07:42.363] [debug]   Brightness    : 0
[2026-07-24 03:07:42.363] [debug]   Contrast      : 0
[2026-07-24 03:07:42.363] [debug] ==========================================================
[2026-07-24 03:07:42.363] [debug] [main.cpp] 相机初始化完毕, 按 'ESC' 或 'q' 退出

[2026-07-24 03:07:42.363] [info] [main.cpp] 相机重连成功，恢复视觉流！
[2026-07-24 03:07:42.368] [info] [SERIAL THREAD] 相机 OK, 串口 ERROR, 有效信息 YES, 发送 2 and 4 FAILED
[2026-07-24 03:07:42.559] [warning] [serial_port.cpp] 尝试重新打开串口...
[2026-07-24 03:07:42.560] [error] [serial_port.cpp] 无法打开串口 /dev/ttyACM0

[2026-07-24 03:07:43.063] [warning] [serial_port.cpp] 尝试重新打开串口...
[2026-07-24 03:07:43.063] [error] [serial_port.cpp] 无法打开串口 /dev/ttyACM0

[2026-07-24 03:07:43.568] [warning] [serial_port.cpp] 尝试重新打开串口...
[2026-07-24 03:07:43.568] [error] [serial_port.cpp] 无法打开串口 /dev/ttyACM0

[2026-07-24 03:07:44.057] [error] [main.cpp] 连续读取空帧，相机物理掉线！
[2026-07-24 03:07:44.057] [warning] [main.cpp] 相机已断开, 0.5s 后尝试重新连接...
[2026-07-24 03:07:44.061] [info] [SERIAL THREAD] 相机 ERROR, 串口 ERROR, 有效信息 YES, 发送 238 and 238 FAILED
[2026-07-24 03:07:44.071] [warning] [serial_port.cpp] 尝试重新打开串口...
[2026-07-24 03:07:44.071] [error] [serial_port.cpp] 无法打开串口 /dev/ttyACM0

[2026-07-24 03:07:44.575] [warning] [serial_port.cpp] 尝试重新打开串口...
[2026-07-24 03:07:44.575] [error] [serial_port.cpp] 无法打开串口 /dev/ttyACM0

[2026-07-24 03:07:44.655] [warning] [main.cpp] 相机已断开, 0.5s 后尝试重新连接...
[2026-07-24 03:07:45.079] [warning] [serial_port.cpp] 尝试重新打开串口...
[2026-07-24 03:07:45.079] [error] [serial_port.cpp] 无法打开串口 /dev/ttyACM0

[2026-07-24 03:07:45.155] [warning] [main.cpp] 相机已断开, 0.5s 后尝试重新连接...
[2026-07-24 03:07:45.582] [warning] [serial_port.cpp] 尝试重新打开串口...
[2026-07-24 03:07:45.582] [error] [serial_port.cpp] 无法打开串口 /dev/ttyACM0

[2026-07-24 03:07:45.813] [debug] 
[2026-07-24 03:07:45.813] [debug] ================= [ACTUAL CAMERA STATUS] =================
[2026-07-24 03:07:45.813] [debug]   Backend API   : V4L2
[2026-07-24 03:07:45.813] [debug]   Resolution    : 1280x720
[2026-07-24 03:07:45.813] [debug]   FPS           : 30
[2026-07-24 03:07:45.813] [debug]   Video Format  : MJPG
[2026-07-24 03:07:45.813] [debug]   Exposure      : 156
[2026-07-24 03:07:45.813] [debug]   Brightness    : 0
[2026-07-24 03:07:45.814] [debug]   Contrast      : 0
[2026-07-24 03:07:45.814] [debug] ==========================================================
[2026-07-24 03:07:45.814] [debug] [main.cpp] 相机初始化完毕, 按 'ESC' 或 'q' 退出

[2026-07-24 03:07:45.814] [info] [main.cpp] 相机重连成功，恢复视觉流！
[2026-07-24 03:07:45.814] [info] [SERIAL THREAD] 相机 OK, 串口 ERROR, 有效信息 YES, 发送 2 and 4 FAILED
[2026-07-24 03:07:46.086] [warning] [serial_port.cpp] 尝试重新打开串口...
[2026-07-24 03:07:46.086] [error] [serial_port.cpp] 无法打开串口 /dev/ttyACM0

[2026-07-24 03:07:46.105] [error] [main.cpp] 连续读取空帧，相机物理掉线！
[2026-07-24 03:07:46.105] [warning] [main.cpp] 相机已断开, 0.5s 后尝试重新连接...
[2026-07-24 03:07:46.106] [info] [SERIAL THREAD] 相机 ERROR, 串口 ERROR, 有效信息 YES, 发送 238 and 238 FAILED
[2026-07-24 03:07:46.591] [warning] [serial_port.cpp] 尝试重新打开串口...
[2026-07-24 03:07:46.591] [error] [serial_port.cpp] 无法打开串口 /dev/ttyACM0

[2026-07-24 03:07:46.606] [warning] [main.cpp] 相机已断开, 0.5s 后尝试重新连接...
[2026-07-24 03:07:47.095] [warning] [serial_port.cpp] 尝试重新打开串口...
[2026-07-24 03:07:47.096] [error] [serial_port.cpp] 无法打开串口 /dev/ttyACM0

[2026-07-24 03:07:47.289] [debug] 
[2026-07-24 03:07:47.289] [debug] ================= [ACTUAL CAMERA STATUS] =================
[2026-07-24 03:07:47.289] [debug]   Backend API   : V4L2
[2026-07-24 03:07:47.289] [debug]   Resolution    : 1280x720
[2026-07-24 03:07:47.289] [debug]   FPS           : 30
[2026-07-24 03:07:47.289] [debug]   Video Format  : MJPG
[2026-07-24 03:07:47.289] [debug]   Exposure      : 156
[2026-07-24 03:07:47.289] [debug]   Brightness    : 0
[2026-07-24 03:07:47.289] [debug]   Contrast      : 0
[2026-07-24 03:07:47.289] [debug] ==========================================================
[2026-07-24 03:07:47.289] [debug] [main.cpp] 相机初始化完毕, 按 'ESC' 或 'q' 退出

[2026-07-24 03:07:47.289] [info] [main.cpp] 相机重连成功，恢复视觉流！
[2026-07-24 03:07:47.297] [info] [SERIAL THREAD] 相机 OK, 串口 ERROR, 有效信息 YES, 发送 2 and 4 FAILED
[2026-07-24 03:07:47.600] [warning] [serial_port.cpp] 尝试重新打开串口...
[2026-07-24 03:07:47.600] [error] [serial_port.cpp] 无法打开串口 /dev/ttyACM0

[2026-07-24 03:07:48.104] [warning] [serial_port.cpp] 尝试重新打开串口...
[2026-07-24 03:07:48.104] [error] [serial_port.cpp] 无法打开串口 /dev/ttyACM0

[2026-07-24 03:07:48.153] [error] [main.cpp] 连续读取空帧，相机物理掉线！
[2026-07-24 03:07:48.153] [warning] [main.cpp] 相机已断开, 0.5s 后尝试重新连接...
[2026-07-24 03:07:48.154] [info] [SERIAL THREAD] 相机 ERROR, 串口 ERROR, 有效信息 YES, 发送 238 and 238 FAILED
[2026-07-24 03:07:48.608] [warning] [serial_port.cpp] 尝试重新打开串口...
[2026-07-24 03:07:48.608] [error] [serial_port.cpp] 无法打开串口 /dev/ttyACM0

[2026-07-24 03:07:48.654] [warning] [main.cpp] 相机已断开, 0.5s 后尝试重新连接...
[2026-07-24 03:07:49.111] [warning] [serial_port.cpp] 尝试重新打开串口...
[2026-07-24 03:07:49.111] [error] [serial_port.cpp] 无法打开串口 /dev/ttyACM0

[2026-07-24 03:07:49.155] [warning] [main.cpp] 相机已断开, 0.5s 后尝试重新连接...
[2026-07-24 03:07:49.615] [warning] [serial_port.cpp] 尝试重新打开串口...
[2026-07-24 03:07:49.615] [error] [serial_port.cpp] 无法打开串口 /dev/ttyACM0

[2026-07-24 03:07:49.656] [warning] [main.cpp] 相机已断开, 0.5s 后尝试重新连接...
[2026-07-24 03:07:50.121] [warning] [serial_port.cpp] 尝试重新打开串口...
[2026-07-24 03:07:50.121] [error] [serial_port.cpp] 无法打开串口 /dev/ttyACM0

[2026-07-24 03:07:50.157] [warning] [main.cpp] 相机已断开, 0.5s 后尝试重新连接...
[2026-07-24 03:07:50.625] [warning] [serial_port.cpp] 尝试重新打开串口...
[2026-07-24 03:07:50.625] [error] [serial_port.cpp] 无法打开串口 /dev/ttyACM0

[2026-07-24 03:07:50.658] [warning] [main.cpp] 相机已断开, 0.5s 后尝试重新连接...
[2026-07-24 03:07:51.129] [warning] [serial_port.cpp] 尝试重新打开串口...
[2026-07-24 03:07:51.129] [error] [serial_port.cpp] 无法打开串口 /dev/ttyACM0

[2026-07-24 03:07:51.158] [warning] [main.cpp] 相机已断开, 0.5s 后尝试重新连接...
[2026-07-24 03:07:51.632] [warning] [serial_port.cpp] 尝试重新打开串口...
[2026-07-24 03:07:51.632] [error] [serial_port.cpp] 无法打开串口 /dev/ttyACM0

[2026-07-24 03:07:51.800] [debug] 
[2026-07-24 03:07:51.800] [debug] ================= [ACTUAL CAMERA STATUS] =================
[2026-07-24 03:07:51.800] [debug]   Backend API   : V4L2
[2026-07-24 03:07:51.800] [debug]   Resolution    : 1280x720
[2026-07-24 03:07:51.800] [debug]   FPS           : 30
[2026-07-24 03:07:51.800] [debug]   Video Format  : MJPG
[2026-07-24 03:07:51.800] [debug]   Exposure      : 156
[2026-07-24 03:07:51.800] [debug]   Brightness    : 0
[2026-07-24 03:07:51.800] [debug]   Contrast      : 0
[2026-07-24 03:07:51.800] [debug] ==========================================================
[2026-07-24 03:07:51.800] [debug] [main.cpp] 相机初始化完毕, 按 'ESC' 或 'q' 退出

[2026-07-24 03:07:51.800] [info] [main.cpp] 相机重连成功，恢复视觉流！
[2026-07-24 03:07:51.803] [info] [SERIAL THREAD] 相机 OK, 串口 ERROR, 有效信息 YES, 发送 2 and 4 FAILED
[2026-07-24 03:07:52.136] [warning] [serial_port.cpp] 尝试重新打开串口...
[2026-07-24 03:07:52.136] [error] [serial_port.cpp] 无法打开串口 /dev/ttyACM0

[2026-07-24 03:07:52.640] [warning] [serial_port.cpp] 尝试重新打开串口...
[2026-07-24 03:07:52.640] [error] [serial_port.cpp] 无法打开串口 /dev/ttyACM0

[2026-07-24 03:07:53.145] [warning] [serial_port.cpp] 尝试重新打开串口...
[2026-07-24 03:07:53.145] [error] [serial_port.cpp] 无法打开串口 /dev/ttyACM0

[2026-07-24 03:07:53.649] [warning] [serial_port.cpp] 尝试重新打开串口...
[2026-07-24 03:07:53.649] [error] [serial_port.cpp] 无法打开串口 /dev/ttyACM0

[2026-07-24 03:07:54.154] [warning] [serial_port.cpp] 尝试重新打开串口...
[2026-07-24 03:07:54.154] [error] [serial_port.cpp] 无法打开串口 /dev/ttyACM0

[2026-07-24 03:07:54.659] [warning] [serial_port.cpp] 尝试重新打开串口...
[2026-07-24 03:07:54.659] [error] [serial_port.cpp] 无法打开串口 /dev/ttyACM0

[2026-07-24 03:07:55.163] [warning] [serial_port.cpp] 尝试重新打开串口...
[2026-07-24 03:07:55.163] [error] [serial_port.cpp] 无法打开串口 /dev/ttyACM0

[2026-07-24 03:07:55.667] [warning] [serial_port.cpp] 尝试重新打开串口...
[2026-07-24 03:07:55.667] [error] [serial_port.cpp] 无法打开串口 /dev/ttyACM0

[2026-07-24 03:07:56.172] [warning] [serial_port.cpp] 尝试重新打开串口...
[2026-07-24 03:07:56.172] [error] [serial_port.cpp] 无法打开串口 /dev/ttyACM0

[2026-07-24 03:07:56.676] [warning] [serial_port.cpp] 尝试重新打开串口...
[2026-07-24 03:07:56.676] [error] [serial_port.cpp] 无法打开串口 /dev/ttyACM0

[2026-07-24 03:07:57.181] [warning] [serial_port.cpp] 尝试重新打开串口...
[2026-07-24 03:07:57.181] [error] [serial_port.cpp] 无法打开串口 /dev/ttyACM0

[2026-07-24 03:07:57.686] [warning] [serial_port.cpp] 尝试重新打开串口...
[2026-07-24 03:07:57.686] [error] [serial_port.cpp] 无法打开串口 /dev/ttyACM0

[2026-07-24 03:07:58.190] [warning] [serial_port.cpp] 尝试重新打开串口...
[2026-07-24 03:07:58.190] [error] [serial_port.cpp] 无法打开串口 /dev/ttyACM0

[2026-07-24 03:07:58.694] [warning] [serial_port.cpp] 尝试重新打开串口...
[2026-07-24 03:07:58.695] [error] [serial_port.cpp] 无法打开串口 /dev/ttyACM0

[2026-07-24 03:07:59.198] [warning] [serial_port.cpp] 尝试重新打开串口...
[2026-07-24 03:07:59.199] [error] [serial_port.cpp] 无法打开串口 /dev/ttyACM0

[2026-07-24 03:07:59.702] [warning] [serial_port.cpp] 尝试重新打开串口...
[2026-07-24 03:07:59.702] [error] [serial_port.cpp] 无法打开串口 /dev/ttyACM0

[2026-07-24 03:08:00.208] [warning] [serial_port.cpp] 尝试重新打开串口...
[2026-07-24 03:08:00.208] [error] [serial_port.cpp] 无法打开串口 /dev/ttyACM0

[2026-07-24 03:08:00.712] [warning] [serial_port.cpp] 尝试重新打开串口...
[2026-07-24 03:08:00.712] [error] [serial_port.cpp] 无法打开串口 /dev/ttyACM0

[2026-07-24 03:08:01.216] [warning] [serial_port.cpp] 尝试重新打开串口...
[2026-07-24 03:08:01.216] [error] [serial_port.cpp] 无法打开串口 /dev/ttyACM0

[2026-07-24 03:08:01.720] [warning] [serial_port.cpp] 尝试重新打开串口...
[2026-07-24 03:08:01.721] [error] [serial_port.cpp] 无法打开串口 /dev/ttyACM0

[2026-07-24 03:08:02.225] [warning] [serial_port.cpp] 尝试重新打开串口...
[2026-07-24 03:08:02.225] [error] [serial_port.cpp] 无法打开串口 /dev/ttyACM0

[2026-07-24 03:08:02.729] [warning] [serial_port.cpp] 尝试重新打开串口...
[2026-07-24 03:08:02.729] [error] [serial_port.cpp] 无法打开串口 /dev/ttyACM0

[2026-07-24 03:08:03.234] [warning] [serial_port.cpp] 尝试重新打开串口...
[2026-07-24 03:08:03.234] [error] [serial_port.cpp] 无法打开串口 /dev/ttyACM0

[2026-07-24 03:08:03.738] [warning] [serial_port.cpp] 尝试重新打开串口...
[2026-07-24 03:08:03.738] [error] [serial_port.cpp] 无法打开串口 /dev/ttyACM0

[2026-07-24 03:08:04.242] [warning] [serial_port.cpp] 尝试重新打开串口...
[2026-07-24 03:08:04.242] [error] [serial_port.cpp] 无法打开串口 /dev/ttyACM0

[2026-07-24 03:08:04.747] [warning] [serial_port.cpp] 尝试重新打开串口...
[2026-07-24 03:08:04.747] [error] [serial_port.cpp] 无法打开串口 /dev/ttyACM0

[2026-07-24 03:08:05.251] [warning] [serial_port.cpp] 尝试重新打开串口...
[2026-07-24 03:08:05.252] [error] [serial_port.cpp] 无法打开串口 /dev/ttyACM0

[2026-07-24 03:08:05.756] [warning] [serial_port.cpp] 尝试重新打开串口...
[2026-07-24 03:08:05.756] [error] [serial_port.cpp] 无法打开串口 /dev/ttyACM0

[2026-07-24 03:08:06.260] [warning] [serial_port.cpp] 尝试重新打开串口...
[2026-07-24 03:08:06.260] [error] [serial_port.cpp] 无法打开串口 /dev/ttyACM0

[2026-07-24 03:08:06.769] [warning] [serial_port.cpp] 尝试重新打开串口...
[2026-07-24 03:08:06.769] [error] [serial_port.cpp] 无法打开串口 /dev/ttyACM0

[2026-07-24 03:08:07.273] [warning] [serial_port.cpp] 尝试重新打开串口...
[2026-07-24 03:08:07.273] [error] [serial_port.cpp] 无法打开串口 /dev/ttyACM0

[2026-07-24 03:08:07.777] [warning] [serial_port.cpp] 尝试重新打开串口...
[2026-07-24 03:08:07.777] [error] [serial_port.cpp] 无法打开串口 /dev/ttyACM0

[2026-07-24 03:08:08.281] [warning] [serial_port.cpp] 尝试重新打开串口...
[2026-07-24 03:08:08.281] [error] [serial_port.cpp] 无法打开串口 /dev/ttyACM0

[2026-07-24 03:08:08.786] [warning] [serial_port.cpp] 尝试重新打开串口...
[2026-07-24 03:08:08.786] [error] [serial_port.cpp] 无法打开串口 /dev/ttyACM0

[2026-07-24 03:08:09.291] [warning] [serial_port.cpp] 尝试重新打开串口...
[2026-07-24 03:08:09.291] [error] [serial_port.cpp] 无法打开串口 /dev/ttyACM0

[2026-07-24 03:08:09.796] [warning] [serial_port.cpp] 尝试重新打开串口...
[2026-07-24 03:08:09.796] [error] [serial_port.cpp] 无法打开串口 /dev/ttyACM0

[2026-07-24 03:08:10.300] [warning] [serial_port.cpp] 尝试重新打开串口...
[2026-07-24 03:08:10.300] [error] [serial_port.cpp] 无法打开串口 /dev/ttyACM0

[2026-07-24 03:08:10.804] [warning] [serial_port.cpp] 尝试重新打开串口...
[2026-07-24 03:08:10.804] [error] [serial_port.cpp] 无法打开串口 /dev/ttyACM0

[2026-07-24 03:08:11.308] [warning] [serial_port.cpp] 尝试重新打开串口...
[2026-07-24 03:08:11.308] [error] [serial_port.cpp] 无法打开串口 /dev/ttyACM0

[2026-07-24 03:08:11.813] [warning] [serial_port.cpp] 尝试重新打开串口...
[2026-07-24 03:08:11.813] [error] [serial_port.cpp] 无法打开串口 /dev/ttyACM0

[2026-07-24 03:08:12.317] [warning] [serial_port.cpp] 尝试重新打开串口...
[2026-07-24 03:08:12.317] [error] [serial_port.cpp] 无法打开串口 /dev/ttyACM0

[2026-07-24 03:08:12.823] [warning] [serial_port.cpp] 尝试重新打开串口...
[2026-07-24 03:08:12.823] [error] [serial_port.cpp] 无法打开串口 /dev/ttyACM0

[2026-07-24 03:08:13.331] [warning] [serial_port.cpp] 尝试重新打开串口...
[2026-07-24 03:08:13.331] [error] [serial_port.cpp] 无法打开串口 /dev/ttyACM0

[2026-07-24 03:08:13.836] [warning] [serial_port.cpp] 尝试重新打开串口...
[2026-07-24 03:08:13.836] [error] [serial_port.cpp] 无法打开串口 /dev/ttyACM0

[2026-07-24 03:08:14.341] [warning] [serial_port.cpp] 尝试重新打开串口...
[2026-07-24 03:08:14.341] [error] [serial_port.cpp] 无法打开串口 /dev/ttyACM0

[2026-07-24 03:08:14.845] [warning] [serial_port.cpp] 尝试重新打开串口...
[2026-07-24 03:08:14.845] [error] [serial_port.cpp] 无法打开串口 /dev/ttyACM0

[2026-07-24 03:08:15.349] [warning] [serial_port.cpp] 尝试重新打开串口...
[2026-07-24 03:08:15.349] [error] [serial_port.cpp] 无法打开串口 /dev/ttyACM0

[2026-07-24 03:08:15.853] [warning] [serial_port.cpp] 尝试重新打开串口...
[2026-07-24 03:08:15.853] [error] [serial_port.cpp] 无法打开串口 /dev/ttyACM0

[2026-07-24 03:08:16.357] [warning] [serial_port.cpp] 尝试重新打开串口...
[2026-07-24 03:08:16.358] [error] [serial_port.cpp] 无法打开串口 /dev/ttyACM0

[2026-07-24 03:08:16.862] [warning] [serial_port.cpp] 尝试重新打开串口...
[2026-07-24 03:08:16.862] [error] [serial_port.cpp] 无法打开串口 /dev/ttyACM0

[2026-07-24 03:08:17.366] [warning] [serial_port.cpp] 尝试重新打开串口...
[2026-07-24 03:08:17.366] [error] [serial_port.cpp] 无法打开串口 /dev/ttyACM0

[2026-07-24 03:08:17.870] [warning] [serial_port.cpp] 尝试重新打开串口...
[2026-07-24 03:08:17.870] [error] [serial_port.cpp] 无法打开串口 /dev/ttyACM0

[2026-07-24 03:08:18.377] [warning] [serial_port.cpp] 尝试重新打开串口...
[2026-07-24 03:08:18.377] [error] [serial_port.cpp] 无法打开串口 /dev/ttyACM0

[2026-07-24 03:08:18.882] [warning] [serial_port.cpp] 尝试重新打开串口...
[2026-07-24 03:08:18.882] [error] [serial_port.cpp] 无法打开串口 /dev/ttyACM0

[2026-07-24 03:08:19.386] [warning] [serial_port.cpp] 尝试重新打开串口...
[2026-07-24 03:08:19.387] [error] [serial_port.cpp] 无法打开串口 /dev/ttyACM0

[2026-07-24 03:08:19.891] [warning] [serial_port.cpp] 尝试重新打开串口...
[2026-07-24 03:08:19.891] [error] [serial_port.cpp] 无法打开串口 /dev/ttyACM0

[2026-07-24 03:08:20.396] [warning] [serial_port.cpp] 尝试重新打开串口...
[2026-07-24 03:08:20.396] [error] [serial_port.cpp] 无法打开串口 /dev/ttyACM0

[2026-07-24 03:08:20.900] [warning] [serial_port.cpp] 尝试重新打开串口...
[2026-07-24 03:08:20.900] [error] [serial_port.cpp] 无法打开串口 /dev/ttyACM0

[2026-07-24 03:08:21.404] [warning] [serial_port.cpp] 尝试重新打开串口...
[2026-07-24 03:08:21.405] [error] [serial_port.cpp] 无法打开串口 /dev/ttyACM0

[2026-07-24 03:08:21.912] [warning] [serial_port.cpp] 尝试重新打开串口...
[2026-07-24 03:08:21.912] [error] [serial_port.cpp] 无法打开串口 /dev/ttyACM0

[2026-07-24 03:08:22.418] [warning] [serial_port.cpp] 尝试重新打开串口...
[2026-07-24 03:08:22.418] [error] [serial_port.cpp] 无法打开串口 /dev/ttyACM0

[2026-07-24 03:08:22.922] [warning] [serial_port.cpp] 尝试重新打开串口...
[2026-07-24 03:08:22.922] [error] [serial_port.cpp] 无法打开串口 /dev/ttyACM0

[2026-07-24 03:08:23.425] [warning] [serial_port.cpp] 尝试重新打开串口...
[2026-07-24 03:08:23.425] [error] [serial_port.cpp] 无法打开串口 /dev/ttyACM0

[2026-07-24 03:08:23.931] [warning] [serial_port.cpp] 尝试重新打开串口...
[2026-07-24 03:08:23.931] [error] [serial_port.cpp] 无法打开串口 /dev/ttyACM0

[2026-07-24 03:08:24.435] [warning] [serial_port.cpp] 尝试重新打开串口...
[2026-07-24 03:08:24.435] [error] [serial_port.cpp] 无法打开串口 /dev/ttyACM0

[2026-07-24 03:08:24.938] [warning] [serial_port.cpp] 尝试重新打开串口...
[2026-07-24 03:08:24.938] [error] [serial_port.cpp] 无法打开串口 /dev/ttyACM0

[2026-07-24 03:08:25.443] [warning] [serial_port.cpp] 尝试重新打开串口...
[2026-07-24 03:08:25.443] [error] [serial_port.cpp] 无法打开串口 /dev/ttyACM0

[2026-07-24 03:08:25.947] [warning] [serial_port.cpp] 尝试重新打开串口...
[2026-07-24 03:08:25.947] [error] [serial_port.cpp] 无法打开串口 /dev/ttyACM0

[2026-07-24 03:08:26.452] [warning] [serial_port.cpp] 尝试重新打开串口...
[2026-07-24 03:08:26.452] [error] [serial_port.cpp] 无法打开串口 /dev/ttyACM0

[2026-07-24 03:08:26.958] [warning] [serial_port.cpp] 尝试重新打开串口...
[2026-07-24 03:08:26.958] [error] [serial_port.cpp] 无法打开串口 /dev/ttyACM0

[2026-07-24 03:08:27.462] [warning] [serial_port.cpp] 尝试重新打开串口...
[2026-07-24 03:08:27.462] [error] [serial_port.cpp] 无法打开串口 /dev/ttyACM0

[2026-07-24 03:08:27.966] [warning] [serial_port.cpp] 尝试重新打开串口...
[2026-07-24 03:08:27.966] [error] [serial_port.cpp] 无法打开串口 /dev/ttyACM0

[2026-07-24 03:08:28.471] [warning] [serial_port.cpp] 尝试重新打开串口...
[2026-07-24 03:08:28.471] [error] [serial_port.cpp] 无法打开串口 /dev/ttyACM0

[2026-07-24 03:08:28.976] [warning] [serial_port.cpp] 尝试重新打开串口...
[2026-07-24 03:08:28.976] [error] [serial_port.cpp] 无法打开串口 /dev/ttyACM0

[2026-07-24 03:08:29.481] [warning] [serial_port.cpp] 尝试重新打开串口...
[2026-07-24 03:08:29.481] [error] [serial_port.cpp] 无法打开串口 /dev/ttyACM0

[2026-07-24 03:08:29.985] [warning] [serial_port.cpp] 尝试重新打开串口...
[2026-07-24 03:08:29.985] [error] [serial_port.cpp] 无法打开串口 /dev/ttyACM0

[2026-07-24 03:08:30.489] [warning] [serial_port.cpp] 尝试重新打开串口...
[2026-07-24 03:08:30.489] [error] [serial_port.cpp] 无法打开串口 /dev/ttyACM0

[2026-07-24 03:08:30.993] [warning] [serial_port.cpp] 尝试重新打开串口...
[2026-07-24 03:08:30.993] [error] [serial_port.cpp] 无法打开串口 /dev/ttyACM0

[2026-07-24 03:08:31.498] [warning] [serial_port.cpp] 尝试重新打开串口...
[2026-07-24 03:08:31.498] [error] [serial_port.cpp] 无法打开串口 /dev/ttyACM0

[2026-07-24 03:08:32.002] [warning] [serial_port.cpp] 尝试重新打开串口...
[2026-07-24 03:08:32.002] [error] [serial_port.cpp] 无法打开串口 /dev/ttyACM0

[2026-07-24 03:08:32.507] [warning] [serial_port.cpp] 尝试重新打开串口...
[2026-07-24 03:08:32.507] [error] [serial_port.cpp] 无法打开串口 /dev/ttyACM0

[2026-07-24 03:08:33.011] [warning] [serial_port.cpp] 尝试重新打开串口...
[2026-07-24 03:08:33.012] [error] [serial_port.cpp] 无法打开串口 /dev/ttyACM0

[2026-07-24 03:08:33.517] [warning] [serial_port.cpp] 尝试重新打开串口...
[2026-07-24 03:08:33.517] [error] [serial_port.cpp] 无法打开串口 /dev/ttyACM0

[2026-07-24 03:08:34.021] [warning] [serial_port.cpp] 尝试重新打开串口...
[2026-07-24 03:08:34.021] [error] [serial_port.cpp] 无法打开串口 /dev/ttyACM0

[2026-07-24 03:08:34.525] [warning] [serial_port.cpp] 尝试重新打开串口...
[2026-07-24 03:08:34.525] [error] [serial_port.cpp] 无法打开串口 /dev/ttyACM0

[2026-07-24 03:08:35.031] [warning] [serial_port.cpp] 尝试重新打开串口...
[2026-07-24 03:08:35.031] [error] [serial_port.cpp] 无法打开串口 /dev/ttyACM0

[2026-07-24 03:08:35.536] [warning] [serial_port.cpp] 尝试重新打开串口...
[2026-07-24 03:08:35.536] [error] [serial_port.cpp] 无法打开串口 /dev/ttyACM0

[2026-07-24 03:08:36.041] [warning] [serial_port.cpp] 尝试重新打开串口...
[2026-07-24 03:08:36.041] [error] [serial_port.cpp] 无法打开串口 /dev/ttyACM0

[2026-07-24 03:08:36.545] [warning] [serial_port.cpp] 尝试重新打开串口...
[2026-07-24 03:08:36.545] [error] [serial_port.cpp] 无法打开串口 /dev/ttyACM0

[2026-07-24 03:08:37.049] [warning] [serial_port.cpp] 尝试重新打开串口...
[2026-07-24 03:08:37.049] [error] [serial_port.cpp] 无法打开串口 /dev/ttyACM0

[2026-07-24 03:08:37.557] [warning] [serial_port.cpp] 尝试重新打开串口...
[2026-07-24 03:08:37.557] [error] [serial_port.cpp] 无法打开串口 /dev/ttyACM0

[2026-07-24 03:08:38.061] [warning] [serial_port.cpp] 尝试重新打开串口...
[2026-07-24 03:08:38.061] [error] [serial_port.cpp] 无法打开串口 /dev/ttyACM0

[2026-07-24 03:08:38.565] [warning] [serial_port.cpp] 尝试重新打开串口...
[2026-07-24 03:08:38.565] [error] [serial_port.cpp] 无法打开串口 /dev/ttyACM0

[2026-07-24 03:08:39.070] [warning] [serial_port.cpp] 尝试重新打开串口...
[2026-07-24 03:08:39.070] [error] [serial_port.cpp] 无法打开串口 /dev/ttyACM0

[2026-07-24 03:08:39.575] [warning] [serial_port.cpp] 尝试重新打开串口...
[2026-07-24 03:08:39.575] [error] [serial_port.cpp] 无法打开串口 /dev/ttyACM0

[2026-07-24 03:08:40.082] [warning] [serial_port.cpp] 尝试重新打开串口...
[2026-07-24 03:08:40.082] [error] [serial_port.cpp] 无法打开串口 /dev/ttyACM0

[2026-07-24 03:08:40.590] [warning] [serial_port.cpp] 尝试重新打开串口...
[2026-07-24 03:08:40.590] [error] [serial_port.cpp] 无法打开串口 /dev/ttyACM0

[2026-07-24 03:08:41.097] [warning] [serial_port.cpp] 尝试重新打开串口...
[2026-07-24 03:08:41.097] [error] [serial_port.cpp] 无法打开串口 /dev/ttyACM0

[2026-07-24 03:08:41.604] [warning] [serial_port.cpp] 尝试重新打开串口...
[2026-07-24 03:08:41.604] [error] [serial_port.cpp] 无法打开串口 /dev/ttyACM0

[2026-07-24 03:08:42.108] [warning] [serial_port.cpp] 尝试重新打开串口...
[2026-07-24 03:08:42.108] [error] [serial_port.cpp] 无法打开串口 /dev/ttyACM0

[2026-07-24 03:08:42.616] [warning] [serial_port.cpp] 尝试重新打开串口...
[2026-07-24 03:08:42.616] [error] [serial_port.cpp] 无法打开串口 /dev/ttyACM0

[2026-07-24 03:08:43.121] [warning] [serial_port.cpp] 尝试重新打开串口...
[2026-07-24 03:08:43.121] [error] [serial_port.cpp] 无法打开串口 /dev/ttyACM0

[2026-07-24 03:08:43.625] [warning] [serial_port.cpp] 尝试重新打开串口...
[2026-07-24 03:08:43.625] [error] [serial_port.cpp] 无法打开串口 /dev/ttyACM0

[2026-07-24 03:08:44.130] [warning] [serial_port.cpp] 尝试重新打开串口...
[2026-07-24 03:08:44.130] [error] [serial_port.cpp] 无法打开串口 /dev/ttyACM0

[2026-07-24 03:08:44.634] [warning] [serial_port.cpp] 尝试重新打开串口...
[2026-07-24 03:08:44.634] [error] [serial_port.cpp] 无法打开串口 /dev/ttyACM0

[2026-07-24 03:08:45.138] [warning] [serial_port.cpp] 尝试重新打开串口...
[2026-07-24 03:08:45.138] [error] [serial_port.cpp] 无法打开串口 /dev/ttyACM0

[2026-07-24 03:08:45.642] [warning] [serial_port.cpp] 尝试重新打开串口...
[2026-07-24 03:08:45.642] [error] [serial_port.cpp] 无法打开串口 /dev/ttyACM0

[2026-07-24 03:08:46.147] [warning] [serial_port.cpp] 尝试重新打开串口...
[2026-07-24 03:08:46.147] [error] [serial_port.cpp] 无法打开串口 /dev/ttyACM0

[2026-07-24 03:08:46.650] [warning] [serial_port.cpp] 尝试重新打开串口...
[2026-07-24 03:08:46.650] [error] [serial_port.cpp] 无法打开串口 /dev/ttyACM0

[2026-07-24 03:08:47.154] [warning] [serial_port.cpp] 尝试重新打开串口...
[2026-07-24 03:08:47.154] [error] [serial_port.cpp] 无法打开串口 /dev/ttyACM0

[2026-07-24 03:08:47.661] [warning] [serial_port.cpp] 尝试重新打开串口...
[2026-07-24 03:08:47.661] [error] [serial_port.cpp] 无法打开串口 /dev/ttyACM0

[2026-07-24 03:08:48.165] [warning] [serial_port.cpp] 尝试重新打开串口...
[2026-07-24 03:08:48.165] [error] [serial_port.cpp] 无法打开串口 /dev/ttyACM0

[2026-07-24 03:08:48.670] [warning] [serial_port.cpp] 尝试重新打开串口...
[2026-07-24 03:08:48.670] [error] [serial_port.cpp] 无法打开串口 /dev/ttyACM0

[2026-07-24 03:08:49.174] [warning] [serial_port.cpp] 尝试重新打开串口...
[2026-07-24 03:08:49.174] [error] [serial_port.cpp] 无法打开串口 /dev/ttyACM0

[2026-07-24 03:08:49.678] [warning] [serial_port.cpp] 尝试重新打开串口...
[2026-07-24 03:08:49.678] [error] [serial_port.cpp] 无法打开串口 /dev/ttyACM0

[2026-07-24 03:08:50.183] [warning] [serial_port.cpp] 尝试重新打开串口...
[2026-07-24 03:08:50.183] [error] [serial_port.cpp] 无法打开串口 /dev/ttyACM0

[2026-07-24 03:08:50.690] [warning] [serial_port.cpp] 尝试重新打开串口...
[2026-07-24 03:08:50.690] [error] [serial_port.cpp] 无法打开串口 /dev/ttyACM0

[2026-07-24 03:08:51.195] [warning] [serial_port.cpp] 尝试重新打开串口...
[2026-07-24 03:08:51.195] [error] [serial_port.cpp] 无法打开串口 /dev/ttyACM0

[2026-07-24 03:08:51.397] [error] [main.cpp] 连续读取空帧，相机物理掉线！
[2026-07-24 03:08:51.397] [warning] [main.cpp] 相机已断开, 0.5s 后尝试重新连接...
[2026-07-24 03:08:51.407] [info] [SERIAL THREAD] 相机 ERROR, 串口 ERROR, 有效信息 YES, 发送 238 and 238 FAILED
[2026-07-24 03:08:51.699] [warning] [serial_port.cpp] 尝试重新打开串口...
[2026-07-24 03:08:51.699] [error] [serial_port.cpp] 无法打开串口 /dev/ttyACM0

[2026-07-24 03:08:51.995] [warning] [main.cpp] 相机已断开, 0.5s 后尝试重新连接...
[2026-07-24 03:08:52.203] [warning] [serial_port.cpp] 尝试重新打开串口...
[2026-07-24 03:08:52.203] [error] [serial_port.cpp] 无法打开串口 /dev/ttyACM0

[2026-07-24 03:08:52.496] [warning] [main.cpp] 相机已断开, 0.5s 后尝试重新连接...
[2026-07-24 03:08:52.707] [warning] [serial_port.cpp] 尝试重新打开串口...
[2026-07-24 03:08:52.707] [error] [serial_port.cpp] 无法打开串口 /dev/ttyACM0

[2026-07-24 03:08:52.997] [warning] [main.cpp] 相机已断开, 0.5s 后尝试重新连接...
[2026-07-24 03:08:53.210] [warning] [serial_port.cpp] 尝试重新打开串口...
[2026-07-24 03:08:53.211] [info] [serial_port.cpp] 串口 /dev/ttyACM0 打开成功，波特率: 115200
[2026-07-24 03:08:53.211] [info] [SERIAL THREAD] 相机 ERROR, 串口 OK, 有效信息 YES, 发送 238 and 238 FAILED
[2026-07-24 03:08:53.221] [info] [SERIAL THREAD] 相机 ERROR, 串口 OK, 有效信息 YES, 发送 238 and 238 SUCCESSED
[2026-07-24 03:08:53.499] [warning] [main.cpp] 相机已断开, 0.5s 后尝试重新连接...
[2026-07-24 03:08:54.000] [warning] [main.cpp] 相机已断开, 0.5s 后尝试重新连接...
[2026-07-24 03:08:54.501] [warning] [main.cpp] 相机已断开, 0.5s 后尝试重新连接...
[2026-07-24 03:08:55.002] [warning] [main.cpp] 相机已断开, 0.5s 后尝试重新连接...
[2026-07-24 03:08:55.503] [warning] [main.cpp] 相机已断开, 0.5s 后尝试重新连接...
[2026-07-24 03:08:56.004] [warning] [main.cpp] 相机已断开, 0.5s 后尝试重新连接...
[2026-07-24 03:08:56.504] [warning] [main.cpp] 相机已断开, 0.5s 后尝试重新连接...
[2026-07-24 03:08:57.005] [warning] [main.cpp] 相机已断开, 0.5s 后尝试重新连接...
[2026-07-24 03:08:57.506] [warning] [main.cpp] 相机已断开, 0.5s 后尝试重新连接...
[2026-07-24 03:08:58.006] [warning] [main.cpp] 相机已断开, 0.5s 后尝试重新连接...
[2026-07-24 03:08:58.507] [warning] [main.cpp] 相机已断开, 0.5s 后尝试重新连接...
[2026-07-24 03:08:59.008] [warning] [main.cpp] 相机已断开, 0.5s 后尝试重新连接...
[2026-07-24 03:08:59.508] [warning] [main.cpp] 相机已断开, 0.5s 后尝试重新连接...
[2026-07-24 03:09:00.009] [warning] [main.cpp] 相机已断开, 0.5s 后尝试重新连接...
[2026-07-24 03:09:00.653] [debug] 
[2026-07-24 03:09:00.653] [debug] ================= [ACTUAL CAMERA STATUS] =================
[2026-07-24 03:09:00.653] [debug]   Backend API   : V4L2
[2026-07-24 03:09:00.653] [debug]   Resolution    : 1280x720
[2026-07-24 03:09:00.653] [debug]   FPS           : 30
[2026-07-24 03:09:00.653] [debug]   Video Format  : MJPG
[2026-07-24 03:09:00.653] [debug]   Exposure      : 156
[2026-07-24 03:09:00.653] [debug]   Brightness    : 0
[2026-07-24 03:09:00.653] [debug]   Contrast      : 0
[2026-07-24 03:09:00.653] [debug] ==========================================================
[2026-07-24 03:09:00.653] [debug] [main.cpp] 相机初始化完毕, 按 'ESC' 或 'q' 退出

[2026-07-24 03:09:00.653] [info] [main.cpp] 相机重连成功，恢复视觉流！
[2026-07-24 03:09:00.660] [info] [SERIAL THREAD] 相机 OK, 串口 OK, 有效信息 YES, 发送 2 and 4 SUCCESSED
[2026-07-24 03:09:15.721] [error] [main.cpp] 连续读取空帧，相机物理掉线！
[2026-07-24 03:09:15.721] [warning] [main.cpp] 相机已断开, 0.5s 后尝试重新连接...
[2026-07-24 03:09:15.727] [info] [SERIAL THREAD] 相机 ERROR, 串口 OK, 有效信息 YES, 发送 238 and 238 SUCCESSED
[2026-07-24 03:09:16.319] [warning] [main.cpp] 相机已断开, 0.5s 后尝试重新连接...
[2026-07-24 03:09:16.820] [warning] [main.cpp] 相机已断开, 0.5s 后尝试重新连接...
[2026-07-24 03:09:17.321] [warning] [main.cpp] 相机已断开, 0.5s 后尝试重新连接...
[2026-07-24 03:09:17.821] [warning] [main.cpp] 相机已断开, 0.5s 后尝试重新连接...
[2026-07-24 03:09:18.322] [warning] [main.cpp] 相机已断开, 0.5s 后尝试重新连接...
[2026-07-24 03:09:18.822] [warning] [main.cpp] 相机已断开, 0.5s 后尝试重新连接...
[2026-07-24 03:09:19.500] [debug] 
[2026-07-24 03:09:19.500] [debug] ================= [ACTUAL CAMERA STATUS] =================
[2026-07-24 03:09:19.500] [debug]   Backend API   : V4L2
[2026-07-24 03:09:19.500] [debug]   Resolution    : 1280x720
[2026-07-24 03:09:19.500] [debug]   FPS           : 30
[2026-07-24 03:09:19.500] [debug]   Video Format  : MJPG
[2026-07-24 03:09:19.500] [debug]   Exposure      : 156
[2026-07-24 03:09:19.500] [debug]   Brightness    : 0
[2026-07-24 03:09:19.500] [debug]   Contrast      : 0
[2026-07-24 03:09:19.500] [debug] ==========================================================
[2026-07-24 03:09:19.500] [debug] [main.cpp] 相机初始化完毕, 按 'ESC' 或 'q' 退出

[2026-07-24 03:09:19.500] [info] [main.cpp] 相机重连成功，恢复视觉流！
[2026-07-24 03:09:19.501] [info] [SERIAL THREAD] 相机 OK, 串口 OK, 有效信息 YES, 发送 2 and 4 SUCCESSED
[2026-07-24 03:09:27.243] [error] [main.cpp] 连续读取空帧，相机物理掉线！
[2026-07-24 03:09:27.243] [warning] [main.cpp] 相机已断开, 0.5s 后尝试重新连接...
[2026-07-24 03:09:27.247] [info] [SERIAL THREAD] 相机 ERROR, 串口 OK, 有效信息 YES, 发送 238 and 238 SUCCESSED
[2026-07-24 03:09:27.842] [warning] [main.cpp] 相机已断开, 0.5s 后尝试重新连接...
[2026-07-24 03:09:28.486] [debug] 
[2026-07-24 03:09:28.486] [debug] ================= [ACTUAL CAMERA STATUS] =================
[2026-07-24 03:09:28.486] [debug]   Backend API   : V4L2
[2026-07-24 03:09:28.486] [debug]   Resolution    : 1280x720
[2026-07-24 03:09:28.486] [debug]   FPS           : 30
[2026-07-24 03:09:28.486] [debug]   Video Format  : MJPG
[2026-07-24 03:09:28.486] [debug]   Exposure      : 156
[2026-07-24 03:09:28.486] [debug]   Brightness    : 0
[2026-07-24 03:09:28.486] [debug]   Contrast      : 0
[2026-07-24 03:09:28.486] [debug] ==========================================================
[2026-07-24 03:09:28.486] [debug] [main.cpp] 相机初始化完毕, 按 'ESC' 或 'q' 退出

[2026-07-24 03:09:28.486] [info] [main.cpp] 相机重连成功，恢复视觉流！
[2026-07-24 03:09:28.488] [info] [SERIAL THREAD] 相机 OK, 串口 OK, 有效信息 YES, 发送 2 and 4 SUCCESSED
[2026-07-24 03:10:27.924] [error] [main.cpp] 连续读取空帧，相机物理掉线！
[2026-07-24 03:10:27.924] [warning] [main.cpp] 相机已断开, 0.5s 后尝试重新连接...
[2026-07-24 03:10:27.931] [info] [SERIAL THREAD] 相机 ERROR, 串口 OK, 有效信息 YES, 发送 238 and 238 SUCCESSED
[2026-07-24 03:10:28.522] [warning] [main.cpp] 相机已断开, 0.5s 后尝试重新连接...
[2026-07-24 03:10:29.022] [warning] [main.cpp] 相机已断开, 0.5s 后尝试重新连接...
[2026-07-24 03:10:29.666] [debug] 
[2026-07-24 03:10:29.666] [debug] ================= [ACTUAL CAMERA STATUS] =================
[2026-07-24 03:10:29.666] [debug]   Backend API   : V4L2
[2026-07-24 03:10:29.666] [debug]   Resolution    : 1280x720
[2026-07-24 03:10:29.666] [debug]   FPS           : 30
[2026-07-24 03:10:29.666] [debug]   Video Format  : MJPG
[2026-07-24 03:10:29.666] [debug]   Exposure      : 156
[2026-07-24 03:10:29.666] [debug]   Brightness    : 0
[2026-07-24 03:10:29.666] [debug]   Contrast      : 0
[2026-07-24 03:10:29.666] [debug] ==========================================================
[2026-07-24 03:10:29.666] [debug] [main.cpp] 相机初始化完毕, 按 'ESC' 或 'q' 退出

[2026-07-24 03:10:29.666] [info] [main.cpp] 相机重连成功，恢复视觉流！
[2026-07-24 03:10:29.667] [info] [SERIAL THREAD] 相机 OK, 串口 OK, 有效信息 YES, 发送 2 and 4 SUCCESSED
[2026-07-24 03:11:19.386] [error] [main.cpp] 连续读取空帧，相机物理掉线！
[2026-07-24 03:11:19.386] [warning] [main.cpp] 相机已断开, 0.5s 后尝试重新连接...
[2026-07-24 03:11:19.390] [info] [SERIAL THREAD] 相机 ERROR, 串口 OK, 有效信息 YES, 发送 238 and 238 SUCCESSED
[2026-07-24 03:11:19.983] [warning] [main.cpp] 相机已断开, 0.5s 后尝试重新连接...
[2026-07-24 03:11:20.484] [warning] [main.cpp] 相机已断开, 0.5s 后尝试重新连接...
[2026-07-24 03:11:20.985] [warning] [main.cpp] 相机已断开, 0.5s 后尝试重新连接...
[2026-07-24 03:11:21.486] [warning] [main.cpp] 相机已断开, 0.5s 后尝试重新连接...
[2026-07-24 03:11:21.987] [warning] [main.cpp] 相机已断开, 0.5s 后尝试重新连接...
[2026-07-24 03:11:22.489] [warning] [main.cpp] 相机已断开, 0.5s 后尝试重新连接...
[2026-07-24 03:11:22.989] [warning] [main.cpp] 相机已断开, 0.5s 后尝试重新连接...
[2026-07-24 03:11:23.632] [debug] 
[2026-07-24 03:11:23.632] [debug] ================= [ACTUAL CAMERA STATUS] =================
[2026-07-24 03:11:23.632] [debug]   Backend API   : V4L2
[2026-07-24 03:11:23.632] [debug]   Resolution    : 1280x720
[2026-07-24 03:11:23.632] [debug]   FPS           : 30
[2026-07-24 03:11:23.632] [debug]   Video Format  : MJPG
[2026-07-24 03:11:23.632] [debug]   Exposure      : 156
[2026-07-24 03:11:23.632] [debug]   Brightness    : 0
[2026-07-24 03:11:23.632] [debug]   Contrast      : 0
[2026-07-24 03:11:23.632] [debug] ==========================================================
[2026-07-24 03:11:23.632] [debug] [main.cpp] 相机初始化完毕, 按 'ESC' 或 'q' 退出

[2026-07-24 03:11:23.632] [info] [main.cpp] 相机重连成功，恢复视觉流！
[2026-07-24 03:11:23.637] [info] [SERIAL THREAD] 相机 OK, 串口 OK, 有效信息 YES, 发送 2 and 4 SUCCESSED
[2026-07-24 03:11:25.530] [error] [main.cpp] 连续读取空帧，相机物理掉线！
[2026-07-24 03:11:25.530] [warning] [main.cpp] 相机已断开, 0.5s 后尝试重新连接...
[2026-07-24 03:11:25.535] [info] [SERIAL THREAD] 相机 ERROR, 串口 OK, 有效信息 YES, 发送 238 and 238 SUCCESSED
[2026-07-24 03:11:26.128] [warning] [main.cpp] 相机已断开, 0.5s 后尝试重新连接...
[2026-07-24 03:11:26.629] [warning] [main.cpp] 相机已断开, 0.5s 后尝试重新连接...
[2026-07-24 03:11:27.131] [warning] [main.cpp] 相机已断开, 0.5s 后尝试重新连接...
[2026-07-24 03:11:27.632] [warning] [main.cpp] 相机已断开, 0.5s 后尝试重新连接...
[2026-07-24 03:11:28.133] [warning] [main.cpp] 相机已断开, 0.5s 后尝试重新连接...
[2026-07-24 03:11:28.634] [warning] [main.cpp] 相机已断开, 0.5s 后尝试重新连接...
[2026-07-24 03:11:29.135] [warning] [main.cpp] 相机已断开, 0.5s 后尝试重新连接...
[2026-07-24 03:11:29.636] [warning] [main.cpp] 相机已断开, 0.5s 后尝试重新连接...
[2026-07-24 03:11:30.136] [warning] [main.cpp] 相机已断开, 0.5s 后尝试重新连接...
[2026-07-24 03:11:30.638] [warning] [main.cpp] 相机已断开, 0.5s 后尝试重新连接...
[2026-07-24 03:11:31.138] [warning] [main.cpp] 相机已断开, 0.5s 后尝试重新连接...
[2026-07-24 03:11:31.639] [warning] [main.cpp] 相机已断开, 0.5s 后尝试重新连接...
[2026-07-24 03:11:32.283] [debug] 
[2026-07-24 03:11:32.283] [debug] ================= [ACTUAL CAMERA STATUS] =================
[2026-07-24 03:11:32.283] [debug]   Backend API   : V4L2
[2026-07-24 03:11:32.283] [debug]   Resolution    : 1280x720
[2026-07-24 03:11:32.283] [debug]   FPS           : 30
[2026-07-24 03:11:32.283] [debug]   Video Format  : MJPG
[2026-07-24 03:11:32.283] [debug]   Exposure      : 156
[2026-07-24 03:11:32.283] [debug]   Brightness    : 0
[2026-07-24 03:11:32.283] [debug]   Contrast      : 0
[2026-07-24 03:11:32.283] [debug] ==========================================================
[2026-07-24 03:11:32.283] [debug] [main.cpp] 相机初始化完毕, 按 'ESC' 或 'q' 退出

[2026-07-24 03:11:32.283] [info] [main.cpp] 相机重连成功，恢复视觉流！
[2026-07-24 03:11:32.292] [info] [SERIAL THREAD] 相机 OK, 串口 OK, 有效信息 YES, 发送 2 and 4 SUCCESSED
[2026-07-24 03:11:52.669] [error] [main.cpp] 连续读取空帧，相机物理掉线！
[2026-07-24 03:11:52.669] [warning] [main.cpp] 相机已断开, 0.5s 后尝试重新连接...
[2026-07-24 03:11:52.673] [info] [SERIAL THREAD] 相机 ERROR, 串口 OK, 有效信息 YES, 发送 238 and 238 SUCCESSED
[2026-07-24 03:11:53.266] [warning] [main.cpp] 相机已断开, 0.5s 后尝试重新连接...
[2026-07-24 03:11:53.768] [warning] [main.cpp] 相机已断开, 0.5s 后尝试重新连接...
[2026-07-24 03:11:54.269] [warning] [main.cpp] 相机已断开, 0.5s 后尝试重新连接...
[2026-07-24 03:11:54.770] [warning] [main.cpp] 相机已断开, 0.5s 后尝试重新连接...
[2026-07-24 03:11:55.270] [warning] [main.cpp] 相机已断开, 0.5s 后尝试重新连接...
[2026-07-24 03:11:55.913] [debug] 
[2026-07-24 03:11:55.913] [debug] ================= [ACTUAL CAMERA STATUS] =================
[2026-07-24 03:11:55.913] [debug]   Backend API   : V4L2
[2026-07-24 03:11:55.913] [debug]   Resolution    : 1280x720
[2026-07-24 03:11:55.913] [debug]   FPS           : 30
[2026-07-24 03:11:55.913] [debug]   Video Format  : MJPG
[2026-07-24 03:11:55.913] [debug]   Exposure      : 156
[2026-07-24 03:11:55.913] [debug]   Brightness    : 0
[2026-07-24 03:11:55.913] [debug]   Contrast      : 0
[2026-07-24 03:11:55.913] [debug] ==========================================================
[2026-07-24 03:11:55.913] [debug] [main.cpp] 相机初始化完毕, 按 'ESC' 或 'q' 退出

[2026-07-24 03:11:55.913] [info] [main.cpp] 相机重连成功，恢复视觉流！
[2026-07-24 03:11:55.919] [info] [SERIAL THREAD] 相机 OK, 串口 OK, 有效信息 YES, 发送 2 and 4 SUCCESSED
[2026-07-24 03:12:18.783] [error] [main.cpp] 连续读取空帧，相机物理掉线！
[2026-07-24 03:12:18.783] [warning] [main.cpp] 相机已断开, 0.5s 后尝试重新连接...
[2026-07-24 03:12:18.791] [info] [SERIAL THREAD] 相机 ERROR, 串口 OK, 有效信息 YES, 发送 238 and 238 SUCCESSED
[2026-07-24 03:12:19.381] [warning] [main.cpp] 相机已断开, 0.5s 后尝试重新连接...
[2026-07-24 03:12:19.882] [warning] [main.cpp] 相机已断开, 0.5s 后尝试重新连接...
[2026-07-24 03:12:20.383] [warning] [main.cpp] 相机已断开, 0.5s 后尝试重新连接...
[2026-07-24 03:12:20.884] [warning] [main.cpp] 相机已断开, 0.5s 后尝试重新连接...
[2026-07-24 03:12:21.385] [warning] [main.cpp] 相机已断开, 0.5s 后尝试重新连接...
[2026-07-24 03:12:21.886] [warning] [main.cpp] 相机已断开, 0.5s 后尝试重新连接...
[2026-07-24 03:12:22.387] [warning] [main.cpp] 相机已断开, 0.5s 后尝试重新连接...
[2026-07-24 03:12:22.888] [warning] [main.cpp] 相机已断开, 0.5s 后尝试重新连接...
[2026-07-24 03:12:23.389] [warning] [main.cpp] 相机已断开, 0.5s 后尝试重新连接...
[2026-07-24 03:12:23.890] [warning] [main.cpp] 相机已断开, 0.5s 后尝试重新连接...
[2026-07-24 03:12:24.391] [warning] [main.cpp] 相机已断开, 0.5s 后尝试重新连接...
[2026-07-24 03:12:24.892] [warning] [main.cpp] 相机已断开, 0.5s 后尝试重新连接...
[2026-07-24 03:12:25.393] [warning] [main.cpp] 相机已断开, 0.5s 后尝试重新连接...
[2026-07-24 03:12:25.894] [warning] [main.cpp] 相机已断开, 0.5s 后尝试重新连接...
[2026-07-24 03:12:26.395] [warning] [main.cpp] 相机已断开, 0.5s 后尝试重新连接...
[2026-07-24 03:12:26.896] [warning] [main.cpp] 相机已断开, 0.5s 后尝试重新连接...
[2026-07-24 03:12:27.538] [debug] 
[2026-07-24 03:12:27.538] [debug] ================= [ACTUAL CAMERA STATUS] =================
[2026-07-24 03:12:27.539] [debug]   Backend API   : V4L2
[2026-07-24 03:12:27.539] [debug]   Resolution    : 1280x720
[2026-07-24 03:12:27.539] [debug]   FPS           : 30
[2026-07-24 03:12:27.539] [debug]   Video Format  : MJPG
[2026-07-24 03:12:27.539] [debug]   Exposure      : 156
[2026-07-24 03:12:27.539] [debug]   Brightness    : 0
[2026-07-24 03:12:27.539] [debug]   Contrast      : 0
[2026-07-24 03:12:27.539] [debug] ==========================================================
[2026-07-24 03:12:27.539] [debug] [main.cpp] 相机初始化完毕, 按 'ESC' 或 'q' 退出

[2026-07-24 03:12:27.539] [info] [main.cpp] 相机重连成功，恢复视觉流！
[2026-07-24 03:12:27.543] [info] [SERIAL THREAD] 相机 OK, 串口 OK, 有效信息 YES, 发送 2 and 4 SUCCESSED
[2026-07-24 03:12:37.217] [error] [main.cpp] 连续读取空帧，相机物理掉线！
[2026-07-24 03:12:37.217] [warning] [main.cpp] 相机已断开, 0.5s 后尝试重新连接...
[2026-07-24 03:12:37.227] [info] [SERIAL THREAD] 相机 ERROR, 串口 OK, 有效信息 YES, 发送 238 and 238 SUCCESSED
[2026-07-24 03:12:37.816] [warning] [main.cpp] 相机已断开, 0.5s 后尝试重新连接...
[2026-07-24 03:12:38.316] [warning] [main.cpp] 相机已断开, 0.5s 后尝试重新连接...
[2026-07-24 03:12:38.818] [warning] [main.cpp] 相机已断开, 0.5s 后尝试重新连接...
[2026-07-24 03:12:39.319] [warning] [main.cpp] 相机已断开, 0.5s 后尝试重新连接...
[2026-07-24 03:12:39.820] [warning] [main.cpp] 相机已断开, 0.5s 后尝试重新连接...
[2026-07-24 03:12:40.321] [warning] [main.cpp] 相机已断开, 0.5s 后尝试重新连接...
[2026-07-24 03:12:40.822] [warning] [main.cpp] 相机已断开, 0.5s 后尝试重新连接...
[2026-07-24 03:12:41.322] [warning] [main.cpp] 相机已断开, 0.5s 后尝试重新连接...
[2026-07-24 03:12:41.823] [warning] [main.cpp] 相机已断开, 0.5s 后尝试重新连接...
[2026-07-24 03:12:42.324] [warning] [main.cpp] 相机已断开, 0.5s 后尝试重新连接...
[2026-07-24 03:12:42.825] [warning] [main.cpp] 相机已断开, 0.5s 后尝试重新连接...
[2026-07-24 03:12:43.326] [warning] [main.cpp] 相机已断开, 0.5s 后尝试重新连接...
[2026-07-24 03:12:43.827] [warning] [main.cpp] 相机已断开, 0.5s 后尝试重新连接...
[2026-07-24 03:12:44.328] [warning] [main.cpp] 相机已断开, 0.5s 后尝试重新连接...
[2026-07-24 03:12:44.829] [warning] [main.cpp] 相机已断开, 0.5s 后尝试重新连接...
[2026-07-24 03:12:45.330] [warning] [main.cpp] 相机已断开, 0.5s 后尝试重新连接...
[2026-07-24 03:12:45.831] [warning] [main.cpp] 相机已断开, 0.5s 后尝试重新连接...
[2026-07-24 03:12:46.333] [warning] [main.cpp] 相机已断开, 0.5s 后尝试重新连接...
[2026-07-24 03:12:46.834] [warning] [main.cpp] 相机已断开, 0.5s 后尝试重新连接...
[2026-07-24 03:12:47.335] [warning] [main.cpp] 相机已断开, 0.5s 后尝试重新连接...
[2026-07-24 03:12:47.836] [warning] [main.cpp] 相机已断开, 0.5s 后尝试重新连接...
[2026-07-24 03:12:48.337] [warning] [main.cpp] 相机已断开, 0.5s 后尝试重新连接...
[2026-07-24 03:12:48.838] [warning] [main.cpp] 相机已断开, 0.5s 后尝试重新连接...
[2026-07-24 03:12:49.339] [warning] [main.cpp] 相机已断开, 0.5s 后尝试重新连接...
[2026-07-24 03:12:49.840] [warning] [main.cpp] 相机已断开, 0.5s 后尝试重新连接...
[2026-07-24 03:12:50.341] [warning] [main.cpp] 相机已断开, 0.5s 后尝试重新连接...
[2026-07-24 03:12:50.842] [warning] [main.cpp] 相机已断开, 0.5s 后尝试重新连接...
[2026-07-24 03:12:51.343] [warning] [main.cpp] 相机已断开, 0.5s 后尝试重新连接...
[2026-07-24 03:12:51.844] [warning] [main.cpp] 相机已断开, 0.5s 后尝试重新连接...
[2026-07-24 03:12:52.345] [warning] [main.cpp] 相机已断开, 0.5s 后尝试重新连接...
[2026-07-24 03:12:52.846] [warning] [main.cpp] 相机已断开, 0.5s 后尝试重新连接...
[2026-07-24 03:12:53.346] [warning] [main.cpp] 相机已断开, 0.5s 后尝试重新连接...
[2026-07-24 03:12:53.847] [warning] [main.cpp] 相机已断开, 0.5s 后尝试重新连接...
[2026-07-24 03:12:54.491] [debug] 
[2026-07-24 03:12:54.491] [debug] ================= [ACTUAL CAMERA STATUS] =================
[2026-07-24 03:12:54.491] [debug]   Backend API   : V4L2
[2026-07-24 03:12:54.491] [debug]   Resolution    : 1280x720
[2026-07-24 03:12:54.491] [debug]   FPS           : 30
[2026-07-24 03:12:54.491] [debug]   Video Format  : MJPG
[2026-07-24 03:12:54.491] [debug]   Exposure      : 156
[2026-07-24 03:12:54.491] [debug]   Brightness    : 0
[2026-07-24 03:12:54.491] [debug]   Contrast      : 0
[2026-07-24 03:12:54.491] [debug] ==========================================================
[2026-07-24 03:12:54.491] [debug] [main.cpp] 相机初始化完毕, 按 'ESC' 或 'q' 退出

[2026-07-24 03:12:54.491] [info] [main.cpp] 相机重连成功，恢复视觉流！
[2026-07-24 03:12:54.496] [info] [SERIAL THREAD] 相机 OK, 串口 OK, 有效信息 YES, 发送 2 and 4 SUCCESSED
[2026-07-24 03:13:15.876] [error] [main.cpp] 连续读取空帧，相机物理掉线！
[2026-07-24 03:13:15.876] [warning] [main.cpp] 相机已断开, 0.5s 后尝试重新连接...
[2026-07-24 03:13:15.882] [info] [SERIAL THREAD] 相机 ERROR, 串口 OK, 有效信息 YES, 发送 238 and 238 SUCCESSED
[2026-07-24 03:13:16.473] [warning] [main.cpp] 相机已断开, 0.5s 后尝试重新连接...
[2026-07-24 03:13:16.974] [warning] [main.cpp] 相机已断开, 0.5s 后尝试重新连接...
[2026-07-24 03:13:17.475] [warning] [main.cpp] 相机已断开, 0.5s 后尝试重新连接...
[2026-07-24 03:13:17.976] [warning] [main.cpp] 相机已断开, 0.5s 后尝试重新连接...
[2026-07-24 03:13:18.477] [warning] [main.cpp] 相机已断开, 0.5s 后尝试重新连接...
[2026-07-24 03:13:18.978] [warning] [main.cpp] 相机已断开, 0.5s 后尝试重新连接...
[2026-07-24 03:13:19.479] [warning] [main.cpp] 相机已断开, 0.5s 后尝试重新连接...
[2026-07-24 03:13:19.980] [warning] [main.cpp] 相机已断开, 0.5s 后尝试重新连接...
[2026-07-24 03:13:20.481] [warning] [main.cpp] 相机已断开, 0.5s 后尝试重新连接...
[2026-07-24 03:13:20.982] [warning] [main.cpp] 相机已断开, 0.5s 后尝试重新连接...
[2026-07-24 03:13:21.483] [warning] [main.cpp] 相机已断开, 0.5s 后尝试重新连接...
[2026-07-24 03:13:21.983] [warning] [main.cpp] 相机已断开, 0.5s 后尝试重新连接...
[2026-07-24 03:13:22.485] [warning] [main.cpp] 相机已断开, 0.5s 后尝试重新连接...
[2026-07-24 03:13:22.985] [warning] [main.cpp] 相机已断开, 0.5s 后尝试重新连接...
[2026-07-24 03:13:23.486] [warning] [main.cpp] 相机已断开, 0.5s 后尝试重新连接...
[2026-07-24 03:13:23.987] [warning] [main.cpp] 相机已断开, 0.5s 后尝试重新连接...
[2026-07-24 03:13:24.488] [warning] [main.cpp] 相机已断开, 0.5s 后尝试重新连接...
[2026-07-24 03:13:24.989] [warning] [main.cpp] 相机已断开, 0.5s 后尝试重新连接...
[2026-07-24 03:13:25.490] [warning] [main.cpp] 相机已断开, 0.5s 后尝试重新连接...
[2026-07-24 03:13:25.991] [warning] [main.cpp] 相机已断开, 0.5s 后尝试重新连接...
[2026-07-24 03:13:26.492] [warning] [main.cpp] 相机已断开, 0.5s 后尝试重新连接...
[2026-07-24 03:13:26.993] [warning] [main.cpp] 相机已断开, 0.5s 后尝试重新连接...
[2026-07-24 03:13:27.494] [warning] [main.cpp] 相机已断开, 0.5s 后尝试重新连接...
[2026-07-24 03:13:27.995] [warning] [main.cpp] 相机已断开, 0.5s 后尝试重新连接...
[2026-07-24 03:13:28.496] [warning] [main.cpp] 相机已断开, 0.5s 后尝试重新连接...
[2026-07-24 03:13:28.997] [warning] [main.cpp] 相机已断开, 0.5s 后尝试重新连接...
[2026-07-24 03:13:29.497] [warning] [main.cpp] 相机已断开, 0.5s 后尝试重新连接...
[2026-07-24 03:13:29.999] [warning] [main.cpp] 相机已断开, 0.5s 后尝试重新连接...
[2026-07-24 03:13:30.500] [warning] [main.cpp] 相机已断开, 0.5s 后尝试重新连接...
[2026-07-24 03:13:31.001] [warning] [main.cpp] 相机已断开, 0.5s 后尝试重新连接...
[2026-07-24 03:13:31.501] [warning] [main.cpp] 相机已断开, 0.5s 后尝试重新连接...
[2026-07-24 03:13:32.002] [warning] [main.cpp] 相机已断开, 0.5s 后尝试重新连接...
[2026-07-24 03:13:32.503] [warning] [main.cpp] 相机已断开, 0.5s 后尝试重新连接...
[2026-07-24 03:13:33.004] [warning] [main.cpp] 相机已断开, 0.5s 后尝试重新连接...
[2026-07-24 03:13:33.505] [warning] [main.cpp] 相机已断开, 0.5s 后尝试重新连接...
[2026-07-24 03:13:34.006] [warning] [main.cpp] 相机已断开, 0.5s 后尝试重新连接...
[2026-07-24 03:13:34.507] [warning] [main.cpp] 相机已断开, 0.5s 后尝试重新连接...
[2026-07-24 03:13:35.008] [warning] [main.cpp] 相机已断开, 0.5s 后尝试重新连接...
[2026-07-24 03:13:35.509] [warning] [main.cpp] 相机已断开, 0.5s 后尝试重新连接...
[2026-07-24 03:13:36.010] [warning] [main.cpp] 相机已断开, 0.5s 后尝试重新连接...
[2026-07-24 03:13:36.511] [warning] [main.cpp] 相机已断开, 0.5s 后尝试重新连接...
[2026-07-24 03:13:37.012] [warning] [main.cpp] 相机已断开, 0.5s 后尝试重新连接...
[2026-07-24 03:13:37.512] [warning] [main.cpp] 相机已断开, 0.5s 后尝试重新连接...
[2026-07-24 03:13:38.013] [warning] [main.cpp] 相机已断开, 0.5s 后尝试重新连接...
[2026-07-24 03:13:38.515] [warning] [main.cpp] 相机已断开, 0.5s 后尝试重新连接...
[2026-07-24 03:13:39.016] [warning] [main.cpp] 相机已断开, 0.5s 后尝试重新连接...
[2026-07-24 03:13:39.516] [warning] [main.cpp] 相机已断开, 0.5s 后尝试重新连接...
[2026-07-24 03:13:40.017] [warning] [main.cpp] 相机已断开, 0.5s 后尝试重新连接...
[2026-07-24 03:13:40.519] [warning] [main.cpp] 相机已断开, 0.5s 后尝试重新连接...
[2026-07-24 03:13:41.020] [warning] [main.cpp] 相机已断开, 0.5s 后尝试重新连接...
[2026-07-24 03:13:41.521] [warning] [main.cpp] 相机已断开, 0.5s 后尝试重新连接...
[2026-07-24 03:13:42.022] [warning] [main.cpp] 相机已断开, 0.5s 后尝试重新连接...
[2026-07-24 03:13:42.523] [warning] [main.cpp] 相机已断开, 0.5s 后尝试重新连接...
[2026-07-24 03:13:43.024] [warning] [main.cpp] 相机已断开, 0.5s 后尝试重新连接...
[2026-07-24 03:13:43.526] [warning] [main.cpp] 相机已断开, 0.5s 后尝试重新连接...
[2026-07-24 03:13:44.027] [warning] [main.cpp] 相机已断开, 0.5s 后尝试重新连接...
[2026-07-24 03:13:44.528] [warning] [main.cpp] 相机已断开, 0.5s 后尝试重新连接...
[2026-07-24 03:13:45.029] [warning] [main.cpp] 相机已断开, 0.5s 后尝试重新连接...
[2026-07-24 03:13:45.530] [warning] [main.cpp] 相机已断开, 0.5s 后尝试重新连接...
[2026-07-24 03:13:46.031] [warning] [main.cpp] 相机已断开, 0.5s 后尝试重新连接...
[2026-07-24 03:13:46.532] [warning] [main.cpp] 相机已断开, 0.5s 后尝试重新连接...
[2026-07-24 03:13:47.033] [warning] [main.cpp] 相机已断开, 0.5s 后尝试重新连接...
[2026-07-24 03:13:47.534] [warning] [main.cpp] 相机已断开, 0.5s 后尝试重新连接...
[2026-07-24 03:13:48.036] [warning] [main.cpp] 相机已断开, 0.5s 后尝试重新连接...
[2026-07-24 03:13:48.537] [warning] [main.cpp] 相机已断开, 0.5s 后尝试重新连接...
[2026-07-24 03:13:49.038] [warning] [main.cpp] 相机已断开, 0.5s 后尝试重新连接...
[2026-07-24 03:13:49.540] [warning] [main.cpp] 相机已断开, 0.5s 后尝试重新连接...
[2026-07-24 03:13:50.042] [warning] [main.cpp] 相机已断开, 0.5s 后尝试重新连接...
[2026-07-24 03:13:50.544] [warning] [main.cpp] 相机已断开, 0.5s 后尝试重新连接...
[2026-07-24 03:13:51.045] [warning] [main.cpp] 相机已断开, 0.5s 后尝试重新连接...
[2026-07-24 03:13:51.547] [warning] [main.cpp] 相机已断开, 0.5s 后尝试重新连接...
[2026-07-24 03:13:52.049] [warning] [main.cpp] 相机已断开, 0.5s 后尝试重新连接...
[2026-07-24 03:13:52.550] [warning] [main.cpp] 相机已断开, 0.5s 后尝试重新连接...
[2026-07-24 03:13:53.051] [warning] [main.cpp] 相机已断开, 0.5s 后尝试重新连接...
[2026-07-24 03:13:53.552] [warning] [main.cpp] 相机已断开, 0.5s 后尝试重新连接...
[2026-07-24 03:13:54.053] [warning] [main.cpp] 相机已断开, 0.5s 后尝试重新连接...
[2026-07-24 03:13:54.554] [warning] [main.cpp] 相机已断开, 0.5s 后尝试重新连接...
[2026-07-24 03:13:55.055] [warning] [main.cpp] 相机已断开, 0.5s 后尝试重新连接...
[2026-07-24 03:13:55.556] [warning] [main.cpp] 相机已断开, 0.5s 后尝试重新连接...
[2026-07-24 03:13:56.057] [warning] [main.cpp] 相机已断开, 0.5s 后尝试重新连接...
[2026-07-24 03:13:56.558] [warning] [main.cpp] 相机已断开, 0.5s 后尝试重新连接...
[2026-07-24 03:13:57.059] [warning] [main.cpp] 相机已断开, 0.5s 后尝试重新连接...
[2026-07-24 03:13:57.560] [warning] [main.cpp] 相机已断开, 0.5s 后尝试重新连接...
[2026-07-24 03:13:58.061] [warning] [main.cpp] 相机已断开, 0.5s 后尝试重新连接...
[2026-07-24 03:13:58.562] [warning] [main.cpp] 相机已断开, 0.5s 后尝试重新连接...
[2026-07-24 03:13:59.063] [warning] [main.cpp] 相机已断开, 0.5s 后尝试重新连接...
[2026-07-24 03:13:59.564] [warning] [main.cpp] 相机已断开, 0.5s 后尝试重新连接...
[2026-07-24 03:14:00.065] [warning] [main.cpp] 相机已断开, 0.5s 后尝试重新连接...
[2026-07-24 03:14:00.566] [warning] [main.cpp] 相机已断开, 0.5s 后尝试重新连接...
[2026-07-24 03:14:01.066] [warning] [main.cpp] 相机已断开, 0.5s 后尝试重新连接...
[2026-07-24 03:14:01.568] [warning] [main.cpp] 相机已断开, 0.5s 后尝试重新连接...
[2026-07-24 03:14:02.069] [warning] [main.cpp] 相机已断开, 0.5s 后尝试重新连接...
[2026-07-24 03:14:02.570] [warning] [main.cpp] 相机已断开, 0.5s 后尝试重新连接...
[2026-07-24 03:14:03.071] [warning] [main.cpp] 相机已断开, 0.5s 后尝试重新连接...
[2026-07-24 03:14:03.573] [warning] [main.cpp] 相机已断开, 0.5s 后尝试重新连接...
[2026-07-24 03:14:04.073] [warning] [main.cpp] 相机已断开, 0.5s 后尝试重新连接...
[2026-07-24 03:14:04.575] [warning] [main.cpp] 相机已断开, 0.5s 后尝试重新连接...
[2026-07-24 03:14:05.076] [warning] [main.cpp] 相机已断开, 0.5s 后尝试重新连接...
[2026-07-24 03:14:05.577] [warning] [main.cpp] 相机已断开, 0.5s 后尝试重新连接...
[2026-07-24 03:14:06.078] [warning] [main.cpp] 相机已断开, 0.5s 后尝试重新连接...
[2026-07-24 03:14:06.578] [warning] [main.cpp] 相机已断开, 0.5s 后尝试重新连接...
[2026-07-24 03:14:07.079] [warning] [main.cpp] 相机已断开, 0.5s 后尝试重新连接...
[2026-07-24 03:14:07.580] [warning] [main.cpp] 相机已断开, 0.5s 后尝试重新连接...
[2026-07-24 03:14:08.081] [warning] [main.cpp] 相机已断开, 0.5s 后尝试重新连接...
[2026-07-24 03:14:08.582] [warning] [main.cpp] 相机已断开, 0.5s 后尝试重新连接...
[2026-07-24 03:14:09.083] [warning] [main.cpp] 相机已断开, 0.5s 后尝试重新连接...
[2026-07-24 03:14:09.584] [warning] [main.cpp] 相机已断开, 0.5s 后尝试重新连接...
[2026-07-24 03:14:10.085] [warning] [main.cpp] 相机已断开, 0.5s 后尝试重新连接...
[2026-07-24 03:14:10.586] [warning] [main.cpp] 相机已断开, 0.5s 后尝试重新连接...
[2026-07-24 03:14:11.087] [warning] [main.cpp] 相机已断开, 0.5s 后尝试重新连接...
[2026-07-24 03:14:11.588] [warning] [main.cpp] 相机已断开, 0.5s 后尝试重新连接...
[2026-07-24 03:14:12.088] [warning] [main.cpp] 相机已断开, 0.5s 后尝试重新连接...
[2026-07-24 03:14:12.589] [warning] [main.cpp] 相机已断开, 0.5s 后尝试重新连接...
[2026-07-24 03:14:13.090] [warning] [main.cpp] 相机已断开, 0.5s 后尝试重新连接...
[2026-07-24 03:14:13.591] [warning] [main.cpp] 相机已断开, 0.5s 后尝试重新连接...
[2026-07-24 03:14:14.092] [warning] [main.cpp] 相机已断开, 0.5s 后尝试重新连接...
[2026-07-24 03:14:14.593] [warning] [main.cpp] 相机已断开, 0.5s 后尝试重新连接...
[2026-07-24 03:14:15.094] [warning] [main.cpp] 相机已断开, 0.5s 后尝试重新连接...
[2026-07-24 03:14:15.595] [warning] [main.cpp] 相机已断开, 0.5s 后尝试重新连接...
[2026-07-24 03:14:16.096] [warning] [main.cpp] 相机已断开, 0.5s 后尝试重新连接...
[2026-07-24 03:14:16.597] [warning] [main.cpp] 相机已断开, 0.5s 后尝试重新连接...
[2026-07-24 03:14:17.098] [warning] [main.cpp] 相机已断开, 0.5s 后尝试重新连接...
[2026-07-24 03:14:17.599] [warning] [main.cpp] 相机已断开, 0.5s 后尝试重新连接...
[2026-07-24 03:14:18.100] [warning] [main.cpp] 相机已断开, 0.5s 后尝试重新连接...
[2026-07-24 03:14:18.601] [warning] [main.cpp] 相机已断开, 0.5s 后尝试重新连接...
[2026-07-24 03:14:19.102] [warning] [main.cpp] 相机已断开, 0.5s 后尝试重新连接...
[2026-07-24 03:14:19.603] [warning] [main.cpp] 相机已断开, 0.5s 后尝试重新连接...
[2026-07-24 03:14:20.104] [warning] [main.cpp] 相机已断开, 0.5s 后尝试重新连接...
[2026-07-24 03:14:20.605] [warning] [main.cpp] 相机已断开, 0.5s 后尝试重新连接...
[2026-07-24 03:14:21.106] [warning] [main.cpp] 相机已断开, 0.5s 后尝试重新连接...
[2026-07-24 03:14:21.607] [warning] [main.cpp] 相机已断开, 0.5s 后尝试重新连接...
[2026-07-24 03:14:22.108] [warning] [main.cpp] 相机已断开, 0.5s 后尝试重新连接...
[2026-07-24 03:14:22.609] [warning] [main.cpp] 相机已断开, 0.5s 后尝试重新连接...
[2026-07-24 03:14:23.110] [warning] [main.cpp] 相机已断开, 0.5s 后尝试重新连接...
[2026-07-24 03:14:23.611] [warning] [main.cpp] 相机已断开, 0.5s 后尝试重新连接...
[2026-07-24 03:14:24.112] [warning] [main.cpp] 相机已断开, 0.5s 后尝试重新连接...
[2026-07-24 03:14:24.613] [warning] [main.cpp] 相机已断开, 0.5s 后尝试重新连接...
[2026-07-24 03:14:25.114] [warning] [main.cpp] 相机已断开, 0.5s 后尝试重新连接...
[2026-07-24 03:14:25.615] [warning] [main.cpp] 相机已断开, 0.5s 后尝试重新连接...
[2026-07-24 03:14:26.116] [warning] [main.cpp] 相机已断开, 0.5s 后尝试重新连接...
[2026-07-24 03:14:26.617] [warning] [main.cpp] 相机已断开, 0.5s 后尝试重新连接...
[2026-07-24 03:14:27.118] [warning] [main.cpp] 相机已断开, 0.5s 后尝试重新连接...
[2026-07-24 03:14:27.619] [warning] [main.cpp] 相机已断开, 0.5s 后尝试重新连接...
[2026-07-24 03:14:28.119] [warning] [main.cpp] 相机已断开, 0.5s 后尝试重新连接...
[2026-07-24 03:14:28.620] [warning] [main.cpp] 相机已断开, 0.5s 后尝试重新连接...
[2026-07-24 03:14:29.121] [warning] [main.cpp] 相机已断开, 0.5s 后尝试重新连接...
[2026-07-24 03:14:29.622] [warning] [main.cpp] 相机已断开, 0.5s 后尝试重新连接...
[2026-07-24 03:14:30.123] [warning] [main.cpp] 相机已断开, 0.5s 后尝试重新连接...
[2026-07-24 03:14:30.624] [warning] [main.cpp] 相机已断开, 0.5s 后尝试重新连接...
[2026-07-24 03:14:31.126] [warning] [main.cpp] 相机已断开, 0.5s 后尝试重新连接...
[2026-07-24 03:14:31.626] [warning] [main.cpp] 相机已断开, 0.5s 后尝试重新连接...
[2026-07-24 03:14:32.128] [warning] [main.cpp] 相机已断开, 0.5s 后尝试重新连接...
[2026-07-24 03:14:32.629] [warning] [main.cpp] 相机已断开, 0.5s 后尝试重新连接...
[2026-07-24 03:14:33.129] [warning] [main.cpp] 相机已断开, 0.5s 后尝试重新连接...
[2026-07-24 03:14:33.630] [warning] [main.cpp] 相机已断开, 0.5s 后尝试重新连接...
[2026-07-24 03:14:34.131] [warning] [main.cpp] 相机已断开, 0.5s 后尝试重新连接...
[2026-07-24 03:14:34.632] [warning] [main.cpp] 相机已断开, 0.5s 后尝试重新连接...
[2026-07-24 03:14:35.133] [warning] [main.cpp] 相机已断开, 0.5s 后尝试重新连接...
[2026-07-24 03:14:35.634] [warning] [main.cpp] 相机已断开, 0.5s 后尝试重新连接...
[2026-07-24 03:14:36.135] [warning] [main.cpp] 相机已断开, 0.5s 后尝试重新连接...
[2026-07-24 03:14:36.636] [warning] [main.cpp] 相机已断开, 0.5s 后尝试重新连接...
[2026-07-24 03:14:37.137] [warning] [main.cpp] 相机已断开, 0.5s 后尝试重新连接...
[2026-07-24 03:14:37.638] [warning] [main.cpp] 相机已断开, 0.5s 后尝试重新连接...
[2026-07-24 03:14:38.140] [warning] [main.cpp] 相机已断开, 0.5s 后尝试重新连接...
[2026-07-24 03:14:38.641] [warning] [main.cpp] 相机已断开, 0.5s 后尝试重新连接...
[2026-07-24 03:14:39.142] [warning] [main.cpp] 相机已断开, 0.5s 后尝试重新连接...
[2026-07-24 03:14:39.643] [warning] [main.cpp] 相机已断开, 0.5s 后尝试重新连接...
[2026-07-24 03:14:40.287] [debug] 
[2026-07-24 03:14:40.287] [debug] ================= [ACTUAL CAMERA STATUS] =================
[2026-07-24 03:14:40.287] [debug]   Backend API   : V4L2
[2026-07-24 03:14:40.287] [debug]   Resolution    : 1280x720
[2026-07-24 03:14:40.287] [debug]   FPS           : 30
[2026-07-24 03:14:40.287] [debug]   Video Format  : MJPG
[2026-07-24 03:14:40.287] [debug]   Exposure      : 156
[2026-07-24 03:14:40.287] [debug]   Brightness    : 0
[2026-07-24 03:14:40.287] [debug]   Contrast      : 0
[2026-07-24 03:14:40.287] [debug] ==========================================================
[2026-07-24 03:14:40.287] [debug] [main.cpp] 相机初始化完毕, 按 'ESC' 或 'q' 退出

[2026-07-24 03:14:40.287] [info] [main.cpp] 相机重连成功，恢复视觉流！
[2026-07-24 03:14:40.296] [info] [SERIAL THREAD] 相机 OK, 串口 OK, 有效信息 YES, 发送 2 and 4 SUCCESSED
[2026-07-24 03:16:22.764] [error] [main.cpp] 连续读取空帧，相机物理掉线！
[2026-07-24 03:16:22.764] [warning] [main.cpp] 相机已断开, 0.5s 后尝试重新连接...
[2026-07-24 03:16:22.774] [info] [SERIAL THREAD] 相机 ERROR, 串口 OK, 有效信息 YES, 发送 238 and 238 SUCCESSED
[2026-07-24 03:16:23.362] [warning] [main.cpp] 相机已断开, 0.5s 后尝试重新连接...
[2026-07-24 03:16:23.863] [warning] [main.cpp] 相机已断开, 0.5s 后尝试重新连接...
[2026-07-24 03:16:24.364] [warning] [main.cpp] 相机已断开, 0.5s 后尝试重新连接...
[2026-07-24 03:16:24.864] [warning] [main.cpp] 相机已断开, 0.5s 后尝试重新连接...
[2026-07-24 03:16:25.365] [warning] [main.cpp] 相机已断开, 0.5s 后尝试重新连接...
[2026-07-24 03:16:25.866] [warning] [main.cpp] 相机已断开, 0.5s 后尝试重新连接...
[2026-07-24 03:16:26.367] [warning] [main.cpp] 相机已断开, 0.5s 后尝试重新连接...
[2026-07-24 03:16:26.868] [warning] [main.cpp] 相机已断开, 0.5s 后尝试重新连接...
[2026-07-24 03:16:27.369] [warning] [main.cpp] 相机已断开, 0.5s 后尝试重新连接...
[2026-07-24 03:16:27.870] [warning] [main.cpp] 相机已断开, 0.5s 后尝试重新连接...
[2026-07-24 03:16:28.372] [warning] [main.cpp] 相机已断开, 0.5s 后尝试重新连接...
[2026-07-24 03:16:28.873] [warning] [main.cpp] 相机已断开, 0.5s 后尝试重新连接...
[2026-07-24 03:16:29.373] [warning] [main.cpp] 相机已断开, 0.5s 后尝试重新连接...
[2026-07-24 03:16:29.875] [warning] [main.cpp] 相机已断开, 0.5s 后尝试重新连接...
[2026-07-24 03:16:30.376] [warning] [main.cpp] 相机已断开, 0.5s 后尝试重新连接...
[2026-07-24 03:16:30.876] [warning] [main.cpp] 相机已断开, 0.5s 后尝试重新连接...
[2026-07-24 03:16:31.377] [warning] [main.cpp] 相机已断开, 0.5s 后尝试重新连接...
[2026-07-24 03:16:31.878] [warning] [main.cpp] 相机已断开, 0.5s 后尝试重新连接...
[2026-07-24 03:16:32.379] [warning] [main.cpp] 相机已断开, 0.5s 后尝试重新连接...
[2026-07-24 03:16:32.880] [warning] [main.cpp] 相机已断开, 0.5s 后尝试重新连接...
[2026-07-24 03:16:33.381] [warning] [main.cpp] 相机已断开, 0.5s 后尝试重新连接...
[2026-07-24 03:16:33.882] [warning] [main.cpp] 相机已断开, 0.5s 后尝试重新连接...
[2026-07-24 03:16:34.383] [warning] [main.cpp] 相机已断开, 0.5s 后尝试重新连接...
[2026-07-24 03:16:34.884] [warning] [main.cpp] 相机已断开, 0.5s 后尝试重新连接...
[2026-07-24 03:16:35.385] [warning] [main.cpp] 相机已断开, 0.5s 后尝试重新连接...
[2026-07-24 03:16:35.886] [warning] [main.cpp] 相机已断开, 0.5s 后尝试重新连接...
[2026-07-24 03:16:36.387] [warning] [main.cpp] 相机已断开, 0.5s 后尝试重新连接...
[2026-07-24 03:16:36.888] [warning] [main.cpp] 相机已断开, 0.5s 后尝试重新连接...
[2026-07-24 03:16:37.389] [warning] [main.cpp] 相机已断开, 0.5s 后尝试重新连接...
[2026-07-24 03:16:37.890] [warning] [main.cpp] 相机已断开, 0.5s 后尝试重新连接...
[2026-07-24 03:16:38.391] [warning] [main.cpp] 相机已断开, 0.5s 后尝试重新连接...
[2026-07-24 03:16:38.892] [warning] [main.cpp] 相机已断开, 0.5s 后尝试重新连接...
[2026-07-24 03:16:39.393] [warning] [main.cpp] 相机已断开, 0.5s 后尝试重新连接...
[2026-07-24 03:16:39.894] [warning] [main.cpp] 相机已断开, 0.5s 后尝试重新连接...
[2026-07-24 03:16:40.395] [warning] [main.cpp] 相机已断开, 0.5s 后尝试重新连接...
[2026-07-24 03:16:40.896] [warning] [main.cpp] 相机已断开, 0.5s 后尝试重新连接...
[2026-07-24 03:16:41.397] [warning] [main.cpp] 相机已断开, 0.5s 后尝试重新连接...
[2026-07-24 03:16:41.898] [warning] [main.cpp] 相机已断开, 0.5s 后尝试重新连接...
[2026-07-24 03:16:42.399] [warning] [main.cpp] 相机已断开, 0.5s 后尝试重新连接...
[2026-07-24 03:16:42.900] [warning] [main.cpp] 相机已断开, 0.5s 后尝试重新连接...
[2026-07-24 03:16:43.401] [warning] [main.cpp] 相机已断开, 0.5s 后尝试重新连接...
[2026-07-24 03:16:43.902] [warning] [main.cpp] 相机已断开, 0.5s 后尝试重新连接...
[2026-07-24 03:16:44.403] [warning] [main.cpp] 相机已断开, 0.5s 后尝试重新连接...
[2026-07-24 03:16:44.904] [warning] [main.cpp] 相机已断开, 0.5s 后尝试重新连接...
[2026-07-24 03:16:45.405] [warning] [main.cpp] 相机已断开, 0.5s 后尝试重新连接...
[2026-07-24 03:16:45.906] [warning] [main.cpp] 相机已断开, 0.5s 后尝试重新连接...
[2026-07-24 03:16:46.407] [warning] [main.cpp] 相机已断开, 0.5s 后尝试重新连接...
[2026-07-24 03:16:46.908] [warning] [main.cpp] 相机已断开, 0.5s 后尝试重新连接...
[2026-07-24 03:16:47.409] [warning] [main.cpp] 相机已断开, 0.5s 后尝试重新连接...
[2026-07-24 03:16:47.910] [warning] [main.cpp] 相机已断开, 0.5s 后尝试重新连接...
[2026-07-24 03:16:48.411] [warning] [main.cpp] 相机已断开, 0.5s 后尝试重新连接...
[2026-07-24 03:16:48.912] [warning] [main.cpp] 相机已断开, 0.5s 后尝试重新连接...
[2026-07-24 03:16:49.413] [warning] [main.cpp] 相机已断开, 0.5s 后尝试重新连接...
[2026-07-24 03:16:49.914] [warning] [main.cpp] 相机已断开, 0.5s 后尝试重新连接...
[2026-07-24 03:16:50.415] [warning] [main.cpp] 相机已断开, 0.5s 后尝试重新连接...
[2026-07-24 03:16:50.916] [warning] [main.cpp] 相机已断开, 0.5s 后尝试重新连接...
[2026-07-24 03:16:51.417] [warning] [main.cpp] 相机已断开, 0.5s 后尝试重新连接...
[2026-07-24 03:16:51.918] [warning] [main.cpp] 相机已断开, 0.5s 后尝试重新连接...
[2026-07-24 03:16:52.419] [warning] [main.cpp] 相机已断开, 0.5s 后尝试重新连接...
[2026-07-24 03:16:52.920] [warning] [main.cpp] 相机已断开, 0.5s 后尝试重新连接...
[2026-07-24 03:16:53.421] [warning] [main.cpp] 相机已断开, 0.5s 后尝试重新连接...
[2026-07-24 03:16:53.922] [warning] [main.cpp] 相机已断开, 0.5s 后尝试重新连接...
[2026-07-24 03:16:54.423] [warning] [main.cpp] 相机已断开, 0.5s 后尝试重新连接...
[2026-07-24 03:16:55.071] [debug] 
[2026-07-24 03:16:55.071] [debug] ================= [ACTUAL CAMERA STATUS] =================
[2026-07-24 03:16:55.071] [debug]   Backend API   : V4L2
[2026-07-24 03:16:55.071] [debug]   Resolution    : 1280x720
[2026-07-24 03:16:55.071] [debug]   FPS           : 30
[2026-07-24 03:16:55.071] [debug]   Video Format  : MJPG
[2026-07-24 03:16:55.071] [debug]   Exposure      : 156
[2026-07-24 03:16:55.071] [debug]   Brightness    : 0
[2026-07-24 03:16:55.071] [debug]   Contrast      : 0
[2026-07-24 03:16:55.071] [debug] ==========================================================
[2026-07-24 03:16:55.071] [debug] [main.cpp] 相机初始化完毕, 按 'ESC' 或 'q' 退出

[2026-07-24 03:16:55.071] [info] [main.cpp] 相机重连成功，恢复视觉流！
[2026-07-24 03:16:55.079] [info] [SERIAL THREAD] 相机 OK, 串口 OK, 有效信息 YES, 发送 2 and 4 SUCCESSED
[2026-07-24 03:18:53.362] [debug] 

[2026-07-24 03:18:53.362] [warning] [main.cpp] 捕捉到退出信号(SIGINT)，准备退出程序...

[2026-07-24 03:18:53.367] [info] [HttpStream] HTTP 服务器已停止。
[2026-07-24 03:18:53.402] [warning] [serial_port.cpp] 串口已关闭。
