[2026-07-22 05:53:00.424] [debug] ================= [CONFIG LOADED] =================
[2026-07-22 05:53:00.424] [debug]   Mode: PC
[2026-07-22 05:53:00.424] [debug]   Camera ID : 2
[2026-07-22 05:53:00.424] [debug]   Target Res: 1280x720
[2026-07-22 05:53:00.424] [debug]   Target Fmt: MJPG
[2026-07-22 05:53:00.424] [debug]   Target Brightness: 0
[2026-07-22 05:53:00.424] [debug]   Target Contrast: 0
[2026-07-22 05:53:00.424] [debug]   Model Path: ../models/detect.prototxt | ../models/detect.caffemodel | ../models/sr.prototxt | ../models/sr.caffemodel
[2026-07-22 05:53:00.424] [debug] ===================================================
[2026-07-22 05:53:00.428] [info] [qrcode_scanner.cpp] 微信模型加载成功
[2026-07-22 05:53:00.625] [debug] 
[2026-07-22 05:53:00.625] [debug] ================= [ACTUAL CAMERA STATUS] =================
[2026-07-22 05:53:00.625] [debug]   Backend API   : V4L2
[2026-07-22 05:53:00.625] [debug]   Resolution    : 1280x720
[2026-07-22 05:53:00.625] [debug]   FPS           : 30
[2026-07-22 05:53:00.625] [debug]   Video Format  : MJPG
[2026-07-22 05:53:00.625] [debug]   Exposure      : 156
[2026-07-22 05:53:00.625] [debug]   Brightness    : 0
[2026-07-22 05:53:00.625] [debug]   Contrast      : 0
[2026-07-22 05:53:00.625] [debug] ==========================================================
[2026-07-22 05:53:00.625] [debug] [main.cpp] 相机初始化完毕, 按 'ESC' 或 'q' 退出

[2026-07-22 05:53:00.625] [debug] ================= [SERIAL STATUS] =================
[2026-07-22 05:53:00.625] [info] [serial_port.cpp] 串口 /dev/ttyACM0 打开成功，波特率: 115200
[2026-07-22 05:53:00.625] [info]   is_serial_open: SUCCESS
[2026-07-22 05:53:00.625] [debug]   Port Name     : /dev/ttyACM0
[2026-07-22 05:53:00.625] [debug]   Baud Rate     : 115200
[2026-07-22 05:53:00.625] [debug] ===================================================

[2026-07-22 05:53:00.625] [debug] [main.cpp] starting threads...

[2026-07-22 05:53:00.626] [info] [SERIAL THREAD] 相机 OK, 串口 OK, 有效信息 NO, 发送 255 and 255 SUCCESSED
[2026-07-22 05:53:01.706] [debug] 

[2026-07-22 05:53:01.706] [info] [main.cpp] 当前计算帧率: 12.03 FPS
[2026-07-22 05:53:02.767] [debug] 

[2026-07-22 05:53:02.768] [info] [main.cpp] 当前计算帧率: 11.30 FPS
[2026-07-22 05:53:03.778] [debug] 

[2026-07-22 05:53:03.778] [info] [main.cpp] 当前计算帧率: 8.91 FPS
[2026-07-22 05:53:04.864] [debug] 

[2026-07-22 05:53:04.864] [info] [main.cpp] 当前计算帧率: 5.53 FPS
[2026-07-22 05:53:06.046] [debug] 

[2026-07-22 05:53:06.046] [info] [main.cpp] 当前计算帧率: 6.77 FPS
[2026-07-22 05:53:07.224] [debug] 

[2026-07-22 05:53:07.224] [info] [main.cpp] 当前计算帧率: 6.79 FPS
[2026-07-22 05:53:07.462] [info] [qrcode_scanner.cpp] data2 更新，检测到 三个投球框 的颜色顺序: Blue,Yellow,Red
[2026-07-22 05:53:07.464] [info] [SERIAL THREAD] 相机 OK, 串口 OK, 有效信息 YES, 发送 255 and 5 SUCCESSED
[2026-07-22 05:53:07.698] [info] [qrcode_scanner.cpp] data1 更新，检测到 基础框 和 核心框 的颜色: Blue,Red
[2026-07-22 05:53:07.708] [info] [SERIAL THREAD] 相机 OK, 串口 OK, 有效信息 YES, 发送 5 and 5 SUCCESSED
[2026-07-22 05:53:08.230] [debug] 

[2026-07-22 05:53:08.230] [info] [main.cpp] 当前计算帧率: 30.82 FPS
[2026-07-22 05:53:09.422] [debug] 

[2026-07-22 05:53:09.422] [info] [main.cpp] 当前计算帧率: 16.77 FPS
[2026-07-22 05:53:10.429] [debug] 

[2026-07-22 05:53:10.429] [info] [main.cpp] 当前计算帧率: 5.96 FPS
[2026-07-22 05:53:11.530] [debug] 

[2026-07-22 05:53:11.530] [info] [main.cpp] 当前计算帧率: 6.36 FPS
[2026-07-22 05:53:12.560] [debug] 

[2026-07-22 05:53:12.560] [info] [main.cpp] 当前计算帧率: 22.33 FPS
[2026-07-22 05:53:13.642] [debug] 

[2026-07-22 05:53:13.642] [info] [main.cpp] 当前计算帧率: 24.04 FPS
[2026-07-22 05:53:14.694] [debug] 

[2026-07-22 05:53:14.694] [info] [main.cpp] 当前计算帧率: 6.65 FPS
[2026-07-22 05:53:15.806] [debug] 

[2026-07-22 05:53:15.807] [info] [main.cpp] 当前计算帧率: 7.19 FPS
[2026-07-22 05:53:16.893] [debug] 

[2026-07-22 05:53:16.893] [info] [main.cpp] 当前计算帧率: 7.36 FPS
[2026-07-22 05:53:17.942] [debug] 

[2026-07-22 05:53:17.942] [info] [main.cpp] 当前计算帧率: 7.63 FPS
[2026-07-22 05:53:19.115] [debug] 

[2026-07-22 05:53:19.115] [info] [main.cpp] 当前计算帧率: 9.37 FPS
[2026-07-22 05:53:20.198] [debug] 

[2026-07-22 05:53:20.198] [info] [main.cpp] 当前计算帧率: 5.54 FPS
[2026-07-22 05:53:21.279] [debug] 

[2026-07-22 05:53:21.279] [info] [main.cpp] 当前计算帧率: 5.55 FPS
[2026-07-22 05:53:22.423] [debug] 

[2026-07-22 05:53:22.423] [info] [main.cpp] 当前计算帧率: 7.86 FPS
[2026-07-22 05:53:23.541] [debug] 

[2026-07-22 05:53:23.542] [info] [main.cpp] 当前计算帧率: 8.05 FPS
[2026-07-22 05:53:24.625] [debug] 

[2026-07-22 05:53:24.625] [info] [main.cpp] 当前计算帧率: 6.46 FPS
[2026-07-22 05:53:25.716] [debug] 

[2026-07-22 05:53:25.716] [info] [main.cpp] 当前计算帧率: 5.50 FPS
[2026-07-22 05:53:26.804] [debug] 

[2026-07-22 05:53:26.804] [info] [main.cpp] 当前计算帧率: 5.52 FPS
[2026-07-22 05:53:27.939] [debug] 

[2026-07-22 05:53:27.939] [info] [main.cpp] 当前计算帧率: 7.93 FPS
[2026-07-22 05:53:29.104] [debug] 

[2026-07-22 05:53:29.104] [info] [main.cpp] 当前计算帧率: 7.73 FPS
[2026-07-22 05:53:30.267] [debug] 

[2026-07-22 05:53:30.267] [info] [main.cpp] 当前计算帧率: 8.60 FPS
[2026-07-22 05:53:31.330] [debug] 

[2026-07-22 05:53:31.330] [info] [main.cpp] 当前计算帧率: 10.35 FPS
[2026-07-22 05:53:32.508] [debug] 

[2026-07-22 05:53:32.508] [info] [main.cpp] 当前计算帧率: 5.94 FPS
[2026-07-22 05:53:33.640] [debug] 

[2026-07-22 05:53:33.640] [info] [main.cpp] 当前计算帧率: 6.18 FPS
[2026-07-22 05:53:34.752] [debug] 

[2026-07-22 05:53:34.752] [info] [main.cpp] 当前计算帧率: 7.19 FPS
[2026-07-22 05:53:35.948] [debug] 

[2026-07-22 05:53:35.948] [info] [main.cpp] 当前计算帧率: 8.36 FPS
[2026-07-22 05:53:36.953] [debug] 

[2026-07-22 05:53:36.953] [info] [main.cpp] 当前计算帧率: 8.96 FPS
[2026-07-22 05:53:38.051] [debug] 

[2026-07-22 05:53:38.051] [info] [main.cpp] 当前计算帧率: 6.38 FPS
[2026-07-22 05:53:39.135] [debug] 

[2026-07-22 05:53:39.135] [info] [main.cpp] 当前计算帧率: 11.06 FPS
[2026-07-22 05:53:40.291] [debug] 

[2026-07-22 05:53:40.291] [info] [main.cpp] 当前计算帧率: 8.65 FPS
[2026-07-22 05:53:41.394] [debug] 

[2026-07-22 05:53:41.394] [info] [main.cpp] 当前计算帧率: 7.25 FPS
[2026-07-22 05:53:42.541] [debug] 

[2026-07-22 05:53:42.541] [info] [main.cpp] 当前计算帧率: 8.72 FPS
[2026-07-22 05:53:43.679] [debug] 

[2026-07-22 05:53:43.679] [info] [main.cpp] 当前计算帧率: 7.03 FPS
[2026-07-22 05:53:44.759] [debug] 

[2026-07-22 05:53:44.759] [info] [main.cpp] 当前计算帧率: 6.48 FPS
[2026-07-22 05:53:45.851] [debug] 

[2026-07-22 05:53:45.851] [info] [main.cpp] 当前计算帧率: 7.33 FPS
[2026-07-22 05:53:46.966] [debug] 

[2026-07-22 05:53:46.966] [info] [main.cpp] 当前计算帧率: 6.28 FPS
[2026-07-22 05:53:48.099] [debug] 

[2026-07-22 05:53:48.099] [info] [main.cpp] 当前计算帧率: 7.06 FPS
[2026-07-22 05:53:49.201] [debug] 

[2026-07-22 05:53:49.201] [info] [main.cpp] 当前计算帧率: 5.44 FPS
[2026-07-22 05:53:50.210] [debug] 

[2026-07-22 05:53:50.210] [info] [main.cpp] 当前计算帧率: 9.91 FPS
[2026-07-22 05:53:51.325] [debug] 

[2026-07-22 05:53:51.325] [info] [main.cpp] 当前计算帧率: 6.28 FPS
[2026-07-22 05:53:52.384] [debug] 

[2026-07-22 05:53:52.384] [info] [main.cpp] 当前计算帧率: 7.55 FPS
[2026-07-22 05:53:53.456] [debug] 

[2026-07-22 05:53:53.456] [info] [main.cpp] 当前计算帧率: 5.60 FPS
[2026-07-22 05:53:54.504] [debug] 

[2026-07-22 05:53:54.504] [info] [main.cpp] 当前计算帧率: 10.49 FPS
[2026-07-22 05:53:55.637] [debug] 

[2026-07-22 05:53:55.637] [info] [main.cpp] 当前计算帧率: 8.83 FPS
[2026-07-22 05:53:56.691] [debug] 

[2026-07-22 05:53:56.691] [info] [main.cpp] 当前计算帧率: 6.64 FPS
[2026-07-22 05:53:57.766] [debug] 

[2026-07-22 05:53:57.766] [info] [main.cpp] 当前计算帧率: 6.51 FPS
[2026-07-22 05:53:58.824] [debug] 

[2026-07-22 05:53:58.824] [info] [main.cpp] 当前计算帧率: 6.62 FPS
[2026-07-22 05:53:59.925] [debug] 

[2026-07-22 05:53:59.925] [info] [main.cpp] 当前计算帧率: 6.36 FPS
[2026-07-22 05:54:01.026] [debug] 

[2026-07-22 05:54:01.026] [info] [main.cpp] 当前计算帧率: 9.99 FPS
[2026-07-22 05:54:02.185] [debug] 

[2026-07-22 05:54:02.185] [info] [main.cpp] 当前计算帧率: 6.90 FPS
[2026-07-22 05:54:03.244] [debug] 

[2026-07-22 05:54:03.244] [info] [main.cpp] 当前计算帧率: 8.50 FPS
[2026-07-22 05:54:04.318] [debug] 

[2026-07-22 05:54:04.318] [info] [main.cpp] 当前计算帧率: 9.31 FPS
[2026-07-22 05:54:05.432] [debug] 

[2026-07-22 05:54:05.432] [info] [main.cpp] 当前计算帧率: 6.29 FPS
[2026-07-22 05:54:06.548] [debug] 

[2026-07-22 05:54:06.549] [info] [main.cpp] 当前计算帧率: 7.17 FPS
[2026-07-22 05:54:07.718] [debug] 

[2026-07-22 05:54:07.718] [info] [main.cpp] 当前计算帧率: 7.70 FPS
[2026-07-22 05:54:08.886] [debug] 

[2026-07-22 05:54:08.886] [info] [main.cpp] 当前计算帧率: 14.55 FPS
[2026-07-22 05:54:10.079] [debug] 

[2026-07-22 05:54:10.079] [info] [main.cpp] 当前计算帧率: 6.71 FPS
[2026-07-22 05:54:11.202] [debug] 

[2026-07-22 05:54:11.202] [info] [main.cpp] 当前计算帧率: 7.12 FPS
[2026-07-22 05:54:12.222] [debug] 

[2026-07-22 05:54:12.223] [info] [main.cpp] 当前计算帧率: 8.82 FPS
[2026-07-22 05:54:13.282] [debug] 

[2026-07-22 05:54:13.282] [info] [main.cpp] 当前计算帧率: 7.55 FPS
[2026-07-22 05:54:14.354] [debug] 

[2026-07-22 05:54:14.354] [info] [main.cpp] 当前计算帧率: 7.47 FPS
[2026-07-22 05:54:15.575] [debug] 

[2026-07-22 05:54:15.575] [info] [main.cpp] 当前计算帧率: 13.93 FPS
[2026-07-22 05:54:16.589] [debug] 

[2026-07-22 05:54:16.589] [info] [main.cpp] 当前计算帧率: 4.93 FPS
[2026-07-22 05:54:17.680] [debug] 

[2026-07-22 05:54:17.680] [info] [main.cpp] 当前计算帧率: 10.08 FPS
[2026-07-22 05:54:18.826] [debug] 

[2026-07-22 05:54:18.826] [info] [main.cpp] 当前计算帧率: 6.98 FPS
[2026-07-22 05:54:19.926] [debug] 

[2026-07-22 05:54:19.926] [info] [main.cpp] 当前计算帧率: 7.27 FPS
[2026-07-22 05:54:20.929] [debug] 

[2026-07-22 05:54:20.929] [info] [main.cpp] 当前计算帧率: 6.98 FPS
[2026-07-22 05:54:22.084] [debug] 

[2026-07-22 05:54:22.084] [info] [main.cpp] 当前计算帧率: 9.53 FPS
[2026-07-22 05:54:23.157] [debug] 

[2026-07-22 05:54:23.158] [info] [main.cpp] 当前计算帧率: 6.52 FPS
[2026-07-22 05:54:24.174] [debug] 

[2026-07-22 05:54:24.174] [info] [main.cpp] 当前计算帧率: 6.88 FPS
[2026-07-22 05:54:25.256] [debug] 

[2026-07-22 05:54:25.256] [info] [main.cpp] 当前计算帧率: 7.40 FPS
[2026-07-22 05:54:26.334] [debug] 

[2026-07-22 05:54:26.335] [info] [main.cpp] 当前计算帧率: 7.42 FPS
[2026-07-22 05:54:27.441] [debug] 

[2026-07-22 05:54:27.441] [info] [main.cpp] 当前计算帧率: 9.94 FPS
[2026-07-22 05:54:28.636] [debug] 

[2026-07-22 05:54:28.637] [info] [main.cpp] 当前计算帧率: 7.53 FPS
[2026-07-22 05:54:28.858] [debug] 

[2026-07-22 05:54:28.858] [warning] [main.cpp] 捕捉到退出信号(SIGINT)，准备退出程序...

[2026-07-22 05:54:28.953] [warning] [serial_port.cpp] 串口已关闭。
