[2026-07-24 12:29:45.363] [debug] ================= [CONFIG LOADED] =================
[2026-07-24 12:29:45.363] [debug]   Mode: Raspberry Pi
[2026-07-24 12:29:45.363] [debug]   Camera ID : 0
[2026-07-24 12:29:45.363] [debug]   Target Res: 1280x720
[2026-07-24 12:29:45.363] [debug]   Target Fmt: MJPG
[2026-07-24 12:29:45.363] [debug]   Target Brightness: 0
[2026-07-24 12:29:45.363] [debug]   Target Contrast: 30
[2026-07-24 12:29:45.363] [debug]   Model Path: ../models/detect.prototxt | ../models/detect.caffemodel | ../models/sr.prototxt | ../models/sr.caffemodel

[2026-07-24 12:29:45.363] [debug]   Stream        : Port=5000, Res=640x360, Quality=60
[2026-07-24 12:29:45.363] [debug] ===================================================
[2026-07-24 12:29:45.370] [info] [qrcode_scanner.cpp] 微信模型加载成功
[2026-07-24 12:29:45.493] [debug] 
[2026-07-24 12:29:45.493] [debug] ================= [ACTUAL CAMERA STATUS] =================
[2026-07-24 12:29:45.493] [debug]   Backend API   : V4L2
[2026-07-24 12:29:45.493] [debug]   Resolution    : 1280x720
[2026-07-24 12:29:45.493] [debug]   FPS           : 30
[2026-07-24 12:29:45.493] [debug]   Video Format  : MJPG
[2026-07-24 12:29:45.493] [debug]   Exposure      : 166
[2026-07-24 12:29:45.493] [debug]   Brightness    : 0
[2026-07-24 12:29:45.493] [debug]   Contrast      : 30
[2026-07-24 12:29:45.493] [debug] ==========================================================
[2026-07-24 12:29:45.493] [debug] [main.cpp] 相机初始化完毕, 按 'Ctrl+C' 退出

[2026-07-24 12:29:45.493] [debug] ================= [SERIAL STATUS] =================
[2026-07-24 12:29:45.493] [error] [serial_port.cpp] 无法打开串口 /dev/ttyACM0

[2026-07-24 12:29:45.493] [error]   is_serial_open: FAILED
[2026-07-24 12:29:45.493] [debug] ===================================================

[2026-07-24 12:29:45.494] [info] [HttpStream] HTTP 服务器已启动，端口: 5000
[2026-07-24 12:29:45.494] [info] [HttpStream] 服务器正在 0.0.0.0:5000 监听
[2026-07-24 12:29:45.494] [info] [SERIAL THREAD] 相机 OK, 串口 ERROR, 有效信息 NO, 发送 255 and 255 FAILED
[2026-07-24 12:29:45.494] [info] 本机局域网 IP: 10.62.146.83  (接口: wlp0s20f3)
[2026-07-24 12:29:45.494] [debug] [main.cpp] starting 3 threads...

[2026-07-24 12:29:45.867] [warning] [serial_port.cpp] 尝试重新打开串口...
[2026-07-24 12:29:45.867] [error] [serial_port.cpp] 无法打开串口 /dev/ttyACM0

[2026-07-24 12:29:46.377] [warning] [serial_port.cpp] 尝试重新打开串口...
[2026-07-24 12:29:46.377] [error] [serial_port.cpp] 无法打开串口 /dev/ttyACM0

[2026-07-24 12:29:46.886] [warning] [serial_port.cpp] 尝试重新打开串口...
[2026-07-24 12:29:46.886] [error] [serial_port.cpp] 无法打开串口 /dev/ttyACM0

[2026-07-24 12:29:47.393] [warning] [serial_port.cpp] 尝试重新打开串口...
[2026-07-24 12:29:47.393] [error] [serial_port.cpp] 无法打开串口 /dev/ttyACM0

[2026-07-24 12:29:47.901] [warning] [serial_port.cpp] 尝试重新打开串口...
[2026-07-24 12:29:47.901] [error] [serial_port.cpp] 无法打开串口 /dev/ttyACM0

[2026-07-24 12:29:48.406] [warning] [serial_port.cpp] 尝试重新打开串口...
[2026-07-24 12:29:48.406] [error] [serial_port.cpp] 无法打开串口 /dev/ttyACM0

[2026-07-24 12:29:48.910] [warning] [serial_port.cpp] 尝试重新打开串口...
[2026-07-24 12:29:48.910] [error] [serial_port.cpp] 无法打开串口 /dev/ttyACM0

[2026-07-24 12:29:49.414] [warning] [serial_port.cpp] 尝试重新打开串口...
[2026-07-24 12:29:49.414] [error] [serial_port.cpp] 无法打开串口 /dev/ttyACM0

[2026-07-24 12:29:49.918] [warning] [serial_port.cpp] 尝试重新打开串口...
[2026-07-24 12:29:49.918] [error] [serial_port.cpp] 无法打开串口 /dev/ttyACM0

[2026-07-24 12:29:50.422] [warning] [serial_port.cpp] 尝试重新打开串口...
[2026-07-24 12:29:50.422] [error] [serial_port.cpp] 无法打开串口 /dev/ttyACM0

[2026-07-24 12:29:50.926] [warning] [serial_port.cpp] 尝试重新打开串口...
[2026-07-24 12:29:50.926] [error] [serial_port.cpp] 无法打开串口 /dev/ttyACM0

[2026-07-24 12:29:51.430] [warning] [serial_port.cpp] 尝试重新打开串口...
[2026-07-24 12:29:51.430] [error] [serial_port.cpp] 无法打开串口 /dev/ttyACM0

[2026-07-24 12:29:51.935] [warning] [serial_port.cpp] 尝试重新打开串口...
[2026-07-24 12:29:51.935] [error] [serial_port.cpp] 无法打开串口 /dev/ttyACM0

[2026-07-24 12:29:52.439] [warning] [serial_port.cpp] 尝试重新打开串口...
[2026-07-24 12:29:52.439] [error] [serial_port.cpp] 无法打开串口 /dev/ttyACM0

[2026-07-24 12:29:52.943] [warning] [serial_port.cpp] 尝试重新打开串口...
[2026-07-24 12:29:52.943] [error] [serial_port.cpp] 无法打开串口 /dev/ttyACM0

[2026-07-24 12:29:53.447] [warning] [serial_port.cpp] 尝试重新打开串口...
[2026-07-24 12:29:53.447] [error] [serial_port.cpp] 无法打开串口 /dev/ttyACM0

[2026-07-24 12:29:53.952] [warning] [serial_port.cpp] 尝试重新打开串口...
[2026-07-24 12:29:53.952] [error] [serial_port.cpp] 无法打开串口 /dev/ttyACM0

[2026-07-24 12:29:54.456] [warning] [serial_port.cpp] 尝试重新打开串口...
[2026-07-24 12:29:54.456] [error] [serial_port.cpp] 无法打开串口 /dev/ttyACM0

[2026-07-24 12:29:54.960] [warning] [serial_port.cpp] 尝试重新打开串口...
[2026-07-24 12:29:54.960] [error] [serial_port.cpp] 无法打开串口 /dev/ttyACM0

[2026-07-24 12:29:55.464] [warning] [serial_port.cpp] 尝试重新打开串口...
[2026-07-24 12:29:55.464] [error] [serial_port.cpp] 无法打开串口 /dev/ttyACM0

[2026-07-24 12:29:55.968] [warning] [serial_port.cpp] 尝试重新打开串口...
[2026-07-24 12:29:55.968] [error] [serial_port.cpp] 无法打开串口 /dev/ttyACM0

[2026-07-24 12:29:56.472] [warning] [serial_port.cpp] 尝试重新打开串口...
[2026-07-24 12:29:56.472] [error] [serial_port.cpp] 无法打开串口 /dev/ttyACM0

[2026-07-24 12:29:56.975] [warning] [serial_port.cpp] 尝试重新打开串口...
[2026-07-24 12:29:56.976] [error] [serial_port.cpp] 无法打开串口 /dev/ttyACM0

[2026-07-24 12:29:57.479] [warning] [serial_port.cpp] 尝试重新打开串口...
[2026-07-24 12:29:57.480] [error] [serial_port.cpp] 无法打开串口 /dev/ttyACM0

