[2026-07-24 13:02:47.274] [debug] ================= [CONFIG LOADED] =================
[2026-07-24 13:02:47.274] [debug]   Mode: Raspberry Pi
[2026-07-24 13:02:47.274] [debug]   Camera ID : 0
[2026-07-24 13:02:47.274] [debug]   Target Res: 1280x720
[2026-07-24 13:02:47.274] [debug]   Target Fmt: MJPG
[2026-07-24 13:02:47.274] [debug]   Target Brightness: 0
[2026-07-24 13:02:47.274] [debug]   Target Contrast: 30
[2026-07-24 13:02:47.274] [debug]   Model Path: ../models/detect.prototxt | ../models/detect.caffemodel | ../models/sr.prototxt | ../models/sr.caffemodel

[2026-07-24 13:02:47.274] [debug]   Stream        : Port=5000, Res=640x360, Quality=60
[2026-07-24 13:02:47.274] [debug] ===================================================
[2026-07-24 13:02:47.277] [info] [qrcode_scanner.cpp] 微信模型加载成功
[2026-07-24 13:02:47.400] [debug] 
[2026-07-24 13:02:47.400] [debug] ================= [ACTUAL CAMERA STATUS] =================
[2026-07-24 13:02:47.400] [debug]   Backend API   : V4L2
[2026-07-24 13:02:47.400] [debug]   Resolution    : 1280x720
[2026-07-24 13:02:47.400] [debug]   FPS           : 30
[2026-07-24 13:02:47.400] [debug]   Video Format  : MJPG
[2026-07-24 13:02:47.400] [debug]   Exposure      : 166
[2026-07-24 13:02:47.400] [debug]   Brightness    : 0
[2026-07-24 13:02:47.400] [debug]   Contrast      : 30
[2026-07-24 13:02:47.400] [debug] ==========================================================
[2026-07-24 13:02:47.400] [debug] [main.cpp] 相机初始化完毕, 按 'Ctrl+C' 退出

[2026-07-24 13:02:47.400] [debug] ================= [SERIAL STATUS] =================
[2026-07-24 13:02:47.400] [error] [serial_port.cpp] 无法打开串口 /dev/ttyACM0

[2026-07-24 13:02:47.400] [error]   is_serial_open: FAILED
[2026-07-24 13:02:47.400] [debug] ===================================================

[2026-07-24 13:02:47.400] [info] [HttpStream] HTTP 服务器已启动，端口: 5000
[2026-07-24 13:02:47.400] [info] [HttpStream] 服务器正在 0.0.0.0:5000 监听
[2026-07-24 13:02:47.400] [info] 本机局域网 IP: 10.62.146.83  (接口: wlp0s20f3)
[2026-07-24 13:02:47.400] [debug] [main.cpp] starting 3 threads...

[2026-07-24 13:02:47.400] [info] [SERIAL THREAD] 相机 OK, 串口 ERROR, 有效信息 NO, 发送 255 and 255 FAILED
[2026-07-24 13:02:47.784] [warning] [serial_port.cpp] 尝试重新打开串口...
[2026-07-24 13:02:47.784] [error] [serial_port.cpp] 无法打开串口 /dev/ttyACM0

[2026-07-24 13:02:48.292] [warning] [serial_port.cpp] 尝试重新打开串口...
[2026-07-24 13:02:48.292] [error] [serial_port.cpp] 无法打开串口 /dev/ttyACM0

[2026-07-24 13:02:48.799] [warning] [serial_port.cpp] 尝试重新打开串口...
[2026-07-24 13:02:48.799] [error] [serial_port.cpp] 无法打开串口 /dev/ttyACM0

[2026-07-24 13:02:49.303] [warning] [serial_port.cpp] 尝试重新打开串口...
[2026-07-24 13:02:49.303] [error] [serial_port.cpp] 无法打开串口 /dev/ttyACM0

[2026-07-24 13:02:49.809] [warning] [serial_port.cpp] 尝试重新打开串口...
[2026-07-24 13:02:49.809] [error] [serial_port.cpp] 无法打开串口 /dev/ttyACM0

[2026-07-24 13:02:50.313] [warning] [serial_port.cpp] 尝试重新打开串口...
[2026-07-24 13:02:50.313] [error] [serial_port.cpp] 无法打开串口 /dev/ttyACM0

[2026-07-24 13:02:50.818] [warning] [serial_port.cpp] 尝试重新打开串口...
[2026-07-24 13:02:50.818] [error] [serial_port.cpp] 无法打开串口 /dev/ttyACM0

[2026-07-24 13:02:51.327] [warning] [serial_port.cpp] 尝试重新打开串口...
[2026-07-24 13:02:51.327] [error] [serial_port.cpp] 无法打开串口 /dev/ttyACM0

[2026-07-24 13:02:51.831] [warning] [serial_port.cpp] 尝试重新打开串口...
[2026-07-24 13:02:51.831] [error] [serial_port.cpp] 无法打开串口 /dev/ttyACM0

[2026-07-24 13:02:52.335] [warning] [serial_port.cpp] 尝试重新打开串口...
[2026-07-24 13:02:52.335] [error] [serial_port.cpp] 无法打开串口 /dev/ttyACM0

[2026-07-24 13:02:52.838] [warning] [serial_port.cpp] 尝试重新打开串口...
[2026-07-24 13:02:52.838] [error] [serial_port.cpp] 无法打开串口 /dev/ttyACM0

[2026-07-24 13:02:53.342] [warning] [serial_port.cpp] 尝试重新打开串口...
[2026-07-24 13:02:53.342] [error] [serial_port.cpp] 无法打开串口 /dev/ttyACM0

[2026-07-24 13:02:53.846] [warning] [serial_port.cpp] 尝试重新打开串口...
[2026-07-24 13:02:53.846] [error] [serial_port.cpp] 无法打开串口 /dev/ttyACM0

[2026-07-24 13:02:54.350] [warning] [serial_port.cpp] 尝试重新打开串口...
[2026-07-24 13:02:54.350] [error] [serial_port.cpp] 无法打开串口 /dev/ttyACM0

[2026-07-24 13:02:54.854] [warning] [serial_port.cpp] 尝试重新打开串口...
[2026-07-24 13:02:54.854] [error] [serial_port.cpp] 无法打开串口 /dev/ttyACM0

