[2026-07-24 01:32:52.688] [debug] ================= [CONFIG LOADED] =================
[2026-07-24 01:32:52.688] [debug]   Mode: PC
[2026-07-24 01:32:52.688] [debug]   Camera ID : 0
[2026-07-24 01:32:52.688] [debug]   Target Res: 1280x720
[2026-07-24 01:32:52.688] [debug]   Target Fmt: MJPG
[2026-07-24 01:32:52.688] [debug]   Target Brightness: 0
[2026-07-24 01:32:52.688] [debug]   Target Contrast: 0
[2026-07-24 01:32:52.688] [debug]   Model Path: ../models/detect.prototxt | ../models/detect.caffemodel | ../models/sr.prototxt | ../models/sr.caffemodel

[2026-07-24 01:32:52.688] [debug]   Stream        : Port=5000, Res=640x360, Quality=60
[2026-07-24 01:32:52.689] [debug] ===================================================
[2026-07-24 01:32:52.692] [info] [qrcode_scanner.cpp] 微信模型加载成功
[2026-07-24 01:32:52.718] [debug] 
[2026-07-24 01:32:52.718] [debug] ================= [ACTUAL CAMERA STATUS] =================
[2026-07-24 01:32:52.718] [debug]   Backend API   : V4L2
[2026-07-24 01:32:52.718] [debug]   Resolution    : 1280x720
[2026-07-24 01:32:52.718] [debug]   FPS           : 30
[2026-07-24 01:32:52.718] [debug]   Video Format  : MJPG
[2026-07-24 01:32:52.718] [debug]   Exposure      : 166
[2026-07-24 01:32:52.718] [debug]   Brightness    : 0
[2026-07-24 01:32:52.718] [debug]   Contrast      : 0
[2026-07-24 01:32:52.718] [debug] ==========================================================
[2026-07-24 01:32:52.718] [debug] [main.cpp] 相机初始化完毕, 按 'ESC' 或 'q' 退出

[2026-07-24 01:32:52.718] [debug] ================= [SERIAL STATUS] =================
[2026-07-24 01:32:52.718] [error] [serial_port.cpp] 无法打开串口 /dev/ttyACM0

[2026-07-24 01:32:52.718] [error]   is_serial_open: FAILED
[2026-07-24 01:32:52.718] [debug] ===================================================

[2026-07-24 01:32:52.718] [info] [HttpStream] HTTP 服务器启动，端口: 5000
[2026-07-24 01:32:52.718] [debug] [main.cpp] starting 3 threads...

[2026-07-24 01:32:52.718] [info] [SERIAL THREAD] 相机 OK, 串口 ERROR, 有效信息 NO, 发送 255 and 255 FAILED
[2026-07-24 01:32:52.719] [error] [HttpStream] 无法启动 HTTP 服务器，端口 5000 可能被占用
[2026-07-24 01:32:53.194] [warning] [serial_port.cpp] 尝试重新打开串口...
[2026-07-24 01:32:53.194] [error] [serial_port.cpp] 无法打开串口 /dev/ttyACM0

[2026-07-24 01:32:53.698] [warning] [serial_port.cpp] 尝试重新打开串口...
[2026-07-24 01:32:53.699] [error] [serial_port.cpp] 无法打开串口 /dev/ttyACM0

[2026-07-24 01:32:54.203] [warning] [serial_port.cpp] 尝试重新打开串口...
[2026-07-24 01:32:54.203] [error] [serial_port.cpp] 无法打开串口 /dev/ttyACM0

[2026-07-24 01:32:54.708] [warning] [serial_port.cpp] 尝试重新打开串口...
[2026-07-24 01:32:54.708] [error] [serial_port.cpp] 无法打开串口 /dev/ttyACM0

[2026-07-24 01:32:55.213] [warning] [serial_port.cpp] 尝试重新打开串口...
[2026-07-24 01:32:55.213] [error] [serial_port.cpp] 无法打开串口 /dev/ttyACM0

[2026-07-24 01:32:55.717] [warning] [serial_port.cpp] 尝试重新打开串口...
[2026-07-24 01:32:55.717] [error] [serial_port.cpp] 无法打开串口 /dev/ttyACM0

[2026-07-24 01:32:56.223] [warning] [serial_port.cpp] 尝试重新打开串口...
[2026-07-24 01:32:56.223] [error] [serial_port.cpp] 无法打开串口 /dev/ttyACM0

[2026-07-24 01:32:56.727] [warning] [serial_port.cpp] 尝试重新打开串口...
[2026-07-24 01:32:56.727] [error] [serial_port.cpp] 无法打开串口 /dev/ttyACM0

[2026-07-24 01:32:57.232] [warning] [serial_port.cpp] 尝试重新打开串口...
[2026-07-24 01:32:57.232] [error] [serial_port.cpp] 无法打开串口 /dev/ttyACM0

[2026-07-24 01:32:57.736] [warning] [serial_port.cpp] 尝试重新打开串口...
[2026-07-24 01:32:57.737] [error] [serial_port.cpp] 无法打开串口 /dev/ttyACM0

[2026-07-24 01:32:58.241] [warning] [serial_port.cpp] 尝试重新打开串口...
[2026-07-24 01:32:58.241] [error] [serial_port.cpp] 无法打开串口 /dev/ttyACM0

[2026-07-24 01:32:58.746] [warning] [serial_port.cpp] 尝试重新打开串口...
[2026-07-24 01:32:58.746] [error] [serial_port.cpp] 无法打开串口 /dev/ttyACM0

[2026-07-24 01:32:59.250] [warning] [serial_port.cpp] 尝试重新打开串口...
[2026-07-24 01:32:59.250] [error] [serial_port.cpp] 无法打开串口 /dev/ttyACM0

[2026-07-24 01:32:59.755] [warning] [serial_port.cpp] 尝试重新打开串口...
[2026-07-24 01:32:59.755] [error] [serial_port.cpp] 无法打开串口 /dev/ttyACM0

[2026-07-24 01:33:00.261] [warning] [serial_port.cpp] 尝试重新打开串口...
[2026-07-24 01:33:00.261] [error] [serial_port.cpp] 无法打开串口 /dev/ttyACM0

[2026-07-24 01:33:00.765] [warning] [serial_port.cpp] 尝试重新打开串口...
[2026-07-24 01:33:00.765] [error] [serial_port.cpp] 无法打开串口 /dev/ttyACM0

[2026-07-24 01:33:01.270] [warning] [serial_port.cpp] 尝试重新打开串口...
[2026-07-24 01:33:01.270] [error] [serial_port.cpp] 无法打开串口 /dev/ttyACM0

[2026-07-24 01:33:01.774] [warning] [serial_port.cpp] 尝试重新打开串口...
[2026-07-24 01:33:01.774] [error] [serial_port.cpp] 无法打开串口 /dev/ttyACM0

[2026-07-24 01:33:02.279] [warning] [serial_port.cpp] 尝试重新打开串口...
[2026-07-24 01:33:02.279] [error] [serial_port.cpp] 无法打开串口 /dev/ttyACM0

[2026-07-24 01:33:02.784] [warning] [serial_port.cpp] 尝试重新打开串口...
[2026-07-24 01:33:02.784] [error] [serial_port.cpp] 无法打开串口 /dev/ttyACM0

[2026-07-24 01:33:03.288] [warning] [serial_port.cpp] 尝试重新打开串口...
[2026-07-24 01:33:03.288] [error] [serial_port.cpp] 无法打开串口 /dev/ttyACM0

[2026-07-24 01:33:03.793] [warning] [serial_port.cpp] 尝试重新打开串口...
[2026-07-24 01:33:03.793] [error] [serial_port.cpp] 无法打开串口 /dev/ttyACM0

[2026-07-24 01:33:04.299] [warning] [serial_port.cpp] 尝试重新打开串口...
[2026-07-24 01:33:04.299] [error] [serial_port.cpp] 无法打开串口 /dev/ttyACM0

[2026-07-24 01:33:04.803] [warning] [serial_port.cpp] 尝试重新打开串口...
[2026-07-24 01:33:04.803] [error] [serial_port.cpp] 无法打开串口 /dev/ttyACM0

[2026-07-24 01:33:05.307] [warning] [serial_port.cpp] 尝试重新打开串口...
[2026-07-24 01:33:05.307] [error] [serial_port.cpp] 无法打开串口 /dev/ttyACM0

[2026-07-24 01:33:05.812] [warning] [serial_port.cpp] 尝试重新打开串口...
[2026-07-24 01:33:05.812] [error] [serial_port.cpp] 无法打开串口 /dev/ttyACM0

[2026-07-24 01:33:06.316] [warning] [serial_port.cpp] 尝试重新打开串口...
[2026-07-24 01:33:06.316] [error] [serial_port.cpp] 无法打开串口 /dev/ttyACM0

[2026-07-24 01:33:06.823] [warning] [serial_port.cpp] 尝试重新打开串口...
[2026-07-24 01:33:06.823] [error] [serial_port.cpp] 无法打开串口 /dev/ttyACM0

[2026-07-24 01:33:07.327] [warning] [serial_port.cpp] 尝试重新打开串口...
[2026-07-24 01:33:07.327] [error] [serial_port.cpp] 无法打开串口 /dev/ttyACM0

[2026-07-24 01:33:07.831] [warning] [serial_port.cpp] 尝试重新打开串口...
[2026-07-24 01:33:07.831] [error] [serial_port.cpp] 无法打开串口 /dev/ttyACM0

[2026-07-24 01:33:08.336] [warning] [serial_port.cpp] 尝试重新打开串口...
[2026-07-24 01:33:08.336] [error] [serial_port.cpp] 无法打开串口 /dev/ttyACM0

[2026-07-24 01:33:08.840] [warning] [serial_port.cpp] 尝试重新打开串口...
[2026-07-24 01:33:08.840] [error] [serial_port.cpp] 无法打开串口 /dev/ttyACM0

[2026-07-24 01:33:09.345] [warning] [serial_port.cpp] 尝试重新打开串口...
[2026-07-24 01:33:09.345] [error] [serial_port.cpp] 无法打开串口 /dev/ttyACM0

[2026-07-24 01:33:09.849] [warning] [serial_port.cpp] 尝试重新打开串口...
[2026-07-24 01:33:09.849] [error] [serial_port.cpp] 无法打开串口 /dev/ttyACM0

[2026-07-24 01:33:10.353] [warning] [serial_port.cpp] 尝试重新打开串口...
[2026-07-24 01:33:10.353] [error] [serial_port.cpp] 无法打开串口 /dev/ttyACM0

[2026-07-24 01:33:10.857] [warning] [serial_port.cpp] 尝试重新打开串口...
[2026-07-24 01:33:10.857] [error] [serial_port.cpp] 无法打开串口 /dev/ttyACM0

[2026-07-24 01:33:11.361] [warning] [serial_port.cpp] 尝试重新打开串口...
[2026-07-24 01:33:11.361] [error] [serial_port.cpp] 无法打开串口 /dev/ttyACM0

[2026-07-24 01:33:11.866] [warning] [serial_port.cpp] 尝试重新打开串口...
[2026-07-24 01:33:11.866] [error] [serial_port.cpp] 无法打开串口 /dev/ttyACM0

[2026-07-24 01:33:12.374] [warning] [serial_port.cpp] 尝试重新打开串口...
[2026-07-24 01:33:12.374] [error] [serial_port.cpp] 无法打开串口 /dev/ttyACM0

[2026-07-24 01:33:12.879] [warning] [serial_port.cpp] 尝试重新打开串口...
[2026-07-24 01:33:12.879] [error] [serial_port.cpp] 无法打开串口 /dev/ttyACM0

[2026-07-24 01:33:13.384] [warning] [serial_port.cpp] 尝试重新打开串口...
[2026-07-24 01:33:13.384] [error] [serial_port.cpp] 无法打开串口 /dev/ttyACM0

[2026-07-24 01:33:13.888] [warning] [serial_port.cpp] 尝试重新打开串口...
[2026-07-24 01:33:13.889] [error] [serial_port.cpp] 无法打开串口 /dev/ttyACM0

[2026-07-24 01:33:14.393] [warning] [serial_port.cpp] 尝试重新打开串口...
[2026-07-24 01:33:14.393] [error] [serial_port.cpp] 无法打开串口 /dev/ttyACM0

[2026-07-24 01:33:14.897] [warning] [serial_port.cpp] 尝试重新打开串口...
[2026-07-24 01:33:14.897] [error] [serial_port.cpp] 无法打开串口 /dev/ttyACM0

[2026-07-24 01:33:15.401] [warning] [serial_port.cpp] 尝试重新打开串口...
[2026-07-24 01:33:15.401] [error] [serial_port.cpp] 无法打开串口 /dev/ttyACM0

[2026-07-24 01:33:15.907] [warning] [serial_port.cpp] 尝试重新打开串口...
[2026-07-24 01:33:15.907] [error] [serial_port.cpp] 无法打开串口 /dev/ttyACM0

[2026-07-24 01:33:16.411] [warning] [serial_port.cpp] 尝试重新打开串口...
[2026-07-24 01:33:16.411] [error] [serial_port.cpp] 无法打开串口 /dev/ttyACM0

[2026-07-24 01:33:16.915] [warning] [serial_port.cpp] 尝试重新打开串口...
[2026-07-24 01:33:16.915] [error] [serial_port.cpp] 无法打开串口 /dev/ttyACM0

[2026-07-24 01:33:17.419] [warning] [serial_port.cpp] 尝试重新打开串口...
[2026-07-24 01:33:17.420] [error] [serial_port.cpp] 无法打开串口 /dev/ttyACM0

[2026-07-24 01:33:17.929] [warning] [serial_port.cpp] 尝试重新打开串口...
[2026-07-24 01:33:17.929] [error] [serial_port.cpp] 无法打开串口 /dev/ttyACM0

[2026-07-24 01:33:18.434] [warning] [serial_port.cpp] 尝试重新打开串口...
[2026-07-24 01:33:18.434] [error] [serial_port.cpp] 无法打开串口 /dev/ttyACM0

[2026-07-24 01:33:18.938] [warning] [serial_port.cpp] 尝试重新打开串口...
[2026-07-24 01:33:18.938] [error] [serial_port.cpp] 无法打开串口 /dev/ttyACM0

[2026-07-24 01:33:19.443] [warning] [serial_port.cpp] 尝试重新打开串口...
[2026-07-24 01:33:19.443] [error] [serial_port.cpp] 无法打开串口 /dev/ttyACM0

[2026-07-24 01:33:19.952] [warning] [serial_port.cpp] 尝试重新打开串口...
[2026-07-24 01:33:19.952] [error] [serial_port.cpp] 无法打开串口 /dev/ttyACM0

[2026-07-24 01:33:20.457] [warning] [serial_port.cpp] 尝试重新打开串口...
[2026-07-24 01:33:20.457] [error] [serial_port.cpp] 无法打开串口 /dev/ttyACM0

[2026-07-24 01:33:20.961] [warning] [serial_port.cpp] 尝试重新打开串口...
[2026-07-24 01:33:20.962] [error] [serial_port.cpp] 无法打开串口 /dev/ttyACM0

[2026-07-24 01:33:21.468] [warning] [serial_port.cpp] 尝试重新打开串口...
[2026-07-24 01:33:21.468] [error] [serial_port.cpp] 无法打开串口 /dev/ttyACM0

[2026-07-24 01:33:21.973] [warning] [serial_port.cpp] 尝试重新打开串口...
[2026-07-24 01:33:21.973] [error] [serial_port.cpp] 无法打开串口 /dev/ttyACM0

[2026-07-24 01:33:22.476] [warning] [serial_port.cpp] 尝试重新打开串口...
[2026-07-24 01:33:22.476] [error] [serial_port.cpp] 无法打开串口 /dev/ttyACM0

[2026-07-24 01:33:22.981] [warning] [serial_port.cpp] 尝试重新打开串口...
[2026-07-24 01:33:22.981] [error] [serial_port.cpp] 无法打开串口 /dev/ttyACM0

[2026-07-24 01:33:23.485] [warning] [serial_port.cpp] 尝试重新打开串口...
[2026-07-24 01:33:23.485] [error] [serial_port.cpp] 无法打开串口 /dev/ttyACM0

[2026-07-24 01:33:23.989] [warning] [serial_port.cpp] 尝试重新打开串口...
[2026-07-24 01:33:23.989] [error] [serial_port.cpp] 无法打开串口 /dev/ttyACM0

[2026-07-24 01:33:24.493] [warning] [serial_port.cpp] 尝试重新打开串口...
[2026-07-24 01:33:24.493] [error] [serial_port.cpp] 无法打开串口 /dev/ttyACM0

[2026-07-24 01:33:24.999] [warning] [serial_port.cpp] 尝试重新打开串口...
[2026-07-24 01:33:24.999] [error] [serial_port.cpp] 无法打开串口 /dev/ttyACM0

[2026-07-24 01:33:25.504] [warning] [serial_port.cpp] 尝试重新打开串口...
[2026-07-24 01:33:25.504] [error] [serial_port.cpp] 无法打开串口 /dev/ttyACM0

[2026-07-24 01:33:26.009] [warning] [serial_port.cpp] 尝试重新打开串口...
[2026-07-24 01:33:26.009] [error] [serial_port.cpp] 无法打开串口 /dev/ttyACM0

[2026-07-24 01:33:26.513] [warning] [serial_port.cpp] 尝试重新打开串口...
[2026-07-24 01:33:26.513] [error] [serial_port.cpp] 无法打开串口 /dev/ttyACM0

[2026-07-24 01:33:27.018] [warning] [serial_port.cpp] 尝试重新打开串口...
[2026-07-24 01:33:27.018] [error] [serial_port.cpp] 无法打开串口 /dev/ttyACM0

[2026-07-24 01:33:27.522] [warning] [serial_port.cpp] 尝试重新打开串口...
[2026-07-24 01:33:27.522] [error] [serial_port.cpp] 无法打开串口 /dev/ttyACM0

[2026-07-24 01:33:28.027] [warning] [serial_port.cpp] 尝试重新打开串口...
[2026-07-24 01:33:28.027] [error] [serial_port.cpp] 无法打开串口 /dev/ttyACM0

[2026-07-24 01:33:28.531] [warning] [serial_port.cpp] 尝试重新打开串口...
[2026-07-24 01:33:28.531] [error] [serial_port.cpp] 无法打开串口 /dev/ttyACM0

[2026-07-24 01:33:29.035] [warning] [serial_port.cpp] 尝试重新打开串口...
[2026-07-24 01:33:29.035] [error] [serial_port.cpp] 无法打开串口 /dev/ttyACM0

[2026-07-24 01:33:29.539] [warning] [serial_port.cpp] 尝试重新打开串口...
[2026-07-24 01:33:29.539] [error] [serial_port.cpp] 无法打开串口 /dev/ttyACM0

[2026-07-24 01:33:30.043] [warning] [serial_port.cpp] 尝试重新打开串口...
[2026-07-24 01:33:30.043] [error] [serial_port.cpp] 无法打开串口 /dev/ttyACM0

[2026-07-24 01:33:30.547] [warning] [serial_port.cpp] 尝试重新打开串口...
[2026-07-24 01:33:30.547] [error] [serial_port.cpp] 无法打开串口 /dev/ttyACM0

[2026-07-24 01:33:31.051] [warning] [serial_port.cpp] 尝试重新打开串口...
[2026-07-24 01:33:31.051] [error] [serial_port.cpp] 无法打开串口 /dev/ttyACM0

[2026-07-24 01:33:31.556] [warning] [serial_port.cpp] 尝试重新打开串口...
[2026-07-24 01:33:31.556] [error] [serial_port.cpp] 无法打开串口 /dev/ttyACM0

[2026-07-24 01:33:32.062] [warning] [serial_port.cpp] 尝试重新打开串口...
[2026-07-24 01:33:32.062] [error] [serial_port.cpp] 无法打开串口 /dev/ttyACM0

[2026-07-24 01:33:32.566] [warning] [serial_port.cpp] 尝试重新打开串口...
[2026-07-24 01:33:32.566] [error] [serial_port.cpp] 无法打开串口 /dev/ttyACM0

[2026-07-24 01:33:33.070] [warning] [serial_port.cpp] 尝试重新打开串口...
[2026-07-24 01:33:33.070] [error] [serial_port.cpp] 无法打开串口 /dev/ttyACM0

[2026-07-24 01:33:33.575] [warning] [serial_port.cpp] 尝试重新打开串口...
[2026-07-24 01:33:33.576] [error] [serial_port.cpp] 无法打开串口 /dev/ttyACM0

[2026-07-24 01:33:34.080] [warning] [serial_port.cpp] 尝试重新打开串口...
[2026-07-24 01:33:34.080] [error] [serial_port.cpp] 无法打开串口 /dev/ttyACM0

[2026-07-24 01:33:34.586] [warning] [serial_port.cpp] 尝试重新打开串口...
[2026-07-24 01:33:34.586] [error] [serial_port.cpp] 无法打开串口 /dev/ttyACM0

[2026-07-24 01:33:35.091] [warning] [serial_port.cpp] 尝试重新打开串口...
[2026-07-24 01:33:35.091] [error] [serial_port.cpp] 无法打开串口 /dev/ttyACM0

[2026-07-24 01:33:35.595] [warning] [serial_port.cpp] 尝试重新打开串口...
[2026-07-24 01:33:35.595] [error] [serial_port.cpp] 无法打开串口 /dev/ttyACM0

[2026-07-24 01:33:36.099] [warning] [serial_port.cpp] 尝试重新打开串口...
[2026-07-24 01:33:36.099] [error] [serial_port.cpp] 无法打开串口 /dev/ttyACM0

[2026-07-24 01:33:36.604] [warning] [serial_port.cpp] 尝试重新打开串口...
[2026-07-24 01:33:36.604] [error] [serial_port.cpp] 无法打开串口 /dev/ttyACM0

[2026-07-24 01:33:37.108] [warning] [serial_port.cpp] 尝试重新打开串口...
[2026-07-24 01:33:37.108] [error] [serial_port.cpp] 无法打开串口 /dev/ttyACM0

[2026-07-24 01:33:37.612] [warning] [serial_port.cpp] 尝试重新打开串口...
[2026-07-24 01:33:37.612] [error] [serial_port.cpp] 无法打开串口 /dev/ttyACM0

[2026-07-24 01:33:38.117] [warning] [serial_port.cpp] 尝试重新打开串口...
[2026-07-24 01:33:38.117] [error] [serial_port.cpp] 无法打开串口 /dev/ttyACM0

[2026-07-24 01:33:38.622] [warning] [serial_port.cpp] 尝试重新打开串口...
[2026-07-24 01:33:38.622] [error] [serial_port.cpp] 无法打开串口 /dev/ttyACM0

[2026-07-24 01:33:39.129] [warning] [serial_port.cpp] 尝试重新打开串口...
[2026-07-24 01:33:39.129] [error] [serial_port.cpp] 无法打开串口 /dev/ttyACM0

[2026-07-24 01:33:39.633] [warning] [serial_port.cpp] 尝试重新打开串口...
[2026-07-24 01:33:39.634] [error] [serial_port.cpp] 无法打开串口 /dev/ttyACM0

[2026-07-24 01:33:40.138] [warning] [serial_port.cpp] 尝试重新打开串口...
[2026-07-24 01:33:40.138] [error] [serial_port.cpp] 无法打开串口 /dev/ttyACM0

[2026-07-24 01:33:40.642] [warning] [serial_port.cpp] 尝试重新打开串口...
[2026-07-24 01:33:40.642] [error] [serial_port.cpp] 无法打开串口 /dev/ttyACM0

[2026-07-24 01:33:41.147] [warning] [serial_port.cpp] 尝试重新打开串口...
[2026-07-24 01:33:41.147] [error] [serial_port.cpp] 无法打开串口 /dev/ttyACM0

[2026-07-24 01:33:41.651] [warning] [serial_port.cpp] 尝试重新打开串口...
[2026-07-24 01:33:41.651] [error] [serial_port.cpp] 无法打开串口 /dev/ttyACM0

[2026-07-24 01:33:42.156] [warning] [serial_port.cpp] 尝试重新打开串口...
[2026-07-24 01:33:42.156] [error] [serial_port.cpp] 无法打开串口 /dev/ttyACM0

[2026-07-24 01:33:42.660] [warning] [serial_port.cpp] 尝试重新打开串口...
[2026-07-24 01:33:42.660] [error] [serial_port.cpp] 无法打开串口 /dev/ttyACM0

[2026-07-24 01:33:43.164] [warning] [serial_port.cpp] 尝试重新打开串口...
[2026-07-24 01:33:43.164] [error] [serial_port.cpp] 无法打开串口 /dev/ttyACM0

[2026-07-24 01:33:43.669] [warning] [serial_port.cpp] 尝试重新打开串口...
[2026-07-24 01:33:43.669] [error] [serial_port.cpp] 无法打开串口 /dev/ttyACM0

[2026-07-24 01:33:44.174] [warning] [serial_port.cpp] 尝试重新打开串口...
[2026-07-24 01:33:44.175] [error] [serial_port.cpp] 无法打开串口 /dev/ttyACM0

[2026-07-24 01:33:44.678] [warning] [serial_port.cpp] 尝试重新打开串口...
[2026-07-24 01:33:44.678] [error] [serial_port.cpp] 无法打开串口 /dev/ttyACM0

[2026-07-24 01:33:45.184] [warning] [serial_port.cpp] 尝试重新打开串口...
[2026-07-24 01:33:45.184] [error] [serial_port.cpp] 无法打开串口 /dev/ttyACM0

[2026-07-24 01:33:45.689] [warning] [serial_port.cpp] 尝试重新打开串口...
[2026-07-24 01:33:45.689] [error] [serial_port.cpp] 无法打开串口 /dev/ttyACM0

[2026-07-24 01:33:46.193] [warning] [serial_port.cpp] 尝试重新打开串口...
[2026-07-24 01:33:46.193] [error] [serial_port.cpp] 无法打开串口 /dev/ttyACM0

[2026-07-24 01:33:46.697] [warning] [serial_port.cpp] 尝试重新打开串口...
[2026-07-24 01:33:46.697] [error] [serial_port.cpp] 无法打开串口 /dev/ttyACM0

[2026-07-24 01:33:47.202] [warning] [serial_port.cpp] 尝试重新打开串口...
[2026-07-24 01:33:47.202] [error] [serial_port.cpp] 无法打开串口 /dev/ttyACM0

[2026-07-24 01:33:47.706] [warning] [serial_port.cpp] 尝试重新打开串口...
[2026-07-24 01:33:47.706] [error] [serial_port.cpp] 无法打开串口 /dev/ttyACM0

[2026-07-24 01:33:48.212] [warning] [serial_port.cpp] 尝试重新打开串口...
[2026-07-24 01:33:48.212] [error] [serial_port.cpp] 无法打开串口 /dev/ttyACM0

[2026-07-24 01:33:48.716] [warning] [serial_port.cpp] 尝试重新打开串口...
[2026-07-24 01:33:48.717] [error] [serial_port.cpp] 无法打开串口 /dev/ttyACM0

[2026-07-24 01:33:49.221] [warning] [serial_port.cpp] 尝试重新打开串口...
[2026-07-24 01:33:49.221] [error] [serial_port.cpp] 无法打开串口 /dev/ttyACM0

[2026-07-24 01:33:49.726] [warning] [serial_port.cpp] 尝试重新打开串口...
[2026-07-24 01:33:49.726] [error] [serial_port.cpp] 无法打开串口 /dev/ttyACM0

[2026-07-24 01:33:50.230] [warning] [serial_port.cpp] 尝试重新打开串口...
[2026-07-24 01:33:50.230] [error] [serial_port.cpp] 无法打开串口 /dev/ttyACM0

[2026-07-24 01:33:50.734] [warning] [serial_port.cpp] 尝试重新打开串口...
[2026-07-24 01:33:50.734] [error] [serial_port.cpp] 无法打开串口 /dev/ttyACM0

[2026-07-24 01:33:51.238] [warning] [serial_port.cpp] 尝试重新打开串口...
[2026-07-24 01:33:51.238] [error] [serial_port.cpp] 无法打开串口 /dev/ttyACM0

[2026-07-24 01:33:51.742] [warning] [serial_port.cpp] 尝试重新打开串口...
[2026-07-24 01:33:51.742] [error] [serial_port.cpp] 无法打开串口 /dev/ttyACM0

[2026-07-24 01:33:52.246] [warning] [serial_port.cpp] 尝试重新打开串口...
[2026-07-24 01:33:52.246] [error] [serial_port.cpp] 无法打开串口 /dev/ttyACM0

[2026-07-24 01:33:52.751] [warning] [serial_port.cpp] 尝试重新打开串口...
[2026-07-24 01:33:52.751] [error] [serial_port.cpp] 无法打开串口 /dev/ttyACM0

[2026-07-24 01:33:53.255] [warning] [serial_port.cpp] 尝试重新打开串口...
[2026-07-24 01:33:53.255] [error] [serial_port.cpp] 无法打开串口 /dev/ttyACM0

[2026-07-24 01:33:53.760] [warning] [serial_port.cpp] 尝试重新打开串口...
[2026-07-24 01:33:53.760] [error] [serial_port.cpp] 无法打开串口 /dev/ttyACM0

[2026-07-24 01:33:54.264] [warning] [serial_port.cpp] 尝试重新打开串口...
[2026-07-24 01:33:54.264] [error] [serial_port.cpp] 无法打开串口 /dev/ttyACM0

[2026-07-24 01:33:54.768] [warning] [serial_port.cpp] 尝试重新打开串口...
[2026-07-24 01:33:54.768] [error] [serial_port.cpp] 无法打开串口 /dev/ttyACM0

[2026-07-24 01:33:55.272] [warning] [serial_port.cpp] 尝试重新打开串口...
[2026-07-24 01:33:55.273] [error] [serial_port.cpp] 无法打开串口 /dev/ttyACM0

[2026-07-24 01:33:55.777] [warning] [serial_port.cpp] 尝试重新打开串口...
[2026-07-24 01:33:55.777] [error] [serial_port.cpp] 无法打开串口 /dev/ttyACM0

[2026-07-24 01:33:56.282] [warning] [serial_port.cpp] 尝试重新打开串口...
[2026-07-24 01:33:56.282] [error] [serial_port.cpp] 无法打开串口 /dev/ttyACM0

[2026-07-24 01:33:56.788] [warning] [serial_port.cpp] 尝试重新打开串口...
[2026-07-24 01:33:56.788] [error] [serial_port.cpp] 无法打开串口 /dev/ttyACM0

[2026-07-24 01:33:57.293] [warning] [serial_port.cpp] 尝试重新打开串口...
[2026-07-24 01:33:57.293] [error] [serial_port.cpp] 无法打开串口 /dev/ttyACM0

[2026-07-24 01:33:57.797] [warning] [serial_port.cpp] 尝试重新打开串口...
[2026-07-24 01:33:57.798] [error] [serial_port.cpp] 无法打开串口 /dev/ttyACM0

[2026-07-24 01:33:58.302] [warning] [serial_port.cpp] 尝试重新打开串口...
[2026-07-24 01:33:58.302] [error] [serial_port.cpp] 无法打开串口 /dev/ttyACM0

[2026-07-24 01:33:58.807] [warning] [serial_port.cpp] 尝试重新打开串口...
[2026-07-24 01:33:58.807] [error] [serial_port.cpp] 无法打开串口 /dev/ttyACM0

[2026-07-24 01:33:59.312] [warning] [serial_port.cpp] 尝试重新打开串口...
[2026-07-24 01:33:59.312] [error] [serial_port.cpp] 无法打开串口 /dev/ttyACM0

[2026-07-24 01:33:59.817] [warning] [serial_port.cpp] 尝试重新打开串口...
[2026-07-24 01:33:59.817] [error] [serial_port.cpp] 无法打开串口 /dev/ttyACM0

[2026-07-24 01:34:00.321] [warning] [serial_port.cpp] 尝试重新打开串口...
[2026-07-24 01:34:00.321] [error] [serial_port.cpp] 无法打开串口 /dev/ttyACM0

[2026-07-24 01:34:00.825] [warning] [serial_port.cpp] 尝试重新打开串口...
[2026-07-24 01:34:00.825] [error] [serial_port.cpp] 无法打开串口 /dev/ttyACM0

[2026-07-24 01:34:01.330] [warning] [serial_port.cpp] 尝试重新打开串口...
[2026-07-24 01:34:01.330] [error] [serial_port.cpp] 无法打开串口 /dev/ttyACM0

[2026-07-24 01:34:01.834] [warning] [serial_port.cpp] 尝试重新打开串口...
[2026-07-24 01:34:01.834] [error] [serial_port.cpp] 无法打开串口 /dev/ttyACM0

[2026-07-24 01:34:02.341] [warning] [serial_port.cpp] 尝试重新打开串口...
[2026-07-24 01:34:02.341] [error] [serial_port.cpp] 无法打开串口 /dev/ttyACM0

[2026-07-24 01:34:02.846] [warning] [serial_port.cpp] 尝试重新打开串口...
[2026-07-24 01:34:02.846] [error] [serial_port.cpp] 无法打开串口 /dev/ttyACM0

[2026-07-24 01:34:03.350] [warning] [serial_port.cpp] 尝试重新打开串口...
[2026-07-24 01:34:03.350] [error] [serial_port.cpp] 无法打开串口 /dev/ttyACM0

[2026-07-24 01:34:03.857] [warning] [serial_port.cpp] 尝试重新打开串口...
[2026-07-24 01:34:03.857] [error] [serial_port.cpp] 无法打开串口 /dev/ttyACM0

[2026-07-24 01:34:04.364] [warning] [serial_port.cpp] 尝试重新打开串口...
[2026-07-24 01:34:04.364] [error] [serial_port.cpp] 无法打开串口 /dev/ttyACM0

[2026-07-24 01:34:04.872] [warning] [serial_port.cpp] 尝试重新打开串口...
[2026-07-24 01:34:04.872] [error] [serial_port.cpp] 无法打开串口 /dev/ttyACM0

[2026-07-24 01:34:05.377] [warning] [serial_port.cpp] 尝试重新打开串口...
[2026-07-24 01:34:05.377] [error] [serial_port.cpp] 无法打开串口 /dev/ttyACM0

[2026-07-24 01:34:05.882] [warning] [serial_port.cpp] 尝试重新打开串口...
[2026-07-24 01:34:05.882] [error] [serial_port.cpp] 无法打开串口 /dev/ttyACM0

[2026-07-24 01:34:06.388] [warning] [serial_port.cpp] 尝试重新打开串口...
[2026-07-24 01:34:06.388] [error] [serial_port.cpp] 无法打开串口 /dev/ttyACM0

[2026-07-24 01:34:06.893] [warning] [serial_port.cpp] 尝试重新打开串口...
[2026-07-24 01:34:06.893] [error] [serial_port.cpp] 无法打开串口 /dev/ttyACM0

[2026-07-24 01:34:07.398] [warning] [serial_port.cpp] 尝试重新打开串口...
[2026-07-24 01:34:07.398] [error] [serial_port.cpp] 无法打开串口 /dev/ttyACM0

[2026-07-24 01:34:07.903] [warning] [serial_port.cpp] 尝试重新打开串口...
[2026-07-24 01:34:07.903] [error] [serial_port.cpp] 无法打开串口 /dev/ttyACM0

[2026-07-24 01:34:08.407] [warning] [serial_port.cpp] 尝试重新打开串口...
[2026-07-24 01:34:08.407] [error] [serial_port.cpp] 无法打开串口 /dev/ttyACM0

[2026-07-24 01:34:08.912] [warning] [serial_port.cpp] 尝试重新打开串口...
[2026-07-24 01:34:08.912] [error] [serial_port.cpp] 无法打开串口 /dev/ttyACM0

[2026-07-24 01:34:09.417] [warning] [serial_port.cpp] 尝试重新打开串口...
[2026-07-24 01:34:09.417] [error] [serial_port.cpp] 无法打开串口 /dev/ttyACM0

[2026-07-24 01:34:09.922] [warning] [serial_port.cpp] 尝试重新打开串口...
[2026-07-24 01:34:09.922] [error] [serial_port.cpp] 无法打开串口 /dev/ttyACM0

[2026-07-24 01:34:10.427] [warning] [serial_port.cpp] 尝试重新打开串口...
[2026-07-24 01:34:10.427] [error] [serial_port.cpp] 无法打开串口 /dev/ttyACM0

[2026-07-24 01:34:10.931] [warning] [serial_port.cpp] 尝试重新打开串口...
[2026-07-24 01:34:10.931] [error] [serial_port.cpp] 无法打开串口 /dev/ttyACM0

[2026-07-24 01:34:11.436] [warning] [serial_port.cpp] 尝试重新打开串口...
[2026-07-24 01:34:11.437] [error] [serial_port.cpp] 无法打开串口 /dev/ttyACM0

[2026-07-24 01:34:11.941] [warning] [serial_port.cpp] 尝试重新打开串口...
[2026-07-24 01:34:11.941] [error] [serial_port.cpp] 无法打开串口 /dev/ttyACM0

[2026-07-24 01:34:12.445] [warning] [serial_port.cpp] 尝试重新打开串口...
[2026-07-24 01:34:12.445] [error] [serial_port.cpp] 无法打开串口 /dev/ttyACM0

[2026-07-24 01:34:12.949] [warning] [serial_port.cpp] 尝试重新打开串口...
[2026-07-24 01:34:12.949] [error] [serial_port.cpp] 无法打开串口 /dev/ttyACM0

[2026-07-24 01:34:13.454] [warning] [serial_port.cpp] 尝试重新打开串口...
[2026-07-24 01:34:13.454] [error] [serial_port.cpp] 无法打开串口 /dev/ttyACM0

[2026-07-24 01:34:13.960] [warning] [serial_port.cpp] 尝试重新打开串口...
[2026-07-24 01:34:13.960] [error] [serial_port.cpp] 无法打开串口 /dev/ttyACM0

[2026-07-24 01:34:14.464] [warning] [serial_port.cpp] 尝试重新打开串口...
[2026-07-24 01:34:14.464] [error] [serial_port.cpp] 无法打开串口 /dev/ttyACM0

[2026-07-24 01:34:14.969] [warning] [serial_port.cpp] 尝试重新打开串口...
[2026-07-24 01:34:14.970] [error] [serial_port.cpp] 无法打开串口 /dev/ttyACM0

[2026-07-24 01:34:15.474] [warning] [serial_port.cpp] 尝试重新打开串口...
[2026-07-24 01:34:15.474] [error] [serial_port.cpp] 无法打开串口 /dev/ttyACM0

[2026-07-24 01:34:15.979] [warning] [serial_port.cpp] 尝试重新打开串口...
[2026-07-24 01:34:15.979] [error] [serial_port.cpp] 无法打开串口 /dev/ttyACM0

[2026-07-24 01:34:16.484] [warning] [serial_port.cpp] 尝试重新打开串口...
[2026-07-24 01:34:16.484] [error] [serial_port.cpp] 无法打开串口 /dev/ttyACM0

[2026-07-24 01:34:16.990] [warning] [serial_port.cpp] 尝试重新打开串口...
[2026-07-24 01:34:16.990] [error] [serial_port.cpp] 无法打开串口 /dev/ttyACM0

[2026-07-24 01:34:17.494] [warning] [serial_port.cpp] 尝试重新打开串口...
[2026-07-24 01:34:17.494] [error] [serial_port.cpp] 无法打开串口 /dev/ttyACM0

[2026-07-24 01:34:17.999] [warning] [serial_port.cpp] 尝试重新打开串口...
[2026-07-24 01:34:17.999] [error] [serial_port.cpp] 无法打开串口 /dev/ttyACM0

[2026-07-24 01:34:18.505] [warning] [serial_port.cpp] 尝试重新打开串口...
[2026-07-24 01:34:18.505] [error] [serial_port.cpp] 无法打开串口 /dev/ttyACM0

[2026-07-24 01:34:19.009] [warning] [serial_port.cpp] 尝试重新打开串口...
[2026-07-24 01:34:19.010] [error] [serial_port.cpp] 无法打开串口 /dev/ttyACM0

[2026-07-24 01:34:19.515] [warning] [serial_port.cpp] 尝试重新打开串口...
[2026-07-24 01:34:19.515] [error] [serial_port.cpp] 无法打开串口 /dev/ttyACM0

[2026-07-24 01:34:20.018] [warning] [serial_port.cpp] 尝试重新打开串口...
[2026-07-24 01:34:20.019] [error] [serial_port.cpp] 无法打开串口 /dev/ttyACM0

[2026-07-24 01:34:20.523] [warning] [serial_port.cpp] 尝试重新打开串口...
[2026-07-24 01:34:20.523] [error] [serial_port.cpp] 无法打开串口 /dev/ttyACM0

[2026-07-24 01:34:21.028] [warning] [serial_port.cpp] 尝试重新打开串口...
[2026-07-24 01:34:21.028] [error] [serial_port.cpp] 无法打开串口 /dev/ttyACM0

[2026-07-24 01:34:21.532] [warning] [serial_port.cpp] 尝试重新打开串口...
[2026-07-24 01:34:21.532] [error] [serial_port.cpp] 无法打开串口 /dev/ttyACM0

[2026-07-24 01:34:22.036] [warning] [serial_port.cpp] 尝试重新打开串口...
[2026-07-24 01:34:22.036] [error] [serial_port.cpp] 无法打开串口 /dev/ttyACM0

[2026-07-24 01:34:22.542] [warning] [serial_port.cpp] 尝试重新打开串口...
[2026-07-24 01:34:22.542] [error] [serial_port.cpp] 无法打开串口 /dev/ttyACM0

[2026-07-24 01:34:23.046] [warning] [serial_port.cpp] 尝试重新打开串口...
[2026-07-24 01:34:23.046] [error] [serial_port.cpp] 无法打开串口 /dev/ttyACM0

[2026-07-24 01:34:23.550] [warning] [serial_port.cpp] 尝试重新打开串口...
[2026-07-24 01:34:23.551] [error] [serial_port.cpp] 无法打开串口 /dev/ttyACM0

[2026-07-24 01:34:24.055] [warning] [serial_port.cpp] 尝试重新打开串口...
[2026-07-24 01:34:24.055] [error] [serial_port.cpp] 无法打开串口 /dev/ttyACM0

[2026-07-24 01:34:24.558] [warning] [serial_port.cpp] 尝试重新打开串口...
[2026-07-24 01:34:24.558] [error] [serial_port.cpp] 无法打开串口 /dev/ttyACM0

[2026-07-24 01:34:25.062] [warning] [serial_port.cpp] 尝试重新打开串口...
[2026-07-24 01:34:25.062] [error] [serial_port.cpp] 无法打开串口 /dev/ttyACM0

[2026-07-24 01:34:25.566] [warning] [serial_port.cpp] 尝试重新打开串口...
[2026-07-24 01:34:25.566] [error] [serial_port.cpp] 无法打开串口 /dev/ttyACM0

[2026-07-24 01:34:26.071] [warning] [serial_port.cpp] 尝试重新打开串口...
[2026-07-24 01:34:26.071] [error] [serial_port.cpp] 无法打开串口 /dev/ttyACM0

[2026-07-24 01:34:26.577] [warning] [serial_port.cpp] 尝试重新打开串口...
[2026-07-24 01:34:26.577] [error] [serial_port.cpp] 无法打开串口 /dev/ttyACM0

[2026-07-24 01:34:27.081] [warning] [serial_port.cpp] 尝试重新打开串口...
[2026-07-24 01:34:27.081] [error] [serial_port.cpp] 无法打开串口 /dev/ttyACM0

[2026-07-24 01:34:27.586] [warning] [serial_port.cpp] 尝试重新打开串口...
[2026-07-24 01:34:27.586] [error] [serial_port.cpp] 无法打开串口 /dev/ttyACM0

[2026-07-24 01:34:28.090] [warning] [serial_port.cpp] 尝试重新打开串口...
[2026-07-24 01:34:28.090] [error] [serial_port.cpp] 无法打开串口 /dev/ttyACM0

[2026-07-24 01:34:28.594] [warning] [serial_port.cpp] 尝试重新打开串口...
[2026-07-24 01:34:28.594] [error] [serial_port.cpp] 无法打开串口 /dev/ttyACM0

[2026-07-24 01:34:29.098] [warning] [serial_port.cpp] 尝试重新打开串口...
[2026-07-24 01:34:29.098] [error] [serial_port.cpp] 无法打开串口 /dev/ttyACM0

[2026-07-24 01:34:29.603] [warning] [serial_port.cpp] 尝试重新打开串口...
[2026-07-24 01:34:29.603] [error] [serial_port.cpp] 无法打开串口 /dev/ttyACM0

[2026-07-24 01:34:30.108] [warning] [serial_port.cpp] 尝试重新打开串口...
[2026-07-24 01:34:30.108] [error] [serial_port.cpp] 无法打开串口 /dev/ttyACM0

[2026-07-24 01:34:30.613] [warning] [serial_port.cpp] 尝试重新打开串口...
[2026-07-24 01:34:30.613] [error] [serial_port.cpp] 无法打开串口 /dev/ttyACM0

[2026-07-24 01:34:31.117] [warning] [serial_port.cpp] 尝试重新打开串口...
[2026-07-24 01:34:31.117] [error] [serial_port.cpp] 无法打开串口 /dev/ttyACM0

[2026-07-24 01:34:31.621] [warning] [serial_port.cpp] 尝试重新打开串口...
[2026-07-24 01:34:31.621] [error] [serial_port.cpp] 无法打开串口 /dev/ttyACM0

[2026-07-24 01:34:32.126] [warning] [serial_port.cpp] 尝试重新打开串口...
[2026-07-24 01:34:32.126] [error] [serial_port.cpp] 无法打开串口 /dev/ttyACM0

[2026-07-24 01:34:32.630] [warning] [serial_port.cpp] 尝试重新打开串口...
[2026-07-24 01:34:32.630] [error] [serial_port.cpp] 无法打开串口 /dev/ttyACM0

[2026-07-24 01:34:33.134] [warning] [serial_port.cpp] 尝试重新打开串口...
[2026-07-24 01:34:33.134] [error] [serial_port.cpp] 无法打开串口 /dev/ttyACM0

[2026-07-24 01:34:33.638] [warning] [serial_port.cpp] 尝试重新打开串口...
[2026-07-24 01:34:33.639] [error] [serial_port.cpp] 无法打开串口 /dev/ttyACM0

[2026-07-24 01:34:34.143] [warning] [serial_port.cpp] 尝试重新打开串口...
[2026-07-24 01:34:34.143] [error] [serial_port.cpp] 无法打开串口 /dev/ttyACM0

[2026-07-24 01:34:34.649] [warning] [serial_port.cpp] 尝试重新打开串口...
[2026-07-24 01:34:34.650] [error] [serial_port.cpp] 无法打开串口 /dev/ttyACM0

[2026-07-24 01:34:35.154] [warning] [serial_port.cpp] 尝试重新打开串口...
[2026-07-24 01:34:35.154] [error] [serial_port.cpp] 无法打开串口 /dev/ttyACM0

[2026-07-24 01:34:35.658] [warning] [serial_port.cpp] 尝试重新打开串口...
[2026-07-24 01:34:35.658] [error] [serial_port.cpp] 无法打开串口 /dev/ttyACM0

[2026-07-24 01:34:36.167] [warning] [serial_port.cpp] 尝试重新打开串口...
[2026-07-24 01:34:36.167] [error] [serial_port.cpp] 无法打开串口 /dev/ttyACM0

[2026-07-24 01:34:36.672] [warning] [serial_port.cpp] 尝试重新打开串口...
[2026-07-24 01:34:36.672] [error] [serial_port.cpp] 无法打开串口 /dev/ttyACM0

[2026-07-24 01:34:37.176] [warning] [serial_port.cpp] 尝试重新打开串口...
[2026-07-24 01:34:37.176] [error] [serial_port.cpp] 无法打开串口 /dev/ttyACM0

[2026-07-24 01:34:37.684] [warning] [serial_port.cpp] 尝试重新打开串口...
[2026-07-24 01:34:37.684] [error] [serial_port.cpp] 无法打开串口 /dev/ttyACM0

[2026-07-24 01:34:38.188] [warning] [serial_port.cpp] 尝试重新打开串口...
[2026-07-24 01:34:38.188] [error] [serial_port.cpp] 无法打开串口 /dev/ttyACM0

[2026-07-24 01:34:38.693] [warning] [serial_port.cpp] 尝试重新打开串口...
[2026-07-24 01:34:38.693] [error] [serial_port.cpp] 无法打开串口 /dev/ttyACM0

[2026-07-24 01:34:39.198] [warning] [serial_port.cpp] 尝试重新打开串口...
[2026-07-24 01:34:39.199] [error] [serial_port.cpp] 无法打开串口 /dev/ttyACM0

[2026-07-24 01:34:39.703] [warning] [serial_port.cpp] 尝试重新打开串口...
[2026-07-24 01:34:39.703] [error] [serial_port.cpp] 无法打开串口 /dev/ttyACM0

[2026-07-24 01:34:40.208] [warning] [serial_port.cpp] 尝试重新打开串口...
[2026-07-24 01:34:40.208] [error] [serial_port.cpp] 无法打开串口 /dev/ttyACM0

[2026-07-24 01:34:40.712] [warning] [serial_port.cpp] 尝试重新打开串口...
[2026-07-24 01:34:40.712] [error] [serial_port.cpp] 无法打开串口 /dev/ttyACM0

[2026-07-24 01:34:41.217] [warning] [serial_port.cpp] 尝试重新打开串口...
[2026-07-24 01:34:41.217] [error] [serial_port.cpp] 无法打开串口 /dev/ttyACM0

[2026-07-24 01:34:41.721] [warning] [serial_port.cpp] 尝试重新打开串口...
[2026-07-24 01:34:41.721] [error] [serial_port.cpp] 无法打开串口 /dev/ttyACM0

[2026-07-24 01:34:42.226] [warning] [serial_port.cpp] 尝试重新打开串口...
[2026-07-24 01:34:42.226] [error] [serial_port.cpp] 无法打开串口 /dev/ttyACM0

[2026-07-24 01:34:42.730] [warning] [serial_port.cpp] 尝试重新打开串口...
[2026-07-24 01:34:42.730] [error] [serial_port.cpp] 无法打开串口 /dev/ttyACM0

[2026-07-24 01:34:43.235] [warning] [serial_port.cpp] 尝试重新打开串口...
[2026-07-24 01:34:43.235] [error] [serial_port.cpp] 无法打开串口 /dev/ttyACM0

[2026-07-24 01:34:43.739] [warning] [serial_port.cpp] 尝试重新打开串口...
[2026-07-24 01:34:43.739] [error] [serial_port.cpp] 无法打开串口 /dev/ttyACM0

[2026-07-24 01:34:44.244] [warning] [serial_port.cpp] 尝试重新打开串口...
[2026-07-24 01:34:44.244] [error] [serial_port.cpp] 无法打开串口 /dev/ttyACM0

[2026-07-24 01:34:44.749] [warning] [serial_port.cpp] 尝试重新打开串口...
[2026-07-24 01:34:44.749] [error] [serial_port.cpp] 无法打开串口 /dev/ttyACM0

[2026-07-24 01:34:45.253] [warning] [serial_port.cpp] 尝试重新打开串口...
[2026-07-24 01:34:45.253] [error] [serial_port.cpp] 无法打开串口 /dev/ttyACM0

[2026-07-24 01:34:45.758] [warning] [serial_port.cpp] 尝试重新打开串口...
[2026-07-24 01:34:45.758] [error] [serial_port.cpp] 无法打开串口 /dev/ttyACM0

[2026-07-24 01:34:46.262] [warning] [serial_port.cpp] 尝试重新打开串口...
[2026-07-24 01:34:46.262] [error] [serial_port.cpp] 无法打开串口 /dev/ttyACM0

[2026-07-24 01:34:46.768] [warning] [serial_port.cpp] 尝试重新打开串口...
[2026-07-24 01:34:46.768] [error] [serial_port.cpp] 无法打开串口 /dev/ttyACM0

[2026-07-24 01:34:47.273] [warning] [serial_port.cpp] 尝试重新打开串口...
[2026-07-24 01:34:47.273] [error] [serial_port.cpp] 无法打开串口 /dev/ttyACM0

[2026-07-24 01:34:47.779] [warning] [serial_port.cpp] 尝试重新打开串口...
[2026-07-24 01:34:47.779] [error] [serial_port.cpp] 无法打开串口 /dev/ttyACM0

[2026-07-24 01:34:48.283] [warning] [serial_port.cpp] 尝试重新打开串口...
[2026-07-24 01:34:48.283] [error] [serial_port.cpp] 无法打开串口 /dev/ttyACM0

[2026-07-24 01:34:48.787] [warning] [serial_port.cpp] 尝试重新打开串口...
[2026-07-24 01:34:48.787] [error] [serial_port.cpp] 无法打开串口 /dev/ttyACM0

[2026-07-24 01:34:49.291] [warning] [serial_port.cpp] 尝试重新打开串口...
[2026-07-24 01:34:49.291] [error] [serial_port.cpp] 无法打开串口 /dev/ttyACM0

[2026-07-24 01:34:49.795] [warning] [serial_port.cpp] 尝试重新打开串口...
[2026-07-24 01:34:49.795] [error] [serial_port.cpp] 无法打开串口 /dev/ttyACM0

[2026-07-24 01:34:50.299] [warning] [serial_port.cpp] 尝试重新打开串口...
[2026-07-24 01:34:50.299] [error] [serial_port.cpp] 无法打开串口 /dev/ttyACM0

[2026-07-24 01:34:50.806] [warning] [serial_port.cpp] 尝试重新打开串口...
[2026-07-24 01:34:50.806] [error] [serial_port.cpp] 无法打开串口 /dev/ttyACM0

[2026-07-24 01:34:51.313] [warning] [serial_port.cpp] 尝试重新打开串口...
[2026-07-24 01:34:51.313] [error] [serial_port.cpp] 无法打开串口 /dev/ttyACM0

[2026-07-24 01:34:51.817] [warning] [serial_port.cpp] 尝试重新打开串口...
[2026-07-24 01:34:51.817] [error] [serial_port.cpp] 无法打开串口 /dev/ttyACM0

[2026-07-24 01:34:52.321] [warning] [serial_port.cpp] 尝试重新打开串口...
[2026-07-24 01:34:52.321] [error] [serial_port.cpp] 无法打开串口 /dev/ttyACM0

[2026-07-24 01:34:52.825] [warning] [serial_port.cpp] 尝试重新打开串口...
[2026-07-24 01:34:52.826] [error] [serial_port.cpp] 无法打开串口 /dev/ttyACM0

[2026-07-24 01:34:53.329] [warning] [serial_port.cpp] 尝试重新打开串口...
[2026-07-24 01:34:53.329] [error] [serial_port.cpp] 无法打开串口 /dev/ttyACM0

[2026-07-24 01:34:53.834] [warning] [serial_port.cpp] 尝试重新打开串口...
[2026-07-24 01:34:53.834] [error] [serial_port.cpp] 无法打开串口 /dev/ttyACM0

[2026-07-24 01:34:54.339] [warning] [serial_port.cpp] 尝试重新打开串口...
[2026-07-24 01:34:54.339] [error] [serial_port.cpp] 无法打开串口 /dev/ttyACM0

[2026-07-24 01:34:54.844] [warning] [serial_port.cpp] 尝试重新打开串口...
[2026-07-24 01:34:54.844] [error] [serial_port.cpp] 无法打开串口 /dev/ttyACM0

[2026-07-24 01:34:55.349] [warning] [serial_port.cpp] 尝试重新打开串口...
[2026-07-24 01:34:55.349] [error] [serial_port.cpp] 无法打开串口 /dev/ttyACM0

[2026-07-24 01:34:55.853] [warning] [serial_port.cpp] 尝试重新打开串口...
[2026-07-24 01:34:55.853] [error] [serial_port.cpp] 无法打开串口 /dev/ttyACM0

[2026-07-24 01:34:56.358] [warning] [serial_port.cpp] 尝试重新打开串口...
[2026-07-24 01:34:56.358] [error] [serial_port.cpp] 无法打开串口 /dev/ttyACM0

[2026-07-24 01:34:56.862] [warning] [serial_port.cpp] 尝试重新打开串口...
[2026-07-24 01:34:56.862] [error] [serial_port.cpp] 无法打开串口 /dev/ttyACM0

[2026-07-24 01:34:57.366] [warning] [serial_port.cpp] 尝试重新打开串口...
[2026-07-24 01:34:57.367] [error] [serial_port.cpp] 无法打开串口 /dev/ttyACM0

[2026-07-24 01:34:57.871] [warning] [serial_port.cpp] 尝试重新打开串口...
[2026-07-24 01:34:57.871] [error] [serial_port.cpp] 无法打开串口 /dev/ttyACM0

[2026-07-24 01:34:58.377] [warning] [serial_port.cpp] 尝试重新打开串口...
[2026-07-24 01:34:58.377] [error] [serial_port.cpp] 无法打开串口 /dev/ttyACM0

[2026-07-24 01:34:58.882] [warning] [serial_port.cpp] 尝试重新打开串口...
[2026-07-24 01:34:58.882] [error] [serial_port.cpp] 无法打开串口 /dev/ttyACM0

[2026-07-24 01:34:59.386] [warning] [serial_port.cpp] 尝试重新打开串口...
[2026-07-24 01:34:59.386] [error] [serial_port.cpp] 无法打开串口 /dev/ttyACM0

[2026-07-24 01:34:59.893] [warning] [serial_port.cpp] 尝试重新打开串口...
[2026-07-24 01:34:59.893] [error] [serial_port.cpp] 无法打开串口 /dev/ttyACM0

[2026-07-24 01:35:00.397] [warning] [serial_port.cpp] 尝试重新打开串口...
[2026-07-24 01:35:00.397] [error] [serial_port.cpp] 无法打开串口 /dev/ttyACM0

[2026-07-24 01:35:00.901] [warning] [serial_port.cpp] 尝试重新打开串口...
[2026-07-24 01:35:00.901] [error] [serial_port.cpp] 无法打开串口 /dev/ttyACM0

[2026-07-24 01:35:01.405] [warning] [serial_port.cpp] 尝试重新打开串口...
[2026-07-24 01:35:01.405] [error] [serial_port.cpp] 无法打开串口 /dev/ttyACM0

[2026-07-24 01:35:01.909] [warning] [serial_port.cpp] 尝试重新打开串口...
[2026-07-24 01:35:01.909] [error] [serial_port.cpp] 无法打开串口 /dev/ttyACM0

[2026-07-24 01:35:02.416] [warning] [serial_port.cpp] 尝试重新打开串口...
[2026-07-24 01:35:02.416] [error] [serial_port.cpp] 无法打开串口 /dev/ttyACM0

[2026-07-24 01:35:02.921] [warning] [serial_port.cpp] 尝试重新打开串口...
[2026-07-24 01:35:02.921] [error] [serial_port.cpp] 无法打开串口 /dev/ttyACM0

[2026-07-24 01:35:03.425] [warning] [serial_port.cpp] 尝试重新打开串口...
[2026-07-24 01:35:03.425] [error] [serial_port.cpp] 无法打开串口 /dev/ttyACM0

[2026-07-24 01:35:03.929] [warning] [serial_port.cpp] 尝试重新打开串口...
[2026-07-24 01:35:03.929] [error] [serial_port.cpp] 无法打开串口 /dev/ttyACM0

[2026-07-24 01:35:04.434] [warning] [serial_port.cpp] 尝试重新打开串口...
[2026-07-24 01:35:04.434] [error] [serial_port.cpp] 无法打开串口 /dev/ttyACM0

[2026-07-24 01:35:04.938] [warning] [serial_port.cpp] 尝试重新打开串口...
[2026-07-24 01:35:04.938] [error] [serial_port.cpp] 无法打开串口 /dev/ttyACM0

[2026-07-24 01:35:05.443] [warning] [serial_port.cpp] 尝试重新打开串口...
[2026-07-24 01:35:05.443] [error] [serial_port.cpp] 无法打开串口 /dev/ttyACM0

[2026-07-24 01:35:05.948] [warning] [serial_port.cpp] 尝试重新打开串口...
[2026-07-24 01:35:05.948] [error] [serial_port.cpp] 无法打开串口 /dev/ttyACM0

[2026-07-24 01:35:06.453] [warning] [serial_port.cpp] 尝试重新打开串口...
[2026-07-24 01:35:06.453] [error] [serial_port.cpp] 无法打开串口 /dev/ttyACM0

[2026-07-24 01:35:06.956] [warning] [serial_port.cpp] 尝试重新打开串口...
[2026-07-24 01:35:06.956] [error] [serial_port.cpp] 无法打开串口 /dev/ttyACM0

[2026-07-24 01:35:07.461] [warning] [serial_port.cpp] 尝试重新打开串口...
[2026-07-24 01:35:07.461] [error] [serial_port.cpp] 无法打开串口 /dev/ttyACM0

[2026-07-24 01:35:07.965] [warning] [serial_port.cpp] 尝试重新打开串口...
[2026-07-24 01:35:07.965] [error] [serial_port.cpp] 无法打开串口 /dev/ttyACM0

[2026-07-24 01:35:08.469] [warning] [serial_port.cpp] 尝试重新打开串口...
[2026-07-24 01:35:08.470] [error] [serial_port.cpp] 无法打开串口 /dev/ttyACM0

[2026-07-24 01:35:08.975] [warning] [serial_port.cpp] 尝试重新打开串口...
[2026-07-24 01:35:08.975] [error] [serial_port.cpp] 无法打开串口 /dev/ttyACM0

[2026-07-24 01:35:09.479] [warning] [serial_port.cpp] 尝试重新打开串口...
[2026-07-24 01:35:09.480] [error] [serial_port.cpp] 无法打开串口 /dev/ttyACM0

[2026-07-24 01:35:09.984] [warning] [serial_port.cpp] 尝试重新打开串口...
[2026-07-24 01:35:09.984] [error] [serial_port.cpp] 无法打开串口 /dev/ttyACM0

[2026-07-24 01:35:10.488] [warning] [serial_port.cpp] 尝试重新打开串口...
[2026-07-24 01:35:10.488] [error] [serial_port.cpp] 无法打开串口 /dev/ttyACM0

[2026-07-24 01:35:10.993] [warning] [serial_port.cpp] 尝试重新打开串口...
[2026-07-24 01:35:10.993] [error] [serial_port.cpp] 无法打开串口 /dev/ttyACM0

[2026-07-24 01:35:11.498] [warning] [serial_port.cpp] 尝试重新打开串口...
[2026-07-24 01:35:11.498] [error] [serial_port.cpp] 无法打开串口 /dev/ttyACM0

[2026-07-24 01:35:12.003] [warning] [serial_port.cpp] 尝试重新打开串口...
[2026-07-24 01:35:12.003] [error] [serial_port.cpp] 无法打开串口 /dev/ttyACM0

[2026-07-24 01:35:12.508] [warning] [serial_port.cpp] 尝试重新打开串口...
[2026-07-24 01:35:12.508] [error] [serial_port.cpp] 无法打开串口 /dev/ttyACM0

[2026-07-24 01:35:13.012] [warning] [serial_port.cpp] 尝试重新打开串口...
[2026-07-24 01:35:13.012] [error] [serial_port.cpp] 无法打开串口 /dev/ttyACM0

[2026-07-24 01:35:13.516] [warning] [serial_port.cpp] 尝试重新打开串口...
[2026-07-24 01:35:13.516] [error] [serial_port.cpp] 无法打开串口 /dev/ttyACM0

[2026-07-24 01:35:14.021] [warning] [serial_port.cpp] 尝试重新打开串口...
[2026-07-24 01:35:14.021] [error] [serial_port.cpp] 无法打开串口 /dev/ttyACM0

[2026-07-24 01:35:14.526] [warning] [serial_port.cpp] 尝试重新打开串口...
[2026-07-24 01:35:14.526] [error] [serial_port.cpp] 无法打开串口 /dev/ttyACM0

[2026-07-24 01:35:15.030] [warning] [serial_port.cpp] 尝试重新打开串口...
[2026-07-24 01:35:15.030] [error] [serial_port.cpp] 无法打开串口 /dev/ttyACM0

[2026-07-24 01:35:15.535] [warning] [serial_port.cpp] 尝试重新打开串口...
[2026-07-24 01:35:15.536] [error] [serial_port.cpp] 无法打开串口 /dev/ttyACM0

[2026-07-24 01:35:16.041] [warning] [serial_port.cpp] 尝试重新打开串口...
[2026-07-24 01:35:16.041] [error] [serial_port.cpp] 无法打开串口 /dev/ttyACM0

[2026-07-24 01:35:16.547] [warning] [serial_port.cpp] 尝试重新打开串口...
[2026-07-24 01:35:16.547] [error] [serial_port.cpp] 无法打开串口 /dev/ttyACM0

[2026-07-24 01:35:17.051] [warning] [serial_port.cpp] 尝试重新打开串口...
[2026-07-24 01:35:17.051] [error] [serial_port.cpp] 无法打开串口 /dev/ttyACM0

[2026-07-24 01:35:17.559] [warning] [serial_port.cpp] 尝试重新打开串口...
[2026-07-24 01:35:17.559] [error] [serial_port.cpp] 无法打开串口 /dev/ttyACM0

[2026-07-24 01:35:18.063] [warning] [serial_port.cpp] 尝试重新打开串口...
[2026-07-24 01:35:18.063] [error] [serial_port.cpp] 无法打开串口 /dev/ttyACM0

[2026-07-24 01:35:18.568] [warning] [serial_port.cpp] 尝试重新打开串口...
[2026-07-24 01:35:18.569] [error] [serial_port.cpp] 无法打开串口 /dev/ttyACM0

[2026-07-24 01:35:19.073] [warning] [serial_port.cpp] 尝试重新打开串口...
[2026-07-24 01:35:19.073] [error] [serial_port.cpp] 无法打开串口 /dev/ttyACM0

[2026-07-24 01:35:19.579] [warning] [serial_port.cpp] 尝试重新打开串口...
[2026-07-24 01:35:19.579] [error] [serial_port.cpp] 无法打开串口 /dev/ttyACM0

[2026-07-24 01:35:20.086] [warning] [serial_port.cpp] 尝试重新打开串口...
[2026-07-24 01:35:20.086] [error] [serial_port.cpp] 无法打开串口 /dev/ttyACM0

[2026-07-24 01:35:20.591] [warning] [serial_port.cpp] 尝试重新打开串口...
[2026-07-24 01:35:20.591] [error] [serial_port.cpp] 无法打开串口 /dev/ttyACM0

[2026-07-24 01:35:21.095] [warning] [serial_port.cpp] 尝试重新打开串口...
[2026-07-24 01:35:21.095] [error] [serial_port.cpp] 无法打开串口 /dev/ttyACM0

[2026-07-24 01:35:21.601] [warning] [serial_port.cpp] 尝试重新打开串口...
[2026-07-24 01:35:21.601] [error] [serial_port.cpp] 无法打开串口 /dev/ttyACM0

[2026-07-24 01:35:22.105] [warning] [serial_port.cpp] 尝试重新打开串口...
[2026-07-24 01:35:22.106] [error] [serial_port.cpp] 无法打开串口 /dev/ttyACM0

[2026-07-24 01:35:22.610] [warning] [serial_port.cpp] 尝试重新打开串口...
[2026-07-24 01:35:22.610] [error] [serial_port.cpp] 无法打开串口 /dev/ttyACM0

[2026-07-24 01:35:23.116] [warning] [serial_port.cpp] 尝试重新打开串口...
[2026-07-24 01:35:23.116] [error] [serial_port.cpp] 无法打开串口 /dev/ttyACM0

[2026-07-24 01:35:23.620] [warning] [serial_port.cpp] 尝试重新打开串口...
[2026-07-24 01:35:23.620] [error] [serial_port.cpp] 无法打开串口 /dev/ttyACM0

[2026-07-24 01:35:24.125] [warning] [serial_port.cpp] 尝试重新打开串口...
[2026-07-24 01:35:24.125] [error] [serial_port.cpp] 无法打开串口 /dev/ttyACM0

[2026-07-24 01:35:24.630] [warning] [serial_port.cpp] 尝试重新打开串口...
[2026-07-24 01:35:24.630] [error] [serial_port.cpp] 无法打开串口 /dev/ttyACM0

[2026-07-24 01:35:25.134] [warning] [serial_port.cpp] 尝试重新打开串口...
[2026-07-24 01:35:25.134] [error] [serial_port.cpp] 无法打开串口 /dev/ttyACM0

[2026-07-24 01:35:25.639] [warning] [serial_port.cpp] 尝试重新打开串口...
[2026-07-24 01:35:25.639] [error] [serial_port.cpp] 无法打开串口 /dev/ttyACM0

[2026-07-24 01:35:26.144] [warning] [serial_port.cpp] 尝试重新打开串口...
[2026-07-24 01:35:26.144] [error] [serial_port.cpp] 无法打开串口 /dev/ttyACM0

[2026-07-24 01:35:26.651] [warning] [serial_port.cpp] 尝试重新打开串口...
[2026-07-24 01:35:26.651] [error] [serial_port.cpp] 无法打开串口 /dev/ttyACM0

[2026-07-24 01:35:27.157] [warning] [serial_port.cpp] 尝试重新打开串口...
[2026-07-24 01:35:27.157] [error] [serial_port.cpp] 无法打开串口 /dev/ttyACM0

[2026-07-24 01:35:27.661] [warning] [serial_port.cpp] 尝试重新打开串口...
[2026-07-24 01:35:27.661] [error] [serial_port.cpp] 无法打开串口 /dev/ttyACM0

[2026-07-24 01:35:28.166] [warning] [serial_port.cpp] 尝试重新打开串口...
[2026-07-24 01:35:28.166] [error] [serial_port.cpp] 无法打开串口 /dev/ttyACM0

[2026-07-24 01:35:28.670] [warning] [serial_port.cpp] 尝试重新打开串口...
[2026-07-24 01:35:28.670] [error] [serial_port.cpp] 无法打开串口 /dev/ttyACM0

[2026-07-24 01:35:29.176] [warning] [serial_port.cpp] 尝试重新打开串口...
[2026-07-24 01:35:29.176] [error] [serial_port.cpp] 无法打开串口 /dev/ttyACM0

[2026-07-24 01:35:29.682] [warning] [serial_port.cpp] 尝试重新打开串口...
[2026-07-24 01:35:29.682] [error] [serial_port.cpp] 无法打开串口 /dev/ttyACM0

[2026-07-24 01:35:30.189] [warning] [serial_port.cpp] 尝试重新打开串口...
[2026-07-24 01:35:30.189] [error] [serial_port.cpp] 无法打开串口 /dev/ttyACM0

[2026-07-24 01:35:30.693] [warning] [serial_port.cpp] 尝试重新打开串口...
[2026-07-24 01:35:30.693] [error] [serial_port.cpp] 无法打开串口 /dev/ttyACM0

[2026-07-24 01:35:31.198] [warning] [serial_port.cpp] 尝试重新打开串口...
[2026-07-24 01:35:31.198] [error] [serial_port.cpp] 无法打开串口 /dev/ttyACM0

[2026-07-24 01:35:31.702] [warning] [serial_port.cpp] 尝试重新打开串口...
[2026-07-24 01:35:31.702] [error] [serial_port.cpp] 无法打开串口 /dev/ttyACM0

[2026-07-24 01:35:32.210] [warning] [serial_port.cpp] 尝试重新打开串口...
[2026-07-24 01:35:32.210] [error] [serial_port.cpp] 无法打开串口 /dev/ttyACM0

[2026-07-24 01:35:32.714] [warning] [serial_port.cpp] 尝试重新打开串口...
[2026-07-24 01:35:32.714] [error] [serial_port.cpp] 无法打开串口 /dev/ttyACM0

[2026-07-24 01:35:33.219] [warning] [serial_port.cpp] 尝试重新打开串口...
[2026-07-24 01:35:33.219] [error] [serial_port.cpp] 无法打开串口 /dev/ttyACM0

[2026-07-24 01:35:33.722] [warning] [serial_port.cpp] 尝试重新打开串口...
[2026-07-24 01:35:33.722] [error] [serial_port.cpp] 无法打开串口 /dev/ttyACM0

[2026-07-24 01:35:34.227] [warning] [serial_port.cpp] 尝试重新打开串口...
[2026-07-24 01:35:34.227] [error] [serial_port.cpp] 无法打开串口 /dev/ttyACM0

[2026-07-24 01:35:34.731] [warning] [serial_port.cpp] 尝试重新打开串口...
[2026-07-24 01:35:34.732] [error] [serial_port.cpp] 无法打开串口 /dev/ttyACM0

[2026-07-24 01:35:35.238] [warning] [serial_port.cpp] 尝试重新打开串口...
[2026-07-24 01:35:35.238] [error] [serial_port.cpp] 无法打开串口 /dev/ttyACM0

[2026-07-24 01:35:35.743] [warning] [serial_port.cpp] 尝试重新打开串口...
[2026-07-24 01:35:35.743] [error] [serial_port.cpp] 无法打开串口 /dev/ttyACM0

[2026-07-24 01:35:36.247] [warning] [serial_port.cpp] 尝试重新打开串口...
[2026-07-24 01:35:36.247] [error] [serial_port.cpp] 无法打开串口 /dev/ttyACM0

[2026-07-24 01:35:36.754] [warning] [serial_port.cpp] 尝试重新打开串口...
[2026-07-24 01:35:36.754] [error] [serial_port.cpp] 无法打开串口 /dev/ttyACM0

[2026-07-24 01:35:37.259] [warning] [serial_port.cpp] 尝试重新打开串口...
[2026-07-24 01:35:37.259] [error] [serial_port.cpp] 无法打开串口 /dev/ttyACM0

[2026-07-24 01:35:37.763] [warning] [serial_port.cpp] 尝试重新打开串口...
[2026-07-24 01:35:37.763] [error] [serial_port.cpp] 无法打开串口 /dev/ttyACM0

[2026-07-24 01:35:38.266] [warning] [serial_port.cpp] 尝试重新打开串口...
[2026-07-24 01:35:38.267] [error] [serial_port.cpp] 无法打开串口 /dev/ttyACM0

[2026-07-24 01:35:38.775] [warning] [serial_port.cpp] 尝试重新打开串口...
[2026-07-24 01:35:38.775] [error] [serial_port.cpp] 无法打开串口 /dev/ttyACM0

[2026-07-24 01:35:39.012] [debug] 

[2026-07-24 01:35:39.012] [warning] [main.cpp] 捕捉到退出信号(SIGINT)，准备退出程序...

