[2026-07-24 12:49:34.595] [debug] ================= [CONFIG LOADED] =================
[2026-07-24 12:49:34.595] [debug]   Mode: Raspberry Pi
[2026-07-24 12:49:34.595] [debug]   Camera ID : 2
[2026-07-24 12:49:34.595] [debug]   Target Res: 1280x720
[2026-07-24 12:49:34.595] [debug]   Target Fmt: MJPG
[2026-07-24 12:49:34.595] [debug]   Target Brightness: 0
[2026-07-24 12:49:34.595] [debug]   Target Contrast: 30
[2026-07-24 12:49:34.595] [debug]   Model Path: ../models/detect.prototxt | ../models/detect.caffemodel | ../models/sr.prototxt | ../models/sr.caffemodel

[2026-07-24 12:49:34.595] [debug]   Stream        : Port=5000, Res=640x360, Quality=60
[2026-07-24 12:49:34.595] [debug] ===================================================
[2026-07-24 12:49:34.599] [info] [qrcode_scanner.cpp] 微信模型加载成功
[2026-07-24 12:49:34.698] [error] [main.cpp] 初始打开相机失败, ID: 2
[2026-07-24 12:49:34.698] [debug] ================= [SERIAL STATUS] =================
[2026-07-24 12:49:34.698] [error] [serial_port.cpp] 无法打开串口 /dev/ttyACM0

[2026-07-24 12:49:34.698] [error]   is_serial_open: FAILED
[2026-07-24 12:49:34.698] [debug] ===================================================

[2026-07-24 12:49:34.698] [info] [HttpStream] HTTP 服务器已启动，端口: 5000
[2026-07-24 12:49:34.698] [info] [SERIAL THREAD] 相机 ERROR, 串口 ERROR, 有效信息 NO, 发送 238 and 238 FAILED
[2026-07-24 12:49:34.698] [info] [HttpStream] 服务器正在 0.0.0.0:5000 监听
[2026-07-24 12:49:34.698] [info] 本机局域网 IP: 10.62.146.83  (接口: wlp0s20f3)
[2026-07-24 12:49:34.698] [debug] [main.cpp] starting 3 threads...

[2026-07-24 12:49:34.698] [warning] [main.cpp] 相机已断开, 0.5s 后尝试重新连接...
[2026-07-24 12:49:35.103] [warning] [serial_port.cpp] 尝试重新打开串口...
[2026-07-24 12:49:35.103] [error] [serial_port.cpp] 无法打开串口 /dev/ttyACM0

[2026-07-24 12:49:35.199] [warning] [main.cpp] 相机已断开, 0.5s 后尝试重新连接...
[2026-07-24 12:49:35.611] [warning] [serial_port.cpp] 尝试重新打开串口...
[2026-07-24 12:49:35.611] [error] [serial_port.cpp] 无法打开串口 /dev/ttyACM0

[2026-07-24 12:49:35.699] [warning] [main.cpp] 相机已断开, 0.5s 后尝试重新连接...
[2026-07-24 12:49:36.117] [warning] [serial_port.cpp] 尝试重新打开串口...
[2026-07-24 12:49:36.117] [error] [serial_port.cpp] 无法打开串口 /dev/ttyACM0

[2026-07-24 12:49:36.200] [warning] [main.cpp] 相机已断开, 0.5s 后尝试重新连接...
[2026-07-24 12:49:36.624] [warning] [serial_port.cpp] 尝试重新打开串口...
[2026-07-24 12:49:36.625] [error] [serial_port.cpp] 无法打开串口 /dev/ttyACM0

[2026-07-24 12:49:36.701] [warning] [main.cpp] 相机已断开, 0.5s 后尝试重新连接...
[2026-07-24 12:49:37.131] [warning] [serial_port.cpp] 尝试重新打开串口...
[2026-07-24 12:49:37.131] [error] [serial_port.cpp] 无法打开串口 /dev/ttyACM0

[2026-07-24 12:49:37.201] [warning] [main.cpp] 相机已断开, 0.5s 后尝试重新连接...
[2026-07-24 12:49:37.640] [warning] [serial_port.cpp] 尝试重新打开串口...
[2026-07-24 12:49:37.640] [error] [serial_port.cpp] 无法打开串口 /dev/ttyACM0

[2026-07-24 12:49:37.702] [warning] [main.cpp] 相机已断开, 0.5s 后尝试重新连接...
[2026-07-24 12:49:38.147] [warning] [serial_port.cpp] 尝试重新打开串口...
[2026-07-24 12:49:38.147] [error] [serial_port.cpp] 无法打开串口 /dev/ttyACM0

[2026-07-24 12:49:38.203] [warning] [main.cpp] 相机已断开, 0.5s 后尝试重新连接...
[2026-07-24 12:49:38.656] [warning] [serial_port.cpp] 尝试重新打开串口...
[2026-07-24 12:49:38.656] [error] [serial_port.cpp] 无法打开串口 /dev/ttyACM0

[2026-07-24 12:49:38.704] [warning] [main.cpp] 相机已断开, 0.5s 后尝试重新连接...
[2026-07-24 12:49:39.163] [warning] [serial_port.cpp] 尝试重新打开串口...
[2026-07-24 12:49:39.163] [error] [serial_port.cpp] 无法打开串口 /dev/ttyACM0

[2026-07-24 12:49:39.204] [warning] [main.cpp] 相机已断开, 0.5s 后尝试重新连接...
[2026-07-24 12:49:39.664] [warning] [serial_port.cpp] 尝试重新打开串口...
[2026-07-24 12:49:39.664] [error] [serial_port.cpp] 无法打开串口 /dev/ttyACM0

[2026-07-24 12:49:39.705] [warning] [main.cpp] 相机已断开, 0.5s 后尝试重新连接...
[2026-07-24 12:49:40.172] [warning] [serial_port.cpp] 尝试重新打开串口...
[2026-07-24 12:49:40.172] [error] [serial_port.cpp] 无法打开串口 /dev/ttyACM0

[2026-07-24 12:49:40.205] [warning] [main.cpp] 相机已断开, 0.5s 后尝试重新连接...
[2026-07-24 12:49:40.673] [warning] [serial_port.cpp] 尝试重新打开串口...
[2026-07-24 12:49:40.673] [error] [serial_port.cpp] 无法打开串口 /dev/ttyACM0

[2026-07-24 12:49:40.706] [warning] [main.cpp] 相机已断开, 0.5s 后尝试重新连接...
[2026-07-24 12:49:41.182] [warning] [serial_port.cpp] 尝试重新打开串口...
[2026-07-24 12:49:41.182] [error] [serial_port.cpp] 无法打开串口 /dev/ttyACM0

[2026-07-24 12:49:41.207] [warning] [main.cpp] 相机已断开, 0.5s 后尝试重新连接...
[2026-07-24 12:49:41.690] [warning] [serial_port.cpp] 尝试重新打开串口...
[2026-07-24 12:49:41.690] [error] [serial_port.cpp] 无法打开串口 /dev/ttyACM0

[2026-07-24 12:49:41.707] [warning] [main.cpp] 相机已断开, 0.5s 后尝试重新连接...
[2026-07-24 12:49:42.198] [warning] [serial_port.cpp] 尝试重新打开串口...
[2026-07-24 12:49:42.198] [error] [serial_port.cpp] 无法打开串口 /dev/ttyACM0

[2026-07-24 12:49:42.208] [warning] [main.cpp] 相机已断开, 0.5s 后尝试重新连接...
[2026-07-24 12:49:42.700] [warning] [serial_port.cpp] 尝试重新打开串口...
[2026-07-24 12:49:42.700] [error] [serial_port.cpp] 无法打开串口 /dev/ttyACM0

[2026-07-24 12:49:42.709] [warning] [main.cpp] 相机已断开, 0.5s 后尝试重新连接...
[2026-07-24 12:49:43.209] [warning] [serial_port.cpp] 尝试重新打开串口...
[2026-07-24 12:49:43.209] [error] [serial_port.cpp] 无法打开串口 /dev/ttyACM0

[2026-07-24 12:49:43.209] [warning] [main.cpp] 相机已断开, 0.5s 后尝试重新连接...
[2026-07-24 12:49:43.709] [warning] [serial_port.cpp] 尝试重新打开串口...
[2026-07-24 12:49:43.709] [error] [serial_port.cpp] 无法打开串口 /dev/ttyACM0

[2026-07-24 12:49:43.710] [warning] [main.cpp] 相机已断开, 0.5s 后尝试重新连接...
[2026-07-24 12:49:44.211] [warning] [main.cpp] 相机已断开, 0.5s 后尝试重新连接...
[2026-07-24 12:49:44.217] [warning] [serial_port.cpp] 尝试重新打开串口...
[2026-07-24 12:49:44.217] [error] [serial_port.cpp] 无法打开串口 /dev/ttyACM0

[2026-07-24 12:49:44.712] [warning] [main.cpp] 相机已断开, 0.5s 后尝试重新连接...
[2026-07-24 12:49:44.718] [warning] [serial_port.cpp] 尝试重新打开串口...
[2026-07-24 12:49:44.718] [error] [serial_port.cpp] 无法打开串口 /dev/ttyACM0

[2026-07-24 12:49:45.213] [warning] [main.cpp] 相机已断开, 0.5s 后尝试重新连接...
[2026-07-24 12:49:45.225] [warning] [serial_port.cpp] 尝试重新打开串口...
[2026-07-24 12:49:45.225] [error] [serial_port.cpp] 无法打开串口 /dev/ttyACM0

[2026-07-24 12:49:45.713] [warning] [main.cpp] 相机已断开, 0.5s 后尝试重新连接...
[2026-07-24 12:49:45.727] [warning] [serial_port.cpp] 尝试重新打开串口...
[2026-07-24 12:49:45.727] [error] [serial_port.cpp] 无法打开串口 /dev/ttyACM0

[2026-07-24 12:49:46.215] [warning] [main.cpp] 相机已断开, 0.5s 后尝试重新连接...
[2026-07-24 12:49:46.236] [warning] [serial_port.cpp] 尝试重新打开串口...
[2026-07-24 12:49:46.236] [error] [serial_port.cpp] 无法打开串口 /dev/ttyACM0

[2026-07-24 12:49:46.716] [warning] [main.cpp] 相机已断开, 0.5s 后尝试重新连接...
[2026-07-24 12:49:46.745] [warning] [serial_port.cpp] 尝试重新打开串口...
[2026-07-24 12:49:46.745] [error] [serial_port.cpp] 无法打开串口 /dev/ttyACM0

[2026-07-24 12:49:47.217] [warning] [main.cpp] 相机已断开, 0.5s 后尝试重新连接...
[2026-07-24 12:49:47.246] [warning] [serial_port.cpp] 尝试重新打开串口...
[2026-07-24 12:49:47.246] [error] [serial_port.cpp] 无法打开串口 /dev/ttyACM0

[2026-07-24 12:49:47.718] [warning] [main.cpp] 相机已断开, 0.5s 后尝试重新连接...
[2026-07-24 12:49:47.748] [warning] [serial_port.cpp] 尝试重新打开串口...
[2026-07-24 12:49:47.748] [error] [serial_port.cpp] 无法打开串口 /dev/ttyACM0

[2026-07-24 12:49:48.219] [warning] [main.cpp] 相机已断开, 0.5s 后尝试重新连接...
[2026-07-24 12:49:48.256] [warning] [serial_port.cpp] 尝试重新打开串口...
[2026-07-24 12:49:48.256] [error] [serial_port.cpp] 无法打开串口 /dev/ttyACM0

[2026-07-24 12:49:48.720] [warning] [main.cpp] 相机已断开, 0.5s 后尝试重新连接...
[2026-07-24 12:49:48.758] [warning] [serial_port.cpp] 尝试重新打开串口...
[2026-07-24 12:49:48.758] [error] [serial_port.cpp] 无法打开串口 /dev/ttyACM0

[2026-07-24 12:49:49.221] [warning] [main.cpp] 相机已断开, 0.5s 后尝试重新连接...
[2026-07-24 12:49:49.266] [warning] [serial_port.cpp] 尝试重新打开串口...
[2026-07-24 12:49:49.266] [error] [serial_port.cpp] 无法打开串口 /dev/ttyACM0

[2026-07-24 12:49:49.722] [warning] [main.cpp] 相机已断开, 0.5s 后尝试重新连接...
[2026-07-24 12:49:49.775] [warning] [serial_port.cpp] 尝试重新打开串口...
[2026-07-24 12:49:49.775] [error] [serial_port.cpp] 无法打开串口 /dev/ttyACM0

[2026-07-24 12:49:50.223] [warning] [main.cpp] 相机已断开, 0.5s 后尝试重新连接...
[2026-07-24 12:49:50.283] [warning] [serial_port.cpp] 尝试重新打开串口...
[2026-07-24 12:49:50.283] [error] [serial_port.cpp] 无法打开串口 /dev/ttyACM0

[2026-07-24 12:49:50.724] [warning] [main.cpp] 相机已断开, 0.5s 后尝试重新连接...
[2026-07-24 12:49:50.793] [warning] [serial_port.cpp] 尝试重新打开串口...
[2026-07-24 12:49:50.793] [error] [serial_port.cpp] 无法打开串口 /dev/ttyACM0

[2026-07-24 12:49:51.225] [warning] [main.cpp] 相机已断开, 0.5s 后尝试重新连接...
[2026-07-24 12:49:51.300] [warning] [serial_port.cpp] 尝试重新打开串口...
[2026-07-24 12:49:51.300] [error] [serial_port.cpp] 无法打开串口 /dev/ttyACM0

[2026-07-24 12:49:51.726] [warning] [main.cpp] 相机已断开, 0.5s 后尝试重新连接...
[2026-07-24 12:49:51.808] [warning] [serial_port.cpp] 尝试重新打开串口...
[2026-07-24 12:49:51.808] [error] [serial_port.cpp] 无法打开串口 /dev/ttyACM0

[2026-07-24 12:49:52.227] [warning] [main.cpp] 相机已断开, 0.5s 后尝试重新连接...
[2026-07-24 12:49:52.315] [warning] [serial_port.cpp] 尝试重新打开串口...
[2026-07-24 12:49:52.315] [error] [serial_port.cpp] 无法打开串口 /dev/ttyACM0

[2026-07-24 12:49:52.728] [warning] [main.cpp] 相机已断开, 0.5s 后尝试重新连接...
[2026-07-24 12:49:52.823] [warning] [serial_port.cpp] 尝试重新打开串口...
[2026-07-24 12:49:52.823] [error] [serial_port.cpp] 无法打开串口 /dev/ttyACM0

[2026-07-24 12:49:53.229] [warning] [main.cpp] 相机已断开, 0.5s 后尝试重新连接...
[2026-07-24 12:49:53.329] [warning] [serial_port.cpp] 尝试重新打开串口...
[2026-07-24 12:49:53.329] [error] [serial_port.cpp] 无法打开串口 /dev/ttyACM0

[2026-07-24 12:49:53.730] [warning] [main.cpp] 相机已断开, 0.5s 后尝试重新连接...
[2026-07-24 12:49:53.839] [warning] [serial_port.cpp] 尝试重新打开串口...
[2026-07-24 12:49:53.840] [error] [serial_port.cpp] 无法打开串口 /dev/ttyACM0

[2026-07-24 12:49:54.231] [warning] [main.cpp] 相机已断开, 0.5s 后尝试重新连接...
[2026-07-24 12:49:54.347] [warning] [serial_port.cpp] 尝试重新打开串口...
[2026-07-24 12:49:54.347] [error] [serial_port.cpp] 无法打开串口 /dev/ttyACM0

[2026-07-24 12:49:54.732] [warning] [main.cpp] 相机已断开, 0.5s 后尝试重新连接...
[2026-07-24 12:49:54.847] [warning] [serial_port.cpp] 尝试重新打开串口...
[2026-07-24 12:49:54.847] [error] [serial_port.cpp] 无法打开串口 /dev/ttyACM0

[2026-07-24 12:49:55.233] [warning] [main.cpp] 相机已断开, 0.5s 后尝试重新连接...
[2026-07-24 12:49:55.354] [warning] [serial_port.cpp] 尝试重新打开串口...
[2026-07-24 12:49:55.354] [error] [serial_port.cpp] 无法打开串口 /dev/ttyACM0

[2026-07-24 12:49:55.734] [warning] [main.cpp] 相机已断开, 0.5s 后尝试重新连接...
[2026-07-24 12:49:55.854] [warning] [serial_port.cpp] 尝试重新打开串口...
[2026-07-24 12:49:55.854] [error] [serial_port.cpp] 无法打开串口 /dev/ttyACM0

[2026-07-24 12:49:56.235] [warning] [main.cpp] 相机已断开, 0.5s 后尝试重新连接...
[2026-07-24 12:49:56.362] [warning] [serial_port.cpp] 尝试重新打开串口...
[2026-07-24 12:49:56.362] [error] [serial_port.cpp] 无法打开串口 /dev/ttyACM0

[2026-07-24 12:49:56.736] [warning] [main.cpp] 相机已断开, 0.5s 后尝试重新连接...
[2026-07-24 12:49:56.863] [warning] [serial_port.cpp] 尝试重新打开串口...
[2026-07-24 12:49:56.863] [error] [serial_port.cpp] 无法打开串口 /dev/ttyACM0

[2026-07-24 12:49:57.237] [warning] [main.cpp] 相机已断开, 0.5s 后尝试重新连接...
[2026-07-24 12:49:57.372] [warning] [serial_port.cpp] 尝试重新打开串口...
[2026-07-24 12:49:57.372] [error] [serial_port.cpp] 无法打开串口 /dev/ttyACM0

[2026-07-24 12:49:57.738] [warning] [main.cpp] 相机已断开, 0.5s 后尝试重新连接...
[2026-07-24 12:49:57.874] [warning] [serial_port.cpp] 尝试重新打开串口...
[2026-07-24 12:49:57.874] [error] [serial_port.cpp] 无法打开串口 /dev/ttyACM0

[2026-07-24 12:49:58.239] [warning] [main.cpp] 相机已断开, 0.5s 后尝试重新连接...
[2026-07-24 12:49:58.382] [warning] [serial_port.cpp] 尝试重新打开串口...
[2026-07-24 12:49:58.382] [error] [serial_port.cpp] 无法打开串口 /dev/ttyACM0

[2026-07-24 12:49:58.740] [warning] [main.cpp] 相机已断开, 0.5s 后尝试重新连接...
[2026-07-24 12:49:58.884] [warning] [serial_port.cpp] 尝试重新打开串口...
[2026-07-24 12:49:58.884] [error] [serial_port.cpp] 无法打开串口 /dev/ttyACM0

[2026-07-24 12:49:59.241] [warning] [main.cpp] 相机已断开, 0.5s 后尝试重新连接...
[2026-07-24 12:49:59.392] [warning] [serial_port.cpp] 尝试重新打开串口...
[2026-07-24 12:49:59.392] [error] [serial_port.cpp] 无法打开串口 /dev/ttyACM0

[2026-07-24 12:49:59.742] [warning] [main.cpp] 相机已断开, 0.5s 后尝试重新连接...
[2026-07-24 12:49:59.900] [warning] [serial_port.cpp] 尝试重新打开串口...
[2026-07-24 12:49:59.900] [error] [serial_port.cpp] 无法打开串口 /dev/ttyACM0

[2026-07-24 12:50:00.243] [warning] [main.cpp] 相机已断开, 0.5s 后尝试重新连接...
[2026-07-24 12:50:00.406] [warning] [serial_port.cpp] 尝试重新打开串口...
[2026-07-24 12:50:00.406] [error] [serial_port.cpp] 无法打开串口 /dev/ttyACM0

[2026-07-24 12:50:00.744] [warning] [main.cpp] 相机已断开, 0.5s 后尝试重新连接...
[2026-07-24 12:50:00.915] [warning] [serial_port.cpp] 尝试重新打开串口...
[2026-07-24 12:50:00.915] [error] [serial_port.cpp] 无法打开串口 /dev/ttyACM0

[2026-07-24 12:50:01.245] [warning] [main.cpp] 相机已断开, 0.5s 后尝试重新连接...
[2026-07-24 12:50:01.423] [warning] [serial_port.cpp] 尝试重新打开串口...
[2026-07-24 12:50:01.423] [error] [serial_port.cpp] 无法打开串口 /dev/ttyACM0

[2026-07-24 12:50:01.746] [warning] [main.cpp] 相机已断开, 0.5s 后尝试重新连接...
[2026-07-24 12:50:01.924] [warning] [serial_port.cpp] 尝试重新打开串口...
[2026-07-24 12:50:01.924] [error] [serial_port.cpp] 无法打开串口 /dev/ttyACM0

[2026-07-24 12:50:02.248] [warning] [main.cpp] 相机已断开, 0.5s 后尝试重新连接...
[2026-07-24 12:50:02.425] [warning] [serial_port.cpp] 尝试重新打开串口...
[2026-07-24 12:50:02.425] [error] [serial_port.cpp] 无法打开串口 /dev/ttyACM0

[2026-07-24 12:50:02.749] [warning] [main.cpp] 相机已断开, 0.5s 后尝试重新连接...
[2026-07-24 12:50:02.935] [warning] [serial_port.cpp] 尝试重新打开串口...
[2026-07-24 12:50:02.936] [error] [serial_port.cpp] 无法打开串口 /dev/ttyACM0

[2026-07-24 12:50:03.250] [warning] [main.cpp] 相机已断开, 0.5s 后尝试重新连接...
[2026-07-24 12:50:03.436] [warning] [serial_port.cpp] 尝试重新打开串口...
[2026-07-24 12:50:03.436] [error] [serial_port.cpp] 无法打开串口 /dev/ttyACM0

[2026-07-24 12:50:03.751] [warning] [main.cpp] 相机已断开, 0.5s 后尝试重新连接...
[2026-07-24 12:50:03.939] [warning] [serial_port.cpp] 尝试重新打开串口...
[2026-07-24 12:50:03.939] [error] [serial_port.cpp] 无法打开串口 /dev/ttyACM0

[2026-07-24 12:50:04.253] [warning] [main.cpp] 相机已断开, 0.5s 后尝试重新连接...
[2026-07-24 12:50:04.446] [warning] [serial_port.cpp] 尝试重新打开串口...
[2026-07-24 12:50:04.446] [error] [serial_port.cpp] 无法打开串口 /dev/ttyACM0

[2026-07-24 12:50:04.754] [warning] [main.cpp] 相机已断开, 0.5s 后尝试重新连接...
[2026-07-24 12:50:04.955] [warning] [serial_port.cpp] 尝试重新打开串口...
[2026-07-24 12:50:04.955] [error] [serial_port.cpp] 无法打开串口 /dev/ttyACM0

[2026-07-24 12:50:05.255] [warning] [main.cpp] 相机已断开, 0.5s 后尝试重新连接...
[2026-07-24 12:50:05.463] [warning] [serial_port.cpp] 尝试重新打开串口...
[2026-07-24 12:50:05.463] [error] [serial_port.cpp] 无法打开串口 /dev/ttyACM0

[2026-07-24 12:50:05.756] [warning] [main.cpp] 相机已断开, 0.5s 后尝试重新连接...
[2026-07-24 12:50:05.971] [warning] [serial_port.cpp] 尝试重新打开串口...
[2026-07-24 12:50:05.971] [error] [serial_port.cpp] 无法打开串口 /dev/ttyACM0

[2026-07-24 12:50:06.257] [warning] [main.cpp] 相机已断开, 0.5s 后尝试重新连接...
[2026-07-24 12:50:06.478] [warning] [serial_port.cpp] 尝试重新打开串口...
[2026-07-24 12:50:06.478] [error] [serial_port.cpp] 无法打开串口 /dev/ttyACM0

[2026-07-24 12:50:06.758] [warning] [main.cpp] 相机已断开, 0.5s 后尝试重新连接...
[2026-07-24 12:50:06.988] [warning] [serial_port.cpp] 尝试重新打开串口...
[2026-07-24 12:50:06.988] [error] [serial_port.cpp] 无法打开串口 /dev/ttyACM0

[2026-07-24 12:50:07.259] [warning] [main.cpp] 相机已断开, 0.5s 后尝试重新连接...
[2026-07-24 12:50:07.496] [warning] [serial_port.cpp] 尝试重新打开串口...
[2026-07-24 12:50:07.496] [error] [serial_port.cpp] 无法打开串口 /dev/ttyACM0

[2026-07-24 12:50:07.760] [warning] [main.cpp] 相机已断开, 0.5s 后尝试重新连接...
[2026-07-24 12:50:08.006] [warning] [serial_port.cpp] 尝试重新打开串口...
[2026-07-24 12:50:08.006] [error] [serial_port.cpp] 无法打开串口 /dev/ttyACM0

[2026-07-24 12:50:08.261] [warning] [main.cpp] 相机已断开, 0.5s 后尝试重新连接...
[2026-07-24 12:50:08.506] [warning] [serial_port.cpp] 尝试重新打开串口...
[2026-07-24 12:50:08.507] [error] [serial_port.cpp] 无法打开串口 /dev/ttyACM0

[2026-07-24 12:50:08.762] [warning] [main.cpp] 相机已断开, 0.5s 后尝试重新连接...
[2026-07-24 12:50:09.015] [warning] [serial_port.cpp] 尝试重新打开串口...
[2026-07-24 12:50:09.016] [error] [serial_port.cpp] 无法打开串口 /dev/ttyACM0

[2026-07-24 12:50:09.263] [warning] [main.cpp] 相机已断开, 0.5s 后尝试重新连接...
[2026-07-24 12:50:09.524] [warning] [serial_port.cpp] 尝试重新打开串口...
[2026-07-24 12:50:09.524] [error] [serial_port.cpp] 无法打开串口 /dev/ttyACM0

[2026-07-24 12:50:09.764] [warning] [main.cpp] 相机已断开, 0.5s 后尝试重新连接...
[2026-07-24 12:50:10.032] [warning] [serial_port.cpp] 尝试重新打开串口...
[2026-07-24 12:50:10.032] [error] [serial_port.cpp] 无法打开串口 /dev/ttyACM0

[2026-07-24 12:50:10.265] [warning] [main.cpp] 相机已断开, 0.5s 后尝试重新连接...
[2026-07-24 12:50:10.542] [warning] [serial_port.cpp] 尝试重新打开串口...
[2026-07-24 12:50:10.542] [error] [serial_port.cpp] 无法打开串口 /dev/ttyACM0

[2026-07-24 12:50:10.766] [warning] [main.cpp] 相机已断开, 0.5s 后尝试重新连接...
[2026-07-24 12:50:11.052] [warning] [serial_port.cpp] 尝试重新打开串口...
[2026-07-24 12:50:11.052] [error] [serial_port.cpp] 无法打开串口 /dev/ttyACM0

[2026-07-24 12:50:11.267] [warning] [main.cpp] 相机已断开, 0.5s 后尝试重新连接...
[2026-07-24 12:50:11.562] [warning] [serial_port.cpp] 尝试重新打开串口...
[2026-07-24 12:50:11.562] [error] [serial_port.cpp] 无法打开串口 /dev/ttyACM0

[2026-07-24 12:50:11.768] [warning] [main.cpp] 相机已断开, 0.5s 后尝试重新连接...
[2026-07-24 12:50:12.071] [warning] [serial_port.cpp] 尝试重新打开串口...
[2026-07-24 12:50:12.072] [error] [serial_port.cpp] 无法打开串口 /dev/ttyACM0

[2026-07-24 12:50:12.269] [warning] [main.cpp] 相机已断开, 0.5s 后尝试重新连接...
[2026-07-24 12:50:12.580] [warning] [serial_port.cpp] 尝试重新打开串口...
[2026-07-24 12:50:12.580] [error] [serial_port.cpp] 无法打开串口 /dev/ttyACM0

[2026-07-24 12:50:12.770] [warning] [main.cpp] 相机已断开, 0.5s 后尝试重新连接...
[2026-07-24 12:50:13.080] [warning] [serial_port.cpp] 尝试重新打开串口...
[2026-07-24 12:50:13.080] [error] [serial_port.cpp] 无法打开串口 /dev/ttyACM0

[2026-07-24 12:50:13.271] [warning] [main.cpp] 相机已断开, 0.5s 后尝试重新连接...
[2026-07-24 12:50:13.587] [warning] [serial_port.cpp] 尝试重新打开串口...
[2026-07-24 12:50:13.587] [error] [serial_port.cpp] 无法打开串口 /dev/ttyACM0

[2026-07-24 12:50:13.772] [warning] [main.cpp] 相机已断开, 0.5s 后尝试重新连接...
[2026-07-24 12:50:14.096] [warning] [serial_port.cpp] 尝试重新打开串口...
[2026-07-24 12:50:14.097] [error] [serial_port.cpp] 无法打开串口 /dev/ttyACM0

[2026-07-24 12:50:14.273] [warning] [main.cpp] 相机已断开, 0.5s 后尝试重新连接...
[2026-07-24 12:50:14.605] [warning] [serial_port.cpp] 尝试重新打开串口...
[2026-07-24 12:50:14.605] [error] [serial_port.cpp] 无法打开串口 /dev/ttyACM0

[2026-07-24 12:50:14.774] [warning] [main.cpp] 相机已断开, 0.5s 后尝试重新连接...
[2026-07-24 12:50:15.113] [warning] [serial_port.cpp] 尝试重新打开串口...
[2026-07-24 12:50:15.113] [error] [serial_port.cpp] 无法打开串口 /dev/ttyACM0

[2026-07-24 12:50:15.275] [warning] [main.cpp] 相机已断开, 0.5s 后尝试重新连接...
[2026-07-24 12:50:15.622] [warning] [serial_port.cpp] 尝试重新打开串口...
[2026-07-24 12:50:15.622] [error] [serial_port.cpp] 无法打开串口 /dev/ttyACM0

[2026-07-24 12:50:15.776] [warning] [main.cpp] 相机已断开, 0.5s 后尝试重新连接...
[2026-07-24 12:50:16.130] [warning] [serial_port.cpp] 尝试重新打开串口...
[2026-07-24 12:50:16.130] [error] [serial_port.cpp] 无法打开串口 /dev/ttyACM0

[2026-07-24 12:50:16.277] [warning] [main.cpp] 相机已断开, 0.5s 后尝试重新连接...
[2026-07-24 12:50:16.640] [warning] [serial_port.cpp] 尝试重新打开串口...
[2026-07-24 12:50:16.640] [error] [serial_port.cpp] 无法打开串口 /dev/ttyACM0

[2026-07-24 12:50:16.778] [warning] [main.cpp] 相机已断开, 0.5s 后尝试重新连接...
[2026-07-24 12:50:17.149] [warning] [serial_port.cpp] 尝试重新打开串口...
[2026-07-24 12:50:17.149] [error] [serial_port.cpp] 无法打开串口 /dev/ttyACM0

[2026-07-24 12:50:17.278] [warning] [main.cpp] 相机已断开, 0.5s 后尝试重新连接...
[2026-07-24 12:50:17.659] [warning] [serial_port.cpp] 尝试重新打开串口...
[2026-07-24 12:50:17.660] [error] [serial_port.cpp] 无法打开串口 /dev/ttyACM0

[2026-07-24 12:50:17.779] [warning] [main.cpp] 相机已断开, 0.5s 后尝试重新连接...
[2026-07-24 12:50:18.167] [warning] [serial_port.cpp] 尝试重新打开串口...
[2026-07-24 12:50:18.167] [error] [serial_port.cpp] 无法打开串口 /dev/ttyACM0

[2026-07-24 12:50:18.280] [warning] [main.cpp] 相机已断开, 0.5s 后尝试重新连接...
[2026-07-24 12:50:18.667] [warning] [serial_port.cpp] 尝试重新打开串口...
[2026-07-24 12:50:18.667] [error] [serial_port.cpp] 无法打开串口 /dev/ttyACM0

[2026-07-24 12:50:18.781] [warning] [main.cpp] 相机已断开, 0.5s 后尝试重新连接...
[2026-07-24 12:50:19.175] [warning] [serial_port.cpp] 尝试重新打开串口...
[2026-07-24 12:50:19.175] [error] [serial_port.cpp] 无法打开串口 /dev/ttyACM0

[2026-07-24 12:50:19.281] [warning] [main.cpp] 相机已断开, 0.5s 后尝试重新连接...
[2026-07-24 12:50:19.683] [warning] [serial_port.cpp] 尝试重新打开串口...
[2026-07-24 12:50:19.684] [error] [serial_port.cpp] 无法打开串口 /dev/ttyACM0

[2026-07-24 12:50:19.782] [warning] [main.cpp] 相机已断开, 0.5s 后尝试重新连接...
[2026-07-24 12:50:20.188] [warning] [serial_port.cpp] 尝试重新打开串口...
[2026-07-24 12:50:20.188] [error] [serial_port.cpp] 无法打开串口 /dev/ttyACM0

[2026-07-24 12:50:20.283] [warning] [main.cpp] 相机已断开, 0.5s 后尝试重新连接...
[2026-07-24 12:50:20.697] [warning] [serial_port.cpp] 尝试重新打开串口...
[2026-07-24 12:50:20.697] [error] [serial_port.cpp] 无法打开串口 /dev/ttyACM0

[2026-07-24 12:50:20.783] [warning] [main.cpp] 相机已断开, 0.5s 后尝试重新连接...
[2026-07-24 12:50:21.204] [warning] [serial_port.cpp] 尝试重新打开串口...
[2026-07-24 12:50:21.205] [error] [serial_port.cpp] 无法打开串口 /dev/ttyACM0

[2026-07-24 12:50:21.284] [warning] [main.cpp] 相机已断开, 0.5s 后尝试重新连接...
[2026-07-24 12:50:21.714] [warning] [serial_port.cpp] 尝试重新打开串口...
[2026-07-24 12:50:21.714] [error] [serial_port.cpp] 无法打开串口 /dev/ttyACM0

[2026-07-24 12:50:21.785] [warning] [main.cpp] 相机已断开, 0.5s 后尝试重新连接...
[2026-07-24 12:50:22.223] [warning] [serial_port.cpp] 尝试重新打开串口...
[2026-07-24 12:50:22.223] [error] [serial_port.cpp] 无法打开串口 /dev/ttyACM0

[2026-07-24 12:50:22.286] [warning] [main.cpp] 相机已断开, 0.5s 后尝试重新连接...
[2026-07-24 12:50:22.723] [warning] [serial_port.cpp] 尝试重新打开串口...
[2026-07-24 12:50:22.723] [error] [serial_port.cpp] 无法打开串口 /dev/ttyACM0

[2026-07-24 12:50:22.787] [warning] [main.cpp] 相机已断开, 0.5s 后尝试重新连接...
[2026-07-24 12:50:23.230] [warning] [serial_port.cpp] 尝试重新打开串口...
[2026-07-24 12:50:23.230] [error] [serial_port.cpp] 无法打开串口 /dev/ttyACM0

[2026-07-24 12:50:23.287] [warning] [main.cpp] 相机已断开, 0.5s 后尝试重新连接...
[2026-07-24 12:50:23.730] [warning] [serial_port.cpp] 尝试重新打开串口...
[2026-07-24 12:50:23.731] [error] [serial_port.cpp] 无法打开串口 /dev/ttyACM0

[2026-07-24 12:50:23.788] [warning] [main.cpp] 相机已断开, 0.5s 后尝试重新连接...
[2026-07-24 12:50:24.238] [warning] [serial_port.cpp] 尝试重新打开串口...
[2026-07-24 12:50:24.238] [error] [serial_port.cpp] 无法打开串口 /dev/ttyACM0

[2026-07-24 12:50:24.288] [warning] [main.cpp] 相机已断开, 0.5s 后尝试重新连接...
[2026-07-24 12:50:24.748] [warning] [serial_port.cpp] 尝试重新打开串口...
[2026-07-24 12:50:24.748] [error] [serial_port.cpp] 无法打开串口 /dev/ttyACM0

[2026-07-24 12:50:24.789] [warning] [main.cpp] 相机已断开, 0.5s 后尝试重新连接...
[2026-07-24 12:50:25.255] [warning] [serial_port.cpp] 尝试重新打开串口...
[2026-07-24 12:50:25.255] [error] [serial_port.cpp] 无法打开串口 /dev/ttyACM0

[2026-07-24 12:50:25.290] [warning] [main.cpp] 相机已断开, 0.5s 后尝试重新连接...
[2026-07-24 12:50:25.764] [warning] [serial_port.cpp] 尝试重新打开串口...
[2026-07-24 12:50:25.764] [error] [serial_port.cpp] 无法打开串口 /dev/ttyACM0

[2026-07-24 12:50:25.790] [warning] [main.cpp] 相机已断开, 0.5s 后尝试重新连接...
[2026-07-24 12:50:26.272] [warning] [serial_port.cpp] 尝试重新打开串口...
[2026-07-24 12:50:26.273] [error] [serial_port.cpp] 无法打开串口 /dev/ttyACM0

[2026-07-24 12:50:26.291] [warning] [main.cpp] 相机已断开, 0.5s 后尝试重新连接...
[2026-07-24 12:50:26.781] [warning] [serial_port.cpp] 尝试重新打开串口...
[2026-07-24 12:50:26.781] [error] [serial_port.cpp] 无法打开串口 /dev/ttyACM0

[2026-07-24 12:50:26.792] [warning] [main.cpp] 相机已断开, 0.5s 后尝试重新连接...
[2026-07-24 12:50:27.290] [warning] [serial_port.cpp] 尝试重新打开串口...
[2026-07-24 12:50:27.290] [error] [serial_port.cpp] 无法打开串口 /dev/ttyACM0

[2026-07-24 12:50:27.293] [warning] [main.cpp] 相机已断开, 0.5s 后尝试重新连接...
[2026-07-24 12:50:27.793] [warning] [serial_port.cpp] 尝试重新打开串口...
[2026-07-24 12:50:27.793] [error] [serial_port.cpp] 无法打开串口 /dev/ttyACM0

[2026-07-24 12:50:27.794] [warning] [main.cpp] 相机已断开, 0.5s 后尝试重新连接...
[2026-07-24 12:50:28.295] [warning] [main.cpp] 相机已断开, 0.5s 后尝试重新连接...
[2026-07-24 12:50:28.302] [warning] [serial_port.cpp] 尝试重新打开串口...
[2026-07-24 12:50:28.302] [error] [serial_port.cpp] 无法打开串口 /dev/ttyACM0

[2026-07-24 12:50:28.796] [warning] [main.cpp] 相机已断开, 0.5s 后尝试重新连接...
[2026-07-24 12:50:28.812] [warning] [serial_port.cpp] 尝试重新打开串口...
[2026-07-24 12:50:28.812] [error] [serial_port.cpp] 无法打开串口 /dev/ttyACM0

[2026-07-24 12:50:29.297] [warning] [main.cpp] 相机已断开, 0.5s 后尝试重新连接...
[2026-07-24 12:50:29.319] [warning] [serial_port.cpp] 尝试重新打开串口...
[2026-07-24 12:50:29.319] [error] [serial_port.cpp] 无法打开串口 /dev/ttyACM0

[2026-07-24 12:50:29.798] [warning] [main.cpp] 相机已断开, 0.5s 后尝试重新连接...
[2026-07-24 12:50:29.827] [warning] [serial_port.cpp] 尝试重新打开串口...
[2026-07-24 12:50:29.827] [error] [serial_port.cpp] 无法打开串口 /dev/ttyACM0

[2026-07-24 12:50:30.299] [warning] [main.cpp] 相机已断开, 0.5s 后尝试重新连接...
[2026-07-24 12:50:30.335] [warning] [serial_port.cpp] 尝试重新打开串口...
[2026-07-24 12:50:30.335] [error] [serial_port.cpp] 无法打开串口 /dev/ttyACM0

[2026-07-24 12:50:30.799] [warning] [main.cpp] 相机已断开, 0.5s 后尝试重新连接...
[2026-07-24 12:50:30.843] [warning] [serial_port.cpp] 尝试重新打开串口...
[2026-07-24 12:50:30.843] [error] [serial_port.cpp] 无法打开串口 /dev/ttyACM0

[2026-07-24 12:50:31.301] [warning] [main.cpp] 相机已断开, 0.5s 后尝试重新连接...
[2026-07-24 12:50:31.351] [warning] [serial_port.cpp] 尝试重新打开串口...
[2026-07-24 12:50:31.351] [error] [serial_port.cpp] 无法打开串口 /dev/ttyACM0

[2026-07-24 12:50:31.801] [warning] [main.cpp] 相机已断开, 0.5s 后尝试重新连接...
[2026-07-24 12:50:31.860] [warning] [serial_port.cpp] 尝试重新打开串口...
[2026-07-24 12:50:31.860] [error] [serial_port.cpp] 无法打开串口 /dev/ttyACM0

[2026-07-24 12:50:32.303] [warning] [main.cpp] 相机已断开, 0.5s 后尝试重新连接...
[2026-07-24 12:50:32.370] [warning] [serial_port.cpp] 尝试重新打开串口...
[2026-07-24 12:50:32.370] [error] [serial_port.cpp] 无法打开串口 /dev/ttyACM0

[2026-07-24 12:50:32.804] [warning] [main.cpp] 相机已断开, 0.5s 后尝试重新连接...
[2026-07-24 12:50:32.870] [warning] [serial_port.cpp] 尝试重新打开串口...
[2026-07-24 12:50:32.871] [error] [serial_port.cpp] 无法打开串口 /dev/ttyACM0

[2026-07-24 12:50:33.305] [warning] [main.cpp] 相机已断开, 0.5s 后尝试重新连接...
[2026-07-24 12:50:33.380] [warning] [serial_port.cpp] 尝试重新打开串口...
[2026-07-24 12:50:33.380] [error] [serial_port.cpp] 无法打开串口 /dev/ttyACM0

[2026-07-24 12:50:33.806] [warning] [main.cpp] 相机已断开, 0.5s 后尝试重新连接...
[2026-07-24 12:50:33.890] [warning] [serial_port.cpp] 尝试重新打开串口...
[2026-07-24 12:50:33.890] [error] [serial_port.cpp] 无法打开串口 /dev/ttyACM0

[2026-07-24 12:50:34.308] [warning] [main.cpp] 相机已断开, 0.5s 后尝试重新连接...
[2026-07-24 12:50:34.397] [warning] [serial_port.cpp] 尝试重新打开串口...
[2026-07-24 12:50:34.397] [error] [serial_port.cpp] 无法打开串口 /dev/ttyACM0

[2026-07-24 12:50:34.809] [warning] [main.cpp] 相机已断开, 0.5s 后尝试重新连接...
[2026-07-24 12:50:34.906] [warning] [serial_port.cpp] 尝试重新打开串口...
[2026-07-24 12:50:34.906] [error] [serial_port.cpp] 无法打开串口 /dev/ttyACM0

[2026-07-24 12:50:35.310] [warning] [main.cpp] 相机已断开, 0.5s 后尝试重新连接...
[2026-07-24 12:50:35.413] [warning] [serial_port.cpp] 尝试重新打开串口...
[2026-07-24 12:50:35.413] [error] [serial_port.cpp] 无法打开串口 /dev/ttyACM0

[2026-07-24 12:50:35.811] [warning] [main.cpp] 相机已断开, 0.5s 后尝试重新连接...
[2026-07-24 12:50:35.922] [warning] [serial_port.cpp] 尝试重新打开串口...
[2026-07-24 12:50:35.922] [error] [serial_port.cpp] 无法打开串口 /dev/ttyACM0

[2026-07-24 12:50:36.311] [warning] [main.cpp] 相机已断开, 0.5s 后尝试重新连接...
[2026-07-24 12:50:36.428] [warning] [serial_port.cpp] 尝试重新打开串口...
[2026-07-24 12:50:36.428] [error] [serial_port.cpp] 无法打开串口 /dev/ttyACM0

[2026-07-24 12:50:36.812] [warning] [main.cpp] 相机已断开, 0.5s 后尝试重新连接...
[2026-07-24 12:50:36.935] [warning] [serial_port.cpp] 尝试重新打开串口...
[2026-07-24 12:50:36.935] [error] [serial_port.cpp] 无法打开串口 /dev/ttyACM0

[2026-07-24 12:50:37.313] [warning] [main.cpp] 相机已断开, 0.5s 后尝试重新连接...
[2026-07-24 12:50:37.443] [warning] [serial_port.cpp] 尝试重新打开串口...
[2026-07-24 12:50:37.443] [error] [serial_port.cpp] 无法打开串口 /dev/ttyACM0

[2026-07-24 12:50:37.715] [debug] 

[2026-07-24 12:50:37.715] [warning] [main.cpp] 捕捉到退出信号(SIGINT)，准备退出程序...

[2026-07-24 12:50:37.815] [info] [HttpStream] HTTP 服务器已停止。
