[2026-07-24 12:50:54.677] [debug] ================= [CONFIG LOADED] =================
[2026-07-24 12:50:54.677] [debug]   Mode: Raspberry Pi
[2026-07-24 12:50:54.677] [debug]   Camera ID : 0
[2026-07-24 12:50:54.677] [debug]   Target Res: 1280x720
[2026-07-24 12:50:54.677] [debug]   Target Fmt: MJPG
[2026-07-24 12:50:54.677] [debug]   Target Brightness: 0
[2026-07-24 12:50:54.677] [debug]   Target Contrast: 30
[2026-07-24 12:50:54.677] [debug]   Model Path: ../models/detect.prototxt | ../models/detect.caffemodel | ../models/sr.prototxt | ../models/sr.caffemodel

[2026-07-24 12:50:54.677] [debug]   Stream        : Port=5000, Res=640x360, Quality=60
[2026-07-24 12:50:54.677] [debug] ===================================================
[2026-07-24 12:50:54.681] [info] [qrcode_scanner.cpp] 微信模型加载成功
[2026-07-24 12:50:54.803] [debug] 
[2026-07-24 12:50:54.803] [debug] ================= [ACTUAL CAMERA STATUS] =================
[2026-07-24 12:50:54.803] [debug]   Backend API   : V4L2
[2026-07-24 12:50:54.803] [debug]   Resolution    : 1280x720
[2026-07-24 12:50:54.803] [debug]   FPS           : 30
[2026-07-24 12:50:54.803] [debug]   Video Format  : MJPG
[2026-07-24 12:50:54.803] [debug]   Exposure      : 166
[2026-07-24 12:50:54.803] [debug]   Brightness    : 0
[2026-07-24 12:50:54.803] [debug]   Contrast      : 30
[2026-07-24 12:50:54.803] [debug] ==========================================================
[2026-07-24 12:50:54.803] [debug] [main.cpp] 相机初始化完毕, 按 'Ctrl+C' 退出

[2026-07-24 12:50:54.803] [debug] ================= [SERIAL STATUS] =================
[2026-07-24 12:50:54.803] [error] [serial_port.cpp] 无法打开串口 /dev/ttyACM0

[2026-07-24 12:50:54.803] [error]   is_serial_open: FAILED
[2026-07-24 12:50:54.803] [debug] ===================================================

[2026-07-24 12:50:54.803] [info] [HttpStream] HTTP 服务器已启动，端口: 5000
[2026-07-24 12:50:54.804] [info] 本机局域网 IP: 10.62.146.83  (接口: wlp0s20f3)
[2026-07-24 12:50:54.804] [debug] [main.cpp] starting 3 threads...

[2026-07-24 12:50:54.804] [info] [SERIAL THREAD] 相机 OK, 串口 ERROR, 有效信息 NO, 发送 255 and 255 FAILED
[2026-07-24 12:50:54.804] [info] [HttpStream] 服务器正在 0.0.0.0:5000 监听
[2026-07-24 12:50:55.178] [warning] [serial_port.cpp] 尝试重新打开串口...
[2026-07-24 12:50:55.178] [error] [serial_port.cpp] 无法打开串口 /dev/ttyACM0

[2026-07-24 12:50:55.679] [warning] [serial_port.cpp] 尝试重新打开串口...
[2026-07-24 12:50:55.679] [error] [serial_port.cpp] 无法打开串口 /dev/ttyACM0

[2026-07-24 12:50:56.187] [warning] [serial_port.cpp] 尝试重新打开串口...
[2026-07-24 12:50:56.187] [error] [serial_port.cpp] 无法打开串口 /dev/ttyACM0

[2026-07-24 12:50:56.693] [warning] [serial_port.cpp] 尝试重新打开串口...
[2026-07-24 12:50:56.693] [error] [serial_port.cpp] 无法打开串口 /dev/ttyACM0

[2026-07-24 12:50:57.200] [warning] [serial_port.cpp] 尝试重新打开串口...
[2026-07-24 12:50:57.200] [error] [serial_port.cpp] 无法打开串口 /dev/ttyACM0

[2026-07-24 12:50:57.701] [warning] [serial_port.cpp] 尝试重新打开串口...
[2026-07-24 12:50:57.701] [error] [serial_port.cpp] 无法打开串口 /dev/ttyACM0

[2026-07-24 12:50:58.208] [warning] [serial_port.cpp] 尝试重新打开串口...
[2026-07-24 12:50:58.208] [error] [serial_port.cpp] 无法打开串口 /dev/ttyACM0

[2026-07-24 12:50:58.710] [warning] [serial_port.cpp] 尝试重新打开串口...
[2026-07-24 12:50:58.710] [error] [serial_port.cpp] 无法打开串口 /dev/ttyACM0

[2026-07-24 12:50:59.210] [warning] [serial_port.cpp] 尝试重新打开串口...
[2026-07-24 12:50:59.210] [error] [serial_port.cpp] 无法打开串口 /dev/ttyACM0

[2026-07-24 12:50:59.711] [warning] [serial_port.cpp] 尝试重新打开串口...
[2026-07-24 12:50:59.712] [error] [serial_port.cpp] 无法打开串口 /dev/ttyACM0

[2026-07-24 12:51:00.221] [warning] [serial_port.cpp] 尝试重新打开串口...
[2026-07-24 12:51:00.222] [error] [serial_port.cpp] 无法打开串口 /dev/ttyACM0

[2026-07-24 12:51:00.728] [warning] [serial_port.cpp] 尝试重新打开串口...
[2026-07-24 12:51:00.728] [error] [serial_port.cpp] 无法打开串口 /dev/ttyACM0

[2026-07-24 12:51:01.232] [warning] [serial_port.cpp] 尝试重新打开串口...
[2026-07-24 12:51:01.232] [error] [serial_port.cpp] 无法打开串口 /dev/ttyACM0

[2026-07-24 12:51:01.737] [warning] [serial_port.cpp] 尝试重新打开串口...
[2026-07-24 12:51:01.754] [error] [serial_port.cpp] 无法打开串口 /dev/ttyACM0

[2026-07-24 12:51:02.239] [warning] [serial_port.cpp] 尝试重新打开串口...
[2026-07-24 12:51:02.239] [error] [serial_port.cpp] 无法打开串口 /dev/ttyACM0

[2026-07-24 12:51:02.742] [warning] [serial_port.cpp] 尝试重新打开串口...
[2026-07-24 12:51:02.742] [error] [serial_port.cpp] 无法打开串口 /dev/ttyACM0

[2026-07-24 12:51:03.246] [warning] [serial_port.cpp] 尝试重新打开串口...
[2026-07-24 12:51:03.246] [error] [serial_port.cpp] 无法打开串口 /dev/ttyACM0

[2026-07-24 12:51:03.752] [warning] [serial_port.cpp] 尝试重新打开串口...
[2026-07-24 12:51:03.752] [error] [serial_port.cpp] 无法打开串口 /dev/ttyACM0

[2026-07-24 12:51:04.256] [warning] [serial_port.cpp] 尝试重新打开串口...
[2026-07-24 12:51:04.256] [error] [serial_port.cpp] 无法打开串口 /dev/ttyACM0

[2026-07-24 12:51:04.763] [warning] [serial_port.cpp] 尝试重新打开串口...
[2026-07-24 12:51:04.763] [error] [serial_port.cpp] 无法打开串口 /dev/ttyACM0

[2026-07-24 12:51:05.268] [warning] [serial_port.cpp] 尝试重新打开串口...
[2026-07-24 12:51:05.268] [error] [serial_port.cpp] 无法打开串口 /dev/ttyACM0

[2026-07-24 12:51:05.772] [warning] [serial_port.cpp] 尝试重新打开串口...
[2026-07-24 12:51:05.772] [error] [serial_port.cpp] 无法打开串口 /dev/ttyACM0

[2026-07-24 12:51:06.277] [warning] [serial_port.cpp] 尝试重新打开串口...
[2026-07-24 12:51:06.277] [error] [serial_port.cpp] 无法打开串口 /dev/ttyACM0

[2026-07-24 12:51:06.781] [warning] [serial_port.cpp] 尝试重新打开串口...
[2026-07-24 12:51:06.781] [error] [serial_port.cpp] 无法打开串口 /dev/ttyACM0

[2026-07-24 12:51:07.286] [warning] [serial_port.cpp] 尝试重新打开串口...
[2026-07-24 12:51:07.286] [error] [serial_port.cpp] 无法打开串口 /dev/ttyACM0

[2026-07-24 12:51:07.790] [warning] [serial_port.cpp] 尝试重新打开串口...
[2026-07-24 12:51:07.790] [error] [serial_port.cpp] 无法打开串口 /dev/ttyACM0

[2026-07-24 12:51:08.296] [warning] [serial_port.cpp] 尝试重新打开串口...
[2026-07-24 12:51:08.296] [error] [serial_port.cpp] 无法打开串口 /dev/ttyACM0

[2026-07-24 12:51:08.802] [warning] [serial_port.cpp] 尝试重新打开串口...
[2026-07-24 12:51:08.802] [error] [serial_port.cpp] 无法打开串口 /dev/ttyACM0

[2026-07-24 12:51:09.308] [warning] [serial_port.cpp] 尝试重新打开串口...
[2026-07-24 12:51:09.309] [error] [serial_port.cpp] 无法打开串口 /dev/ttyACM0

[2026-07-24 12:51:09.813] [warning] [serial_port.cpp] 尝试重新打开串口...
[2026-07-24 12:51:09.813] [error] [serial_port.cpp] 无法打开串口 /dev/ttyACM0

[2026-07-24 12:51:10.319] [warning] [serial_port.cpp] 尝试重新打开串口...
[2026-07-24 12:51:10.319] [error] [serial_port.cpp] 无法打开串口 /dev/ttyACM0

[2026-07-24 12:51:10.824] [warning] [serial_port.cpp] 尝试重新打开串口...
[2026-07-24 12:51:10.824] [error] [serial_port.cpp] 无法打开串口 /dev/ttyACM0

[2026-07-24 12:51:11.328] [warning] [serial_port.cpp] 尝试重新打开串口...
[2026-07-24 12:51:11.328] [error] [serial_port.cpp] 无法打开串口 /dev/ttyACM0

[2026-07-24 12:51:11.834] [warning] [serial_port.cpp] 尝试重新打开串口...
[2026-07-24 12:51:11.834] [error] [serial_port.cpp] 无法打开串口 /dev/ttyACM0

[2026-07-24 12:51:12.339] [warning] [serial_port.cpp] 尝试重新打开串口...
[2026-07-24 12:51:12.340] [error] [serial_port.cpp] 无法打开串口 /dev/ttyACM0

[2026-07-24 12:51:12.843] [warning] [serial_port.cpp] 尝试重新打开串口...
[2026-07-24 12:51:12.843] [error] [serial_port.cpp] 无法打开串口 /dev/ttyACM0

[2026-07-24 12:51:13.347] [warning] [serial_port.cpp] 尝试重新打开串口...
[2026-07-24 12:51:13.347] [error] [serial_port.cpp] 无法打开串口 /dev/ttyACM0

[2026-07-24 12:51:13.851] [warning] [serial_port.cpp] 尝试重新打开串口...
[2026-07-24 12:51:13.851] [error] [serial_port.cpp] 无法打开串口 /dev/ttyACM0

[2026-07-24 12:51:14.355] [warning] [serial_port.cpp] 尝试重新打开串口...
[2026-07-24 12:51:14.355] [error] [serial_port.cpp] 无法打开串口 /dev/ttyACM0

[2026-07-24 12:51:14.861] [warning] [serial_port.cpp] 尝试重新打开串口...
[2026-07-24 12:51:14.861] [error] [serial_port.cpp] 无法打开串口 /dev/ttyACM0

[2026-07-24 12:51:15.366] [warning] [serial_port.cpp] 尝试重新打开串口...
[2026-07-24 12:51:15.366] [error] [serial_port.cpp] 无法打开串口 /dev/ttyACM0

[2026-07-24 12:51:15.870] [warning] [serial_port.cpp] 尝试重新打开串口...
[2026-07-24 12:51:15.870] [error] [serial_port.cpp] 无法打开串口 /dev/ttyACM0

[2026-07-24 12:51:16.375] [warning] [serial_port.cpp] 尝试重新打开串口...
[2026-07-24 12:51:16.375] [error] [serial_port.cpp] 无法打开串口 /dev/ttyACM0

[2026-07-24 12:51:16.882] [warning] [serial_port.cpp] 尝试重新打开串口...
[2026-07-24 12:51:16.882] [error] [serial_port.cpp] 无法打开串口 /dev/ttyACM0

[2026-07-24 12:51:17.390] [warning] [serial_port.cpp] 尝试重新打开串口...
[2026-07-24 12:51:17.390] [error] [serial_port.cpp] 无法打开串口 /dev/ttyACM0

[2026-07-24 12:51:17.897] [warning] [serial_port.cpp] 尝试重新打开串口...
[2026-07-24 12:51:17.897] [error] [serial_port.cpp] 无法打开串口 /dev/ttyACM0

[2026-07-24 12:51:18.402] [warning] [serial_port.cpp] 尝试重新打开串口...
[2026-07-24 12:51:18.402] [error] [serial_port.cpp] 无法打开串口 /dev/ttyACM0

[2026-07-24 12:51:18.907] [warning] [serial_port.cpp] 尝试重新打开串口...
[2026-07-24 12:51:18.907] [error] [serial_port.cpp] 无法打开串口 /dev/ttyACM0

[2026-07-24 12:51:19.412] [warning] [serial_port.cpp] 尝试重新打开串口...
[2026-07-24 12:51:19.412] [error] [serial_port.cpp] 无法打开串口 /dev/ttyACM0

[2026-07-24 12:51:19.918] [warning] [serial_port.cpp] 尝试重新打开串口...
[2026-07-24 12:51:19.918] [error] [serial_port.cpp] 无法打开串口 /dev/ttyACM0

[2026-07-24 12:51:20.422] [warning] [serial_port.cpp] 尝试重新打开串口...
[2026-07-24 12:51:20.422] [error] [serial_port.cpp] 无法打开串口 /dev/ttyACM0

[2026-07-24 12:51:20.926] [warning] [serial_port.cpp] 尝试重新打开串口...
[2026-07-24 12:51:20.926] [error] [serial_port.cpp] 无法打开串口 /dev/ttyACM0

[2026-07-24 12:51:21.430] [warning] [serial_port.cpp] 尝试重新打开串口...
[2026-07-24 12:51:21.430] [error] [serial_port.cpp] 无法打开串口 /dev/ttyACM0

[2026-07-24 12:51:21.936] [warning] [serial_port.cpp] 尝试重新打开串口...
[2026-07-24 12:51:21.936] [error] [serial_port.cpp] 无法打开串口 /dev/ttyACM0

[2026-07-24 12:51:22.441] [warning] [serial_port.cpp] 尝试重新打开串口...
[2026-07-24 12:51:22.442] [error] [serial_port.cpp] 无法打开串口 /dev/ttyACM0

[2026-07-24 12:51:22.946] [warning] [serial_port.cpp] 尝试重新打开串口...
[2026-07-24 12:51:22.946] [error] [serial_port.cpp] 无法打开串口 /dev/ttyACM0

[2026-07-24 12:51:23.449] [warning] [serial_port.cpp] 尝试重新打开串口...
[2026-07-24 12:51:23.449] [error] [serial_port.cpp] 无法打开串口 /dev/ttyACM0

[2026-07-24 12:51:23.955] [warning] [serial_port.cpp] 尝试重新打开串口...
[2026-07-24 12:51:23.955] [error] [serial_port.cpp] 无法打开串口 /dev/ttyACM0

[2026-07-24 12:51:24.459] [warning] [serial_port.cpp] 尝试重新打开串口...
[2026-07-24 12:51:24.460] [error] [serial_port.cpp] 无法打开串口 /dev/ttyACM0

[2026-07-24 12:51:24.964] [warning] [serial_port.cpp] 尝试重新打开串口...
[2026-07-24 12:51:24.964] [error] [serial_port.cpp] 无法打开串口 /dev/ttyACM0

[2026-07-24 12:51:25.469] [warning] [serial_port.cpp] 尝试重新打开串口...
[2026-07-24 12:51:25.469] [error] [serial_port.cpp] 无法打开串口 /dev/ttyACM0

[2026-07-24 12:51:25.974] [warning] [serial_port.cpp] 尝试重新打开串口...
[2026-07-24 12:51:25.975] [error] [serial_port.cpp] 无法打开串口 /dev/ttyACM0

[2026-07-24 12:51:26.479] [warning] [serial_port.cpp] 尝试重新打开串口...
[2026-07-24 12:51:26.479] [error] [serial_port.cpp] 无法打开串口 /dev/ttyACM0

[2026-07-24 12:51:26.984] [warning] [serial_port.cpp] 尝试重新打开串口...
[2026-07-24 12:51:26.984] [error] [serial_port.cpp] 无法打开串口 /dev/ttyACM0

[2026-07-24 12:51:27.490] [warning] [serial_port.cpp] 尝试重新打开串口...
[2026-07-24 12:51:27.490] [error] [serial_port.cpp] 无法打开串口 /dev/ttyACM0

[2026-07-24 12:51:27.996] [warning] [serial_port.cpp] 尝试重新打开串口...
[2026-07-24 12:51:27.997] [error] [serial_port.cpp] 无法打开串口 /dev/ttyACM0

[2026-07-24 12:51:28.501] [warning] [serial_port.cpp] 尝试重新打开串口...
[2026-07-24 12:51:28.502] [error] [serial_port.cpp] 无法打开串口 /dev/ttyACM0

[2026-07-24 12:51:29.008] [warning] [serial_port.cpp] 尝试重新打开串口...
[2026-07-24 12:51:29.009] [error] [serial_port.cpp] 无法打开串口 /dev/ttyACM0

[2026-07-24 12:51:29.513] [warning] [serial_port.cpp] 尝试重新打开串口...
[2026-07-24 12:51:29.513] [error] [serial_port.cpp] 无法打开串口 /dev/ttyACM0

[2026-07-24 12:51:30.017] [warning] [serial_port.cpp] 尝试重新打开串口...
[2026-07-24 12:51:30.017] [error] [serial_port.cpp] 无法打开串口 /dev/ttyACM0

[2026-07-24 12:51:30.522] [warning] [serial_port.cpp] 尝试重新打开串口...
[2026-07-24 12:51:30.523] [error] [serial_port.cpp] 无法打开串口 /dev/ttyACM0

[2026-07-24 12:51:31.027] [warning] [serial_port.cpp] 尝试重新打开串口...
[2026-07-24 12:51:31.027] [error] [serial_port.cpp] 无法打开串口 /dev/ttyACM0

[2026-07-24 12:51:31.535] [warning] [serial_port.cpp] 尝试重新打开串口...
[2026-07-24 12:51:31.535] [error] [serial_port.cpp] 无法打开串口 /dev/ttyACM0

[2026-07-24 12:51:32.041] [warning] [serial_port.cpp] 尝试重新打开串口...
[2026-07-24 12:51:32.041] [error] [serial_port.cpp] 无法打开串口 /dev/ttyACM0

[2026-07-24 12:51:32.548] [warning] [serial_port.cpp] 尝试重新打开串口...
[2026-07-24 12:51:32.548] [error] [serial_port.cpp] 无法打开串口 /dev/ttyACM0

[2026-07-24 12:51:33.052] [warning] [serial_port.cpp] 尝试重新打开串口...
[2026-07-24 12:51:33.052] [error] [serial_port.cpp] 无法打开串口 /dev/ttyACM0

[2026-07-24 12:51:33.557] [warning] [serial_port.cpp] 尝试重新打开串口...
[2026-07-24 12:51:33.557] [error] [serial_port.cpp] 无法打开串口 /dev/ttyACM0

[2026-07-24 12:51:34.063] [warning] [serial_port.cpp] 尝试重新打开串口...
[2026-07-24 12:51:34.063] [error] [serial_port.cpp] 无法打开串口 /dev/ttyACM0

[2026-07-24 12:51:34.568] [warning] [serial_port.cpp] 尝试重新打开串口...
[2026-07-24 12:51:34.569] [error] [serial_port.cpp] 无法打开串口 /dev/ttyACM0

[2026-07-24 12:51:35.074] [warning] [serial_port.cpp] 尝试重新打开串口...
[2026-07-24 12:51:35.074] [error] [serial_port.cpp] 无法打开串口 /dev/ttyACM0

[2026-07-24 12:51:35.579] [warning] [serial_port.cpp] 尝试重新打开串口...
[2026-07-24 12:51:35.579] [error] [serial_port.cpp] 无法打开串口 /dev/ttyACM0

[2026-07-24 12:51:36.084] [warning] [serial_port.cpp] 尝试重新打开串口...
[2026-07-24 12:51:36.084] [error] [serial_port.cpp] 无法打开串口 /dev/ttyACM0

[2026-07-24 12:51:36.588] [warning] [serial_port.cpp] 尝试重新打开串口...
[2026-07-24 12:51:36.588] [error] [serial_port.cpp] 无法打开串口 /dev/ttyACM0

[2026-07-24 12:51:37.094] [warning] [serial_port.cpp] 尝试重新打开串口...
[2026-07-24 12:51:37.094] [error] [serial_port.cpp] 无法打开串口 /dev/ttyACM0

[2026-07-24 12:51:37.599] [warning] [serial_port.cpp] 尝试重新打开串口...
[2026-07-24 12:51:37.599] [error] [serial_port.cpp] 无法打开串口 /dev/ttyACM0

[2026-07-24 12:51:38.104] [warning] [serial_port.cpp] 尝试重新打开串口...
[2026-07-24 12:51:38.104] [error] [serial_port.cpp] 无法打开串口 /dev/ttyACM0

[2026-07-24 12:51:38.610] [warning] [serial_port.cpp] 尝试重新打开串口...
[2026-07-24 12:51:38.610] [error] [serial_port.cpp] 无法打开串口 /dev/ttyACM0

[2026-07-24 12:51:39.116] [warning] [serial_port.cpp] 尝试重新打开串口...
[2026-07-24 12:51:39.116] [error] [serial_port.cpp] 无法打开串口 /dev/ttyACM0

[2026-07-24 12:51:39.622] [warning] [serial_port.cpp] 尝试重新打开串口...
[2026-07-24 12:51:39.622] [error] [serial_port.cpp] 无法打开串口 /dev/ttyACM0

[2026-07-24 12:51:40.129] [warning] [serial_port.cpp] 尝试重新打开串口...
[2026-07-24 12:51:40.129] [error] [serial_port.cpp] 无法打开串口 /dev/ttyACM0

[2026-07-24 12:51:40.637] [warning] [serial_port.cpp] 尝试重新打开串口...
[2026-07-24 12:51:40.637] [error] [serial_port.cpp] 无法打开串口 /dev/ttyACM0

[2026-07-24 12:51:41.145] [warning] [serial_port.cpp] 尝试重新打开串口...
[2026-07-24 12:51:41.145] [error] [serial_port.cpp] 无法打开串口 /dev/ttyACM0

[2026-07-24 12:51:41.651] [warning] [serial_port.cpp] 尝试重新打开串口...
[2026-07-24 12:51:41.651] [error] [serial_port.cpp] 无法打开串口 /dev/ttyACM0

[2026-07-24 12:51:42.158] [warning] [serial_port.cpp] 尝试重新打开串口...
[2026-07-24 12:51:42.158] [error] [serial_port.cpp] 无法打开串口 /dev/ttyACM0

[2026-07-24 12:51:42.664] [warning] [serial_port.cpp] 尝试重新打开串口...
[2026-07-24 12:51:42.664] [error] [serial_port.cpp] 无法打开串口 /dev/ttyACM0

[2026-07-24 12:51:43.169] [warning] [serial_port.cpp] 尝试重新打开串口...
[2026-07-24 12:51:43.169] [error] [serial_port.cpp] 无法打开串口 /dev/ttyACM0

[2026-07-24 12:51:43.676] [warning] [serial_port.cpp] 尝试重新打开串口...
[2026-07-24 12:51:43.676] [error] [serial_port.cpp] 无法打开串口 /dev/ttyACM0

[2026-07-24 12:51:44.182] [warning] [serial_port.cpp] 尝试重新打开串口...
[2026-07-24 12:51:44.182] [error] [serial_port.cpp] 无法打开串口 /dev/ttyACM0

[2026-07-24 12:51:44.689] [warning] [serial_port.cpp] 尝试重新打开串口...
[2026-07-24 12:51:44.690] [error] [serial_port.cpp] 无法打开串口 /dev/ttyACM0

[2026-07-24 12:51:45.195] [warning] [serial_port.cpp] 尝试重新打开串口...
[2026-07-24 12:51:45.195] [error] [serial_port.cpp] 无法打开串口 /dev/ttyACM0

[2026-07-24 12:51:45.701] [warning] [serial_port.cpp] 尝试重新打开串口...
[2026-07-24 12:51:45.701] [error] [serial_port.cpp] 无法打开串口 /dev/ttyACM0

[2026-07-24 12:51:46.206] [warning] [serial_port.cpp] 尝试重新打开串口...
[2026-07-24 12:51:46.206] [error] [serial_port.cpp] 无法打开串口 /dev/ttyACM0

[2026-07-24 12:51:46.712] [warning] [serial_port.cpp] 尝试重新打开串口...
[2026-07-24 12:51:46.712] [error] [serial_port.cpp] 无法打开串口 /dev/ttyACM0

[2026-07-24 12:51:47.217] [warning] [serial_port.cpp] 尝试重新打开串口...
[2026-07-24 12:51:47.217] [error] [serial_port.cpp] 无法打开串口 /dev/ttyACM0

[2026-07-24 12:51:47.721] [warning] [serial_port.cpp] 尝试重新打开串口...
[2026-07-24 12:51:47.721] [error] [serial_port.cpp] 无法打开串口 /dev/ttyACM0

[2026-07-24 12:51:48.226] [warning] [serial_port.cpp] 尝试重新打开串口...
[2026-07-24 12:51:48.226] [error] [serial_port.cpp] 无法打开串口 /dev/ttyACM0

[2026-07-24 12:51:48.731] [warning] [serial_port.cpp] 尝试重新打开串口...
[2026-07-24 12:51:48.732] [error] [serial_port.cpp] 无法打开串口 /dev/ttyACM0

[2026-07-24 12:51:49.236] [warning] [serial_port.cpp] 尝试重新打开串口...
[2026-07-24 12:51:49.236] [error] [serial_port.cpp] 无法打开串口 /dev/ttyACM0

[2026-07-24 12:51:49.743] [warning] [serial_port.cpp] 尝试重新打开串口...
[2026-07-24 12:51:49.743] [error] [serial_port.cpp] 无法打开串口 /dev/ttyACM0

[2026-07-24 12:51:50.249] [warning] [serial_port.cpp] 尝试重新打开串口...
[2026-07-24 12:51:50.249] [error] [serial_port.cpp] 无法打开串口 /dev/ttyACM0

[2026-07-24 12:51:50.754] [warning] [serial_port.cpp] 尝试重新打开串口...
[2026-07-24 12:51:50.754] [error] [serial_port.cpp] 无法打开串口 /dev/ttyACM0

[2026-07-24 12:51:51.258] [warning] [serial_port.cpp] 尝试重新打开串口...
[2026-07-24 12:51:51.258] [error] [serial_port.cpp] 无法打开串口 /dev/ttyACM0

[2026-07-24 12:51:51.763] [warning] [serial_port.cpp] 尝试重新打开串口...
[2026-07-24 12:51:51.764] [error] [serial_port.cpp] 无法打开串口 /dev/ttyACM0

[2026-07-24 12:51:52.269] [warning] [serial_port.cpp] 尝试重新打开串口...
[2026-07-24 12:51:52.269] [error] [serial_port.cpp] 无法打开串口 /dev/ttyACM0

[2026-07-24 12:51:52.775] [warning] [serial_port.cpp] 尝试重新打开串口...
[2026-07-24 12:51:52.775] [error] [serial_port.cpp] 无法打开串口 /dev/ttyACM0

[2026-07-24 12:51:53.281] [warning] [serial_port.cpp] 尝试重新打开串口...
[2026-07-24 12:51:53.281] [error] [serial_port.cpp] 无法打开串口 /dev/ttyACM0

[2026-07-24 12:51:53.786] [warning] [serial_port.cpp] 尝试重新打开串口...
[2026-07-24 12:51:53.786] [error] [serial_port.cpp] 无法打开串口 /dev/ttyACM0

[2026-07-24 12:51:54.290] [warning] [serial_port.cpp] 尝试重新打开串口...
[2026-07-24 12:51:54.290] [error] [serial_port.cpp] 无法打开串口 /dev/ttyACM0

[2026-07-24 12:51:54.795] [warning] [serial_port.cpp] 尝试重新打开串口...
[2026-07-24 12:51:54.795] [error] [serial_port.cpp] 无法打开串口 /dev/ttyACM0

[2026-07-24 12:51:55.301] [warning] [serial_port.cpp] 尝试重新打开串口...
[2026-07-24 12:51:55.301] [error] [serial_port.cpp] 无法打开串口 /dev/ttyACM0

[2026-07-24 12:51:55.806] [warning] [serial_port.cpp] 尝试重新打开串口...
[2026-07-24 12:51:55.806] [error] [serial_port.cpp] 无法打开串口 /dev/ttyACM0

[2026-07-24 12:51:56.311] [warning] [serial_port.cpp] 尝试重新打开串口...
[2026-07-24 12:51:56.311] [error] [serial_port.cpp] 无法打开串口 /dev/ttyACM0

[2026-07-24 12:51:56.815] [warning] [serial_port.cpp] 尝试重新打开串口...
[2026-07-24 12:51:56.815] [error] [serial_port.cpp] 无法打开串口 /dev/ttyACM0

[2026-07-24 12:51:57.319] [warning] [serial_port.cpp] 尝试重新打开串口...
[2026-07-24 12:51:57.319] [error] [serial_port.cpp] 无法打开串口 /dev/ttyACM0

[2026-07-24 12:51:57.825] [warning] [serial_port.cpp] 尝试重新打开串口...
[2026-07-24 12:51:57.825] [error] [serial_port.cpp] 无法打开串口 /dev/ttyACM0

[2026-07-24 12:51:58.331] [warning] [serial_port.cpp] 尝试重新打开串口...
[2026-07-24 12:51:58.331] [error] [serial_port.cpp] 无法打开串口 /dev/ttyACM0

[2026-07-24 12:51:58.839] [warning] [serial_port.cpp] 尝试重新打开串口...
[2026-07-24 12:51:58.839] [error] [serial_port.cpp] 无法打开串口 /dev/ttyACM0

[2026-07-24 12:51:59.344] [warning] [serial_port.cpp] 尝试重新打开串口...
[2026-07-24 12:51:59.344] [error] [serial_port.cpp] 无法打开串口 /dev/ttyACM0

[2026-07-24 12:51:59.852] [warning] [serial_port.cpp] 尝试重新打开串口...
[2026-07-24 12:51:59.852] [error] [serial_port.cpp] 无法打开串口 /dev/ttyACM0

[2026-07-24 12:52:00.357] [warning] [serial_port.cpp] 尝试重新打开串口...
[2026-07-24 12:52:00.358] [error] [serial_port.cpp] 无法打开串口 /dev/ttyACM0

[2026-07-24 12:52:00.862] [warning] [serial_port.cpp] 尝试重新打开串口...
[2026-07-24 12:52:00.862] [error] [serial_port.cpp] 无法打开串口 /dev/ttyACM0

[2026-07-24 12:52:01.367] [warning] [serial_port.cpp] 尝试重新打开串口...
[2026-07-24 12:52:01.367] [error] [serial_port.cpp] 无法打开串口 /dev/ttyACM0

[2026-07-24 12:52:01.871] [warning] [serial_port.cpp] 尝试重新打开串口...
[2026-07-24 12:52:01.871] [error] [serial_port.cpp] 无法打开串口 /dev/ttyACM0

[2026-07-24 12:52:02.375] [warning] [serial_port.cpp] 尝试重新打开串口...
[2026-07-24 12:52:02.376] [error] [serial_port.cpp] 无法打开串口 /dev/ttyACM0

[2026-07-24 12:52:02.880] [warning] [serial_port.cpp] 尝试重新打开串口...
[2026-07-24 12:52:02.880] [error] [serial_port.cpp] 无法打开串口 /dev/ttyACM0

[2026-07-24 12:52:03.374] [debug] 

[2026-07-24 12:52:03.374] [warning] [main.cpp] 捕捉到退出信号(SIGINT)，准备退出程序...

[2026-07-24 12:52:03.416] [info] [HttpStream] HTTP 服务器已停止。
