[2026-07-24 02:27:08.940] [debug] ================= [CONFIG LOADED] =================
[2026-07-24 02:27:08.940] [debug]   Mode: PC
[2026-07-24 02:27:08.940] [debug]   Camera ID : 0
[2026-07-24 02:27:08.940] [debug]   Target Res: 1280x720
[2026-07-24 02:27:08.940] [debug]   Target Fmt: MJPG
[2026-07-24 02:27:08.940] [debug]   Target Brightness: 0
[2026-07-24 02:27:08.940] [debug]   Target Contrast: 0
[2026-07-24 02:27:08.940] [debug]   Model Path: ../models/detect.prototxt | ../models/detect.caffemodel | ../models/sr.prototxt | ../models/sr.caffemodel

[2026-07-24 02:27:08.940] [debug]   Stream        : Port=5000, Res=960x540, Quality=60
[2026-07-24 02:27:08.940] [debug] ===================================================
[2026-07-24 02:27:08.945] [info] [qrcode_scanner.cpp] 微信模型加载成功
[2026-07-24 02:27:08.971] [debug] 
[2026-07-24 02:27:08.971] [debug] ================= [ACTUAL CAMERA STATUS] =================
[2026-07-24 02:27:08.971] [debug]   Backend API   : V4L2
[2026-07-24 02:27:08.971] [debug]   Resolution    : 1280x720
[2026-07-24 02:27:08.971] [debug]   FPS           : 30
[2026-07-24 02:27:08.971] [debug]   Video Format  : MJPG
[2026-07-24 02:27:08.971] [debug]   Exposure      : 166
[2026-07-24 02:27:08.971] [debug]   Brightness    : 0
[2026-07-24 02:27:08.971] [debug]   Contrast      : 0
[2026-07-24 02:27:08.971] [debug] ==========================================================
[2026-07-24 02:27:08.971] [debug] [main.cpp] 相机初始化完毕, 按 'ESC' 或 'q' 退出

[2026-07-24 02:27:08.971] [debug] ================= [SERIAL STATUS] =================
[2026-07-24 02:27:08.971] [error] [serial_port.cpp] 无法打开串口 /dev/ttyACM0

[2026-07-24 02:27:08.971] [error]   is_serial_open: FAILED
[2026-07-24 02:27:08.971] [debug] ===================================================

[2026-07-24 02:27:08.971] [info] [HttpStream] HTTP 服务器已启动，端口: 5000
[2026-07-24 02:27:08.971] [info] [HttpStream] 服务器正在 0.0.0.0:5000 监听
[2026-07-24 02:27:08.971] [info] [SERIAL THREAD] 相机 OK, 串口 ERROR, 有效信息 NO, 发送 255 and 255 FAILED
[2026-07-24 02:27:08.971] [info] 本机局域网 IP: 10.62.146.83  (接口: wlp0s20f3)
[2026-07-24 02:27:08.971] [debug] [main.cpp] starting 3 threads...

[2026-07-24 02:27:09.446] [warning] [serial_port.cpp] 尝试重新打开串口...
[2026-07-24 02:27:09.446] [error] [serial_port.cpp] 无法打开串口 /dev/ttyACM0

[2026-07-24 02:27:09.951] [warning] [serial_port.cpp] 尝试重新打开串口...
[2026-07-24 02:27:09.951] [error] [serial_port.cpp] 无法打开串口 /dev/ttyACM0

[2026-07-24 02:27:10.455] [warning] [serial_port.cpp] 尝试重新打开串口...
[2026-07-24 02:27:10.456] [error] [serial_port.cpp] 无法打开串口 /dev/ttyACM0

[2026-07-24 02:27:10.959] [warning] [serial_port.cpp] 尝试重新打开串口...
[2026-07-24 02:27:10.959] [error] [serial_port.cpp] 无法打开串口 /dev/ttyACM0

[2026-07-24 02:27:11.464] [warning] [serial_port.cpp] 尝试重新打开串口...
[2026-07-24 02:27:11.464] [error] [serial_port.cpp] 无法打开串口 /dev/ttyACM0

[2026-07-24 02:27:11.968] [warning] [serial_port.cpp] 尝试重新打开串口...
[2026-07-24 02:27:11.968] [error] [serial_port.cpp] 无法打开串口 /dev/ttyACM0

[2026-07-24 02:27:12.474] [warning] [serial_port.cpp] 尝试重新打开串口...
[2026-07-24 02:27:12.474] [error] [serial_port.cpp] 无法打开串口 /dev/ttyACM0

[2026-07-24 02:27:12.978] [warning] [serial_port.cpp] 尝试重新打开串口...
[2026-07-24 02:27:12.978] [error] [serial_port.cpp] 无法打开串口 /dev/ttyACM0

[2026-07-24 02:27:13.482] [warning] [serial_port.cpp] 尝试重新打开串口...
[2026-07-24 02:27:13.482] [error] [serial_port.cpp] 无法打开串口 /dev/ttyACM0

[2026-07-24 02:27:13.986] [warning] [serial_port.cpp] 尝试重新打开串口...
[2026-07-24 02:27:13.986] [error] [serial_port.cpp] 无法打开串口 /dev/ttyACM0

[2026-07-24 02:27:14.491] [warning] [serial_port.cpp] 尝试重新打开串口...
[2026-07-24 02:27:14.491] [error] [serial_port.cpp] 无法打开串口 /dev/ttyACM0

[2026-07-24 02:27:14.995] [warning] [serial_port.cpp] 尝试重新打开串口...
[2026-07-24 02:27:14.995] [error] [serial_port.cpp] 无法打开串口 /dev/ttyACM0

[2026-07-24 02:27:15.499] [warning] [serial_port.cpp] 尝试重新打开串口...
[2026-07-24 02:27:15.499] [error] [serial_port.cpp] 无法打开串口 /dev/ttyACM0

[2026-07-24 02:27:16.004] [warning] [serial_port.cpp] 尝试重新打开串口...
[2026-07-24 02:27:16.004] [error] [serial_port.cpp] 无法打开串口 /dev/ttyACM0

[2026-07-24 02:27:16.509] [warning] [serial_port.cpp] 尝试重新打开串口...
[2026-07-24 02:27:16.509] [error] [serial_port.cpp] 无法打开串口 /dev/ttyACM0

[2026-07-24 02:27:17.013] [warning] [serial_port.cpp] 尝试重新打开串口...
[2026-07-24 02:27:17.013] [error] [serial_port.cpp] 无法打开串口 /dev/ttyACM0

[2026-07-24 02:27:17.519] [warning] [serial_port.cpp] 尝试重新打开串口...
[2026-07-24 02:27:17.519] [error] [serial_port.cpp] 无法打开串口 /dev/ttyACM0

[2026-07-24 02:27:18.023] [warning] [serial_port.cpp] 尝试重新打开串口...
[2026-07-24 02:27:18.023] [error] [serial_port.cpp] 无法打开串口 /dev/ttyACM0

[2026-07-24 02:27:18.527] [warning] [serial_port.cpp] 尝试重新打开串口...
[2026-07-24 02:27:18.527] [error] [serial_port.cpp] 无法打开串口 /dev/ttyACM0

[2026-07-24 02:27:19.030] [warning] [serial_port.cpp] 尝试重新打开串口...
[2026-07-24 02:27:19.030] [error] [serial_port.cpp] 无法打开串口 /dev/ttyACM0

[2026-07-24 02:27:19.534] [warning] [serial_port.cpp] 尝试重新打开串口...
[2026-07-24 02:27:19.535] [error] [serial_port.cpp] 无法打开串口 /dev/ttyACM0

[2026-07-24 02:27:20.038] [warning] [serial_port.cpp] 尝试重新打开串口...
[2026-07-24 02:27:20.038] [error] [serial_port.cpp] 无法打开串口 /dev/ttyACM0

[2026-07-24 02:27:20.543] [warning] [serial_port.cpp] 尝试重新打开串口...
[2026-07-24 02:27:20.543] [error] [serial_port.cpp] 无法打开串口 /dev/ttyACM0

[2026-07-24 02:27:21.047] [warning] [serial_port.cpp] 尝试重新打开串口...
[2026-07-24 02:27:21.047] [error] [serial_port.cpp] 无法打开串口 /dev/ttyACM0

[2026-07-24 02:27:21.551] [warning] [serial_port.cpp] 尝试重新打开串口...
[2026-07-24 02:27:21.551] [error] [serial_port.cpp] 无法打开串口 /dev/ttyACM0

[2026-07-24 02:27:22.056] [warning] [serial_port.cpp] 尝试重新打开串口...
[2026-07-24 02:27:22.056] [error] [serial_port.cpp] 无法打开串口 /dev/ttyACM0

[2026-07-24 02:27:22.560] [warning] [serial_port.cpp] 尝试重新打开串口...
[2026-07-24 02:27:22.560] [error] [serial_port.cpp] 无法打开串口 /dev/ttyACM0

[2026-07-24 02:27:23.063] [warning] [serial_port.cpp] 尝试重新打开串口...
[2026-07-24 02:27:23.064] [error] [serial_port.cpp] 无法打开串口 /dev/ttyACM0

[2026-07-24 02:27:23.567] [warning] [serial_port.cpp] 尝试重新打开串口...
[2026-07-24 02:27:23.567] [error] [serial_port.cpp] 无法打开串口 /dev/ttyACM0

[2026-07-24 02:27:24.071] [warning] [serial_port.cpp] 尝试重新打开串口...
[2026-07-24 02:27:24.071] [error] [serial_port.cpp] 无法打开串口 /dev/ttyACM0

[2026-07-24 02:27:24.576] [warning] [serial_port.cpp] 尝试重新打开串口...
[2026-07-24 02:27:24.576] [error] [serial_port.cpp] 无法打开串口 /dev/ttyACM0

[2026-07-24 02:27:25.081] [warning] [serial_port.cpp] 尝试重新打开串口...
[2026-07-24 02:27:25.081] [error] [serial_port.cpp] 无法打开串口 /dev/ttyACM0

[2026-07-24 02:27:25.448] [info] [qrcode_scanner.cpp] data1 更新，检测到 基础框 和 核心框 的颜色: Yellow,Red
[2026-07-24 02:27:25.454] [info] [SERIAL THREAD] 相机 OK, 串口 ERROR, 有效信息 YES, 发送 3 and 255 FAILED
[2026-07-24 02:27:25.585] [warning] [serial_port.cpp] 尝试重新打开串口...
[2026-07-24 02:27:25.585] [error] [serial_port.cpp] 无法打开串口 /dev/ttyACM0

[2026-07-24 02:27:25.672] [info] [qrcode_scanner.cpp] data2 更新，检测到 三个投球框 的颜色顺序: Red,Yellow,Blue
[2026-07-24 02:27:25.676] [info] [SERIAL THREAD] 相机 OK, 串口 ERROR, 有效信息 YES, 发送 3 and 1 FAILED
[2026-07-24 02:27:26.089] [warning] [serial_port.cpp] 尝试重新打开串口...
[2026-07-24 02:27:26.089] [error] [serial_port.cpp] 无法打开串口 /dev/ttyACM0

[2026-07-24 02:27:26.594] [warning] [serial_port.cpp] 尝试重新打开串口...
[2026-07-24 02:27:26.595] [error] [serial_port.cpp] 无法打开串口 /dev/ttyACM0

[2026-07-24 02:27:27.098] [warning] [serial_port.cpp] 尝试重新打开串口...
[2026-07-24 02:27:27.099] [error] [serial_port.cpp] 无法打开串口 /dev/ttyACM0

[2026-07-24 02:27:27.602] [warning] [serial_port.cpp] 尝试重新打开串口...
[2026-07-24 02:27:27.602] [error] [serial_port.cpp] 无法打开串口 /dev/ttyACM0

[2026-07-24 02:27:28.107] [warning] [serial_port.cpp] 尝试重新打开串口...
[2026-07-24 02:27:28.107] [error] [serial_port.cpp] 无法打开串口 /dev/ttyACM0

[2026-07-24 02:27:28.617] [warning] [serial_port.cpp] 尝试重新打开串口...
[2026-07-24 02:27:28.617] [error] [serial_port.cpp] 无法打开串口 /dev/ttyACM0

[2026-07-24 02:27:29.123] [warning] [serial_port.cpp] 尝试重新打开串口...
[2026-07-24 02:27:29.123] [error] [serial_port.cpp] 无法打开串口 /dev/ttyACM0

[2026-07-24 02:27:29.623] [warning] [serial_port.cpp] 尝试重新打开串口...
[2026-07-24 02:27:29.623] [error] [serial_port.cpp] 无法打开串口 /dev/ttyACM0

[2026-07-24 02:27:30.129] [warning] [serial_port.cpp] 尝试重新打开串口...
[2026-07-24 02:27:30.129] [error] [serial_port.cpp] 无法打开串口 /dev/ttyACM0

[2026-07-24 02:27:30.633] [warning] [serial_port.cpp] 尝试重新打开串口...
[2026-07-24 02:27:30.633] [error] [serial_port.cpp] 无法打开串口 /dev/ttyACM0

[2026-07-24 02:27:31.137] [warning] [serial_port.cpp] 尝试重新打开串口...
[2026-07-24 02:27:31.137] [error] [serial_port.cpp] 无法打开串口 /dev/ttyACM0

[2026-07-24 02:27:31.643] [warning] [serial_port.cpp] 尝试重新打开串口...
[2026-07-24 02:27:31.643] [error] [serial_port.cpp] 无法打开串口 /dev/ttyACM0

[2026-07-24 02:27:32.147] [warning] [serial_port.cpp] 尝试重新打开串口...
[2026-07-24 02:27:32.147] [error] [serial_port.cpp] 无法打开串口 /dev/ttyACM0

[2026-07-24 02:27:32.652] [warning] [serial_port.cpp] 尝试重新打开串口...
[2026-07-24 02:27:32.652] [error] [serial_port.cpp] 无法打开串口 /dev/ttyACM0

[2026-07-24 02:27:33.156] [warning] [serial_port.cpp] 尝试重新打开串口...
[2026-07-24 02:27:33.156] [error] [serial_port.cpp] 无法打开串口 /dev/ttyACM0

[2026-07-24 02:27:33.659] [warning] [serial_port.cpp] 尝试重新打开串口...
[2026-07-24 02:27:33.660] [error] [serial_port.cpp] 无法打开串口 /dev/ttyACM0

[2026-07-24 02:27:34.164] [warning] [serial_port.cpp] 尝试重新打开串口...
[2026-07-24 02:27:34.165] [error] [serial_port.cpp] 无法打开串口 /dev/ttyACM0

[2026-07-24 02:27:34.669] [warning] [serial_port.cpp] 尝试重新打开串口...
[2026-07-24 02:27:34.669] [error] [serial_port.cpp] 无法打开串口 /dev/ttyACM0

[2026-07-24 02:27:35.173] [warning] [serial_port.cpp] 尝试重新打开串口...
[2026-07-24 02:27:35.173] [error] [serial_port.cpp] 无法打开串口 /dev/ttyACM0

[2026-07-24 02:27:35.677] [warning] [serial_port.cpp] 尝试重新打开串口...
[2026-07-24 02:27:35.677] [error] [serial_port.cpp] 无法打开串口 /dev/ttyACM0

[2026-07-24 02:27:36.181] [warning] [serial_port.cpp] 尝试重新打开串口...
[2026-07-24 02:27:36.182] [error] [serial_port.cpp] 无法打开串口 /dev/ttyACM0

[2026-07-24 02:27:36.687] [warning] [serial_port.cpp] 尝试重新打开串口...
[2026-07-24 02:27:36.687] [error] [serial_port.cpp] 无法打开串口 /dev/ttyACM0

[2026-07-24 02:27:37.191] [warning] [serial_port.cpp] 尝试重新打开串口...
[2026-07-24 02:27:37.191] [error] [serial_port.cpp] 无法打开串口 /dev/ttyACM0

[2026-07-24 02:27:37.696] [warning] [serial_port.cpp] 尝试重新打开串口...
[2026-07-24 02:27:37.696] [error] [serial_port.cpp] 无法打开串口 /dev/ttyACM0

[2026-07-24 02:27:38.201] [warning] [serial_port.cpp] 尝试重新打开串口...
[2026-07-24 02:27:38.201] [error] [serial_port.cpp] 无法打开串口 /dev/ttyACM0

[2026-07-24 02:27:38.705] [warning] [serial_port.cpp] 尝试重新打开串口...
[2026-07-24 02:27:38.705] [error] [serial_port.cpp] 无法打开串口 /dev/ttyACM0

[2026-07-24 02:27:39.209] [warning] [serial_port.cpp] 尝试重新打开串口...
[2026-07-24 02:27:39.209] [error] [serial_port.cpp] 无法打开串口 /dev/ttyACM0

[2026-07-24 02:27:39.713] [warning] [serial_port.cpp] 尝试重新打开串口...
[2026-07-24 02:27:39.713] [error] [serial_port.cpp] 无法打开串口 /dev/ttyACM0

[2026-07-24 02:27:40.217] [warning] [serial_port.cpp] 尝试重新打开串口...
[2026-07-24 02:27:40.217] [error] [serial_port.cpp] 无法打开串口 /dev/ttyACM0

[2026-07-24 02:27:40.721] [warning] [serial_port.cpp] 尝试重新打开串口...
[2026-07-24 02:27:40.721] [error] [serial_port.cpp] 无法打开串口 /dev/ttyACM0

[2026-07-24 02:27:41.225] [warning] [serial_port.cpp] 尝试重新打开串口...
[2026-07-24 02:27:41.225] [error] [serial_port.cpp] 无法打开串口 /dev/ttyACM0

[2026-07-24 02:27:41.729] [warning] [serial_port.cpp] 尝试重新打开串口...
[2026-07-24 02:27:41.729] [error] [serial_port.cpp] 无法打开串口 /dev/ttyACM0

[2026-07-24 02:27:42.234] [warning] [serial_port.cpp] 尝试重新打开串口...
[2026-07-24 02:27:42.234] [error] [serial_port.cpp] 无法打开串口 /dev/ttyACM0

[2026-07-24 02:27:42.737] [warning] [serial_port.cpp] 尝试重新打开串口...
[2026-07-24 02:27:42.740] [error] [serial_port.cpp] 无法打开串口 /dev/ttyACM0

[2026-07-24 02:27:43.244] [warning] [serial_port.cpp] 尝试重新打开串口...
[2026-07-24 02:27:43.244] [error] [serial_port.cpp] 无法打开串口 /dev/ttyACM0

[2026-07-24 02:27:43.748] [warning] [serial_port.cpp] 尝试重新打开串口...
[2026-07-24 02:27:43.749] [error] [serial_port.cpp] 无法打开串口 /dev/ttyACM0

[2026-07-24 02:27:44.253] [warning] [serial_port.cpp] 尝试重新打开串口...
[2026-07-24 02:27:44.253] [error] [serial_port.cpp] 无法打开串口 /dev/ttyACM0

[2026-07-24 02:27:44.757] [warning] [serial_port.cpp] 尝试重新打开串口...
[2026-07-24 02:27:44.757] [error] [serial_port.cpp] 无法打开串口 /dev/ttyACM0

[2026-07-24 02:27:45.262] [warning] [serial_port.cpp] 尝试重新打开串口...
[2026-07-24 02:27:45.262] [error] [serial_port.cpp] 无法打开串口 /dev/ttyACM0

[2026-07-24 02:27:45.766] [warning] [serial_port.cpp] 尝试重新打开串口...
[2026-07-24 02:27:45.766] [error] [serial_port.cpp] 无法打开串口 /dev/ttyACM0

[2026-07-24 02:27:46.272] [warning] [serial_port.cpp] 尝试重新打开串口...
[2026-07-24 02:27:46.272] [error] [serial_port.cpp] 无法打开串口 /dev/ttyACM0

[2026-07-24 02:27:46.776] [warning] [serial_port.cpp] 尝试重新打开串口...
[2026-07-24 02:27:46.776] [error] [serial_port.cpp] 无法打开串口 /dev/ttyACM0

[2026-07-24 02:27:47.281] [warning] [serial_port.cpp] 尝试重新打开串口...
[2026-07-24 02:27:47.281] [error] [serial_port.cpp] 无法打开串口 /dev/ttyACM0

[2026-07-24 02:27:47.787] [warning] [serial_port.cpp] 尝试重新打开串口...
[2026-07-24 02:27:47.787] [error] [serial_port.cpp] 无法打开串口 /dev/ttyACM0

[2026-07-24 02:27:48.291] [warning] [serial_port.cpp] 尝试重新打开串口...
[2026-07-24 02:27:48.291] [error] [serial_port.cpp] 无法打开串口 /dev/ttyACM0

[2026-07-24 02:27:48.795] [warning] [serial_port.cpp] 尝试重新打开串口...
[2026-07-24 02:27:48.795] [error] [serial_port.cpp] 无法打开串口 /dev/ttyACM0

[2026-07-24 02:27:49.299] [warning] [serial_port.cpp] 尝试重新打开串口...
[2026-07-24 02:27:49.299] [error] [serial_port.cpp] 无法打开串口 /dev/ttyACM0

[2026-07-24 02:27:49.804] [warning] [serial_port.cpp] 尝试重新打开串口...
[2026-07-24 02:27:49.804] [error] [serial_port.cpp] 无法打开串口 /dev/ttyACM0

[2026-07-24 02:27:50.309] [warning] [serial_port.cpp] 尝试重新打开串口...
[2026-07-24 02:27:50.309] [error] [serial_port.cpp] 无法打开串口 /dev/ttyACM0

[2026-07-24 02:27:50.814] [warning] [serial_port.cpp] 尝试重新打开串口...
[2026-07-24 02:27:50.814] [error] [serial_port.cpp] 无法打开串口 /dev/ttyACM0

[2026-07-24 02:27:51.319] [warning] [serial_port.cpp] 尝试重新打开串口...
[2026-07-24 02:27:51.319] [error] [serial_port.cpp] 无法打开串口 /dev/ttyACM0

[2026-07-24 02:27:51.823] [warning] [serial_port.cpp] 尝试重新打开串口...
[2026-07-24 02:27:51.823] [error] [serial_port.cpp] 无法打开串口 /dev/ttyACM0

[2026-07-24 02:27:52.327] [warning] [serial_port.cpp] 尝试重新打开串口...
[2026-07-24 02:27:52.327] [error] [serial_port.cpp] 无法打开串口 /dev/ttyACM0

[2026-07-24 02:27:52.832] [warning] [serial_port.cpp] 尝试重新打开串口...
[2026-07-24 02:27:52.832] [error] [serial_port.cpp] 无法打开串口 /dev/ttyACM0

[2026-07-24 02:27:53.336] [warning] [serial_port.cpp] 尝试重新打开串口...
[2026-07-24 02:27:53.336] [error] [serial_port.cpp] 无法打开串口 /dev/ttyACM0

[2026-07-24 02:27:53.841] [warning] [serial_port.cpp] 尝试重新打开串口...
[2026-07-24 02:27:53.841] [error] [serial_port.cpp] 无法打开串口 /dev/ttyACM0

[2026-07-24 02:27:54.347] [warning] [serial_port.cpp] 尝试重新打开串口...
[2026-07-24 02:27:54.347] [error] [serial_port.cpp] 无法打开串口 /dev/ttyACM0

[2026-07-24 02:27:54.851] [warning] [serial_port.cpp] 尝试重新打开串口...
[2026-07-24 02:27:54.851] [error] [serial_port.cpp] 无法打开串口 /dev/ttyACM0

[2026-07-24 02:27:55.356] [warning] [serial_port.cpp] 尝试重新打开串口...
[2026-07-24 02:27:55.356] [error] [serial_port.cpp] 无法打开串口 /dev/ttyACM0

[2026-07-24 02:27:55.861] [warning] [serial_port.cpp] 尝试重新打开串口...
[2026-07-24 02:27:55.861] [error] [serial_port.cpp] 无法打开串口 /dev/ttyACM0

[2026-07-24 02:27:56.369] [warning] [serial_port.cpp] 尝试重新打开串口...
[2026-07-24 02:27:56.369] [error] [serial_port.cpp] 无法打开串口 /dev/ttyACM0

[2026-07-24 02:27:56.873] [warning] [serial_port.cpp] 尝试重新打开串口...
[2026-07-24 02:27:56.873] [error] [serial_port.cpp] 无法打开串口 /dev/ttyACM0

[2026-07-24 02:27:57.379] [warning] [serial_port.cpp] 尝试重新打开串口...
[2026-07-24 02:27:57.379] [error] [serial_port.cpp] 无法打开串口 /dev/ttyACM0

[2026-07-24 02:27:57.885] [warning] [serial_port.cpp] 尝试重新打开串口...
[2026-07-24 02:27:57.885] [error] [serial_port.cpp] 无法打开串口 /dev/ttyACM0

[2026-07-24 02:27:58.389] [warning] [serial_port.cpp] 尝试重新打开串口...
[2026-07-24 02:27:58.389] [error] [serial_port.cpp] 无法打开串口 /dev/ttyACM0

[2026-07-24 02:27:58.894] [warning] [serial_port.cpp] 尝试重新打开串口...
[2026-07-24 02:27:58.894] [error] [serial_port.cpp] 无法打开串口 /dev/ttyACM0

[2026-07-24 02:27:59.398] [warning] [serial_port.cpp] 尝试重新打开串口...
[2026-07-24 02:27:59.398] [error] [serial_port.cpp] 无法打开串口 /dev/ttyACM0

[2026-07-24 02:27:59.902] [warning] [serial_port.cpp] 尝试重新打开串口...
[2026-07-24 02:27:59.902] [error] [serial_port.cpp] 无法打开串口 /dev/ttyACM0

[2026-07-24 02:28:00.406] [warning] [serial_port.cpp] 尝试重新打开串口...
[2026-07-24 02:28:00.406] [error] [serial_port.cpp] 无法打开串口 /dev/ttyACM0

[2026-07-24 02:28:00.911] [warning] [serial_port.cpp] 尝试重新打开串口...
[2026-07-24 02:28:00.911] [error] [serial_port.cpp] 无法打开串口 /dev/ttyACM0

[2026-07-24 02:28:01.416] [warning] [serial_port.cpp] 尝试重新打开串口...
[2026-07-24 02:28:01.416] [error] [serial_port.cpp] 无法打开串口 /dev/ttyACM0

[2026-07-24 02:28:01.922] [warning] [serial_port.cpp] 尝试重新打开串口...
[2026-07-24 02:28:01.922] [error] [serial_port.cpp] 无法打开串口 /dev/ttyACM0

[2026-07-24 02:28:02.429] [warning] [serial_port.cpp] 尝试重新打开串口...
[2026-07-24 02:28:02.429] [error] [serial_port.cpp] 无法打开串口 /dev/ttyACM0

[2026-07-24 02:28:02.936] [warning] [serial_port.cpp] 尝试重新打开串口...
[2026-07-24 02:28:02.936] [error] [serial_port.cpp] 无法打开串口 /dev/ttyACM0

[2026-07-24 02:28:03.441] [warning] [serial_port.cpp] 尝试重新打开串口...
[2026-07-24 02:28:03.441] [error] [serial_port.cpp] 无法打开串口 /dev/ttyACM0

[2026-07-24 02:28:03.946] [warning] [serial_port.cpp] 尝试重新打开串口...
[2026-07-24 02:28:03.946] [error] [serial_port.cpp] 无法打开串口 /dev/ttyACM0

[2026-07-24 02:28:04.452] [warning] [serial_port.cpp] 尝试重新打开串口...
[2026-07-24 02:28:04.452] [error] [serial_port.cpp] 无法打开串口 /dev/ttyACM0

[2026-07-24 02:28:04.957] [warning] [serial_port.cpp] 尝试重新打开串口...
[2026-07-24 02:28:04.957] [error] [serial_port.cpp] 无法打开串口 /dev/ttyACM0

[2026-07-24 02:28:05.461] [warning] [serial_port.cpp] 尝试重新打开串口...
[2026-07-24 02:28:05.461] [error] [serial_port.cpp] 无法打开串口 /dev/ttyACM0

[2026-07-24 02:28:05.966] [warning] [serial_port.cpp] 尝试重新打开串口...
[2026-07-24 02:28:05.966] [error] [serial_port.cpp] 无法打开串口 /dev/ttyACM0

[2026-07-24 02:28:06.473] [warning] [serial_port.cpp] 尝试重新打开串口...
[2026-07-24 02:28:06.474] [error] [serial_port.cpp] 无法打开串口 /dev/ttyACM0

[2026-07-24 02:28:06.977] [warning] [serial_port.cpp] 尝试重新打开串口...
[2026-07-24 02:28:06.977] [error] [serial_port.cpp] 无法打开串口 /dev/ttyACM0

[2026-07-24 02:28:07.486] [warning] [serial_port.cpp] 尝试重新打开串口...
[2026-07-24 02:28:07.486] [error] [serial_port.cpp] 无法打开串口 /dev/ttyACM0

[2026-07-24 02:28:07.991] [warning] [serial_port.cpp] 尝试重新打开串口...
[2026-07-24 02:28:07.991] [error] [serial_port.cpp] 无法打开串口 /dev/ttyACM0

[2026-07-24 02:28:08.496] [warning] [serial_port.cpp] 尝试重新打开串口...
[2026-07-24 02:28:08.496] [error] [serial_port.cpp] 无法打开串口 /dev/ttyACM0

[2026-07-24 02:28:09.000] [warning] [serial_port.cpp] 尝试重新打开串口...
[2026-07-24 02:28:09.000] [error] [serial_port.cpp] 无法打开串口 /dev/ttyACM0

[2026-07-24 02:28:09.505] [warning] [serial_port.cpp] 尝试重新打开串口...
[2026-07-24 02:28:09.505] [error] [serial_port.cpp] 无法打开串口 /dev/ttyACM0

[2026-07-24 02:28:10.009] [warning] [serial_port.cpp] 尝试重新打开串口...
[2026-07-24 02:28:10.009] [error] [serial_port.cpp] 无法打开串口 /dev/ttyACM0

[2026-07-24 02:28:10.514] [warning] [serial_port.cpp] 尝试重新打开串口...
[2026-07-24 02:28:10.514] [error] [serial_port.cpp] 无法打开串口 /dev/ttyACM0

[2026-07-24 02:28:11.018] [warning] [serial_port.cpp] 尝试重新打开串口...
[2026-07-24 02:28:11.018] [error] [serial_port.cpp] 无法打开串口 /dev/ttyACM0

[2026-07-24 02:28:11.522] [warning] [serial_port.cpp] 尝试重新打开串口...
[2026-07-24 02:28:11.522] [error] [serial_port.cpp] 无法打开串口 /dev/ttyACM0

[2026-07-24 02:28:12.027] [warning] [serial_port.cpp] 尝试重新打开串口...
[2026-07-24 02:28:12.028] [error] [serial_port.cpp] 无法打开串口 /dev/ttyACM0

[2026-07-24 02:28:12.531] [warning] [serial_port.cpp] 尝试重新打开串口...
[2026-07-24 02:28:12.531] [error] [serial_port.cpp] 无法打开串口 /dev/ttyACM0

[2026-07-24 02:28:13.036] [warning] [serial_port.cpp] 尝试重新打开串口...
[2026-07-24 02:28:13.036] [error] [serial_port.cpp] 无法打开串口 /dev/ttyACM0

[2026-07-24 02:28:13.542] [warning] [serial_port.cpp] 尝试重新打开串口...
[2026-07-24 02:28:13.542] [error] [serial_port.cpp] 无法打开串口 /dev/ttyACM0

[2026-07-24 02:28:14.046] [warning] [serial_port.cpp] 尝试重新打开串口...
[2026-07-24 02:28:14.046] [error] [serial_port.cpp] 无法打开串口 /dev/ttyACM0

[2026-07-24 02:28:14.550] [warning] [serial_port.cpp] 尝试重新打开串口...
[2026-07-24 02:28:14.550] [error] [serial_port.cpp] 无法打开串口 /dev/ttyACM0

[2026-07-24 02:28:15.055] [warning] [serial_port.cpp] 尝试重新打开串口...
[2026-07-24 02:28:15.055] [error] [serial_port.cpp] 无法打开串口 /dev/ttyACM0

[2026-07-24 02:28:15.559] [warning] [serial_port.cpp] 尝试重新打开串口...
[2026-07-24 02:28:15.559] [error] [serial_port.cpp] 无法打开串口 /dev/ttyACM0

[2026-07-24 02:28:16.063] [warning] [serial_port.cpp] 尝试重新打开串口...
[2026-07-24 02:28:16.063] [error] [serial_port.cpp] 无法打开串口 /dev/ttyACM0

[2026-07-24 02:28:16.567] [warning] [serial_port.cpp] 尝试重新打开串口...
[2026-07-24 02:28:16.567] [error] [serial_port.cpp] 无法打开串口 /dev/ttyACM0

[2026-07-24 02:28:17.072] [warning] [serial_port.cpp] 尝试重新打开串口...
[2026-07-24 02:28:17.072] [error] [serial_port.cpp] 无法打开串口 /dev/ttyACM0

[2026-07-24 02:28:17.577] [warning] [serial_port.cpp] 尝试重新打开串口...
[2026-07-24 02:28:17.577] [error] [serial_port.cpp] 无法打开串口 /dev/ttyACM0

[2026-07-24 02:28:18.083] [warning] [serial_port.cpp] 尝试重新打开串口...
[2026-07-24 02:28:18.083] [error] [serial_port.cpp] 无法打开串口 /dev/ttyACM0

[2026-07-24 02:28:18.587] [warning] [serial_port.cpp] 尝试重新打开串口...
[2026-07-24 02:28:18.587] [error] [serial_port.cpp] 无法打开串口 /dev/ttyACM0

[2026-07-24 02:28:19.091] [warning] [serial_port.cpp] 尝试重新打开串口...
[2026-07-24 02:28:19.091] [error] [serial_port.cpp] 无法打开串口 /dev/ttyACM0

[2026-07-24 02:28:19.595] [warning] [serial_port.cpp] 尝试重新打开串口...
[2026-07-24 02:28:19.595] [error] [serial_port.cpp] 无法打开串口 /dev/ttyACM0

[2026-07-24 02:28:20.099] [warning] [serial_port.cpp] 尝试重新打开串口...
[2026-07-24 02:28:20.099] [error] [serial_port.cpp] 无法打开串口 /dev/ttyACM0

[2026-07-24 02:28:20.603] [warning] [serial_port.cpp] 尝试重新打开串口...
[2026-07-24 02:28:20.603] [error] [serial_port.cpp] 无法打开串口 /dev/ttyACM0

[2026-07-24 02:28:21.108] [warning] [serial_port.cpp] 尝试重新打开串口...
[2026-07-24 02:28:21.108] [error] [serial_port.cpp] 无法打开串口 /dev/ttyACM0

[2026-07-24 02:28:21.613] [warning] [serial_port.cpp] 尝试重新打开串口...
[2026-07-24 02:28:21.613] [error] [serial_port.cpp] 无法打开串口 /dev/ttyACM0

[2026-07-24 02:28:22.117] [warning] [serial_port.cpp] 尝试重新打开串口...
[2026-07-24 02:28:22.117] [error] [serial_port.cpp] 无法打开串口 /dev/ttyACM0

[2026-07-24 02:28:22.621] [warning] [serial_port.cpp] 尝试重新打开串口...
[2026-07-24 02:28:22.621] [error] [serial_port.cpp] 无法打开串口 /dev/ttyACM0

[2026-07-24 02:28:23.125] [warning] [serial_port.cpp] 尝试重新打开串口...
[2026-07-24 02:28:23.125] [error] [serial_port.cpp] 无法打开串口 /dev/ttyACM0

[2026-07-24 02:28:23.630] [warning] [serial_port.cpp] 尝试重新打开串口...
[2026-07-24 02:28:23.630] [error] [serial_port.cpp] 无法打开串口 /dev/ttyACM0

[2026-07-24 02:28:24.134] [warning] [serial_port.cpp] 尝试重新打开串口...
[2026-07-24 02:28:24.134] [error] [serial_port.cpp] 无法打开串口 /dev/ttyACM0

[2026-07-24 02:28:24.638] [warning] [serial_port.cpp] 尝试重新打开串口...
[2026-07-24 02:28:24.638] [error] [serial_port.cpp] 无法打开串口 /dev/ttyACM0

[2026-07-24 02:28:25.141] [warning] [serial_port.cpp] 尝试重新打开串口...
[2026-07-24 02:28:25.141] [error] [serial_port.cpp] 无法打开串口 /dev/ttyACM0

[2026-07-24 02:28:25.645] [warning] [serial_port.cpp] 尝试重新打开串口...
[2026-07-24 02:28:25.645] [error] [serial_port.cpp] 无法打开串口 /dev/ttyACM0

[2026-07-24 02:28:26.149] [warning] [serial_port.cpp] 尝试重新打开串口...
[2026-07-24 02:28:26.149] [error] [serial_port.cpp] 无法打开串口 /dev/ttyACM0

[2026-07-24 02:28:26.653] [warning] [serial_port.cpp] 尝试重新打开串口...
[2026-07-24 02:28:26.653] [error] [serial_port.cpp] 无法打开串口 /dev/ttyACM0

[2026-07-24 02:28:27.158] [warning] [serial_port.cpp] 尝试重新打开串口...
[2026-07-24 02:28:27.158] [error] [serial_port.cpp] 无法打开串口 /dev/ttyACM0

[2026-07-24 02:28:27.662] [warning] [serial_port.cpp] 尝试重新打开串口...
[2026-07-24 02:28:27.663] [error] [serial_port.cpp] 无法打开串口 /dev/ttyACM0

[2026-07-24 02:28:28.168] [warning] [serial_port.cpp] 尝试重新打开串口...
[2026-07-24 02:28:28.168] [error] [serial_port.cpp] 无法打开串口 /dev/ttyACM0

[2026-07-24 02:28:28.672] [warning] [serial_port.cpp] 尝试重新打开串口...
[2026-07-24 02:28:28.672] [error] [serial_port.cpp] 无法打开串口 /dev/ttyACM0

[2026-07-24 02:28:29.176] [warning] [serial_port.cpp] 尝试重新打开串口...
[2026-07-24 02:28:29.176] [error] [serial_port.cpp] 无法打开串口 /dev/ttyACM0

[2026-07-24 02:28:29.680] [warning] [serial_port.cpp] 尝试重新打开串口...
[2026-07-24 02:28:29.680] [error] [serial_port.cpp] 无法打开串口 /dev/ttyACM0

[2026-07-24 02:28:30.185] [warning] [serial_port.cpp] 尝试重新打开串口...
[2026-07-24 02:28:30.185] [error] [serial_port.cpp] 无法打开串口 /dev/ttyACM0

[2026-07-24 02:28:30.689] [warning] [serial_port.cpp] 尝试重新打开串口...
[2026-07-24 02:28:30.689] [error] [serial_port.cpp] 无法打开串口 /dev/ttyACM0

[2026-07-24 02:28:31.193] [warning] [serial_port.cpp] 尝试重新打开串口...
[2026-07-24 02:28:31.193] [error] [serial_port.cpp] 无法打开串口 /dev/ttyACM0

[2026-07-24 02:28:31.698] [warning] [serial_port.cpp] 尝试重新打开串口...
[2026-07-24 02:28:31.698] [error] [serial_port.cpp] 无法打开串口 /dev/ttyACM0

[2026-07-24 02:28:32.201] [warning] [serial_port.cpp] 尝试重新打开串口...
[2026-07-24 02:28:32.202] [error] [serial_port.cpp] 无法打开串口 /dev/ttyACM0

[2026-07-24 02:28:32.705] [warning] [serial_port.cpp] 尝试重新打开串口...
[2026-07-24 02:28:32.705] [error] [serial_port.cpp] 无法打开串口 /dev/ttyACM0

[2026-07-24 02:28:33.211] [warning] [serial_port.cpp] 尝试重新打开串口...
[2026-07-24 02:28:33.211] [error] [serial_port.cpp] 无法打开串口 /dev/ttyACM0

[2026-07-24 02:28:33.715] [warning] [serial_port.cpp] 尝试重新打开串口...
[2026-07-24 02:28:33.715] [error] [serial_port.cpp] 无法打开串口 /dev/ttyACM0

[2026-07-24 02:28:34.219] [warning] [serial_port.cpp] 尝试重新打开串口...
[2026-07-24 02:28:34.219] [error] [serial_port.cpp] 无法打开串口 /dev/ttyACM0

[2026-07-24 02:28:34.723] [warning] [serial_port.cpp] 尝试重新打开串口...
[2026-07-24 02:28:34.723] [error] [serial_port.cpp] 无法打开串口 /dev/ttyACM0

[2026-07-24 02:28:35.228] [warning] [serial_port.cpp] 尝试重新打开串口...
[2026-07-24 02:28:35.228] [error] [serial_port.cpp] 无法打开串口 /dev/ttyACM0

[2026-07-24 02:28:35.732] [warning] [serial_port.cpp] 尝试重新打开串口...
[2026-07-24 02:28:35.732] [error] [serial_port.cpp] 无法打开串口 /dev/ttyACM0

[2026-07-24 02:28:36.236] [warning] [serial_port.cpp] 尝试重新打开串口...
[2026-07-24 02:28:36.236] [error] [serial_port.cpp] 无法打开串口 /dev/ttyACM0

[2026-07-24 02:28:36.740] [warning] [serial_port.cpp] 尝试重新打开串口...
[2026-07-24 02:28:36.740] [error] [serial_port.cpp] 无法打开串口 /dev/ttyACM0

[2026-07-24 02:28:37.244] [warning] [serial_port.cpp] 尝试重新打开串口...
[2026-07-24 02:28:37.244] [error] [serial_port.cpp] 无法打开串口 /dev/ttyACM0

[2026-07-24 02:28:37.748] [warning] [serial_port.cpp] 尝试重新打开串口...
[2026-07-24 02:28:37.749] [error] [serial_port.cpp] 无法打开串口 /dev/ttyACM0

[2026-07-24 02:28:38.253] [warning] [serial_port.cpp] 尝试重新打开串口...
[2026-07-24 02:28:38.253] [error] [serial_port.cpp] 无法打开串口 /dev/ttyACM0

[2026-07-24 02:28:38.757] [warning] [serial_port.cpp] 尝试重新打开串口...
[2026-07-24 02:28:38.757] [error] [serial_port.cpp] 无法打开串口 /dev/ttyACM0

[2026-07-24 02:28:39.261] [warning] [serial_port.cpp] 尝试重新打开串口...
[2026-07-24 02:28:39.261] [error] [serial_port.cpp] 无法打开串口 /dev/ttyACM0

[2026-07-24 02:28:39.768] [warning] [serial_port.cpp] 尝试重新打开串口...
[2026-07-24 02:28:39.768] [error] [serial_port.cpp] 无法打开串口 /dev/ttyACM0

[2026-07-24 02:28:40.272] [warning] [serial_port.cpp] 尝试重新打开串口...
[2026-07-24 02:28:40.272] [error] [serial_port.cpp] 无法打开串口 /dev/ttyACM0

[2026-07-24 02:28:40.776] [warning] [serial_port.cpp] 尝试重新打开串口...
[2026-07-24 02:28:40.776] [error] [serial_port.cpp] 无法打开串口 /dev/ttyACM0

[2026-07-24 02:28:41.283] [warning] [serial_port.cpp] 尝试重新打开串口...
[2026-07-24 02:28:41.284] [error] [serial_port.cpp] 无法打开串口 /dev/ttyACM0

[2026-07-24 02:28:41.788] [warning] [serial_port.cpp] 尝试重新打开串口...
[2026-07-24 02:28:41.788] [error] [serial_port.cpp] 无法打开串口 /dev/ttyACM0

[2026-07-24 02:28:42.291] [warning] [serial_port.cpp] 尝试重新打开串口...
[2026-07-24 02:28:42.292] [error] [serial_port.cpp] 无法打开串口 /dev/ttyACM0

[2026-07-24 02:28:42.315] [info] [qrcode_scanner.cpp] 检测到 RESET!!! ，已重置
[2026-07-24 02:28:42.322] [info] [SERIAL THREAD] 相机 OK, 串口 ERROR, 有效信息 NO, 发送 255 and 255 FAILED
[2026-07-24 02:28:42.347] [info] [qrcode_scanner.cpp] 检测到 RESET!!! ，已重置
[2026-07-24 02:28:42.382] [info] [qrcode_scanner.cpp] 检测到 RESET!!! ，已重置
[2026-07-24 02:28:42.412] [info] [qrcode_scanner.cpp] 检测到 RESET!!! ，已重置
[2026-07-24 02:28:42.767] [info] [qrcode_scanner.cpp] 检测到 RESET!!! ，已重置
[2026-07-24 02:28:42.775] [info] [qrcode_scanner.cpp] 检测到 RESET!!! ，已重置
[2026-07-24 02:28:42.795] [warning] [serial_port.cpp] 尝试重新打开串口...
[2026-07-24 02:28:42.796] [error] [serial_port.cpp] 无法打开串口 /dev/ttyACM0

[2026-07-24 02:28:42.978] [info] [qrcode_scanner.cpp] 检测到 RESET!!! ，已重置
[2026-07-24 02:28:43.014] [info] [qrcode_scanner.cpp] 检测到 RESET!!! ，已重置
[2026-07-24 02:28:43.045] [info] [qrcode_scanner.cpp] 检测到 RESET!!! ，已重置
[2026-07-24 02:28:43.077] [info] [qrcode_scanner.cpp] 检测到 RESET!!! ，已重置
[2026-07-24 02:28:43.113] [info] [qrcode_scanner.cpp] 检测到 RESET!!! ，已重置
[2026-07-24 02:28:43.149] [info] [qrcode_scanner.cpp] 检测到 RESET!!! ，已重置
[2026-07-24 02:28:43.191] [info] [qrcode_scanner.cpp] 检测到 RESET!!! ，已重置
[2026-07-24 02:28:43.301] [warning] [serial_port.cpp] 尝试重新打开串口...
[2026-07-24 02:28:43.301] [error] [serial_port.cpp] 无法打开串口 /dev/ttyACM0

[2026-07-24 02:28:43.477] [info] [qrcode_scanner.cpp] 检测到 RESET!!! ，已重置
[2026-07-24 02:28:43.513] [info] [qrcode_scanner.cpp] 检测到 RESET!!! ，已重置
[2026-07-24 02:28:43.546] [info] [qrcode_scanner.cpp] 检测到 RESET!!! ，已重置
[2026-07-24 02:28:43.579] [info] [qrcode_scanner.cpp] 检测到 RESET!!! ，已重置
[2026-07-24 02:28:43.805] [warning] [serial_port.cpp] 尝试重新打开串口...
[2026-07-24 02:28:43.805] [error] [serial_port.cpp] 无法打开串口 /dev/ttyACM0

[2026-07-24 02:28:44.310] [warning] [serial_port.cpp] 尝试重新打开串口...
[2026-07-24 02:28:44.310] [error] [serial_port.cpp] 无法打开串口 /dev/ttyACM0

[2026-07-24 02:28:44.814] [warning] [serial_port.cpp] 尝试重新打开串口...
[2026-07-24 02:28:44.814] [error] [serial_port.cpp] 无法打开串口 /dev/ttyACM0

[2026-07-24 02:28:45.319] [warning] [serial_port.cpp] 尝试重新打开串口...
[2026-07-24 02:28:45.319] [error] [serial_port.cpp] 无法打开串口 /dev/ttyACM0

[2026-07-24 02:28:45.824] [warning] [serial_port.cpp] 尝试重新打开串口...
[2026-07-24 02:28:45.824] [error] [serial_port.cpp] 无法打开串口 /dev/ttyACM0

[2026-07-24 02:28:46.330] [warning] [serial_port.cpp] 尝试重新打开串口...
[2026-07-24 02:28:46.330] [error] [serial_port.cpp] 无法打开串口 /dev/ttyACM0

[2026-07-24 02:28:46.835] [warning] [serial_port.cpp] 尝试重新打开串口...
[2026-07-24 02:28:46.836] [error] [serial_port.cpp] 无法打开串口 /dev/ttyACM0

[2026-07-24 02:28:46.857] [info] [qrcode_scanner.cpp] data1 更新，检测到 基础框 和 核心框 的颜色: Red,Blue
[2026-07-24 02:28:46.866] [info] [SERIAL THREAD] 相机 OK, 串口 ERROR, 有效信息 YES, 发送 2 and 255 FAILED
[2026-07-24 02:28:46.874] [info] [qrcode_scanner.cpp] data2 更新，检测到 三个投球框 的颜色顺序: Yellow,Blue,Red
[2026-07-24 02:28:46.876] [info] [SERIAL THREAD] 相机 OK, 串口 ERROR, 有效信息 YES, 发送 2 and 4 FAILED
[2026-07-24 02:28:47.341] [warning] [serial_port.cpp] 尝试重新打开串口...
[2026-07-24 02:28:47.342] [error] [serial_port.cpp] 无法打开串口 /dev/ttyACM0

[2026-07-24 02:28:47.846] [warning] [serial_port.cpp] 尝试重新打开串口...
[2026-07-24 02:28:47.846] [error] [serial_port.cpp] 无法打开串口 /dev/ttyACM0

[2026-07-24 02:28:48.351] [warning] [serial_port.cpp] 尝试重新打开串口...
[2026-07-24 02:28:48.352] [error] [serial_port.cpp] 无法打开串口 /dev/ttyACM0

[2026-07-24 02:28:48.856] [warning] [serial_port.cpp] 尝试重新打开串口...
[2026-07-24 02:28:48.856] [error] [serial_port.cpp] 无法打开串口 /dev/ttyACM0

[2026-07-24 02:28:49.360] [warning] [serial_port.cpp] 尝试重新打开串口...
[2026-07-24 02:28:49.360] [error] [serial_port.cpp] 无法打开串口 /dev/ttyACM0

[2026-07-24 02:28:49.864] [warning] [serial_port.cpp] 尝试重新打开串口...
[2026-07-24 02:28:49.864] [error] [serial_port.cpp] 无法打开串口 /dev/ttyACM0

[2026-07-24 02:28:50.101] [info] [qrcode_scanner.cpp] data2 更新，检测到 三个投球框 的颜色顺序: Red,Yellow,Blue
[2026-07-24 02:28:50.106] [info] [SERIAL THREAD] 相机 OK, 串口 ERROR, 有效信息 YES, 发送 2 and 1 FAILED
[2026-07-24 02:28:50.136] [info] [qrcode_scanner.cpp] data1 更新，检测到 基础框 和 核心框 的颜色: Yellow,Red
[2026-07-24 02:28:50.147] [info] [SERIAL THREAD] 相机 OK, 串口 ERROR, 有效信息 YES, 发送 3 and 1 FAILED
[2026-07-24 02:28:50.372] [warning] [serial_port.cpp] 尝试重新打开串口...
[2026-07-24 02:28:50.372] [error] [serial_port.cpp] 无法打开串口 /dev/ttyACM0

[2026-07-24 02:28:50.876] [warning] [serial_port.cpp] 尝试重新打开串口...
[2026-07-24 02:28:50.876] [error] [serial_port.cpp] 无法打开串口 /dev/ttyACM0

[2026-07-24 02:28:51.381] [warning] [serial_port.cpp] 尝试重新打开串口...
[2026-07-24 02:28:51.381] [error] [serial_port.cpp] 无法打开串口 /dev/ttyACM0

[2026-07-24 02:28:51.885] [warning] [serial_port.cpp] 尝试重新打开串口...
[2026-07-24 02:28:51.885] [error] [serial_port.cpp] 无法打开串口 /dev/ttyACM0

[2026-07-24 02:28:52.389] [warning] [serial_port.cpp] 尝试重新打开串口...
[2026-07-24 02:28:52.389] [error] [serial_port.cpp] 无法打开串口 /dev/ttyACM0

[2026-07-24 02:28:52.893] [warning] [serial_port.cpp] 尝试重新打开串口...
[2026-07-24 02:28:52.894] [error] [serial_port.cpp] 无法打开串口 /dev/ttyACM0

[2026-07-24 02:28:53.399] [warning] [serial_port.cpp] 尝试重新打开串口...
[2026-07-24 02:28:53.399] [error] [serial_port.cpp] 无法打开串口 /dev/ttyACM0

[2026-07-24 02:28:53.405] [info] [qrcode_scanner.cpp] data1 更新，检测到 基础框 和 核心框 的颜色: Blue,Red
[2026-07-24 02:28:53.409] [info] [SERIAL THREAD] 相机 OK, 串口 ERROR, 有效信息 YES, 发送 5 and 1 FAILED
[2026-07-24 02:28:53.900] [warning] [serial_port.cpp] 尝试重新打开串口...
[2026-07-24 02:28:53.900] [error] [serial_port.cpp] 无法打开串口 /dev/ttyACM0

[2026-07-24 02:28:54.404] [warning] [serial_port.cpp] 尝试重新打开串口...
[2026-07-24 02:28:54.404] [error] [serial_port.cpp] 无法打开串口 /dev/ttyACM0

[2026-07-24 02:28:54.909] [warning] [serial_port.cpp] 尝试重新打开串口...
[2026-07-24 02:28:54.909] [error] [serial_port.cpp] 无法打开串口 /dev/ttyACM0

[2026-07-24 02:28:55.414] [warning] [serial_port.cpp] 尝试重新打开串口...
[2026-07-24 02:28:55.414] [error] [serial_port.cpp] 无法打开串口 /dev/ttyACM0

[2026-07-24 02:28:55.919] [warning] [serial_port.cpp] 尝试重新打开串口...
[2026-07-24 02:28:55.919] [error] [serial_port.cpp] 无法打开串口 /dev/ttyACM0

[2026-07-24 02:28:55.926] [info] [qrcode_scanner.cpp] data2 更新，检测到 三个投球框 的颜色顺序: Blue,Yellow,Red
[2026-07-24 02:28:55.929] [info] [SERIAL THREAD] 相机 OK, 串口 ERROR, 有效信息 YES, 发送 5 and 6 FAILED
[2026-07-24 02:28:56.423] [warning] [serial_port.cpp] 尝试重新打开串口...
[2026-07-24 02:28:56.423] [error] [serial_port.cpp] 无法打开串口 /dev/ttyACM0

[2026-07-24 02:28:56.926] [warning] [serial_port.cpp] 尝试重新打开串口...
[2026-07-24 02:28:56.927] [error] [serial_port.cpp] 无法打开串口 /dev/ttyACM0

[2026-07-24 02:28:57.430] [warning] [serial_port.cpp] 尝试重新打开串口...
[2026-07-24 02:28:57.430] [error] [serial_port.cpp] 无法打开串口 /dev/ttyACM0

[2026-07-24 02:28:57.936] [warning] [serial_port.cpp] 尝试重新打开串口...
[2026-07-24 02:28:57.936] [error] [serial_port.cpp] 无法打开串口 /dev/ttyACM0

[2026-07-24 02:28:58.440] [warning] [serial_port.cpp] 尝试重新打开串口...
[2026-07-24 02:28:58.441] [error] [serial_port.cpp] 无法打开串口 /dev/ttyACM0

[2026-07-24 02:28:58.944] [warning] [serial_port.cpp] 尝试重新打开串口...
[2026-07-24 02:28:58.945] [error] [serial_port.cpp] 无法打开串口 /dev/ttyACM0

[2026-07-24 02:28:59.449] [warning] [serial_port.cpp] 尝试重新打开串口...
[2026-07-24 02:28:59.449] [error] [serial_port.cpp] 无法打开串口 /dev/ttyACM0

[2026-07-24 02:28:59.957] [warning] [serial_port.cpp] 尝试重新打开串口...
[2026-07-24 02:28:59.957] [error] [serial_port.cpp] 无法打开串口 /dev/ttyACM0

[2026-07-24 02:29:00.461] [warning] [serial_port.cpp] 尝试重新打开串口...
[2026-07-24 02:29:00.461] [error] [serial_port.cpp] 无法打开串口 /dev/ttyACM0

[2026-07-24 02:29:00.966] [warning] [serial_port.cpp] 尝试重新打开串口...
[2026-07-24 02:29:00.966] [error] [serial_port.cpp] 无法打开串口 /dev/ttyACM0

[2026-07-24 02:29:01.470] [warning] [serial_port.cpp] 尝试重新打开串口...
[2026-07-24 02:29:01.470] [error] [serial_port.cpp] 无法打开串口 /dev/ttyACM0

[2026-07-24 02:29:01.974] [warning] [serial_port.cpp] 尝试重新打开串口...
[2026-07-24 02:29:01.974] [error] [serial_port.cpp] 无法打开串口 /dev/ttyACM0

[2026-07-24 02:29:02.478] [warning] [serial_port.cpp] 尝试重新打开串口...
[2026-07-24 02:29:02.478] [error] [serial_port.cpp] 无法打开串口 /dev/ttyACM0

[2026-07-24 02:29:02.982] [warning] [serial_port.cpp] 尝试重新打开串口...
[2026-07-24 02:29:02.982] [error] [serial_port.cpp] 无法打开串口 /dev/ttyACM0

[2026-07-24 02:29:03.486] [warning] [serial_port.cpp] 尝试重新打开串口...
[2026-07-24 02:29:03.486] [error] [serial_port.cpp] 无法打开串口 /dev/ttyACM0

[2026-07-24 02:29:03.963] [info] [qrcode_scanner.cpp] data2 更新，检测到 三个投球框 的颜色顺序: Red,Blue,Yellow
[2026-07-24 02:29:03.969] [info] [SERIAL THREAD] 相机 OK, 串口 ERROR, 有效信息 YES, 发送 5 and 2 FAILED
[2026-07-24 02:29:03.989] [warning] [serial_port.cpp] 尝试重新打开串口...
[2026-07-24 02:29:03.989] [error] [serial_port.cpp] 无法打开串口 /dev/ttyACM0

[2026-07-24 02:29:04.014] [info] [qrcode_scanner.cpp] data1 更新，检测到 基础框 和 核心框 的颜色: Yellow,Blue
[2026-07-24 02:29:04.020] [info] [SERIAL THREAD] 相机 OK, 串口 ERROR, 有效信息 YES, 发送 4 and 2 FAILED
[2026-07-24 02:29:04.493] [warning] [serial_port.cpp] 尝试重新打开串口...
[2026-07-24 02:29:04.493] [error] [serial_port.cpp] 无法打开串口 /dev/ttyACM0

[2026-07-24 02:29:04.998] [warning] [serial_port.cpp] 尝试重新打开串口...
[2026-07-24 02:29:04.998] [error] [serial_port.cpp] 无法打开串口 /dev/ttyACM0

[2026-07-24 02:29:05.502] [warning] [serial_port.cpp] 尝试重新打开串口...
[2026-07-24 02:29:05.502] [error] [serial_port.cpp] 无法打开串口 /dev/ttyACM0

[2026-07-24 02:29:06.007] [warning] [serial_port.cpp] 尝试重新打开串口...
[2026-07-24 02:29:06.007] [error] [serial_port.cpp] 无法打开串口 /dev/ttyACM0

[2026-07-24 02:29:06.511] [warning] [serial_port.cpp] 尝试重新打开串口...
[2026-07-24 02:29:06.511] [error] [serial_port.cpp] 无法打开串口 /dev/ttyACM0

[2026-07-24 02:29:07.015] [warning] [serial_port.cpp] 尝试重新打开串口...
[2026-07-24 02:29:07.015] [error] [serial_port.cpp] 无法打开串口 /dev/ttyACM0

[2026-07-24 02:29:07.520] [warning] [serial_port.cpp] 尝试重新打开串口...
[2026-07-24 02:29:07.520] [error] [serial_port.cpp] 无法打开串口 /dev/ttyACM0

[2026-07-24 02:29:08.024] [warning] [serial_port.cpp] 尝试重新打开串口...
[2026-07-24 02:29:08.024] [error] [serial_port.cpp] 无法打开串口 /dev/ttyACM0

[2026-07-24 02:29:08.528] [warning] [serial_port.cpp] 尝试重新打开串口...
[2026-07-24 02:29:08.528] [error] [serial_port.cpp] 无法打开串口 /dev/ttyACM0

[2026-07-24 02:29:09.033] [warning] [serial_port.cpp] 尝试重新打开串口...
[2026-07-24 02:29:09.033] [error] [serial_port.cpp] 无法打开串口 /dev/ttyACM0

[2026-07-24 02:29:09.539] [warning] [serial_port.cpp] 尝试重新打开串口...
[2026-07-24 02:29:09.539] [error] [serial_port.cpp] 无法打开串口 /dev/ttyACM0

[2026-07-24 02:29:10.043] [warning] [serial_port.cpp] 尝试重新打开串口...
[2026-07-24 02:29:10.043] [error] [serial_port.cpp] 无法打开串口 /dev/ttyACM0

[2026-07-24 02:29:10.546] [warning] [serial_port.cpp] 尝试重新打开串口...
[2026-07-24 02:29:10.547] [error] [serial_port.cpp] 无法打开串口 /dev/ttyACM0

[2026-07-24 02:29:11.051] [warning] [serial_port.cpp] 尝试重新打开串口...
[2026-07-24 02:29:11.051] [error] [serial_port.cpp] 无法打开串口 /dev/ttyACM0

[2026-07-24 02:29:11.555] [warning] [serial_port.cpp] 尝试重新打开串口...
[2026-07-24 02:29:11.555] [error] [serial_port.cpp] 无法打开串口 /dev/ttyACM0

[2026-07-24 02:29:12.059] [warning] [serial_port.cpp] 尝试重新打开串口...
[2026-07-24 02:29:12.059] [error] [serial_port.cpp] 无法打开串口 /dev/ttyACM0

[2026-07-24 02:29:12.563] [warning] [serial_port.cpp] 尝试重新打开串口...
[2026-07-24 02:29:12.563] [error] [serial_port.cpp] 无法打开串口 /dev/ttyACM0

[2026-07-24 02:29:13.067] [warning] [serial_port.cpp] 尝试重新打开串口...
[2026-07-24 02:29:13.068] [error] [serial_port.cpp] 无法打开串口 /dev/ttyACM0

[2026-07-24 02:29:13.572] [warning] [serial_port.cpp] 尝试重新打开串口...
[2026-07-24 02:29:13.572] [error] [serial_port.cpp] 无法打开串口 /dev/ttyACM0

[2026-07-24 02:29:14.076] [warning] [serial_port.cpp] 尝试重新打开串口...
[2026-07-24 02:29:14.076] [error] [serial_port.cpp] 无法打开串口 /dev/ttyACM0

[2026-07-24 02:29:14.580] [warning] [serial_port.cpp] 尝试重新打开串口...
[2026-07-24 02:29:14.580] [error] [serial_port.cpp] 无法打开串口 /dev/ttyACM0

[2026-07-24 02:29:15.084] [warning] [serial_port.cpp] 尝试重新打开串口...
[2026-07-24 02:29:15.084] [error] [serial_port.cpp] 无法打开串口 /dev/ttyACM0

[2026-07-24 02:29:15.588] [warning] [serial_port.cpp] 尝试重新打开串口...
[2026-07-24 02:29:15.588] [error] [serial_port.cpp] 无法打开串口 /dev/ttyACM0

[2026-07-24 02:29:16.092] [warning] [serial_port.cpp] 尝试重新打开串口...
[2026-07-24 02:29:16.092] [error] [serial_port.cpp] 无法打开串口 /dev/ttyACM0

[2026-07-24 02:29:16.597] [warning] [serial_port.cpp] 尝试重新打开串口...
[2026-07-24 02:29:16.597] [error] [serial_port.cpp] 无法打开串口 /dev/ttyACM0

[2026-07-24 02:29:17.101] [warning] [serial_port.cpp] 尝试重新打开串口...
[2026-07-24 02:29:17.101] [error] [serial_port.cpp] 无法打开串口 /dev/ttyACM0

[2026-07-24 02:29:17.605] [warning] [serial_port.cpp] 尝试重新打开串口...
[2026-07-24 02:29:17.605] [error] [serial_port.cpp] 无法打开串口 /dev/ttyACM0

[2026-07-24 02:29:18.110] [warning] [serial_port.cpp] 尝试重新打开串口...
[2026-07-24 02:29:18.110] [error] [serial_port.cpp] 无法打开串口 /dev/ttyACM0

[2026-07-24 02:29:18.614] [warning] [serial_port.cpp] 尝试重新打开串口...
[2026-07-24 02:29:18.614] [error] [serial_port.cpp] 无法打开串口 /dev/ttyACM0

[2026-07-24 02:29:19.118] [warning] [serial_port.cpp] 尝试重新打开串口...
[2026-07-24 02:29:19.119] [error] [serial_port.cpp] 无法打开串口 /dev/ttyACM0

[2026-07-24 02:29:19.624] [warning] [serial_port.cpp] 尝试重新打开串口...
[2026-07-24 02:29:19.624] [error] [serial_port.cpp] 无法打开串口 /dev/ttyACM0

[2026-07-24 02:29:20.128] [warning] [serial_port.cpp] 尝试重新打开串口...
[2026-07-24 02:29:20.128] [error] [serial_port.cpp] 无法打开串口 /dev/ttyACM0

[2026-07-24 02:29:20.632] [warning] [serial_port.cpp] 尝试重新打开串口...
[2026-07-24 02:29:20.632] [error] [serial_port.cpp] 无法打开串口 /dev/ttyACM0

[2026-07-24 02:29:21.136] [warning] [serial_port.cpp] 尝试重新打开串口...
[2026-07-24 02:29:21.136] [error] [serial_port.cpp] 无法打开串口 /dev/ttyACM0

[2026-07-24 02:29:21.641] [warning] [serial_port.cpp] 尝试重新打开串口...
[2026-07-24 02:29:21.641] [error] [serial_port.cpp] 无法打开串口 /dev/ttyACM0

[2026-07-24 02:29:22.146] [warning] [serial_port.cpp] 尝试重新打开串口...
[2026-07-24 02:29:22.146] [error] [serial_port.cpp] 无法打开串口 /dev/ttyACM0

[2026-07-24 02:29:22.650] [warning] [serial_port.cpp] 尝试重新打开串口...
[2026-07-24 02:29:22.650] [error] [serial_port.cpp] 无法打开串口 /dev/ttyACM0

[2026-07-24 02:29:23.157] [warning] [serial_port.cpp] 尝试重新打开串口...
[2026-07-24 02:29:23.157] [error] [serial_port.cpp] 无法打开串口 /dev/ttyACM0

[2026-07-24 02:29:23.660] [warning] [serial_port.cpp] 尝试重新打开串口...
[2026-07-24 02:29:23.661] [error] [serial_port.cpp] 无法打开串口 /dev/ttyACM0

[2026-07-24 02:29:24.165] [warning] [serial_port.cpp] 尝试重新打开串口...
[2026-07-24 02:29:24.165] [error] [serial_port.cpp] 无法打开串口 /dev/ttyACM0

[2026-07-24 02:29:24.669] [warning] [serial_port.cpp] 尝试重新打开串口...
[2026-07-24 02:29:24.669] [error] [serial_port.cpp] 无法打开串口 /dev/ttyACM0

[2026-07-24 02:29:25.174] [warning] [serial_port.cpp] 尝试重新打开串口...
[2026-07-24 02:29:25.174] [error] [serial_port.cpp] 无法打开串口 /dev/ttyACM0

[2026-07-24 02:29:25.680] [warning] [serial_port.cpp] 尝试重新打开串口...
[2026-07-24 02:29:25.680] [error] [serial_port.cpp] 无法打开串口 /dev/ttyACM0

[2026-07-24 02:29:26.184] [warning] [serial_port.cpp] 尝试重新打开串口...
[2026-07-24 02:29:26.184] [error] [serial_port.cpp] 无法打开串口 /dev/ttyACM0

[2026-07-24 02:29:26.689] [warning] [serial_port.cpp] 尝试重新打开串口...
[2026-07-24 02:29:26.689] [error] [serial_port.cpp] 无法打开串口 /dev/ttyACM0

[2026-07-24 02:29:27.194] [warning] [serial_port.cpp] 尝试重新打开串口...
[2026-07-24 02:29:27.194] [error] [serial_port.cpp] 无法打开串口 /dev/ttyACM0

[2026-07-24 02:29:27.698] [warning] [serial_port.cpp] 尝试重新打开串口...
[2026-07-24 02:29:27.698] [error] [serial_port.cpp] 无法打开串口 /dev/ttyACM0

[2026-07-24 02:29:28.204] [warning] [serial_port.cpp] 尝试重新打开串口...
[2026-07-24 02:29:28.204] [error] [serial_port.cpp] 无法打开串口 /dev/ttyACM0

[2026-07-24 02:29:28.709] [warning] [serial_port.cpp] 尝试重新打开串口...
[2026-07-24 02:29:28.709] [error] [serial_port.cpp] 无法打开串口 /dev/ttyACM0

[2026-07-24 02:29:29.213] [warning] [serial_port.cpp] 尝试重新打开串口...
[2026-07-24 02:29:29.213] [error] [serial_port.cpp] 无法打开串口 /dev/ttyACM0

[2026-07-24 02:29:29.718] [warning] [serial_port.cpp] 尝试重新打开串口...
[2026-07-24 02:29:29.718] [error] [serial_port.cpp] 无法打开串口 /dev/ttyACM0

[2026-07-24 02:29:30.221] [warning] [serial_port.cpp] 尝试重新打开串口...
[2026-07-24 02:29:30.221] [error] [serial_port.cpp] 无法打开串口 /dev/ttyACM0

[2026-07-24 02:29:30.726] [warning] [serial_port.cpp] 尝试重新打开串口...
[2026-07-24 02:29:30.726] [error] [serial_port.cpp] 无法打开串口 /dev/ttyACM0

[2026-07-24 02:29:31.230] [warning] [serial_port.cpp] 尝试重新打开串口...
[2026-07-24 02:29:31.230] [error] [serial_port.cpp] 无法打开串口 /dev/ttyACM0

[2026-07-24 02:29:31.734] [warning] [serial_port.cpp] 尝试重新打开串口...
[2026-07-24 02:29:31.734] [error] [serial_port.cpp] 无法打开串口 /dev/ttyACM0

[2026-07-24 02:29:32.239] [warning] [serial_port.cpp] 尝试重新打开串口...
[2026-07-24 02:29:32.239] [error] [serial_port.cpp] 无法打开串口 /dev/ttyACM0

[2026-07-24 02:29:32.743] [warning] [serial_port.cpp] 尝试重新打开串口...
[2026-07-24 02:29:32.743] [error] [serial_port.cpp] 无法打开串口 /dev/ttyACM0

[2026-07-24 02:29:33.248] [warning] [serial_port.cpp] 尝试重新打开串口...
[2026-07-24 02:29:33.248] [error] [serial_port.cpp] 无法打开串口 /dev/ttyACM0

[2026-07-24 02:29:33.752] [warning] [serial_port.cpp] 尝试重新打开串口...
[2026-07-24 02:29:33.752] [error] [serial_port.cpp] 无法打开串口 /dev/ttyACM0

[2026-07-24 02:29:34.259] [warning] [serial_port.cpp] 尝试重新打开串口...
[2026-07-24 02:29:34.259] [error] [serial_port.cpp] 无法打开串口 /dev/ttyACM0

[2026-07-24 02:29:34.763] [warning] [serial_port.cpp] 尝试重新打开串口...
[2026-07-24 02:29:34.763] [error] [serial_port.cpp] 无法打开串口 /dev/ttyACM0

[2026-07-24 02:29:35.268] [warning] [serial_port.cpp] 尝试重新打开串口...
[2026-07-24 02:29:35.268] [error] [serial_port.cpp] 无法打开串口 /dev/ttyACM0

[2026-07-24 02:29:35.773] [warning] [serial_port.cpp] 尝试重新打开串口...
[2026-07-24 02:29:35.773] [error] [serial_port.cpp] 无法打开串口 /dev/ttyACM0

[2026-07-24 02:29:36.277] [warning] [serial_port.cpp] 尝试重新打开串口...
[2026-07-24 02:29:36.277] [error] [serial_port.cpp] 无法打开串口 /dev/ttyACM0

[2026-07-24 02:29:36.781] [warning] [serial_port.cpp] 尝试重新打开串口...
[2026-07-24 02:29:36.781] [error] [serial_port.cpp] 无法打开串口 /dev/ttyACM0

[2026-07-24 02:29:37.285] [warning] [serial_port.cpp] 尝试重新打开串口...
[2026-07-24 02:29:37.285] [error] [serial_port.cpp] 无法打开串口 /dev/ttyACM0

[2026-07-24 02:29:37.789] [warning] [serial_port.cpp] 尝试重新打开串口...
[2026-07-24 02:29:37.790] [error] [serial_port.cpp] 无法打开串口 /dev/ttyACM0

[2026-07-24 02:29:38.295] [warning] [serial_port.cpp] 尝试重新打开串口...
[2026-07-24 02:29:38.295] [error] [serial_port.cpp] 无法打开串口 /dev/ttyACM0

[2026-07-24 02:29:38.798] [warning] [serial_port.cpp] 尝试重新打开串口...
[2026-07-24 02:29:38.798] [error] [serial_port.cpp] 无法打开串口 /dev/ttyACM0

[2026-07-24 02:29:39.303] [warning] [serial_port.cpp] 尝试重新打开串口...
[2026-07-24 02:29:39.303] [error] [serial_port.cpp] 无法打开串口 /dev/ttyACM0

[2026-07-24 02:29:39.807] [warning] [serial_port.cpp] 尝试重新打开串口...
[2026-07-24 02:29:39.807] [error] [serial_port.cpp] 无法打开串口 /dev/ttyACM0

[2026-07-24 02:29:40.313] [warning] [serial_port.cpp] 尝试重新打开串口...
[2026-07-24 02:29:40.313] [error] [serial_port.cpp] 无法打开串口 /dev/ttyACM0

[2026-07-24 02:29:40.816] [warning] [serial_port.cpp] 尝试重新打开串口...
[2026-07-24 02:29:40.817] [error] [serial_port.cpp] 无法打开串口 /dev/ttyACM0

[2026-07-24 02:29:41.322] [warning] [serial_port.cpp] 尝试重新打开串口...
[2026-07-24 02:29:41.322] [error] [serial_port.cpp] 无法打开串口 /dev/ttyACM0

[2026-07-24 02:29:41.827] [warning] [serial_port.cpp] 尝试重新打开串口...
[2026-07-24 02:29:41.827] [error] [serial_port.cpp] 无法打开串口 /dev/ttyACM0

[2026-07-24 02:29:42.331] [warning] [serial_port.cpp] 尝试重新打开串口...
[2026-07-24 02:29:42.331] [error] [serial_port.cpp] 无法打开串口 /dev/ttyACM0

[2026-07-24 02:29:42.835] [warning] [serial_port.cpp] 尝试重新打开串口...
[2026-07-24 02:29:42.835] [error] [serial_port.cpp] 无法打开串口 /dev/ttyACM0

[2026-07-24 02:29:43.339] [warning] [serial_port.cpp] 尝试重新打开串口...
[2026-07-24 02:29:43.339] [error] [serial_port.cpp] 无法打开串口 /dev/ttyACM0

[2026-07-24 02:29:43.844] [warning] [serial_port.cpp] 尝试重新打开串口...
[2026-07-24 02:29:43.844] [error] [serial_port.cpp] 无法打开串口 /dev/ttyACM0

[2026-07-24 02:29:44.348] [warning] [serial_port.cpp] 尝试重新打开串口...
[2026-07-24 02:29:44.348] [error] [serial_port.cpp] 无法打开串口 /dev/ttyACM0

[2026-07-24 02:29:44.853] [warning] [serial_port.cpp] 尝试重新打开串口...
[2026-07-24 02:29:44.853] [error] [serial_port.cpp] 无法打开串口 /dev/ttyACM0

[2026-07-24 02:29:45.358] [warning] [serial_port.cpp] 尝试重新打开串口...
[2026-07-24 02:29:45.358] [error] [serial_port.cpp] 无法打开串口 /dev/ttyACM0

[2026-07-24 02:29:45.862] [warning] [serial_port.cpp] 尝试重新打开串口...
[2026-07-24 02:29:45.862] [error] [serial_port.cpp] 无法打开串口 /dev/ttyACM0

[2026-07-24 02:29:46.367] [warning] [serial_port.cpp] 尝试重新打开串口...
[2026-07-24 02:29:46.367] [error] [serial_port.cpp] 无法打开串口 /dev/ttyACM0

[2026-07-24 02:29:46.871] [warning] [serial_port.cpp] 尝试重新打开串口...
[2026-07-24 02:29:46.872] [error] [serial_port.cpp] 无法打开串口 /dev/ttyACM0

[2026-07-24 02:29:47.377] [warning] [serial_port.cpp] 尝试重新打开串口...
[2026-07-24 02:29:47.377] [error] [serial_port.cpp] 无法打开串口 /dev/ttyACM0

[2026-07-24 02:29:47.881] [warning] [serial_port.cpp] 尝试重新打开串口...
[2026-07-24 02:29:47.881] [error] [serial_port.cpp] 无法打开串口 /dev/ttyACM0

[2026-07-24 02:29:48.386] [warning] [serial_port.cpp] 尝试重新打开串口...
[2026-07-24 02:29:48.386] [error] [serial_port.cpp] 无法打开串口 /dev/ttyACM0

[2026-07-24 02:29:48.892] [warning] [serial_port.cpp] 尝试重新打开串口...
[2026-07-24 02:29:48.892] [error] [serial_port.cpp] 无法打开串口 /dev/ttyACM0

[2026-07-24 02:29:49.397] [warning] [serial_port.cpp] 尝试重新打开串口...
[2026-07-24 02:29:49.398] [error] [serial_port.cpp] 无法打开串口 /dev/ttyACM0

[2026-07-24 02:29:49.902] [warning] [serial_port.cpp] 尝试重新打开串口...
[2026-07-24 02:29:49.902] [error] [serial_port.cpp] 无法打开串口 /dev/ttyACM0

[2026-07-24 02:29:50.405] [warning] [serial_port.cpp] 尝试重新打开串口...
[2026-07-24 02:29:50.406] [error] [serial_port.cpp] 无法打开串口 /dev/ttyACM0

[2026-07-24 02:29:50.911] [warning] [serial_port.cpp] 尝试重新打开串口...
[2026-07-24 02:29:50.911] [error] [serial_port.cpp] 无法打开串口 /dev/ttyACM0

[2026-07-24 02:29:51.415] [warning] [serial_port.cpp] 尝试重新打开串口...
[2026-07-24 02:29:51.415] [error] [serial_port.cpp] 无法打开串口 /dev/ttyACM0

[2026-07-24 02:29:51.920] [warning] [serial_port.cpp] 尝试重新打开串口...
[2026-07-24 02:29:51.920] [error] [serial_port.cpp] 无法打开串口 /dev/ttyACM0

[2026-07-24 02:29:52.425] [warning] [serial_port.cpp] 尝试重新打开串口...
[2026-07-24 02:29:52.425] [error] [serial_port.cpp] 无法打开串口 /dev/ttyACM0

[2026-07-24 02:29:52.929] [warning] [serial_port.cpp] 尝试重新打开串口...
[2026-07-24 02:29:52.929] [error] [serial_port.cpp] 无法打开串口 /dev/ttyACM0

[2026-07-24 02:29:53.433] [warning] [serial_port.cpp] 尝试重新打开串口...
[2026-07-24 02:29:53.433] [error] [serial_port.cpp] 无法打开串口 /dev/ttyACM0

[2026-07-24 02:29:53.936] [warning] [serial_port.cpp] 尝试重新打开串口...
[2026-07-24 02:29:53.937] [error] [serial_port.cpp] 无法打开串口 /dev/ttyACM0

[2026-07-24 02:29:54.441] [warning] [serial_port.cpp] 尝试重新打开串口...
[2026-07-24 02:29:54.442] [error] [serial_port.cpp] 无法打开串口 /dev/ttyACM0

[2026-07-24 02:29:54.945] [warning] [serial_port.cpp] 尝试重新打开串口...
[2026-07-24 02:29:54.945] [error] [serial_port.cpp] 无法打开串口 /dev/ttyACM0

[2026-07-24 02:29:55.450] [warning] [serial_port.cpp] 尝试重新打开串口...
[2026-07-24 02:29:55.450] [error] [serial_port.cpp] 无法打开串口 /dev/ttyACM0

[2026-07-24 02:29:55.954] [warning] [serial_port.cpp] 尝试重新打开串口...
[2026-07-24 02:29:55.954] [error] [serial_port.cpp] 无法打开串口 /dev/ttyACM0

[2026-07-24 02:29:56.459] [warning] [serial_port.cpp] 尝试重新打开串口...
[2026-07-24 02:29:56.459] [error] [serial_port.cpp] 无法打开串口 /dev/ttyACM0

[2026-07-24 02:29:56.965] [warning] [serial_port.cpp] 尝试重新打开串口...
[2026-07-24 02:29:56.965] [error] [serial_port.cpp] 无法打开串口 /dev/ttyACM0

[2026-07-24 02:29:57.468] [warning] [serial_port.cpp] 尝试重新打开串口...
[2026-07-24 02:29:57.468] [error] [serial_port.cpp] 无法打开串口 /dev/ttyACM0

[2026-07-24 02:29:57.973] [warning] [serial_port.cpp] 尝试重新打开串口...
[2026-07-24 02:29:57.973] [error] [serial_port.cpp] 无法打开串口 /dev/ttyACM0

[2026-07-24 02:29:58.478] [warning] [serial_port.cpp] 尝试重新打开串口...
[2026-07-24 02:29:58.478] [error] [serial_port.cpp] 无法打开串口 /dev/ttyACM0

[2026-07-24 02:29:58.983] [warning] [serial_port.cpp] 尝试重新打开串口...
[2026-07-24 02:29:58.983] [error] [serial_port.cpp] 无法打开串口 /dev/ttyACM0

[2026-07-24 02:29:59.487] [warning] [serial_port.cpp] 尝试重新打开串口...
[2026-07-24 02:29:59.487] [error] [serial_port.cpp] 无法打开串口 /dev/ttyACM0

[2026-07-24 02:29:59.992] [warning] [serial_port.cpp] 尝试重新打开串口...
[2026-07-24 02:29:59.992] [error] [serial_port.cpp] 无法打开串口 /dev/ttyACM0

[2026-07-24 02:30:00.496] [warning] [serial_port.cpp] 尝试重新打开串口...
[2026-07-24 02:30:00.496] [error] [serial_port.cpp] 无法打开串口 /dev/ttyACM0

[2026-07-24 02:30:00.595] [info] [qrcode_scanner.cpp] data1 更新，检测到 基础框 和 核心框 的颜色: Yellow,Red
[2026-07-24 02:30:00.597] [info] [SERIAL THREAD] 相机 OK, 串口 ERROR, 有效信息 YES, 发送 3 and 2 FAILED
[2026-07-24 02:30:01.000] [warning] [serial_port.cpp] 尝试重新打开串口...
[2026-07-24 02:30:01.000] [error] [serial_port.cpp] 无法打开串口 /dev/ttyACM0

[2026-07-24 02:30:01.504] [warning] [serial_port.cpp] 尝试重新打开串口...
[2026-07-24 02:30:01.504] [error] [serial_port.cpp] 无法打开串口 /dev/ttyACM0

[2026-07-24 02:30:02.007] [warning] [serial_port.cpp] 尝试重新打开串口...
[2026-07-24 02:30:02.007] [error] [serial_port.cpp] 无法打开串口 /dev/ttyACM0

[2026-07-24 02:30:02.512] [warning] [serial_port.cpp] 尝试重新打开串口...
[2026-07-24 02:30:02.512] [error] [serial_port.cpp] 无法打开串口 /dev/ttyACM0

[2026-07-24 02:30:03.017] [warning] [serial_port.cpp] 尝试重新打开串口...
[2026-07-24 02:30:03.017] [error] [serial_port.cpp] 无法打开串口 /dev/ttyACM0

[2026-07-24 02:30:03.522] [warning] [serial_port.cpp] 尝试重新打开串口...
[2026-07-24 02:30:03.522] [error] [serial_port.cpp] 无法打开串口 /dev/ttyACM0

[2026-07-24 02:30:04.026] [warning] [serial_port.cpp] 尝试重新打开串口...
[2026-07-24 02:30:04.026] [error] [serial_port.cpp] 无法打开串口 /dev/ttyACM0

[2026-07-24 02:30:04.531] [warning] [serial_port.cpp] 尝试重新打开串口...
[2026-07-24 02:30:04.531] [error] [serial_port.cpp] 无法打开串口 /dev/ttyACM0

[2026-07-24 02:30:05.035] [warning] [serial_port.cpp] 尝试重新打开串口...
[2026-07-24 02:30:05.036] [error] [serial_port.cpp] 无法打开串口 /dev/ttyACM0

[2026-07-24 02:30:05.541] [warning] [serial_port.cpp] 尝试重新打开串口...
[2026-07-24 02:30:05.541] [error] [serial_port.cpp] 无法打开串口 /dev/ttyACM0

[2026-07-24 02:30:06.046] [warning] [serial_port.cpp] 尝试重新打开串口...
[2026-07-24 02:30:06.046] [error] [serial_port.cpp] 无法打开串口 /dev/ttyACM0

[2026-07-24 02:30:06.551] [warning] [serial_port.cpp] 尝试重新打开串口...
[2026-07-24 02:30:06.551] [error] [serial_port.cpp] 无法打开串口 /dev/ttyACM0

[2026-07-24 02:30:07.058] [warning] [serial_port.cpp] 尝试重新打开串口...
[2026-07-24 02:30:07.058] [error] [serial_port.cpp] 无法打开串口 /dev/ttyACM0

[2026-07-24 02:30:07.565] [warning] [serial_port.cpp] 尝试重新打开串口...
[2026-07-24 02:30:07.565] [error] [serial_port.cpp] 无法打开串口 /dev/ttyACM0

[2026-07-24 02:30:08.070] [warning] [serial_port.cpp] 尝试重新打开串口...
[2026-07-24 02:30:08.070] [error] [serial_port.cpp] 无法打开串口 /dev/ttyACM0

[2026-07-24 02:30:08.574] [warning] [serial_port.cpp] 尝试重新打开串口...
[2026-07-24 02:30:08.574] [error] [serial_port.cpp] 无法打开串口 /dev/ttyACM0

[2026-07-24 02:30:09.078] [warning] [serial_port.cpp] 尝试重新打开串口...
[2026-07-24 02:30:09.078] [error] [serial_port.cpp] 无法打开串口 /dev/ttyACM0

[2026-07-24 02:30:09.543] [debug] 

[2026-07-24 02:30:09.543] [warning] [main.cpp] 捕捉到退出信号(SIGINT)，准备退出程序...

[2026-07-24 02:30:09.585] [info] [HttpStream] HTTP 服务器已停止。
