[2026-07-23 22:38:34.681] [debug] ================= [CONFIG LOADED] =================
[2026-07-23 22:38:34.681] [debug]   Mode: PC
[2026-07-23 22:38:34.681] [debug]   Camera ID : 2
[2026-07-23 22:38:34.681] [debug]   Target Res: 1280x720
[2026-07-23 22:38:34.681] [debug]   Target Fmt: MJPG
[2026-07-23 22:38:34.681] [debug]   Target Brightness: 0
[2026-07-23 22:38:34.681] [debug]   Target Contrast: 0
[2026-07-23 22:38:34.681] [debug]   Model Path: ../models/detect.prototxt | ../models/detect.caffemodel | ../models/sr.prototxt | ../models/sr.caffemodel

[2026-07-23 22:38:34.681] [debug]   Stream        : Port=8888, Res=640x360, Quality=60
[2026-07-23 22:38:34.681] [debug] ===================================================
[2026-07-23 22:38:34.685] [info] [qrcode_scanner.cpp] 微信模型加载成功
[2026-07-23 22:38:34.688] [error] [main.cpp] 初始打开相机失败, ID: 2
[2026-07-23 22:38:34.688] [debug] ================= [SERIAL STATUS] =================
[2026-07-23 22:38:34.688] [error] [serial_port.cpp] 无法打开串口 /dev/ttyACM0
[2026-07-23 22:38:34.688] [error]   is_serial_open: FAILED
[2026-07-23 22:38:34.688] [debug] ===================================================

[2026-07-23 22:38:34.688] [info] [Stream] 图传线程已启动，目标 10.42.0.255:8888
[2026-07-23 22:38:34.688] [debug] [main.cpp] starting 3 threads...

[2026-07-23 22:38:34.688] [debug] ---------------------------------------
[2026-07-23 22:38:34.688] [warning] [main.cpp] 相机已断开, 0.5s 后尝试重新连接...
[2026-07-23 22:38:34.688] [info] [SERIAL THREAD] 相机 ERROR, 串口 ERROR, 有效信息 NO, 发送 238 and 238 FAILED
[2026-07-23 22:38:35.183] [warning] [serial_port.cpp] 尝试重新打开串口...
[2026-07-23 22:38:35.183] [error] [serial_port.cpp] 无法打开串口 /dev/ttyACM0
[2026-07-23 22:38:35.188] [debug] ---------------------------------------
[2026-07-23 22:38:35.188] [warning] [main.cpp] 相机已断开, 0.5s 后尝试重新连接...
[2026-07-23 22:38:35.689] [debug] ---------------------------------------
[2026-07-23 22:38:35.689] [warning] [main.cpp] 相机已断开, 0.5s 后尝试重新连接...
[2026-07-23 22:38:35.692] [warning] [serial_port.cpp] 尝试重新打开串口...
[2026-07-23 22:38:35.692] [error] [serial_port.cpp] 无法打开串口 /dev/ttyACM0
[2026-07-23 22:38:36.190] [debug] ---------------------------------------
[2026-07-23 22:38:36.190] [warning] [main.cpp] 相机已断开, 0.5s 后尝试重新连接...
[2026-07-23 22:38:36.196] [warning] [serial_port.cpp] 尝试重新打开串口...
[2026-07-23 22:38:36.196] [error] [serial_port.cpp] 无法打开串口 /dev/ttyACM0
[2026-07-23 22:38:36.690] [debug] ---------------------------------------
[2026-07-23 22:38:36.690] [warning] [main.cpp] 相机已断开, 0.5s 后尝试重新连接...
[2026-07-23 22:38:36.700] [warning] [serial_port.cpp] 尝试重新打开串口...
[2026-07-23 22:38:36.700] [error] [serial_port.cpp] 无法打开串口 /dev/ttyACM0
[2026-07-23 22:38:37.192] [debug] ---------------------------------------
[2026-07-23 22:38:37.192] [warning] [main.cpp] 相机已断开, 0.5s 后尝试重新连接...
[2026-07-23 22:38:37.205] [warning] [serial_port.cpp] 尝试重新打开串口...
[2026-07-23 22:38:37.205] [error] [serial_port.cpp] 无法打开串口 /dev/ttyACM0
[2026-07-23 22:38:37.664] [debug] 

[2026-07-23 22:38:37.664] [warning] [main.cpp] 捕捉到退出信号(SIGINT)，准备退出程序...

[2026-07-23 22:38:37.692] [info] [Stream] 图传线程已安全停止。
