[2026-07-24 12:44:20.354] [debug] ================= [CONFIG LOADED] =================
[2026-07-24 12:44:20.354] [debug]   Mode: Raspberry Pi
[2026-07-24 12:44:20.354] [debug]   Camera ID : 0
[2026-07-24 12:44:20.354] [debug]   Target Res: 1280x720
[2026-07-24 12:44:20.354] [debug]   Target Fmt: MJPG
[2026-07-24 12:44:20.354] [debug]   Target Brightness: 0
[2026-07-24 12:44:20.354] [debug]   Target Contrast: 30
[2026-07-24 12:44:20.354] [debug]   Model Path: ../models/detect.prototxt | ../models/detect.caffemodel | ../models/sr.prototxt | ../models/sr.caffemodel

[2026-07-24 12:44:20.354] [debug]   Stream        : Port=5000, Res=640x360, Quality=60
[2026-07-24 12:44:20.354] [debug] ===================================================
[2026-07-24 12:44:20.358] [info] [qrcode_scanner.cpp] 微信模型加载成功
[2026-07-24 12:44:20.479] [debug] 
[2026-07-24 12:44:20.479] [debug] ================= [ACTUAL CAMERA STATUS] =================
[2026-07-24 12:44:20.479] [debug]   Backend API   : V4L2
[2026-07-24 12:44:20.479] [debug]   Resolution    : 1280x720
[2026-07-24 12:44:20.479] [debug]   FPS           : 30
[2026-07-24 12:44:20.479] [debug]   Video Format  : MJPG
[2026-07-24 12:44:20.479] [debug]   Exposure      : 166
[2026-07-24 12:44:20.479] [debug]   Brightness    : 0
[2026-07-24 12:44:20.479] [debug]   Contrast      : 30
[2026-07-24 12:44:20.479] [debug] ==========================================================
[2026-07-24 12:44:20.479] [debug] [main.cpp] 相机初始化完毕, 按 'Ctrl+C' 退出

[2026-07-24 12:44:20.479] [debug] ================= [SERIAL STATUS] =================
[2026-07-24 12:44:20.479] [error] [serial_port.cpp] 无法打开串口 /dev/ttyACM0

[2026-07-24 12:44:20.479] [error]   is_serial_open: FAILED
[2026-07-24 12:44:20.479] [debug] ===================================================

[2026-07-24 12:44:20.479] [info] [HttpStream] HTTP 服务器已启动，端口: 5000
[2026-07-24 12:44:20.479] [info] [SERIAL THREAD] 相机 OK, 串口 ERROR, 有效信息 NO, 发送 255 and 255 FAILED
[2026-07-24 12:44:20.479] [info] 本机局域网 IP: 10.62.146.83  (接口: wlp0s20f3)
[2026-07-24 12:44:20.480] [debug] [main.cpp] starting 3 threads...

[2026-07-24 12:44:20.480] [info] [HttpStream] 服务器正在 0.0.0.0:5000 监听
[2026-07-24 12:44:20.864] [warning] [serial_port.cpp] 尝试重新打开串口...
[2026-07-24 12:44:20.865] [error] [serial_port.cpp] 无法打开串口 /dev/ttyACM0

[2026-07-24 12:44:21.371] [warning] [serial_port.cpp] 尝试重新打开串口...
[2026-07-24 12:44:21.371] [error] [serial_port.cpp] 无法打开串口 /dev/ttyACM0

[2026-07-24 12:44:21.880] [warning] [serial_port.cpp] 尝试重新打开串口...
[2026-07-24 12:44:22.174] [error] [serial_port.cpp] 无法打开串口 /dev/ttyACM0

[2026-07-24 12:44:22.387] [warning] [serial_port.cpp] 尝试重新打开串口...
[2026-07-24 12:44:22.387] [error] [serial_port.cpp] 无法打开串口 /dev/ttyACM0

[2026-07-24 12:44:22.893] [warning] [serial_port.cpp] 尝试重新打开串口...
[2026-07-24 12:44:22.894] [error] [serial_port.cpp] 无法打开串口 /dev/ttyACM0

[2026-07-24 12:44:23.401] [warning] [serial_port.cpp] 尝试重新打开串口...
[2026-07-24 12:44:23.401] [error] [serial_port.cpp] 无法打开串口 /dev/ttyACM0

[2026-07-24 12:44:23.908] [warning] [serial_port.cpp] 尝试重新打开串口...
[2026-07-24 12:44:23.908] [error] [serial_port.cpp] 无法打开串口 /dev/ttyACM0

[2026-07-24 12:44:24.410] [warning] [serial_port.cpp] 尝试重新打开串口...
[2026-07-24 12:44:24.410] [error] [serial_port.cpp] 无法打开串口 /dev/ttyACM0

[2026-07-24 12:44:24.919] [warning] [serial_port.cpp] 尝试重新打开串口...
[2026-07-24 12:44:25.576] [error] [serial_port.cpp] 无法打开串口 /dev/ttyACM0

[2026-07-24 12:44:25.576] [warning] [serial_port.cpp] 尝试重新打开串口...
[2026-07-24 12:44:25.576] [error] [serial_port.cpp] 无法打开串口 /dev/ttyACM0

[2026-07-24 12:44:26.085] [warning] [serial_port.cpp] 尝试重新打开串口...
[2026-07-24 12:44:26.085] [error] [serial_port.cpp] 无法打开串口 /dev/ttyACM0

[2026-07-24 12:44:26.592] [warning] [serial_port.cpp] 尝试重新打开串口...
[2026-07-24 12:44:26.592] [error] [serial_port.cpp] 无法打开串口 /dev/ttyACM0

[2026-07-24 12:44:27.099] [warning] [serial_port.cpp] 尝试重新打开串口...
[2026-07-24 12:44:27.099] [error] [serial_port.cpp] 无法打开串口 /dev/ttyACM0

[2026-07-24 12:44:27.600] [warning] [serial_port.cpp] 尝试重新打开串口...
[2026-07-24 12:44:27.600] [error] [serial_port.cpp] 无法打开串口 /dev/ttyACM0

[2026-07-24 12:44:28.105] [warning] [serial_port.cpp] 尝试重新打开串口...
[2026-07-24 12:44:28.105] [error] [serial_port.cpp] 无法打开串口 /dev/ttyACM0

[2026-07-24 12:44:28.610] [warning] [serial_port.cpp] 尝试重新打开串口...
[2026-07-24 12:44:28.610] [error] [serial_port.cpp] 无法打开串口 /dev/ttyACM0

[2026-07-24 12:44:29.119] [warning] [serial_port.cpp] 尝试重新打开串口...
[2026-07-24 12:44:29.119] [error] [serial_port.cpp] 无法打开串口 /dev/ttyACM0

[2026-07-24 12:44:29.627] [warning] [serial_port.cpp] 尝试重新打开串口...
[2026-07-24 12:44:29.627] [error] [serial_port.cpp] 无法打开串口 /dev/ttyACM0

[2026-07-24 12:44:30.133] [warning] [serial_port.cpp] 尝试重新打开串口...
[2026-07-24 12:44:30.133] [error] [serial_port.cpp] 无法打开串口 /dev/ttyACM0

[2026-07-24 12:44:30.638] [warning] [serial_port.cpp] 尝试重新打开串口...
[2026-07-24 12:44:30.638] [error] [serial_port.cpp] 无法打开串口 /dev/ttyACM0

[2026-07-24 12:44:31.144] [warning] [serial_port.cpp] 尝试重新打开串口...
[2026-07-24 12:44:31.144] [error] [serial_port.cpp] 无法打开串口 /dev/ttyACM0

[2026-07-24 12:44:31.648] [warning] [serial_port.cpp] 尝试重新打开串口...
[2026-07-24 12:44:31.648] [error] [serial_port.cpp] 无法打开串口 /dev/ttyACM0

[2026-07-24 12:44:32.152] [warning] [serial_port.cpp] 尝试重新打开串口...
[2026-07-24 12:44:32.152] [error] [serial_port.cpp] 无法打开串口 /dev/ttyACM0

[2026-07-24 12:44:32.659] [warning] [serial_port.cpp] 尝试重新打开串口...
[2026-07-24 12:44:32.659] [error] [serial_port.cpp] 无法打开串口 /dev/ttyACM0

[2026-07-24 12:44:33.165] [warning] [serial_port.cpp] 尝试重新打开串口...
[2026-07-24 12:44:33.165] [error] [serial_port.cpp] 无法打开串口 /dev/ttyACM0

[2026-07-24 12:44:33.672] [warning] [serial_port.cpp] 尝试重新打开串口...
[2026-07-24 12:44:33.672] [error] [serial_port.cpp] 无法打开串口 /dev/ttyACM0

[2026-07-24 12:44:34.179] [warning] [serial_port.cpp] 尝试重新打开串口...
[2026-07-24 12:44:34.179] [error] [serial_port.cpp] 无法打开串口 /dev/ttyACM0

[2026-07-24 12:44:34.686] [warning] [serial_port.cpp] 尝试重新打开串口...
[2026-07-24 12:44:34.686] [error] [serial_port.cpp] 无法打开串口 /dev/ttyACM0

[2026-07-24 12:44:35.191] [warning] [serial_port.cpp] 尝试重新打开串口...
[2026-07-24 12:44:35.191] [error] [serial_port.cpp] 无法打开串口 /dev/ttyACM0

[2026-07-24 12:44:35.696] [warning] [serial_port.cpp] 尝试重新打开串口...
[2026-07-24 12:44:35.696] [error] [serial_port.cpp] 无法打开串口 /dev/ttyACM0

[2026-07-24 12:44:36.200] [warning] [serial_port.cpp] 尝试重新打开串口...
[2026-07-24 12:44:36.200] [error] [serial_port.cpp] 无法打开串口 /dev/ttyACM0

[2026-07-24 12:44:36.708] [warning] [serial_port.cpp] 尝试重新打开串口...
[2026-07-24 12:44:36.708] [error] [serial_port.cpp] 无法打开串口 /dev/ttyACM0

[2026-07-24 12:44:37.213] [warning] [serial_port.cpp] 尝试重新打开串口...
[2026-07-24 12:44:37.213] [error] [serial_port.cpp] 无法打开串口 /dev/ttyACM0

[2026-07-24 12:44:37.718] [warning] [serial_port.cpp] 尝试重新打开串口...
[2026-07-24 12:44:37.718] [error] [serial_port.cpp] 无法打开串口 /dev/ttyACM0

[2026-07-24 12:44:38.223] [warning] [serial_port.cpp] 尝试重新打开串口...
[2026-07-24 12:44:38.223] [error] [serial_port.cpp] 无法打开串口 /dev/ttyACM0

[2026-07-24 12:44:38.727] [warning] [serial_port.cpp] 尝试重新打开串口...
[2026-07-24 12:44:38.727] [error] [serial_port.cpp] 无法打开串口 /dev/ttyACM0

[2026-07-24 12:44:39.231] [warning] [serial_port.cpp] 尝试重新打开串口...
[2026-07-24 12:44:39.231] [error] [serial_port.cpp] 无法打开串口 /dev/ttyACM0

[2026-07-24 12:44:39.736] [warning] [serial_port.cpp] 尝试重新打开串口...
[2026-07-24 12:44:39.736] [error] [serial_port.cpp] 无法打开串口 /dev/ttyACM0

[2026-07-24 12:44:40.241] [warning] [serial_port.cpp] 尝试重新打开串口...
[2026-07-24 12:44:40.241] [error] [serial_port.cpp] 无法打开串口 /dev/ttyACM0

[2026-07-24 12:44:40.747] [warning] [serial_port.cpp] 尝试重新打开串口...
[2026-07-24 12:44:40.747] [error] [serial_port.cpp] 无法打开串口 /dev/ttyACM0

[2026-07-24 12:44:41.252] [warning] [serial_port.cpp] 尝试重新打开串口...
[2026-07-24 12:44:41.252] [error] [serial_port.cpp] 无法打开串口 /dev/ttyACM0

[2026-07-24 12:44:41.759] [warning] [serial_port.cpp] 尝试重新打开串口...
[2026-07-24 12:44:41.759] [error] [serial_port.cpp] 无法打开串口 /dev/ttyACM0

[2026-07-24 12:44:42.264] [warning] [serial_port.cpp] 尝试重新打开串口...
[2026-07-24 12:44:42.264] [error] [serial_port.cpp] 无法打开串口 /dev/ttyACM0

[2026-07-24 12:44:42.769] [warning] [serial_port.cpp] 尝试重新打开串口...
[2026-07-24 12:44:42.769] [error] [serial_port.cpp] 无法打开串口 /dev/ttyACM0

[2026-07-24 12:44:43.274] [warning] [serial_port.cpp] 尝试重新打开串口...
[2026-07-24 12:44:43.274] [error] [serial_port.cpp] 无法打开串口 /dev/ttyACM0

[2026-07-24 12:44:43.780] [warning] [serial_port.cpp] 尝试重新打开串口...
[2026-07-24 12:44:43.780] [error] [serial_port.cpp] 无法打开串口 /dev/ttyACM0

[2026-07-24 12:44:44.284] [warning] [serial_port.cpp] 尝试重新打开串口...
[2026-07-24 12:44:44.284] [error] [serial_port.cpp] 无法打开串口 /dev/ttyACM0

[2026-07-24 12:44:44.790] [warning] [serial_port.cpp] 尝试重新打开串口...
[2026-07-24 12:44:44.790] [error] [serial_port.cpp] 无法打开串口 /dev/ttyACM0

[2026-07-24 12:44:45.297] [warning] [serial_port.cpp] 尝试重新打开串口...
[2026-07-24 12:44:45.297] [error] [serial_port.cpp] 无法打开串口 /dev/ttyACM0

[2026-07-24 12:44:45.758] [info] [qrcode_scanner.cpp] data1 更新，检测到 基础框 和 核心框 的颜色: Red,Blue
[2026-07-24 12:44:45.758] [info] [qrcode_scanner.cpp] data2 更新，检测到 三个投球框 的颜色顺序: Yellow,Blue,Red
[2026-07-24 12:44:45.761] [info] [SERIAL THREAD] 相机 OK, 串口 ERROR, 有效信息 YES, 发送 2 and 4 FAILED
[2026-07-24 12:44:45.802] [warning] [serial_port.cpp] 尝试重新打开串口...
[2026-07-24 12:44:45.802] [error] [serial_port.cpp] 无法打开串口 /dev/ttyACM0

[2026-07-24 12:44:46.308] [warning] [serial_port.cpp] 尝试重新打开串口...
[2026-07-24 12:44:46.308] [error] [serial_port.cpp] 无法打开串口 /dev/ttyACM0

[2026-07-24 12:44:46.813] [warning] [serial_port.cpp] 尝试重新打开串口...
[2026-07-24 12:44:46.813] [error] [serial_port.cpp] 无法打开串口 /dev/ttyACM0

[2026-07-24 12:44:47.317] [warning] [serial_port.cpp] 尝试重新打开串口...
[2026-07-24 12:44:47.317] [error] [serial_port.cpp] 无法打开串口 /dev/ttyACM0

[2026-07-24 12:44:47.822] [warning] [serial_port.cpp] 尝试重新打开串口...
[2026-07-24 12:44:47.822] [error] [serial_port.cpp] 无法打开串口 /dev/ttyACM0

[2026-07-24 12:44:48.326] [warning] [serial_port.cpp] 尝试重新打开串口...
[2026-07-24 12:44:48.326] [error] [serial_port.cpp] 无法打开串口 /dev/ttyACM0

[2026-07-24 12:44:48.834] [warning] [serial_port.cpp] 尝试重新打开串口...
[2026-07-24 12:44:48.834] [error] [serial_port.cpp] 无法打开串口 /dev/ttyACM0

[2026-07-24 12:44:49.338] [warning] [serial_port.cpp] 尝试重新打开串口...
[2026-07-24 12:44:49.338] [error] [serial_port.cpp] 无法打开串口 /dev/ttyACM0

[2026-07-24 12:44:49.844] [warning] [serial_port.cpp] 尝试重新打开串口...
[2026-07-24 12:44:49.844] [error] [serial_port.cpp] 无法打开串口 /dev/ttyACM0

[2026-07-24 12:44:50.349] [warning] [serial_port.cpp] 尝试重新打开串口...
[2026-07-24 12:44:50.349] [error] [serial_port.cpp] 无法打开串口 /dev/ttyACM0

[2026-07-24 12:44:50.855] [warning] [serial_port.cpp] 尝试重新打开串口...
[2026-07-24 12:44:50.855] [error] [serial_port.cpp] 无法打开串口 /dev/ttyACM0

[2026-07-24 12:44:51.359] [warning] [serial_port.cpp] 尝试重新打开串口...
[2026-07-24 12:44:51.359] [error] [serial_port.cpp] 无法打开串口 /dev/ttyACM0

[2026-07-24 12:44:51.863] [warning] [serial_port.cpp] 尝试重新打开串口...
[2026-07-24 12:44:51.863] [error] [serial_port.cpp] 无法打开串口 /dev/ttyACM0

[2026-07-24 12:44:52.368] [warning] [serial_port.cpp] 尝试重新打开串口...
[2026-07-24 12:44:52.368] [error] [serial_port.cpp] 无法打开串口 /dev/ttyACM0

[2026-07-24 12:44:52.873] [warning] [serial_port.cpp] 尝试重新打开串口...
[2026-07-24 12:44:52.873] [error] [serial_port.cpp] 无法打开串口 /dev/ttyACM0

[2026-07-24 12:44:53.377] [warning] [serial_port.cpp] 尝试重新打开串口...
[2026-07-24 12:44:53.377] [error] [serial_port.cpp] 无法打开串口 /dev/ttyACM0

[2026-07-24 12:44:53.883] [warning] [serial_port.cpp] 尝试重新打开串口...
[2026-07-24 12:44:53.883] [error] [serial_port.cpp] 无法打开串口 /dev/ttyACM0

[2026-07-24 12:44:54.173] [info] [qrcode_scanner.cpp] 检测到 RESET!!! ，已重置
[2026-07-24 12:44:54.176] [info] [SERIAL THREAD] 相机 OK, 串口 ERROR, 有效信息 NO, 发送 255 and 255 FAILED
[2026-07-24 12:44:54.325] [info] [qrcode_scanner.cpp] 检测到 RESET!!! ，已重置
[2026-07-24 12:44:54.390] [warning] [serial_port.cpp] 尝试重新打开串口...
[2026-07-24 12:44:54.390] [error] [serial_port.cpp] 无法打开串口 /dev/ttyACM0

[2026-07-24 12:44:54.682] [info] [qrcode_scanner.cpp] 检测到 RESET!!! ，已重置
[2026-07-24 12:44:54.719] [info] [qrcode_scanner.cpp] 检测到 RESET!!! ，已重置
[2026-07-24 12:44:54.754] [info] [qrcode_scanner.cpp] 检测到 RESET!!! ，已重置
[2026-07-24 12:44:54.790] [info] [qrcode_scanner.cpp] 检测到 RESET!!! ，已重置
[2026-07-24 12:44:54.824] [info] [qrcode_scanner.cpp] 检测到 RESET!!! ，已重置
[2026-07-24 12:44:54.859] [info] [qrcode_scanner.cpp] 检测到 RESET!!! ，已重置
[2026-07-24 12:44:54.867] [info] [qrcode_scanner.cpp] 检测到 RESET!!! ，已重置
[2026-07-24 12:44:54.895] [warning] [serial_port.cpp] 尝试重新打开串口...
[2026-07-24 12:44:54.895] [error] [serial_port.cpp] 无法打开串口 /dev/ttyACM0

[2026-07-24 12:44:55.399] [warning] [serial_port.cpp] 尝试重新打开串口...
[2026-07-24 12:44:55.399] [error] [serial_port.cpp] 无法打开串口 /dev/ttyACM0

[2026-07-24 12:44:55.905] [warning] [serial_port.cpp] 尝试重新打开串口...
[2026-07-24 12:44:55.905] [error] [serial_port.cpp] 无法打开串口 /dev/ttyACM0

[2026-07-24 12:44:56.411] [warning] [serial_port.cpp] 尝试重新打开串口...
[2026-07-24 12:44:56.411] [error] [serial_port.cpp] 无法打开串口 /dev/ttyACM0

[2026-07-24 12:44:56.918] [warning] [serial_port.cpp] 尝试重新打开串口...
[2026-07-24 12:44:56.918] [error] [serial_port.cpp] 无法打开串口 /dev/ttyACM0

[2026-07-24 12:44:57.425] [warning] [serial_port.cpp] 尝试重新打开串口...
[2026-07-24 12:44:57.425] [error] [serial_port.cpp] 无法打开串口 /dev/ttyACM0

[2026-07-24 12:44:57.932] [warning] [serial_port.cpp] 尝试重新打开串口...
[2026-07-24 12:44:57.932] [error] [serial_port.cpp] 无法打开串口 /dev/ttyACM0

[2026-07-24 12:44:58.438] [warning] [serial_port.cpp] 尝试重新打开串口...
[2026-07-24 12:44:58.438] [error] [serial_port.cpp] 无法打开串口 /dev/ttyACM0

[2026-07-24 12:44:58.943] [warning] [serial_port.cpp] 尝试重新打开串口...
[2026-07-24 12:44:58.944] [error] [serial_port.cpp] 无法打开串口 /dev/ttyACM0

[2026-07-24 12:44:59.449] [warning] [serial_port.cpp] 尝试重新打开串口...
[2026-07-24 12:44:59.449] [error] [serial_port.cpp] 无法打开串口 /dev/ttyACM0

[2026-07-24 12:44:59.955] [warning] [serial_port.cpp] 尝试重新打开串口...
[2026-07-24 12:44:59.955] [error] [serial_port.cpp] 无法打开串口 /dev/ttyACM0

[2026-07-24 12:45:00.461] [warning] [serial_port.cpp] 尝试重新打开串口...
[2026-07-24 12:45:00.461] [error] [serial_port.cpp] 无法打开串口 /dev/ttyACM0

[2026-07-24 12:45:00.966] [warning] [serial_port.cpp] 尝试重新打开串口...
[2026-07-24 12:45:00.966] [error] [serial_port.cpp] 无法打开串口 /dev/ttyACM0

[2026-07-24 12:45:01.472] [warning] [serial_port.cpp] 尝试重新打开串口...
[2026-07-24 12:45:01.472] [error] [serial_port.cpp] 无法打开串口 /dev/ttyACM0

[2026-07-24 12:45:01.978] [warning] [serial_port.cpp] 尝试重新打开串口...
[2026-07-24 12:45:01.978] [error] [serial_port.cpp] 无法打开串口 /dev/ttyACM0

[2026-07-24 12:45:02.484] [warning] [serial_port.cpp] 尝试重新打开串口...
[2026-07-24 12:45:02.484] [error] [serial_port.cpp] 无法打开串口 /dev/ttyACM0

[2026-07-24 12:45:02.989] [warning] [serial_port.cpp] 尝试重新打开串口...
[2026-07-24 12:45:02.989] [error] [serial_port.cpp] 无法打开串口 /dev/ttyACM0

[2026-07-24 12:45:03.494] [warning] [serial_port.cpp] 尝试重新打开串口...
[2026-07-24 12:45:03.494] [error] [serial_port.cpp] 无法打开串口 /dev/ttyACM0

[2026-07-24 12:45:03.998] [warning] [serial_port.cpp] 尝试重新打开串口...
[2026-07-24 12:45:03.998] [error] [serial_port.cpp] 无法打开串口 /dev/ttyACM0

[2026-07-24 12:45:04.504] [warning] [serial_port.cpp] 尝试重新打开串口...
[2026-07-24 12:45:04.504] [error] [serial_port.cpp] 无法打开串口 /dev/ttyACM0

[2026-07-24 12:45:05.008] [warning] [serial_port.cpp] 尝试重新打开串口...
[2026-07-24 12:45:05.008] [error] [serial_port.cpp] 无法打开串口 /dev/ttyACM0

[2026-07-24 12:45:05.513] [warning] [serial_port.cpp] 尝试重新打开串口...
[2026-07-24 12:45:05.513] [error] [serial_port.cpp] 无法打开串口 /dev/ttyACM0

[2026-07-24 12:45:06.017] [warning] [serial_port.cpp] 尝试重新打开串口...
[2026-07-24 12:45:06.017] [error] [serial_port.cpp] 无法打开串口 /dev/ttyACM0

[2026-07-24 12:45:06.521] [warning] [serial_port.cpp] 尝试重新打开串口...
[2026-07-24 12:45:06.521] [error] [serial_port.cpp] 无法打开串口 /dev/ttyACM0

[2026-07-24 12:45:07.027] [warning] [serial_port.cpp] 尝试重新打开串口...
[2026-07-24 12:45:07.027] [error] [serial_port.cpp] 无法打开串口 /dev/ttyACM0

[2026-07-24 12:45:07.533] [warning] [serial_port.cpp] 尝试重新打开串口...
[2026-07-24 12:45:07.533] [error] [serial_port.cpp] 无法打开串口 /dev/ttyACM0

[2026-07-24 12:45:08.038] [warning] [serial_port.cpp] 尝试重新打开串口...
[2026-07-24 12:45:08.038] [error] [serial_port.cpp] 无法打开串口 /dev/ttyACM0

[2026-07-24 12:45:08.544] [warning] [serial_port.cpp] 尝试重新打开串口...
[2026-07-24 12:45:08.544] [error] [serial_port.cpp] 无法打开串口 /dev/ttyACM0

[2026-07-24 12:45:09.051] [warning] [serial_port.cpp] 尝试重新打开串口...
[2026-07-24 12:45:09.052] [error] [serial_port.cpp] 无法打开串口 /dev/ttyACM0

[2026-07-24 12:45:09.557] [warning] [serial_port.cpp] 尝试重新打开串口...
[2026-07-24 12:45:09.557] [error] [serial_port.cpp] 无法打开串口 /dev/ttyACM0

[2026-07-24 12:45:10.063] [warning] [serial_port.cpp] 尝试重新打开串口...
[2026-07-24 12:45:10.064] [error] [serial_port.cpp] 无法打开串口 /dev/ttyACM0

[2026-07-24 12:45:10.569] [warning] [serial_port.cpp] 尝试重新打开串口...
[2026-07-24 12:45:10.569] [error] [serial_port.cpp] 无法打开串口 /dev/ttyACM0

[2026-07-24 12:45:11.074] [warning] [serial_port.cpp] 尝试重新打开串口...
[2026-07-24 12:45:11.074] [error] [serial_port.cpp] 无法打开串口 /dev/ttyACM0

[2026-07-24 12:45:11.580] [warning] [serial_port.cpp] 尝试重新打开串口...
[2026-07-24 12:45:11.580] [error] [serial_port.cpp] 无法打开串口 /dev/ttyACM0

[2026-07-24 12:45:12.085] [warning] [serial_port.cpp] 尝试重新打开串口...
[2026-07-24 12:45:12.086] [error] [serial_port.cpp] 无法打开串口 /dev/ttyACM0

[2026-07-24 12:45:12.591] [warning] [serial_port.cpp] 尝试重新打开串口...
[2026-07-24 12:45:12.591] [error] [serial_port.cpp] 无法打开串口 /dev/ttyACM0

[2026-07-24 12:45:13.097] [warning] [serial_port.cpp] 尝试重新打开串口...
[2026-07-24 12:45:13.097] [error] [serial_port.cpp] 无法打开串口 /dev/ttyACM0

[2026-07-24 12:45:13.605] [warning] [serial_port.cpp] 尝试重新打开串口...
[2026-07-24 12:45:13.605] [error] [serial_port.cpp] 无法打开串口 /dev/ttyACM0

[2026-07-24 12:45:14.109] [warning] [serial_port.cpp] 尝试重新打开串口...
[2026-07-24 12:45:14.110] [error] [serial_port.cpp] 无法打开串口 /dev/ttyACM0

[2026-07-24 12:45:14.614] [warning] [serial_port.cpp] 尝试重新打开串口...
[2026-07-24 12:45:14.614] [error] [serial_port.cpp] 无法打开串口 /dev/ttyACM0

[2026-07-24 12:45:15.120] [warning] [serial_port.cpp] 尝试重新打开串口...
[2026-07-24 12:45:15.120] [error] [serial_port.cpp] 无法打开串口 /dev/ttyACM0

[2026-07-24 12:45:15.625] [warning] [serial_port.cpp] 尝试重新打开串口...
[2026-07-24 12:45:15.626] [error] [serial_port.cpp] 无法打开串口 /dev/ttyACM0

[2026-07-24 12:45:16.131] [warning] [serial_port.cpp] 尝试重新打开串口...
[2026-07-24 12:45:16.131] [error] [serial_port.cpp] 无法打开串口 /dev/ttyACM0

[2026-07-24 12:45:16.636] [warning] [serial_port.cpp] 尝试重新打开串口...
[2026-07-24 12:45:16.637] [error] [serial_port.cpp] 无法打开串口 /dev/ttyACM0

[2026-07-24 12:45:17.143] [warning] [serial_port.cpp] 尝试重新打开串口...
[2026-07-24 12:45:17.143] [error] [serial_port.cpp] 无法打开串口 /dev/ttyACM0

[2026-07-24 12:45:17.648] [warning] [serial_port.cpp] 尝试重新打开串口...
[2026-07-24 12:45:17.648] [error] [serial_port.cpp] 无法打开串口 /dev/ttyACM0

[2026-07-24 12:45:18.152] [warning] [serial_port.cpp] 尝试重新打开串口...
[2026-07-24 12:45:18.152] [error] [serial_port.cpp] 无法打开串口 /dev/ttyACM0

[2026-07-24 12:45:18.657] [warning] [serial_port.cpp] 尝试重新打开串口...
[2026-07-24 12:45:18.658] [error] [serial_port.cpp] 无法打开串口 /dev/ttyACM0

[2026-07-24 12:45:19.162] [warning] [serial_port.cpp] 尝试重新打开串口...
[2026-07-24 12:45:19.162] [error] [serial_port.cpp] 无法打开串口 /dev/ttyACM0

[2026-07-24 12:45:19.667] [warning] [serial_port.cpp] 尝试重新打开串口...
[2026-07-24 12:45:19.667] [error] [serial_port.cpp] 无法打开串口 /dev/ttyACM0

[2026-07-24 12:45:19.770] [info] [qrcode_scanner.cpp] 检测到 RESET!!! ，已重置
[2026-07-24 12:45:19.870] [info] [qrcode_scanner.cpp] 检测到 RESET!!! ，已重置
[2026-07-24 12:45:19.898] [info] [qrcode_scanner.cpp] 检测到 RESET!!! ，已重置
[2026-07-24 12:45:19.998] [info] [qrcode_scanner.cpp] 检测到 RESET!!! ，已重置
[2026-07-24 12:45:20.038] [info] [qrcode_scanner.cpp] 检测到 RESET!!! ，已重置
[2026-07-24 12:45:20.172] [warning] [serial_port.cpp] 尝试重新打开串口...
[2026-07-24 12:45:20.172] [error] [serial_port.cpp] 无法打开串口 /dev/ttyACM0

[2026-07-24 12:45:20.678] [warning] [serial_port.cpp] 尝试重新打开串口...
[2026-07-24 12:45:20.678] [error] [serial_port.cpp] 无法打开串口 /dev/ttyACM0

[2026-07-24 12:45:21.182] [warning] [serial_port.cpp] 尝试重新打开串口...
[2026-07-24 12:45:21.182] [error] [serial_port.cpp] 无法打开串口 /dev/ttyACM0

[2026-07-24 12:45:21.689] [warning] [serial_port.cpp] 尝试重新打开串口...
[2026-07-24 12:45:21.689] [error] [serial_port.cpp] 无法打开串口 /dev/ttyACM0

[2026-07-24 12:45:22.194] [warning] [serial_port.cpp] 尝试重新打开串口...
[2026-07-24 12:45:22.194] [error] [serial_port.cpp] 无法打开串口 /dev/ttyACM0

[2026-07-24 12:45:22.698] [warning] [serial_port.cpp] 尝试重新打开串口...
[2026-07-24 12:45:22.698] [error] [serial_port.cpp] 无法打开串口 /dev/ttyACM0

[2026-07-24 12:45:23.203] [warning] [serial_port.cpp] 尝试重新打开串口...
[2026-07-24 12:45:23.203] [error] [serial_port.cpp] 无法打开串口 /dev/ttyACM0

[2026-07-24 12:45:23.707] [warning] [serial_port.cpp] 尝试重新打开串口...
[2026-07-24 12:45:23.707] [error] [serial_port.cpp] 无法打开串口 /dev/ttyACM0

[2026-07-24 12:45:24.212] [warning] [serial_port.cpp] 尝试重新打开串口...
[2026-07-24 12:45:24.212] [error] [serial_port.cpp] 无法打开串口 /dev/ttyACM0

[2026-07-24 12:45:24.716] [warning] [serial_port.cpp] 尝试重新打开串口...
[2026-07-24 12:45:24.716] [error] [serial_port.cpp] 无法打开串口 /dev/ttyACM0

[2026-07-24 12:45:25.221] [warning] [serial_port.cpp] 尝试重新打开串口...
[2026-07-24 12:45:25.221] [error] [serial_port.cpp] 无法打开串口 /dev/ttyACM0

[2026-07-24 12:45:25.726] [warning] [serial_port.cpp] 尝试重新打开串口...
[2026-07-24 12:45:25.726] [error] [serial_port.cpp] 无法打开串口 /dev/ttyACM0

[2026-07-24 12:45:26.230] [warning] [serial_port.cpp] 尝试重新打开串口...
[2026-07-24 12:45:26.230] [error] [serial_port.cpp] 无法打开串口 /dev/ttyACM0

[2026-07-24 12:45:26.737] [warning] [serial_port.cpp] 尝试重新打开串口...
[2026-07-24 12:45:26.737] [error] [serial_port.cpp] 无法打开串口 /dev/ttyACM0

[2026-07-24 12:45:27.242] [warning] [serial_port.cpp] 尝试重新打开串口...
[2026-07-24 12:45:27.242] [error] [serial_port.cpp] 无法打开串口 /dev/ttyACM0

[2026-07-24 12:45:27.539] [info] [qrcode_scanner.cpp] data1 更新，检测到 基础框 和 核心框 的颜色: Blue,Red
[2026-07-24 12:45:27.539] [info] [qrcode_scanner.cpp] data2 更新，检测到 三个投球框 的颜色顺序: Blue,Yellow,Red
[2026-07-24 12:45:27.545] [info] [SERIAL THREAD] 相机 OK, 串口 ERROR, 有效信息 YES, 发送 5 and 6 FAILED
[2026-07-24 12:45:27.747] [warning] [serial_port.cpp] 尝试重新打开串口...
[2026-07-24 12:45:27.747] [error] [serial_port.cpp] 无法打开串口 /dev/ttyACM0

[2026-07-24 12:45:28.252] [warning] [serial_port.cpp] 尝试重新打开串口...
[2026-07-24 12:45:28.252] [error] [serial_port.cpp] 无法打开串口 /dev/ttyACM0

[2026-07-24 12:45:28.756] [warning] [serial_port.cpp] 尝试重新打开串口...
[2026-07-24 12:45:28.756] [error] [serial_port.cpp] 无法打开串口 /dev/ttyACM0

[2026-07-24 12:45:29.261] [warning] [serial_port.cpp] 尝试重新打开串口...
[2026-07-24 12:45:29.261] [error] [serial_port.cpp] 无法打开串口 /dev/ttyACM0

[2026-07-24 12:45:29.767] [warning] [serial_port.cpp] 尝试重新打开串口...
[2026-07-24 12:45:29.767] [error] [serial_port.cpp] 无法打开串口 /dev/ttyACM0

[2026-07-24 12:45:30.271] [warning] [serial_port.cpp] 尝试重新打开串口...
[2026-07-24 12:45:30.272] [error] [serial_port.cpp] 无法打开串口 /dev/ttyACM0

[2026-07-24 12:45:30.778] [warning] [serial_port.cpp] 尝试重新打开串口...
[2026-07-24 12:45:30.778] [error] [serial_port.cpp] 无法打开串口 /dev/ttyACM0

[2026-07-24 12:45:31.284] [warning] [serial_port.cpp] 尝试重新打开串口...
[2026-07-24 12:45:31.284] [error] [serial_port.cpp] 无法打开串口 /dev/ttyACM0

[2026-07-24 12:45:31.790] [warning] [serial_port.cpp] 尝试重新打开串口...
[2026-07-24 12:45:31.790] [error] [serial_port.cpp] 无法打开串口 /dev/ttyACM0

[2026-07-24 12:45:32.296] [warning] [serial_port.cpp] 尝试重新打开串口...
[2026-07-24 12:45:32.296] [error] [serial_port.cpp] 无法打开串口 /dev/ttyACM0

[2026-07-24 12:45:32.803] [warning] [serial_port.cpp] 尝试重新打开串口...
[2026-07-24 12:45:32.803] [error] [serial_port.cpp] 无法打开串口 /dev/ttyACM0

[2026-07-24 12:45:33.311] [warning] [serial_port.cpp] 尝试重新打开串口...
[2026-07-24 12:45:33.311] [error] [serial_port.cpp] 无法打开串口 /dev/ttyACM0

[2026-07-24 12:45:33.817] [warning] [serial_port.cpp] 尝试重新打开串口...
[2026-07-24 12:45:33.817] [error] [serial_port.cpp] 无法打开串口 /dev/ttyACM0

[2026-07-24 12:45:34.322] [warning] [serial_port.cpp] 尝试重新打开串口...
[2026-07-24 12:45:34.322] [error] [serial_port.cpp] 无法打开串口 /dev/ttyACM0

[2026-07-24 12:45:34.826] [warning] [serial_port.cpp] 尝试重新打开串口...
[2026-07-24 12:45:34.827] [error] [serial_port.cpp] 无法打开串口 /dev/ttyACM0

[2026-07-24 12:45:35.332] [warning] [serial_port.cpp] 尝试重新打开串口...
[2026-07-24 12:45:35.332] [error] [serial_port.cpp] 无法打开串口 /dev/ttyACM0

[2026-07-24 12:45:35.836] [warning] [serial_port.cpp] 尝试重新打开串口...
[2026-07-24 12:45:35.836] [error] [serial_port.cpp] 无法打开串口 /dev/ttyACM0

[2026-07-24 12:45:36.339] [warning] [serial_port.cpp] 尝试重新打开串口...
[2026-07-24 12:45:36.339] [error] [serial_port.cpp] 无法打开串口 /dev/ttyACM0

[2026-07-24 12:45:36.845] [warning] [serial_port.cpp] 尝试重新打开串口...
[2026-07-24 12:45:36.845] [error] [serial_port.cpp] 无法打开串口 /dev/ttyACM0

[2026-07-24 12:45:37.350] [warning] [serial_port.cpp] 尝试重新打开串口...
[2026-07-24 12:45:37.350] [error] [serial_port.cpp] 无法打开串口 /dev/ttyACM0

[2026-07-24 12:45:37.855] [warning] [serial_port.cpp] 尝试重新打开串口...
[2026-07-24 12:45:37.855] [error] [serial_port.cpp] 无法打开串口 /dev/ttyACM0

[2026-07-24 12:45:38.361] [warning] [serial_port.cpp] 尝试重新打开串口...
[2026-07-24 12:45:38.361] [error] [serial_port.cpp] 无法打开串口 /dev/ttyACM0

[2026-07-24 12:45:38.866] [warning] [serial_port.cpp] 尝试重新打开串口...
[2026-07-24 12:45:38.866] [error] [serial_port.cpp] 无法打开串口 /dev/ttyACM0

[2026-07-24 12:45:39.373] [warning] [serial_port.cpp] 尝试重新打开串口...
[2026-07-24 12:45:39.374] [error] [serial_port.cpp] 无法打开串口 /dev/ttyACM0

[2026-07-24 12:45:39.878] [warning] [serial_port.cpp] 尝试重新打开串口...
[2026-07-24 12:45:39.879] [error] [serial_port.cpp] 无法打开串口 /dev/ttyACM0

[2026-07-24 12:45:40.385] [warning] [serial_port.cpp] 尝试重新打开串口...
[2026-07-24 12:45:40.385] [error] [serial_port.cpp] 无法打开串口 /dev/ttyACM0

[2026-07-24 12:45:40.891] [warning] [serial_port.cpp] 尝试重新打开串口...
[2026-07-24 12:45:40.891] [error] [serial_port.cpp] 无法打开串口 /dev/ttyACM0

[2026-07-24 12:45:41.396] [warning] [serial_port.cpp] 尝试重新打开串口...
[2026-07-24 12:45:41.396] [error] [serial_port.cpp] 无法打开串口 /dev/ttyACM0

[2026-07-24 12:45:41.902] [warning] [serial_port.cpp] 尝试重新打开串口...
[2026-07-24 12:45:41.902] [error] [serial_port.cpp] 无法打开串口 /dev/ttyACM0

[2026-07-24 12:45:42.408] [warning] [serial_port.cpp] 尝试重新打开串口...
[2026-07-24 12:45:42.408] [error] [serial_port.cpp] 无法打开串口 /dev/ttyACM0

[2026-07-24 12:45:42.913] [warning] [serial_port.cpp] 尝试重新打开串口...
[2026-07-24 12:45:42.914] [error] [serial_port.cpp] 无法打开串口 /dev/ttyACM0

[2026-07-24 12:45:43.419] [warning] [serial_port.cpp] 尝试重新打开串口...
[2026-07-24 12:45:43.419] [error] [serial_port.cpp] 无法打开串口 /dev/ttyACM0

[2026-07-24 12:45:43.927] [warning] [serial_port.cpp] 尝试重新打开串口...
[2026-07-24 12:45:43.927] [error] [serial_port.cpp] 无法打开串口 /dev/ttyACM0

[2026-07-24 12:45:44.431] [warning] [serial_port.cpp] 尝试重新打开串口...
[2026-07-24 12:45:44.431] [error] [serial_port.cpp] 无法打开串口 /dev/ttyACM0

[2026-07-24 12:45:44.937] [warning] [serial_port.cpp] 尝试重新打开串口...
[2026-07-24 12:45:44.937] [error] [serial_port.cpp] 无法打开串口 /dev/ttyACM0

[2026-07-24 12:45:45.442] [warning] [serial_port.cpp] 尝试重新打开串口...
[2026-07-24 12:45:45.442] [error] [serial_port.cpp] 无法打开串口 /dev/ttyACM0

[2026-07-24 12:45:45.947] [warning] [serial_port.cpp] 尝试重新打开串口...
[2026-07-24 12:45:45.947] [error] [serial_port.cpp] 无法打开串口 /dev/ttyACM0

[2026-07-24 12:45:46.453] [warning] [serial_port.cpp] 尝试重新打开串口...
[2026-07-24 12:45:46.453] [error] [serial_port.cpp] 无法打开串口 /dev/ttyACM0

[2026-07-24 12:45:46.958] [warning] [serial_port.cpp] 尝试重新打开串口...
[2026-07-24 12:45:46.958] [error] [serial_port.cpp] 无法打开串口 /dev/ttyACM0

[2026-07-24 12:45:47.464] [warning] [serial_port.cpp] 尝试重新打开串口...
[2026-07-24 12:45:47.464] [error] [serial_port.cpp] 无法打开串口 /dev/ttyACM0

[2026-07-24 12:45:47.970] [warning] [serial_port.cpp] 尝试重新打开串口...
[2026-07-24 12:45:47.971] [error] [serial_port.cpp] 无法打开串口 /dev/ttyACM0

[2026-07-24 12:45:48.477] [warning] [serial_port.cpp] 尝试重新打开串口...
[2026-07-24 12:45:48.477] [error] [serial_port.cpp] 无法打开串口 /dev/ttyACM0

[2026-07-24 12:45:48.981] [warning] [serial_port.cpp] 尝试重新打开串口...
[2026-07-24 12:45:48.981] [error] [serial_port.cpp] 无法打开串口 /dev/ttyACM0

[2026-07-24 12:45:49.485] [warning] [serial_port.cpp] 尝试重新打开串口...
[2026-07-24 12:45:49.485] [error] [serial_port.cpp] 无法打开串口 /dev/ttyACM0

[2026-07-24 12:45:49.992] [warning] [serial_port.cpp] 尝试重新打开串口...
[2026-07-24 12:45:49.992] [error] [serial_port.cpp] 无法打开串口 /dev/ttyACM0

[2026-07-24 12:45:50.497] [warning] [serial_port.cpp] 尝试重新打开串口...
[2026-07-24 12:45:50.497] [error] [serial_port.cpp] 无法打开串口 /dev/ttyACM0

[2026-07-24 12:45:51.001] [warning] [serial_port.cpp] 尝试重新打开串口...
[2026-07-24 12:45:51.001] [error] [serial_port.cpp] 无法打开串口 /dev/ttyACM0

[2026-07-24 12:45:51.506] [warning] [serial_port.cpp] 尝试重新打开串口...
[2026-07-24 12:45:51.506] [error] [serial_port.cpp] 无法打开串口 /dev/ttyACM0

[2026-07-24 12:45:52.012] [warning] [serial_port.cpp] 尝试重新打开串口...
[2026-07-24 12:45:52.012] [error] [serial_port.cpp] 无法打开串口 /dev/ttyACM0

[2026-07-24 12:45:52.516] [warning] [serial_port.cpp] 尝试重新打开串口...
[2026-07-24 12:45:52.516] [error] [serial_port.cpp] 无法打开串口 /dev/ttyACM0

[2026-07-24 12:45:53.023] [warning] [serial_port.cpp] 尝试重新打开串口...
[2026-07-24 12:45:53.023] [error] [serial_port.cpp] 无法打开串口 /dev/ttyACM0

[2026-07-24 12:45:53.528] [warning] [serial_port.cpp] 尝试重新打开串口...
[2026-07-24 12:45:53.528] [error] [serial_port.cpp] 无法打开串口 /dev/ttyACM0

[2026-07-24 12:45:54.035] [warning] [serial_port.cpp] 尝试重新打开串口...
[2026-07-24 12:45:54.035] [error] [serial_port.cpp] 无法打开串口 /dev/ttyACM0

[2026-07-24 12:45:54.541] [warning] [serial_port.cpp] 尝试重新打开串口...
[2026-07-24 12:45:54.541] [error] [serial_port.cpp] 无法打开串口 /dev/ttyACM0

[2026-07-24 12:45:55.045] [warning] [serial_port.cpp] 尝试重新打开串口...
[2026-07-24 12:45:55.045] [error] [serial_port.cpp] 无法打开串口 /dev/ttyACM0

[2026-07-24 12:45:55.551] [warning] [serial_port.cpp] 尝试重新打开串口...
[2026-07-24 12:45:55.551] [error] [serial_port.cpp] 无法打开串口 /dev/ttyACM0

[2026-07-24 12:45:56.057] [warning] [serial_port.cpp] 尝试重新打开串口...
[2026-07-24 12:45:56.057] [error] [serial_port.cpp] 无法打开串口 /dev/ttyACM0

[2026-07-24 12:45:56.561] [warning] [serial_port.cpp] 尝试重新打开串口...
[2026-07-24 12:45:56.562] [error] [serial_port.cpp] 无法打开串口 /dev/ttyACM0

[2026-07-24 12:45:57.068] [warning] [serial_port.cpp] 尝试重新打开串口...
[2026-07-24 12:45:57.068] [error] [serial_port.cpp] 无法打开串口 /dev/ttyACM0

[2026-07-24 12:45:57.573] [warning] [serial_port.cpp] 尝试重新打开串口...
[2026-07-24 12:45:57.573] [error] [serial_port.cpp] 无法打开串口 /dev/ttyACM0

[2026-07-24 12:45:58.079] [warning] [serial_port.cpp] 尝试重新打开串口...
[2026-07-24 12:45:58.079] [error] [serial_port.cpp] 无法打开串口 /dev/ttyACM0

[2026-07-24 12:45:58.585] [warning] [serial_port.cpp] 尝试重新打开串口...
[2026-07-24 12:45:58.585] [error] [serial_port.cpp] 无法打开串口 /dev/ttyACM0

[2026-07-24 12:45:59.091] [warning] [serial_port.cpp] 尝试重新打开串口...
[2026-07-24 12:45:59.091] [error] [serial_port.cpp] 无法打开串口 /dev/ttyACM0

[2026-07-24 12:45:59.594] [warning] [serial_port.cpp] 尝试重新打开串口...
[2026-07-24 12:45:59.594] [error] [serial_port.cpp] 无法打开串口 /dev/ttyACM0

[2026-07-24 12:46:00.099] [warning] [serial_port.cpp] 尝试重新打开串口...
[2026-07-24 12:46:00.099] [error] [serial_port.cpp] 无法打开串口 /dev/ttyACM0

[2026-07-24 12:46:00.605] [warning] [serial_port.cpp] 尝试重新打开串口...
[2026-07-24 12:46:00.605] [error] [serial_port.cpp] 无法打开串口 /dev/ttyACM0

[2026-07-24 12:46:01.110] [warning] [serial_port.cpp] 尝试重新打开串口...
[2026-07-24 12:46:01.110] [error] [serial_port.cpp] 无法打开串口 /dev/ttyACM0

[2026-07-24 12:46:01.615] [warning] [serial_port.cpp] 尝试重新打开串口...
[2026-07-24 12:46:01.615] [error] [serial_port.cpp] 无法打开串口 /dev/ttyACM0

[2026-07-24 12:46:01.703] [debug] 

[2026-07-24 12:46:01.703] [warning] [main.cpp] 捕捉到退出信号(SIGINT)，准备退出程序...

[2026-07-24 12:46:01.739] [info] [HttpStream] HTTP 服务器已停止。
