[2026-07-24 12:46:50.571] [debug] ================= [CONFIG LOADED] =================
[2026-07-24 12:46:50.571] [debug]   Mode: Raspberry Pi
[2026-07-24 12:46:50.571] [debug]   Camera ID : 2
[2026-07-24 12:46:50.571] [debug]   Target Res: 1280x720
[2026-07-24 12:46:50.571] [debug]   Target Fmt: MJPG
[2026-07-24 12:46:50.571] [debug]   Target Brightness: 0
[2026-07-24 12:46:50.571] [debug]   Target Contrast: 30
[2026-07-24 12:46:50.571] [debug]   Model Path: ../models/detect.prototxt | ../models/detect.caffemodel | ../models/sr.prototxt | ../models/sr.caffemodel

[2026-07-24 12:46:50.571] [debug]   Stream        : Port=5000, Res=640x360, Quality=60
[2026-07-24 12:46:50.571] [debug] ===================================================
[2026-07-24 12:46:50.575] [info] [qrcode_scanner.cpp] 微信模型加载成功
[2026-07-24 12:46:50.718] [debug] 
[2026-07-24 12:46:50.718] [debug] ================= [ACTUAL CAMERA STATUS] =================
[2026-07-24 12:46:50.718] [debug]   Backend API   : V4L2
[2026-07-24 12:46:50.718] [debug]   Resolution    : 1280x720
[2026-07-24 12:46:50.718] [debug]   FPS           : 30
[2026-07-24 12:46:50.718] [debug]   Video Format  : MJPG
[2026-07-24 12:46:50.718] [debug]   Exposure      : 156
[2026-07-24 12:46:50.718] [debug]   Brightness    : 0
[2026-07-24 12:46:50.718] [debug]   Contrast      : 30
[2026-07-24 12:46:50.718] [debug] ==========================================================
[2026-07-24 12:46:50.718] [debug] [main.cpp] 相机初始化完毕, 按 'Ctrl+C' 退出

[2026-07-24 12:46:50.718] [debug] ================= [SERIAL STATUS] =================
[2026-07-24 12:46:50.718] [error] [serial_port.cpp] 无法打开串口 /dev/ttyACM0

[2026-07-24 12:46:50.718] [error]   is_serial_open: FAILED
[2026-07-24 12:46:50.718] [debug] ===================================================

[2026-07-24 12:46:50.718] [info] [HttpStream] HTTP 服务器已启动，端口: 5000
[2026-07-24 12:46:50.718] [info] [HttpStream] 服务器正在 0.0.0.0:5000 监听
[2026-07-24 12:46:50.719] [info] 本机局域网 IP: 10.62.146.83  (接口: wlp0s20f3)
[2026-07-24 12:46:50.719] [debug] [main.cpp] starting 3 threads...

[2026-07-24 12:46:50.719] [info] [SERIAL THREAD] 相机 OK, 串口 ERROR, 有效信息 NO, 发送 255 and 255 FAILED
[2026-07-24 12:46:51.073] [warning] [serial_port.cpp] 尝试重新打开串口...
[2026-07-24 12:46:51.073] [error] [serial_port.cpp] 无法打开串口 /dev/ttyACM0

[2026-07-24 12:46:51.582] [warning] [serial_port.cpp] 尝试重新打开串口...
[2026-07-24 12:46:51.582] [error] [serial_port.cpp] 无法打开串口 /dev/ttyACM0

[2026-07-24 12:46:52.087] [warning] [serial_port.cpp] 尝试重新打开串口...
[2026-07-24 12:46:52.087] [error] [serial_port.cpp] 无法打开串口 /dev/ttyACM0

[2026-07-24 12:46:52.593] [warning] [serial_port.cpp] 尝试重新打开串口...
[2026-07-24 12:46:52.593] [error] [serial_port.cpp] 无法打开串口 /dev/ttyACM0

[2026-07-24 12:46:53.098] [warning] [serial_port.cpp] 尝试重新打开串口...
[2026-07-24 12:46:53.098] [error] [serial_port.cpp] 无法打开串口 /dev/ttyACM0

[2026-07-24 12:46:53.602] [warning] [serial_port.cpp] 尝试重新打开串口...
[2026-07-24 12:46:53.602] [error] [serial_port.cpp] 无法打开串口 /dev/ttyACM0

[2026-07-24 12:46:54.106] [warning] [serial_port.cpp] 尝试重新打开串口...
[2026-07-24 12:46:54.107] [error] [serial_port.cpp] 无法打开串口 /dev/ttyACM0

[2026-07-24 12:46:54.610] [warning] [serial_port.cpp] 尝试重新打开串口...
[2026-07-24 12:46:54.611] [error] [serial_port.cpp] 无法打开串口 /dev/ttyACM0

[2026-07-24 12:46:55.117] [warning] [serial_port.cpp] 尝试重新打开串口...
[2026-07-24 12:46:55.117] [error] [serial_port.cpp] 无法打开串口 /dev/ttyACM0

[2026-07-24 12:46:55.624] [warning] [serial_port.cpp] 尝试重新打开串口...
[2026-07-24 12:46:55.624] [error] [serial_port.cpp] 无法打开串口 /dev/ttyACM0

[2026-07-24 12:46:56.129] [warning] [serial_port.cpp] 尝试重新打开串口...
[2026-07-24 12:46:56.130] [error] [serial_port.cpp] 无法打开串口 /dev/ttyACM0

[2026-07-24 12:46:56.634] [warning] [serial_port.cpp] 尝试重新打开串口...
[2026-07-24 12:46:56.634] [error] [serial_port.cpp] 无法打开串口 /dev/ttyACM0

[2026-07-24 12:46:57.139] [warning] [serial_port.cpp] 尝试重新打开串口...
[2026-07-24 12:46:57.139] [error] [serial_port.cpp] 无法打开串口 /dev/ttyACM0

[2026-07-24 12:46:57.644] [warning] [serial_port.cpp] 尝试重新打开串口...
[2026-07-24 12:46:57.645] [error] [serial_port.cpp] 无法打开串口 /dev/ttyACM0

[2026-07-24 12:46:58.152] [warning] [serial_port.cpp] 尝试重新打开串口...
[2026-07-24 12:46:58.152] [error] [serial_port.cpp] 无法打开串口 /dev/ttyACM0

[2026-07-24 12:46:58.658] [warning] [serial_port.cpp] 尝试重新打开串口...
[2026-07-24 12:46:58.658] [error] [serial_port.cpp] 无法打开串口 /dev/ttyACM0

[2026-07-24 12:46:59.162] [warning] [serial_port.cpp] 尝试重新打开串口...
[2026-07-24 12:46:59.162] [error] [serial_port.cpp] 无法打开串口 /dev/ttyACM0

[2026-07-24 12:46:59.667] [warning] [serial_port.cpp] 尝试重新打开串口...
[2026-07-24 12:46:59.667] [error] [serial_port.cpp] 无法打开串口 /dev/ttyACM0

[2026-07-24 12:47:00.172] [warning] [serial_port.cpp] 尝试重新打开串口...
[2026-07-24 12:47:00.172] [error] [serial_port.cpp] 无法打开串口 /dev/ttyACM0

[2026-07-24 12:47:00.678] [warning] [serial_port.cpp] 尝试重新打开串口...
[2026-07-24 12:47:00.678] [error] [serial_port.cpp] 无法打开串口 /dev/ttyACM0

[2026-07-24 12:47:01.185] [warning] [serial_port.cpp] 尝试重新打开串口...
[2026-07-24 12:47:01.185] [error] [serial_port.cpp] 无法打开串口 /dev/ttyACM0

[2026-07-24 12:47:01.689] [warning] [serial_port.cpp] 尝试重新打开串口...
[2026-07-24 12:47:01.689] [error] [serial_port.cpp] 无法打开串口 /dev/ttyACM0

[2026-07-24 12:47:02.194] [warning] [serial_port.cpp] 尝试重新打开串口...
[2026-07-24 12:47:02.194] [error] [serial_port.cpp] 无法打开串口 /dev/ttyACM0

[2026-07-24 12:47:02.698] [warning] [serial_port.cpp] 尝试重新打开串口...
[2026-07-24 12:47:02.698] [error] [serial_port.cpp] 无法打开串口 /dev/ttyACM0

[2026-07-24 12:47:03.202] [warning] [serial_port.cpp] 尝试重新打开串口...
[2026-07-24 12:47:03.202] [error] [serial_port.cpp] 无法打开串口 /dev/ttyACM0

[2026-07-24 12:47:03.705] [warning] [serial_port.cpp] 尝试重新打开串口...
[2026-07-24 12:47:03.705] [error] [serial_port.cpp] 无法打开串口 /dev/ttyACM0

[2026-07-24 12:47:04.210] [warning] [serial_port.cpp] 尝试重新打开串口...
[2026-07-24 12:47:04.210] [error] [serial_port.cpp] 无法打开串口 /dev/ttyACM0

[2026-07-24 12:47:04.715] [warning] [serial_port.cpp] 尝试重新打开串口...
[2026-07-24 12:47:04.715] [error] [serial_port.cpp] 无法打开串口 /dev/ttyACM0

[2026-07-24 12:47:05.219] [warning] [serial_port.cpp] 尝试重新打开串口...
[2026-07-24 12:47:05.219] [error] [serial_port.cpp] 无法打开串口 /dev/ttyACM0

[2026-07-24 12:47:05.724] [warning] [serial_port.cpp] 尝试重新打开串口...
[2026-07-24 12:47:05.725] [error] [serial_port.cpp] 无法打开串口 /dev/ttyACM0

[2026-07-24 12:47:06.231] [warning] [serial_port.cpp] 尝试重新打开串口...
[2026-07-24 12:47:06.231] [error] [serial_port.cpp] 无法打开串口 /dev/ttyACM0

[2026-07-24 12:47:06.735] [warning] [serial_port.cpp] 尝试重新打开串口...
[2026-07-24 12:47:06.735] [error] [serial_port.cpp] 无法打开串口 /dev/ttyACM0

[2026-07-24 12:47:07.240] [warning] [serial_port.cpp] 尝试重新打开串口...
[2026-07-24 12:47:07.240] [error] [serial_port.cpp] 无法打开串口 /dev/ttyACM0

[2026-07-24 12:47:07.744] [warning] [serial_port.cpp] 尝试重新打开串口...
[2026-07-24 12:47:07.744] [error] [serial_port.cpp] 无法打开串口 /dev/ttyACM0

[2026-07-24 12:47:08.249] [warning] [serial_port.cpp] 尝试重新打开串口...
[2026-07-24 12:47:08.249] [error] [serial_port.cpp] 无法打开串口 /dev/ttyACM0

[2026-07-24 12:47:08.753] [warning] [serial_port.cpp] 尝试重新打开串口...
[2026-07-24 12:47:08.753] [error] [serial_port.cpp] 无法打开串口 /dev/ttyACM0

[2026-07-24 12:47:09.257] [warning] [serial_port.cpp] 尝试重新打开串口...
[2026-07-24 12:47:09.257] [error] [serial_port.cpp] 无法打开串口 /dev/ttyACM0

[2026-07-24 12:47:09.761] [warning] [serial_port.cpp] 尝试重新打开串口...
[2026-07-24 12:47:09.761] [error] [serial_port.cpp] 无法打开串口 /dev/ttyACM0

[2026-07-24 12:47:10.265] [warning] [serial_port.cpp] 尝试重新打开串口...
[2026-07-24 12:47:10.265] [error] [serial_port.cpp] 无法打开串口 /dev/ttyACM0

[2026-07-24 12:47:10.770] [warning] [serial_port.cpp] 尝试重新打开串口...
[2026-07-24 12:47:10.771] [error] [serial_port.cpp] 无法打开串口 /dev/ttyACM0

[2026-07-24 12:47:11.276] [warning] [serial_port.cpp] 尝试重新打开串口...
[2026-07-24 12:47:11.276] [error] [serial_port.cpp] 无法打开串口 /dev/ttyACM0

[2026-07-24 12:47:11.780] [warning] [serial_port.cpp] 尝试重新打开串口...
[2026-07-24 12:47:11.780] [error] [serial_port.cpp] 无法打开串口 /dev/ttyACM0

[2026-07-24 12:47:12.284] [warning] [serial_port.cpp] 尝试重新打开串口...
[2026-07-24 12:47:12.285] [error] [serial_port.cpp] 无法打开串口 /dev/ttyACM0

[2026-07-24 12:47:12.789] [warning] [serial_port.cpp] 尝试重新打开串口...
[2026-07-24 12:47:12.789] [error] [serial_port.cpp] 无法打开串口 /dev/ttyACM0

[2026-07-24 12:47:13.293] [warning] [serial_port.cpp] 尝试重新打开串口...
[2026-07-24 12:47:13.293] [error] [serial_port.cpp] 无法打开串口 /dev/ttyACM0

[2026-07-24 12:47:13.797] [warning] [serial_port.cpp] 尝试重新打开串口...
[2026-07-24 12:47:13.797] [error] [serial_port.cpp] 无法打开串口 /dev/ttyACM0

[2026-07-24 12:47:14.301] [warning] [serial_port.cpp] 尝试重新打开串口...
[2026-07-24 12:47:14.301] [error] [serial_port.cpp] 无法打开串口 /dev/ttyACM0

[2026-07-24 12:47:14.806] [warning] [serial_port.cpp] 尝试重新打开串口...
[2026-07-24 12:47:14.806] [error] [serial_port.cpp] 无法打开串口 /dev/ttyACM0

[2026-07-24 12:47:15.311] [warning] [serial_port.cpp] 尝试重新打开串口...
[2026-07-24 12:47:15.311] [error] [serial_port.cpp] 无法打开串口 /dev/ttyACM0

[2026-07-24 12:47:15.815] [warning] [serial_port.cpp] 尝试重新打开串口...
[2026-07-24 12:47:15.815] [error] [serial_port.cpp] 无法打开串口 /dev/ttyACM0

[2026-07-24 12:47:16.321] [warning] [serial_port.cpp] 尝试重新打开串口...
[2026-07-24 12:47:16.321] [error] [serial_port.cpp] 无法打开串口 /dev/ttyACM0

[2026-07-24 12:47:16.825] [warning] [serial_port.cpp] 尝试重新打开串口...
[2026-07-24 12:47:16.825] [error] [serial_port.cpp] 无法打开串口 /dev/ttyACM0

[2026-07-24 12:47:17.331] [warning] [serial_port.cpp] 尝试重新打开串口...
[2026-07-24 12:47:17.331] [error] [serial_port.cpp] 无法打开串口 /dev/ttyACM0

[2026-07-24 12:47:17.836] [warning] [serial_port.cpp] 尝试重新打开串口...
[2026-07-24 12:47:17.836] [error] [serial_port.cpp] 无法打开串口 /dev/ttyACM0

[2026-07-24 12:47:18.341] [warning] [serial_port.cpp] 尝试重新打开串口...
[2026-07-24 12:47:18.341] [error] [serial_port.cpp] 无法打开串口 /dev/ttyACM0

[2026-07-24 12:47:18.846] [warning] [serial_port.cpp] 尝试重新打开串口...
[2026-07-24 12:47:18.846] [error] [serial_port.cpp] 无法打开串口 /dev/ttyACM0

[2026-07-24 12:47:19.351] [warning] [serial_port.cpp] 尝试重新打开串口...
[2026-07-24 12:47:19.351] [error] [serial_port.cpp] 无法打开串口 /dev/ttyACM0

[2026-07-24 12:47:19.858] [warning] [serial_port.cpp] 尝试重新打开串口...
[2026-07-24 12:47:19.858] [error] [serial_port.cpp] 无法打开串口 /dev/ttyACM0

[2026-07-24 12:47:20.362] [warning] [serial_port.cpp] 尝试重新打开串口...
[2026-07-24 12:47:20.363] [error] [serial_port.cpp] 无法打开串口 /dev/ttyACM0

[2026-07-24 12:47:20.867] [warning] [serial_port.cpp] 尝试重新打开串口...
[2026-07-24 12:47:20.867] [error] [serial_port.cpp] 无法打开串口 /dev/ttyACM0

[2026-07-24 12:47:21.374] [warning] [serial_port.cpp] 尝试重新打开串口...
[2026-07-24 12:47:21.374] [error] [serial_port.cpp] 无法打开串口 /dev/ttyACM0

[2026-07-24 12:47:21.878] [warning] [serial_port.cpp] 尝试重新打开串口...
[2026-07-24 12:47:21.878] [error] [serial_port.cpp] 无法打开串口 /dev/ttyACM0

[2026-07-24 12:47:22.382] [warning] [serial_port.cpp] 尝试重新打开串口...
[2026-07-24 12:47:22.382] [error] [serial_port.cpp] 无法打开串口 /dev/ttyACM0

[2026-07-24 12:47:22.886] [warning] [serial_port.cpp] 尝试重新打开串口...
[2026-07-24 12:47:22.886] [error] [serial_port.cpp] 无法打开串口 /dev/ttyACM0

[2026-07-24 12:47:23.391] [warning] [serial_port.cpp] 尝试重新打开串口...
[2026-07-24 12:47:23.391] [error] [serial_port.cpp] 无法打开串口 /dev/ttyACM0

[2026-07-24 12:47:23.896] [warning] [serial_port.cpp] 尝试重新打开串口...
[2026-07-24 12:47:23.896] [error] [serial_port.cpp] 无法打开串口 /dev/ttyACM0

[2026-07-24 12:47:24.400] [warning] [serial_port.cpp] 尝试重新打开串口...
[2026-07-24 12:47:24.400] [error] [serial_port.cpp] 无法打开串口 /dev/ttyACM0

[2026-07-24 12:47:24.905] [warning] [serial_port.cpp] 尝试重新打开串口...
[2026-07-24 12:47:24.905] [error] [serial_port.cpp] 无法打开串口 /dev/ttyACM0

[2026-07-24 12:47:25.409] [warning] [serial_port.cpp] 尝试重新打开串口...
[2026-07-24 12:47:25.409] [error] [serial_port.cpp] 无法打开串口 /dev/ttyACM0

[2026-07-24 12:47:25.914] [warning] [serial_port.cpp] 尝试重新打开串口...
[2026-07-24 12:47:25.914] [error] [serial_port.cpp] 无法打开串口 /dev/ttyACM0

[2026-07-24 12:47:26.418] [warning] [serial_port.cpp] 尝试重新打开串口...
[2026-07-24 12:47:26.418] [error] [serial_port.cpp] 无法打开串口 /dev/ttyACM0

[2026-07-24 12:47:26.922] [warning] [serial_port.cpp] 尝试重新打开串口...
[2026-07-24 12:47:26.922] [error] [serial_port.cpp] 无法打开串口 /dev/ttyACM0

[2026-07-24 12:47:27.428] [warning] [serial_port.cpp] 尝试重新打开串口...
[2026-07-24 12:47:27.428] [error] [serial_port.cpp] 无法打开串口 /dev/ttyACM0

[2026-07-24 12:47:27.936] [warning] [serial_port.cpp] 尝试重新打开串口...
[2026-07-24 12:47:27.936] [error] [serial_port.cpp] 无法打开串口 /dev/ttyACM0

[2026-07-24 12:47:28.440] [warning] [serial_port.cpp] 尝试重新打开串口...
[2026-07-24 12:47:28.440] [error] [serial_port.cpp] 无法打开串口 /dev/ttyACM0

[2026-07-24 12:47:28.945] [warning] [serial_port.cpp] 尝试重新打开串口...
[2026-07-24 12:47:28.945] [error] [serial_port.cpp] 无法打开串口 /dev/ttyACM0

[2026-07-24 12:47:29.448] [warning] [serial_port.cpp] 尝试重新打开串口...
[2026-07-24 12:47:29.448] [error] [serial_port.cpp] 无法打开串口 /dev/ttyACM0

[2026-07-24 12:47:29.954] [warning] [serial_port.cpp] 尝试重新打开串口...
[2026-07-24 12:47:29.954] [error] [serial_port.cpp] 无法打开串口 /dev/ttyACM0

[2026-07-24 12:47:30.460] [warning] [serial_port.cpp] 尝试重新打开串口...
[2026-07-24 12:47:30.460] [error] [serial_port.cpp] 无法打开串口 /dev/ttyACM0

[2026-07-24 12:47:30.964] [warning] [serial_port.cpp] 尝试重新打开串口...
[2026-07-24 12:47:30.964] [error] [serial_port.cpp] 无法打开串口 /dev/ttyACM0

[2026-07-24 12:47:31.470] [warning] [serial_port.cpp] 尝试重新打开串口...
[2026-07-24 12:47:31.470] [error] [serial_port.cpp] 无法打开串口 /dev/ttyACM0

[2026-07-24 12:47:31.975] [warning] [serial_port.cpp] 尝试重新打开串口...
[2026-07-24 12:47:31.976] [error] [serial_port.cpp] 无法打开串口 /dev/ttyACM0

[2026-07-24 12:47:32.480] [warning] [serial_port.cpp] 尝试重新打开串口...
[2026-07-24 12:47:32.480] [error] [serial_port.cpp] 无法打开串口 /dev/ttyACM0

[2026-07-24 12:47:32.985] [warning] [serial_port.cpp] 尝试重新打开串口...
[2026-07-24 12:47:32.985] [error] [serial_port.cpp] 无法打开串口 /dev/ttyACM0

[2026-07-24 12:47:33.490] [warning] [serial_port.cpp] 尝试重新打开串口...
[2026-07-24 12:47:33.490] [error] [serial_port.cpp] 无法打开串口 /dev/ttyACM0

[2026-07-24 12:47:33.994] [warning] [serial_port.cpp] 尝试重新打开串口...
[2026-07-24 12:47:33.994] [error] [serial_port.cpp] 无法打开串口 /dev/ttyACM0

[2026-07-24 12:47:34.501] [warning] [serial_port.cpp] 尝试重新打开串口...
[2026-07-24 12:47:34.501] [error] [serial_port.cpp] 无法打开串口 /dev/ttyACM0

[2026-07-24 12:47:35.006] [warning] [serial_port.cpp] 尝试重新打开串口...
[2026-07-24 12:47:35.006] [error] [serial_port.cpp] 无法打开串口 /dev/ttyACM0

[2026-07-24 12:47:35.512] [warning] [serial_port.cpp] 尝试重新打开串口...
[2026-07-24 12:47:35.512] [error] [serial_port.cpp] 无法打开串口 /dev/ttyACM0

[2026-07-24 12:47:36.018] [warning] [serial_port.cpp] 尝试重新打开串口...
[2026-07-24 12:47:36.018] [error] [serial_port.cpp] 无法打开串口 /dev/ttyACM0

[2026-07-24 12:47:36.523] [warning] [serial_port.cpp] 尝试重新打开串口...
[2026-07-24 12:47:36.523] [error] [serial_port.cpp] 无法打开串口 /dev/ttyACM0

[2026-07-24 12:47:37.029] [warning] [serial_port.cpp] 尝试重新打开串口...
[2026-07-24 12:47:37.029] [error] [serial_port.cpp] 无法打开串口 /dev/ttyACM0

[2026-07-24 12:47:37.533] [warning] [serial_port.cpp] 尝试重新打开串口...
[2026-07-24 12:47:37.534] [error] [serial_port.cpp] 无法打开串口 /dev/ttyACM0

[2026-07-24 12:47:38.037] [warning] [serial_port.cpp] 尝试重新打开串口...
[2026-07-24 12:47:38.037] [error] [serial_port.cpp] 无法打开串口 /dev/ttyACM0

[2026-07-24 12:47:38.542] [warning] [serial_port.cpp] 尝试重新打开串口...
[2026-07-24 12:47:38.542] [error] [serial_port.cpp] 无法打开串口 /dev/ttyACM0

[2026-07-24 12:47:39.047] [warning] [serial_port.cpp] 尝试重新打开串口...
[2026-07-24 12:47:39.047] [error] [serial_port.cpp] 无法打开串口 /dev/ttyACM0

[2026-07-24 12:47:39.552] [warning] [serial_port.cpp] 尝试重新打开串口...
[2026-07-24 12:47:39.552] [error] [serial_port.cpp] 无法打开串口 /dev/ttyACM0

[2026-07-24 12:47:40.059] [warning] [serial_port.cpp] 尝试重新打开串口...
[2026-07-24 12:47:40.059] [error] [serial_port.cpp] 无法打开串口 /dev/ttyACM0

[2026-07-24 12:47:40.565] [warning] [serial_port.cpp] 尝试重新打开串口...
[2026-07-24 12:47:40.565] [error] [serial_port.cpp] 无法打开串口 /dev/ttyACM0

[2026-07-24 12:47:41.069] [warning] [serial_port.cpp] 尝试重新打开串口...
[2026-07-24 12:47:41.069] [error] [serial_port.cpp] 无法打开串口 /dev/ttyACM0

[2026-07-24 12:47:41.574] [warning] [serial_port.cpp] 尝试重新打开串口...
[2026-07-24 12:47:41.574] [error] [serial_port.cpp] 无法打开串口 /dev/ttyACM0

[2026-07-24 12:47:42.078] [warning] [serial_port.cpp] 尝试重新打开串口...
[2026-07-24 12:47:42.078] [error] [serial_port.cpp] 无法打开串口 /dev/ttyACM0

[2026-07-24 12:47:42.583] [warning] [serial_port.cpp] 尝试重新打开串口...
[2026-07-24 12:47:42.583] [error] [serial_port.cpp] 无法打开串口 /dev/ttyACM0

[2026-07-24 12:47:43.087] [warning] [serial_port.cpp] 尝试重新打开串口...
[2026-07-24 12:47:43.087] [error] [serial_port.cpp] 无法打开串口 /dev/ttyACM0

[2026-07-24 12:47:43.591] [warning] [serial_port.cpp] 尝试重新打开串口...
[2026-07-24 12:47:43.591] [error] [serial_port.cpp] 无法打开串口 /dev/ttyACM0

[2026-07-24 12:47:44.095] [warning] [serial_port.cpp] 尝试重新打开串口...
[2026-07-24 12:47:44.095] [error] [serial_port.cpp] 无法打开串口 /dev/ttyACM0

[2026-07-24 12:47:44.598] [warning] [serial_port.cpp] 尝试重新打开串口...
[2026-07-24 12:47:44.599] [error] [serial_port.cpp] 无法打开串口 /dev/ttyACM0

[2026-07-24 12:47:45.102] [warning] [serial_port.cpp] 尝试重新打开串口...
[2026-07-24 12:47:45.102] [error] [serial_port.cpp] 无法打开串口 /dev/ttyACM0

[2026-07-24 12:47:45.606] [warning] [serial_port.cpp] 尝试重新打开串口...
[2026-07-24 12:47:45.606] [error] [serial_port.cpp] 无法打开串口 /dev/ttyACM0

[2026-07-24 12:47:46.111] [warning] [serial_port.cpp] 尝试重新打开串口...
[2026-07-24 12:47:46.111] [error] [serial_port.cpp] 无法打开串口 /dev/ttyACM0

[2026-07-24 12:47:46.616] [warning] [serial_port.cpp] 尝试重新打开串口...
[2026-07-24 12:47:46.616] [error] [serial_port.cpp] 无法打开串口 /dev/ttyACM0

[2026-07-24 12:47:47.120] [warning] [serial_port.cpp] 尝试重新打开串口...
[2026-07-24 12:47:47.120] [error] [serial_port.cpp] 无法打开串口 /dev/ttyACM0

[2026-07-24 12:47:47.623] [warning] [serial_port.cpp] 尝试重新打开串口...
[2026-07-24 12:47:47.623] [error] [serial_port.cpp] 无法打开串口 /dev/ttyACM0

[2026-07-24 12:47:48.128] [warning] [serial_port.cpp] 尝试重新打开串口...
[2026-07-24 12:47:48.128] [error] [serial_port.cpp] 无法打开串口 /dev/ttyACM0

[2026-07-24 12:47:48.632] [warning] [serial_port.cpp] 尝试重新打开串口...
[2026-07-24 12:47:48.632] [error] [serial_port.cpp] 无法打开串口 /dev/ttyACM0

[2026-07-24 12:47:49.136] [warning] [serial_port.cpp] 尝试重新打开串口...
[2026-07-24 12:47:49.136] [error] [serial_port.cpp] 无法打开串口 /dev/ttyACM0

[2026-07-24 12:47:49.642] [warning] [serial_port.cpp] 尝试重新打开串口...
[2026-07-24 12:47:49.642] [error] [serial_port.cpp] 无法打开串口 /dev/ttyACM0

[2026-07-24 12:47:50.146] [warning] [serial_port.cpp] 尝试重新打开串口...
[2026-07-24 12:47:50.146] [error] [serial_port.cpp] 无法打开串口 /dev/ttyACM0

[2026-07-24 12:47:50.651] [warning] [serial_port.cpp] 尝试重新打开串口...
[2026-07-24 12:47:50.651] [error] [serial_port.cpp] 无法打开串口 /dev/ttyACM0

[2026-07-24 12:47:51.155] [warning] [serial_port.cpp] 尝试重新打开串口...
[2026-07-24 12:47:51.155] [error] [serial_port.cpp] 无法打开串口 /dev/ttyACM0

[2026-07-24 12:47:51.660] [warning] [serial_port.cpp] 尝试重新打开串口...
[2026-07-24 12:47:51.660] [error] [serial_port.cpp] 无法打开串口 /dev/ttyACM0

[2026-07-24 12:47:52.167] [warning] [serial_port.cpp] 尝试重新打开串口...
[2026-07-24 12:47:52.167] [error] [serial_port.cpp] 无法打开串口 /dev/ttyACM0

[2026-07-24 12:47:52.671] [warning] [serial_port.cpp] 尝试重新打开串口...
[2026-07-24 12:47:52.672] [error] [serial_port.cpp] 无法打开串口 /dev/ttyACM0

[2026-07-24 12:47:53.177] [warning] [serial_port.cpp] 尝试重新打开串口...
[2026-07-24 12:47:53.177] [error] [serial_port.cpp] 无法打开串口 /dev/ttyACM0

[2026-07-24 12:47:53.682] [warning] [serial_port.cpp] 尝试重新打开串口...
[2026-07-24 12:47:53.682] [error] [serial_port.cpp] 无法打开串口 /dev/ttyACM0

[2026-07-24 12:47:54.187] [warning] [serial_port.cpp] 尝试重新打开串口...
[2026-07-24 12:47:54.187] [error] [serial_port.cpp] 无法打开串口 /dev/ttyACM0

[2026-07-24 12:47:54.691] [warning] [serial_port.cpp] 尝试重新打开串口...
[2026-07-24 12:47:54.691] [error] [serial_port.cpp] 无法打开串口 /dev/ttyACM0

[2026-07-24 12:47:55.196] [warning] [serial_port.cpp] 尝试重新打开串口...
[2026-07-24 12:47:55.196] [error] [serial_port.cpp] 无法打开串口 /dev/ttyACM0

[2026-07-24 12:47:55.701] [warning] [serial_port.cpp] 尝试重新打开串口...
[2026-07-24 12:47:55.701] [error] [serial_port.cpp] 无法打开串口 /dev/ttyACM0

[2026-07-24 12:47:56.205] [warning] [serial_port.cpp] 尝试重新打开串口...
[2026-07-24 12:47:56.205] [error] [serial_port.cpp] 无法打开串口 /dev/ttyACM0

[2026-07-24 12:47:56.710] [warning] [serial_port.cpp] 尝试重新打开串口...
[2026-07-24 12:47:56.710] [error] [serial_port.cpp] 无法打开串口 /dev/ttyACM0

[2026-07-24 12:47:57.214] [warning] [serial_port.cpp] 尝试重新打开串口...
[2026-07-24 12:47:57.214] [error] [serial_port.cpp] 无法打开串口 /dev/ttyACM0

[2026-07-24 12:47:57.718] [warning] [serial_port.cpp] 尝试重新打开串口...
[2026-07-24 12:47:57.718] [error] [serial_port.cpp] 无法打开串口 /dev/ttyACM0

[2026-07-24 12:47:58.222] [warning] [serial_port.cpp] 尝试重新打开串口...
[2026-07-24 12:47:58.222] [error] [serial_port.cpp] 无法打开串口 /dev/ttyACM0

[2026-07-24 12:47:58.727] [warning] [serial_port.cpp] 尝试重新打开串口...
[2026-07-24 12:47:58.727] [error] [serial_port.cpp] 无法打开串口 /dev/ttyACM0

[2026-07-24 12:47:59.231] [warning] [serial_port.cpp] 尝试重新打开串口...
[2026-07-24 12:47:59.231] [error] [serial_port.cpp] 无法打开串口 /dev/ttyACM0

[2026-07-24 12:47:59.736] [warning] [serial_port.cpp] 尝试重新打开串口...
[2026-07-24 12:47:59.736] [error] [serial_port.cpp] 无法打开串口 /dev/ttyACM0

[2026-07-24 12:48:00.240] [warning] [serial_port.cpp] 尝试重新打开串口...
[2026-07-24 12:48:00.240] [error] [serial_port.cpp] 无法打开串口 /dev/ttyACM0

[2026-07-24 12:48:00.745] [warning] [serial_port.cpp] 尝试重新打开串口...
[2026-07-24 12:48:00.745] [error] [serial_port.cpp] 无法打开串口 /dev/ttyACM0

[2026-07-24 12:48:01.249] [warning] [serial_port.cpp] 尝试重新打开串口...
[2026-07-24 12:48:01.250] [error] [serial_port.cpp] 无法打开串口 /dev/ttyACM0

[2026-07-24 12:48:01.756] [warning] [serial_port.cpp] 尝试重新打开串口...
[2026-07-24 12:48:01.756] [error] [serial_port.cpp] 无法打开串口 /dev/ttyACM0

[2026-07-24 12:48:02.260] [warning] [serial_port.cpp] 尝试重新打开串口...
[2026-07-24 12:48:02.260] [error] [serial_port.cpp] 无法打开串口 /dev/ttyACM0

[2026-07-24 12:48:02.764] [warning] [serial_port.cpp] 尝试重新打开串口...
[2026-07-24 12:48:02.764] [error] [serial_port.cpp] 无法打开串口 /dev/ttyACM0

[2026-07-24 12:48:03.270] [warning] [serial_port.cpp] 尝试重新打开串口...
[2026-07-24 12:48:03.270] [error] [serial_port.cpp] 无法打开串口 /dev/ttyACM0

[2026-07-24 12:48:03.774] [warning] [serial_port.cpp] 尝试重新打开串口...
[2026-07-24 12:48:03.774] [error] [serial_port.cpp] 无法打开串口 /dev/ttyACM0

[2026-07-24 12:48:04.279] [warning] [serial_port.cpp] 尝试重新打开串口...
[2026-07-24 12:48:04.279] [error] [serial_port.cpp] 无法打开串口 /dev/ttyACM0

[2026-07-24 12:48:04.785] [warning] [serial_port.cpp] 尝试重新打开串口...
[2026-07-24 12:48:04.785] [error] [serial_port.cpp] 无法打开串口 /dev/ttyACM0

[2026-07-24 12:48:05.289] [warning] [serial_port.cpp] 尝试重新打开串口...
[2026-07-24 12:48:05.289] [error] [serial_port.cpp] 无法打开串口 /dev/ttyACM0

[2026-07-24 12:48:05.794] [warning] [serial_port.cpp] 尝试重新打开串口...
[2026-07-24 12:48:05.794] [error] [serial_port.cpp] 无法打开串口 /dev/ttyACM0

[2026-07-24 12:48:06.299] [warning] [serial_port.cpp] 尝试重新打开串口...
[2026-07-24 12:48:06.299] [error] [serial_port.cpp] 无法打开串口 /dev/ttyACM0

[2026-07-24 12:48:06.805] [warning] [serial_port.cpp] 尝试重新打开串口...
[2026-07-24 12:48:06.805] [error] [serial_port.cpp] 无法打开串口 /dev/ttyACM0

[2026-07-24 12:48:07.310] [warning] [serial_port.cpp] 尝试重新打开串口...
[2026-07-24 12:48:07.310] [error] [serial_port.cpp] 无法打开串口 /dev/ttyACM0

[2026-07-24 12:48:07.814] [warning] [serial_port.cpp] 尝试重新打开串口...
[2026-07-24 12:48:07.814] [error] [serial_port.cpp] 无法打开串口 /dev/ttyACM0

[2026-07-24 12:48:08.318] [warning] [serial_port.cpp] 尝试重新打开串口...
[2026-07-24 12:48:08.319] [error] [serial_port.cpp] 无法打开串口 /dev/ttyACM0

[2026-07-24 12:48:08.823] [warning] [serial_port.cpp] 尝试重新打开串口...
[2026-07-24 12:48:08.823] [error] [serial_port.cpp] 无法打开串口 /dev/ttyACM0

[2026-07-24 12:48:09.327] [warning] [serial_port.cpp] 尝试重新打开串口...
[2026-07-24 12:48:09.327] [error] [serial_port.cpp] 无法打开串口 /dev/ttyACM0

[2026-07-24 12:48:09.834] [warning] [serial_port.cpp] 尝试重新打开串口...
[2026-07-24 12:48:09.834] [error] [serial_port.cpp] 无法打开串口 /dev/ttyACM0

[2026-07-24 12:48:10.341] [warning] [serial_port.cpp] 尝试重新打开串口...
[2026-07-24 12:48:10.341] [error] [serial_port.cpp] 无法打开串口 /dev/ttyACM0

[2026-07-24 12:48:10.847] [warning] [serial_port.cpp] 尝试重新打开串口...
[2026-07-24 12:48:10.847] [error] [serial_port.cpp] 无法打开串口 /dev/ttyACM0

[2026-07-24 12:48:11.352] [warning] [serial_port.cpp] 尝试重新打开串口...
[2026-07-24 12:48:11.352] [error] [serial_port.cpp] 无法打开串口 /dev/ttyACM0

[2026-07-24 12:48:11.859] [warning] [serial_port.cpp] 尝试重新打开串口...
[2026-07-24 12:48:11.859] [error] [serial_port.cpp] 无法打开串口 /dev/ttyACM0

[2026-07-24 12:48:12.364] [warning] [serial_port.cpp] 尝试重新打开串口...
[2026-07-24 12:48:12.365] [error] [serial_port.cpp] 无法打开串口 /dev/ttyACM0

[2026-07-24 12:48:12.869] [warning] [serial_port.cpp] 尝试重新打开串口...
[2026-07-24 12:48:12.869] [error] [serial_port.cpp] 无法打开串口 /dev/ttyACM0

[2026-07-24 12:48:13.375] [warning] [serial_port.cpp] 尝试重新打开串口...
[2026-07-24 12:48:13.375] [error] [serial_port.cpp] 无法打开串口 /dev/ttyACM0

[2026-07-24 12:48:13.879] [warning] [serial_port.cpp] 尝试重新打开串口...
[2026-07-24 12:48:13.879] [error] [serial_port.cpp] 无法打开串口 /dev/ttyACM0

[2026-07-24 12:48:13.903] [error] [main.cpp] 连续读取空帧，相机物理掉线！
[2026-07-24 12:48:13.904] [warning] [main.cpp] 相机已断开, 0.5s 后尝试重新连接...
[2026-07-24 12:48:13.909] [info] [SERIAL THREAD] 相机 ERROR, 串口 ERROR, 有效信息 NO, 发送 238 and 238 FAILED
[2026-07-24 12:48:14.387] [warning] [serial_port.cpp] 尝试重新打开串口...
[2026-07-24 12:48:14.388] [error] [serial_port.cpp] 无法打开串口 /dev/ttyACM0

[2026-07-24 12:48:14.503] [warning] [main.cpp] 相机已断开, 0.5s 后尝试重新连接...
[2026-07-24 12:48:14.895] [warning] [serial_port.cpp] 尝试重新打开串口...
[2026-07-24 12:48:14.895] [error] [serial_port.cpp] 无法打开串口 /dev/ttyACM0

[2026-07-24 12:48:15.004] [warning] [main.cpp] 相机已断开, 0.5s 后尝试重新连接...
[2026-07-24 12:48:15.403] [warning] [serial_port.cpp] 尝试重新打开串口...
[2026-07-24 12:48:15.403] [error] [serial_port.cpp] 无法打开串口 /dev/ttyACM0

[2026-07-24 12:48:15.505] [warning] [main.cpp] 相机已断开, 0.5s 后尝试重新连接...
[2026-07-24 12:48:15.911] [warning] [serial_port.cpp] 尝试重新打开串口...
[2026-07-24 12:48:15.911] [error] [serial_port.cpp] 无法打开串口 /dev/ttyACM0

[2026-07-24 12:48:16.005] [warning] [main.cpp] 相机已断开, 0.5s 后尝试重新连接...
[2026-07-24 12:48:16.420] [warning] [serial_port.cpp] 尝试重新打开串口...
[2026-07-24 12:48:16.420] [error] [serial_port.cpp] 无法打开串口 /dev/ttyACM0

[2026-07-24 12:48:16.506] [warning] [main.cpp] 相机已断开, 0.5s 后尝试重新连接...
[2026-07-24 12:48:16.928] [warning] [serial_port.cpp] 尝试重新打开串口...
[2026-07-24 12:48:16.928] [error] [serial_port.cpp] 无法打开串口 /dev/ttyACM0

[2026-07-24 12:48:17.007] [warning] [main.cpp] 相机已断开, 0.5s 后尝试重新连接...
[2026-07-24 12:48:17.434] [warning] [serial_port.cpp] 尝试重新打开串口...
[2026-07-24 12:48:17.434] [error] [serial_port.cpp] 无法打开串口 /dev/ttyACM0

[2026-07-24 12:48:17.508] [warning] [main.cpp] 相机已断开, 0.5s 后尝试重新连接...
[2026-07-24 12:48:17.941] [warning] [serial_port.cpp] 尝试重新打开串口...
[2026-07-24 12:48:17.941] [error] [serial_port.cpp] 无法打开串口 /dev/ttyACM0

[2026-07-24 12:48:18.009] [warning] [main.cpp] 相机已断开, 0.5s 后尝试重新连接...
[2026-07-24 12:48:18.417] [debug] 

[2026-07-24 12:48:18.417] [warning] [main.cpp] 捕捉到退出信号(SIGINT)，准备退出程序...

[2026-07-24 12:48:18.510] [info] [HttpStream] HTTP 服务器已停止。
