[2026-07-24 01:51:38.597] [debug] ================= [CONFIG LOADED] =================
[2026-07-24 01:51:38.597] [debug]   Mode: PC
[2026-07-24 01:51:38.597] [debug]   Camera ID : 0
[2026-07-24 01:51:38.597] [debug]   Target Res: 1280x720
[2026-07-24 01:51:38.597] [debug]   Target Fmt: MJPG
[2026-07-24 01:51:38.597] [debug]   Target Brightness: 0
[2026-07-24 01:51:38.597] [debug]   Target Contrast: 0
[2026-07-24 01:51:38.597] [debug]   Model Path: ../models/detect.prototxt | ../models/detect.caffemodel | ../models/sr.prototxt | ../models/sr.caffemodel

[2026-07-24 01:51:38.597] [debug]   Stream        : Port=5000, Res=640x360, Quality=60
[2026-07-24 01:51:38.597] [debug] ===================================================
[2026-07-24 01:51:38.601] [info] [qrcode_scanner.cpp] 微信模型加载成功
[2026-07-24 01:51:38.628] [debug] 
[2026-07-24 01:51:38.628] [debug] ================= [ACTUAL CAMERA STATUS] =================
[2026-07-24 01:51:38.628] [debug]   Backend API   : V4L2
[2026-07-24 01:51:38.628] [debug]   Resolution    : 1280x720
[2026-07-24 01:51:38.628] [debug]   FPS           : 30
[2026-07-24 01:51:38.628] [debug]   Video Format  : MJPG
[2026-07-24 01:51:38.628] [debug]   Exposure      : 166
[2026-07-24 01:51:38.628] [debug]   Brightness    : 0
[2026-07-24 01:51:38.628] [debug]   Contrast      : 0
[2026-07-24 01:51:38.628] [debug] ==========================================================
[2026-07-24 01:51:38.628] [debug] [main.cpp] 相机初始化完毕, 按 'ESC' 或 'q' 退出

[2026-07-24 01:51:38.628] [debug] ================= [SERIAL STATUS] =================
[2026-07-24 01:51:38.628] [error] [serial_port.cpp] 无法打开串口 /dev/ttyACM0

[2026-07-24 01:51:38.628] [error]   is_serial_open: FAILED
[2026-07-24 01:51:38.628] [debug] ===================================================

[2026-07-24 01:51:38.628] [info] [HttpStream] HTTP 服务器已启动，端口: 5000
[2026-07-24 01:51:38.628] [info] [SERIAL THREAD] 相机 OK, 串口 ERROR, 有效信息 NO, 发送 255 and 255 FAILED
[2026-07-24 01:51:38.628] [info] [HttpStream] 服务器正在 0.0.0.0:5000 监听
[2026-07-24 01:51:38.628] [info] 本机局域网 IP: 10.62.146.83  (接口: wlp0s20f3)
[2026-07-24 01:51:38.628] [debug] [main.cpp] starting 3 threads...

[2026-07-24 01:51:39.103] [warning] [serial_port.cpp] 尝试重新打开串口...
[2026-07-24 01:51:39.103] [error] [serial_port.cpp] 无法打开串口 /dev/ttyACM0

[2026-07-24 01:51:39.612] [warning] [serial_port.cpp] 尝试重新打开串口...
[2026-07-24 01:51:39.612] [error] [serial_port.cpp] 无法打开串口 /dev/ttyACM0

[2026-07-24 01:51:40.117] [warning] [serial_port.cpp] 尝试重新打开串口...
[2026-07-24 01:51:40.117] [error] [serial_port.cpp] 无法打开串口 /dev/ttyACM0

[2026-07-24 01:51:40.622] [warning] [serial_port.cpp] 尝试重新打开串口...
[2026-07-24 01:51:40.622] [error] [serial_port.cpp] 无法打开串口 /dev/ttyACM0

[2026-07-24 01:51:41.129] [warning] [serial_port.cpp] 尝试重新打开串口...
[2026-07-24 01:51:41.129] [error] [serial_port.cpp] 无法打开串口 /dev/ttyACM0

[2026-07-24 01:51:41.637] [warning] [serial_port.cpp] 尝试重新打开串口...
[2026-07-24 01:51:41.637] [error] [serial_port.cpp] 无法打开串口 /dev/ttyACM0

[2026-07-24 01:51:42.144] [warning] [serial_port.cpp] 尝试重新打开串口...
[2026-07-24 01:51:42.144] [error] [serial_port.cpp] 无法打开串口 /dev/ttyACM0

[2026-07-24 01:51:42.648] [warning] [serial_port.cpp] 尝试重新打开串口...
[2026-07-24 01:51:42.648] [error] [serial_port.cpp] 无法打开串口 /dev/ttyACM0

[2026-07-24 01:51:43.152] [warning] [serial_port.cpp] 尝试重新打开串口...
[2026-07-24 01:51:43.152] [error] [serial_port.cpp] 无法打开串口 /dev/ttyACM0

[2026-07-24 01:51:43.657] [warning] [serial_port.cpp] 尝试重新打开串口...
[2026-07-24 01:51:43.657] [error] [serial_port.cpp] 无法打开串口 /dev/ttyACM0

[2026-07-24 01:51:44.161] [warning] [serial_port.cpp] 尝试重新打开串口...
[2026-07-24 01:51:44.161] [error] [serial_port.cpp] 无法打开串口 /dev/ttyACM0

[2026-07-24 01:51:44.666] [warning] [serial_port.cpp] 尝试重新打开串口...
[2026-07-24 01:51:44.666] [error] [serial_port.cpp] 无法打开串口 /dev/ttyACM0

[2026-07-24 01:51:45.170] [warning] [serial_port.cpp] 尝试重新打开串口...
[2026-07-24 01:51:45.170] [error] [serial_port.cpp] 无法打开串口 /dev/ttyACM0

[2026-07-24 01:51:45.674] [warning] [serial_port.cpp] 尝试重新打开串口...
[2026-07-24 01:51:45.674] [error] [serial_port.cpp] 无法打开串口 /dev/ttyACM0

[2026-07-24 01:51:46.178] [warning] [serial_port.cpp] 尝试重新打开串口...
[2026-07-24 01:51:46.178] [error] [serial_port.cpp] 无法打开串口 /dev/ttyACM0

[2026-07-24 01:51:46.683] [warning] [serial_port.cpp] 尝试重新打开串口...
[2026-07-24 01:51:46.683] [error] [serial_port.cpp] 无法打开串口 /dev/ttyACM0

[2026-07-24 01:51:47.187] [warning] [serial_port.cpp] 尝试重新打开串口...
[2026-07-24 01:51:47.187] [error] [serial_port.cpp] 无法打开串口 /dev/ttyACM0

[2026-07-24 01:51:47.691] [warning] [serial_port.cpp] 尝试重新打开串口...
[2026-07-24 01:51:47.691] [error] [serial_port.cpp] 无法打开串口 /dev/ttyACM0

[2026-07-24 01:51:48.197] [warning] [serial_port.cpp] 尝试重新打开串口...
[2026-07-24 01:51:48.197] [error] [serial_port.cpp] 无法打开串口 /dev/ttyACM0

[2026-07-24 01:51:48.703] [warning] [serial_port.cpp] 尝试重新打开串口...
[2026-07-24 01:51:48.703] [error] [serial_port.cpp] 无法打开串口 /dev/ttyACM0

[2026-07-24 01:51:49.208] [warning] [serial_port.cpp] 尝试重新打开串口...
[2026-07-24 01:51:49.208] [error] [serial_port.cpp] 无法打开串口 /dev/ttyACM0

[2026-07-24 01:51:49.712] [warning] [serial_port.cpp] 尝试重新打开串口...
[2026-07-24 01:51:49.712] [error] [serial_port.cpp] 无法打开串口 /dev/ttyACM0

[2026-07-24 01:51:50.216] [warning] [serial_port.cpp] 尝试重新打开串口...
[2026-07-24 01:51:50.216] [error] [serial_port.cpp] 无法打开串口 /dev/ttyACM0

[2026-07-24 01:51:50.720] [warning] [serial_port.cpp] 尝试重新打开串口...
[2026-07-24 01:51:50.720] [error] [serial_port.cpp] 无法打开串口 /dev/ttyACM0

[2026-07-24 01:51:51.226] [warning] [serial_port.cpp] 尝试重新打开串口...
[2026-07-24 01:51:51.226] [error] [serial_port.cpp] 无法打开串口 /dev/ttyACM0

[2026-07-24 01:51:51.731] [warning] [serial_port.cpp] 尝试重新打开串口...
[2026-07-24 01:51:51.731] [error] [serial_port.cpp] 无法打开串口 /dev/ttyACM0

[2026-07-24 01:51:52.235] [warning] [serial_port.cpp] 尝试重新打开串口...
[2026-07-24 01:51:52.235] [error] [serial_port.cpp] 无法打开串口 /dev/ttyACM0

[2026-07-24 01:51:52.740] [warning] [serial_port.cpp] 尝试重新打开串口...
[2026-07-24 01:51:52.740] [error] [serial_port.cpp] 无法打开串口 /dev/ttyACM0

[2026-07-24 01:51:53.244] [warning] [serial_port.cpp] 尝试重新打开串口...
[2026-07-24 01:51:53.244] [error] [serial_port.cpp] 无法打开串口 /dev/ttyACM0

[2026-07-24 01:51:53.748] [warning] [serial_port.cpp] 尝试重新打开串口...
[2026-07-24 01:51:53.748] [error] [serial_port.cpp] 无法打开串口 /dev/ttyACM0

[2026-07-24 01:51:54.252] [warning] [serial_port.cpp] 尝试重新打开串口...
[2026-07-24 01:51:54.252] [error] [serial_port.cpp] 无法打开串口 /dev/ttyACM0

[2026-07-24 01:51:54.757] [warning] [serial_port.cpp] 尝试重新打开串口...
[2026-07-24 01:51:54.757] [error] [serial_port.cpp] 无法打开串口 /dev/ttyACM0

[2026-07-24 01:51:55.262] [warning] [serial_port.cpp] 尝试重新打开串口...
[2026-07-24 01:51:55.262] [error] [serial_port.cpp] 无法打开串口 /dev/ttyACM0

[2026-07-24 01:51:55.767] [warning] [serial_port.cpp] 尝试重新打开串口...
[2026-07-24 01:51:55.767] [error] [serial_port.cpp] 无法打开串口 /dev/ttyACM0

[2026-07-24 01:51:56.272] [warning] [serial_port.cpp] 尝试重新打开串口...
[2026-07-24 01:51:56.272] [error] [serial_port.cpp] 无法打开串口 /dev/ttyACM0

[2026-07-24 01:51:56.777] [warning] [serial_port.cpp] 尝试重新打开串口...
[2026-07-24 01:51:56.777] [error] [serial_port.cpp] 无法打开串口 /dev/ttyACM0

[2026-07-24 01:51:57.280] [warning] [serial_port.cpp] 尝试重新打开串口...
[2026-07-24 01:51:57.281] [error] [serial_port.cpp] 无法打开串口 /dev/ttyACM0

[2026-07-24 01:51:57.785] [warning] [serial_port.cpp] 尝试重新打开串口...
[2026-07-24 01:51:57.785] [error] [serial_port.cpp] 无法打开串口 /dev/ttyACM0

[2026-07-24 01:51:58.291] [warning] [serial_port.cpp] 尝试重新打开串口...
[2026-07-24 01:51:58.291] [error] [serial_port.cpp] 无法打开串口 /dev/ttyACM0

[2026-07-24 01:51:58.797] [warning] [serial_port.cpp] 尝试重新打开串口...
[2026-07-24 01:51:58.797] [error] [serial_port.cpp] 无法打开串口 /dev/ttyACM0

[2026-07-24 01:51:59.302] [warning] [serial_port.cpp] 尝试重新打开串口...
[2026-07-24 01:51:59.302] [error] [serial_port.cpp] 无法打开串口 /dev/ttyACM0

[2026-07-24 01:51:59.806] [warning] [serial_port.cpp] 尝试重新打开串口...
[2026-07-24 01:51:59.806] [error] [serial_port.cpp] 无法打开串口 /dev/ttyACM0

[2026-07-24 01:52:00.311] [warning] [serial_port.cpp] 尝试重新打开串口...
[2026-07-24 01:52:00.311] [error] [serial_port.cpp] 无法打开串口 /dev/ttyACM0

[2026-07-24 01:52:00.815] [warning] [serial_port.cpp] 尝试重新打开串口...
[2026-07-24 01:52:00.815] [error] [serial_port.cpp] 无法打开串口 /dev/ttyACM0

[2026-07-24 01:52:01.319] [warning] [serial_port.cpp] 尝试重新打开串口...
[2026-07-24 01:52:01.320] [error] [serial_port.cpp] 无法打开串口 /dev/ttyACM0

[2026-07-24 01:52:01.824] [warning] [serial_port.cpp] 尝试重新打开串口...
[2026-07-24 01:52:01.824] [error] [serial_port.cpp] 无法打开串口 /dev/ttyACM0

[2026-07-24 01:52:02.330] [warning] [serial_port.cpp] 尝试重新打开串口...
[2026-07-24 01:52:02.330] [error] [serial_port.cpp] 无法打开串口 /dev/ttyACM0

[2026-07-24 01:52:02.835] [warning] [serial_port.cpp] 尝试重新打开串口...
[2026-07-24 01:52:02.835] [error] [serial_port.cpp] 无法打开串口 /dev/ttyACM0

[2026-07-24 01:52:03.341] [warning] [serial_port.cpp] 尝试重新打开串口...
[2026-07-24 01:52:03.341] [error] [serial_port.cpp] 无法打开串口 /dev/ttyACM0

[2026-07-24 01:52:03.846] [warning] [serial_port.cpp] 尝试重新打开串口...
[2026-07-24 01:52:03.846] [error] [serial_port.cpp] 无法打开串口 /dev/ttyACM0

[2026-07-24 01:52:04.352] [warning] [serial_port.cpp] 尝试重新打开串口...
[2026-07-24 01:52:04.352] [error] [serial_port.cpp] 无法打开串口 /dev/ttyACM0

[2026-07-24 01:52:04.856] [warning] [serial_port.cpp] 尝试重新打开串口...
[2026-07-24 01:52:04.856] [error] [serial_port.cpp] 无法打开串口 /dev/ttyACM0

[2026-07-24 01:52:05.360] [warning] [serial_port.cpp] 尝试重新打开串口...
[2026-07-24 01:52:05.360] [error] [serial_port.cpp] 无法打开串口 /dev/ttyACM0

[2026-07-24 01:52:05.864] [warning] [serial_port.cpp] 尝试重新打开串口...
[2026-07-24 01:52:05.864] [error] [serial_port.cpp] 无法打开串口 /dev/ttyACM0

[2026-07-24 01:52:06.369] [warning] [serial_port.cpp] 尝试重新打开串口...
[2026-07-24 01:52:06.369] [error] [serial_port.cpp] 无法打开串口 /dev/ttyACM0

[2026-07-24 01:52:06.874] [warning] [serial_port.cpp] 尝试重新打开串口...
[2026-07-24 01:52:06.874] [error] [serial_port.cpp] 无法打开串口 /dev/ttyACM0

[2026-07-24 01:52:07.379] [warning] [serial_port.cpp] 尝试重新打开串口...
[2026-07-24 01:52:07.379] [error] [serial_port.cpp] 无法打开串口 /dev/ttyACM0

[2026-07-24 01:52:07.884] [warning] [serial_port.cpp] 尝试重新打开串口...
[2026-07-24 01:52:07.884] [error] [serial_port.cpp] 无法打开串口 /dev/ttyACM0

[2026-07-24 01:52:08.389] [warning] [serial_port.cpp] 尝试重新打开串口...
[2026-07-24 01:52:08.389] [error] [serial_port.cpp] 无法打开串口 /dev/ttyACM0

[2026-07-24 01:52:08.893] [warning] [serial_port.cpp] 尝试重新打开串口...
[2026-07-24 01:52:08.893] [error] [serial_port.cpp] 无法打开串口 /dev/ttyACM0

[2026-07-24 01:52:09.398] [warning] [serial_port.cpp] 尝试重新打开串口...
[2026-07-24 01:52:09.398] [error] [serial_port.cpp] 无法打开串口 /dev/ttyACM0

[2026-07-24 01:52:09.903] [warning] [serial_port.cpp] 尝试重新打开串口...
[2026-07-24 01:52:09.903] [error] [serial_port.cpp] 无法打开串口 /dev/ttyACM0

[2026-07-24 01:52:10.407] [warning] [serial_port.cpp] 尝试重新打开串口...
[2026-07-24 01:52:10.407] [error] [serial_port.cpp] 无法打开串口 /dev/ttyACM0

[2026-07-24 01:52:10.913] [warning] [serial_port.cpp] 尝试重新打开串口...
[2026-07-24 01:52:10.913] [error] [serial_port.cpp] 无法打开串口 /dev/ttyACM0

[2026-07-24 01:52:11.420] [warning] [serial_port.cpp] 尝试重新打开串口...
[2026-07-24 01:52:11.420] [error] [serial_port.cpp] 无法打开串口 /dev/ttyACM0

[2026-07-24 01:52:11.925] [warning] [serial_port.cpp] 尝试重新打开串口...
[2026-07-24 01:52:11.925] [error] [serial_port.cpp] 无法打开串口 /dev/ttyACM0

[2026-07-24 01:52:12.429] [warning] [serial_port.cpp] 尝试重新打开串口...
[2026-07-24 01:52:12.429] [error] [serial_port.cpp] 无法打开串口 /dev/ttyACM0

[2026-07-24 01:52:12.933] [warning] [serial_port.cpp] 尝试重新打开串口...
[2026-07-24 01:52:12.933] [error] [serial_port.cpp] 无法打开串口 /dev/ttyACM0

[2026-07-24 01:52:13.439] [warning] [serial_port.cpp] 尝试重新打开串口...
[2026-07-24 01:52:13.439] [error] [serial_port.cpp] 无法打开串口 /dev/ttyACM0

[2026-07-24 01:52:13.944] [warning] [serial_port.cpp] 尝试重新打开串口...
[2026-07-24 01:52:13.944] [error] [serial_port.cpp] 无法打开串口 /dev/ttyACM0

[2026-07-24 01:52:14.449] [warning] [serial_port.cpp] 尝试重新打开串口...
[2026-07-24 01:52:14.449] [error] [serial_port.cpp] 无法打开串口 /dev/ttyACM0

[2026-07-24 01:52:14.953] [warning] [serial_port.cpp] 尝试重新打开串口...
[2026-07-24 01:52:14.953] [error] [serial_port.cpp] 无法打开串口 /dev/ttyACM0

[2026-07-24 01:52:15.457] [warning] [serial_port.cpp] 尝试重新打开串口...
[2026-07-24 01:52:15.457] [error] [serial_port.cpp] 无法打开串口 /dev/ttyACM0

[2026-07-24 01:52:15.961] [warning] [serial_port.cpp] 尝试重新打开串口...
[2026-07-24 01:52:15.962] [error] [serial_port.cpp] 无法打开串口 /dev/ttyACM0

[2026-07-24 01:52:16.466] [warning] [serial_port.cpp] 尝试重新打开串口...
[2026-07-24 01:52:16.466] [error] [serial_port.cpp] 无法打开串口 /dev/ttyACM0

[2026-07-24 01:52:16.969] [warning] [serial_port.cpp] 尝试重新打开串口...
[2026-07-24 01:52:16.969] [error] [serial_port.cpp] 无法打开串口 /dev/ttyACM0

[2026-07-24 01:52:17.475] [warning] [serial_port.cpp] 尝试重新打开串口...
[2026-07-24 01:52:17.475] [error] [serial_port.cpp] 无法打开串口 /dev/ttyACM0

[2026-07-24 01:52:17.980] [warning] [serial_port.cpp] 尝试重新打开串口...
[2026-07-24 01:52:17.980] [error] [serial_port.cpp] 无法打开串口 /dev/ttyACM0

[2026-07-24 01:52:18.484] [warning] [serial_port.cpp] 尝试重新打开串口...
[2026-07-24 01:52:18.484] [error] [serial_port.cpp] 无法打开串口 /dev/ttyACM0

[2026-07-24 01:52:18.990] [warning] [serial_port.cpp] 尝试重新打开串口...
[2026-07-24 01:52:18.991] [error] [serial_port.cpp] 无法打开串口 /dev/ttyACM0

[2026-07-24 01:52:19.497] [warning] [serial_port.cpp] 尝试重新打开串口...
[2026-07-24 01:52:19.497] [error] [serial_port.cpp] 无法打开串口 /dev/ttyACM0

[2026-07-24 01:52:20.004] [warning] [serial_port.cpp] 尝试重新打开串口...
[2026-07-24 01:52:20.004] [error] [serial_port.cpp] 无法打开串口 /dev/ttyACM0

[2026-07-24 01:52:20.512] [warning] [serial_port.cpp] 尝试重新打开串口...
[2026-07-24 01:52:20.512] [error] [serial_port.cpp] 无法打开串口 /dev/ttyACM0

[2026-07-24 01:52:21.016] [warning] [serial_port.cpp] 尝试重新打开串口...
[2026-07-24 01:52:21.016] [error] [serial_port.cpp] 无法打开串口 /dev/ttyACM0

[2026-07-24 01:52:21.522] [warning] [serial_port.cpp] 尝试重新打开串口...
[2026-07-24 01:52:21.522] [error] [serial_port.cpp] 无法打开串口 /dev/ttyACM0

[2026-07-24 01:52:22.027] [warning] [serial_port.cpp] 尝试重新打开串口...
[2026-07-24 01:52:22.027] [error] [serial_port.cpp] 无法打开串口 /dev/ttyACM0

[2026-07-24 01:52:22.531] [warning] [serial_port.cpp] 尝试重新打开串口...
[2026-07-24 01:52:22.531] [error] [serial_port.cpp] 无法打开串口 /dev/ttyACM0

[2026-07-24 01:52:23.036] [warning] [serial_port.cpp] 尝试重新打开串口...
[2026-07-24 01:52:23.036] [error] [serial_port.cpp] 无法打开串口 /dev/ttyACM0

[2026-07-24 01:52:23.540] [warning] [serial_port.cpp] 尝试重新打开串口...
[2026-07-24 01:52:23.540] [error] [serial_port.cpp] 无法打开串口 /dev/ttyACM0

[2026-07-24 01:52:24.044] [warning] [serial_port.cpp] 尝试重新打开串口...
[2026-07-24 01:52:24.044] [error] [serial_port.cpp] 无法打开串口 /dev/ttyACM0

[2026-07-24 01:52:24.548] [warning] [serial_port.cpp] 尝试重新打开串口...
[2026-07-24 01:52:24.548] [error] [serial_port.cpp] 无法打开串口 /dev/ttyACM0

[2026-07-24 01:52:25.053] [warning] [serial_port.cpp] 尝试重新打开串口...
[2026-07-24 01:52:25.053] [error] [serial_port.cpp] 无法打开串口 /dev/ttyACM0

[2026-07-24 01:52:25.559] [warning] [serial_port.cpp] 尝试重新打开串口...
[2026-07-24 01:52:25.559] [error] [serial_port.cpp] 无法打开串口 /dev/ttyACM0

[2026-07-24 01:52:26.062] [warning] [serial_port.cpp] 尝试重新打开串口...
[2026-07-24 01:52:26.062] [error] [serial_port.cpp] 无法打开串口 /dev/ttyACM0

[2026-07-24 01:52:26.567] [warning] [serial_port.cpp] 尝试重新打开串口...
[2026-07-24 01:52:26.567] [error] [serial_port.cpp] 无法打开串口 /dev/ttyACM0

[2026-07-24 01:52:27.072] [warning] [serial_port.cpp] 尝试重新打开串口...
[2026-07-24 01:52:27.072] [error] [serial_port.cpp] 无法打开串口 /dev/ttyACM0

[2026-07-24 01:52:27.576] [warning] [serial_port.cpp] 尝试重新打开串口...
[2026-07-24 01:52:27.576] [error] [serial_port.cpp] 无法打开串口 /dev/ttyACM0

[2026-07-24 01:52:28.080] [warning] [serial_port.cpp] 尝试重新打开串口...
[2026-07-24 01:52:28.080] [error] [serial_port.cpp] 无法打开串口 /dev/ttyACM0

[2026-07-24 01:52:28.585] [warning] [serial_port.cpp] 尝试重新打开串口...
[2026-07-24 01:52:28.585] [error] [serial_port.cpp] 无法打开串口 /dev/ttyACM0

[2026-07-24 01:52:29.089] [warning] [serial_port.cpp] 尝试重新打开串口...
[2026-07-24 01:52:29.089] [error] [serial_port.cpp] 无法打开串口 /dev/ttyACM0

[2026-07-24 01:52:29.595] [warning] [serial_port.cpp] 尝试重新打开串口...
[2026-07-24 01:52:29.595] [error] [serial_port.cpp] 无法打开串口 /dev/ttyACM0

[2026-07-24 01:52:30.099] [warning] [serial_port.cpp] 尝试重新打开串口...
[2026-07-24 01:52:30.100] [error] [serial_port.cpp] 无法打开串口 /dev/ttyACM0

[2026-07-24 01:52:30.603] [warning] [serial_port.cpp] 尝试重新打开串口...
[2026-07-24 01:52:30.603] [error] [serial_port.cpp] 无法打开串口 /dev/ttyACM0

[2026-07-24 01:52:31.107] [warning] [serial_port.cpp] 尝试重新打开串口...
[2026-07-24 01:52:31.107] [error] [serial_port.cpp] 无法打开串口 /dev/ttyACM0

[2026-07-24 01:52:31.610] [warning] [serial_port.cpp] 尝试重新打开串口...
[2026-07-24 01:52:31.610] [error] [serial_port.cpp] 无法打开串口 /dev/ttyACM0

[2026-07-24 01:52:32.115] [warning] [serial_port.cpp] 尝试重新打开串口...
[2026-07-24 01:52:32.115] [error] [serial_port.cpp] 无法打开串口 /dev/ttyACM0

[2026-07-24 01:52:32.619] [warning] [serial_port.cpp] 尝试重新打开串口...
[2026-07-24 01:52:32.619] [error] [serial_port.cpp] 无法打开串口 /dev/ttyACM0

[2026-07-24 01:52:33.124] [warning] [serial_port.cpp] 尝试重新打开串口...
[2026-07-24 01:52:33.124] [error] [serial_port.cpp] 无法打开串口 /dev/ttyACM0

[2026-07-24 01:52:33.629] [warning] [serial_port.cpp] 尝试重新打开串口...
[2026-07-24 01:52:33.629] [error] [serial_port.cpp] 无法打开串口 /dev/ttyACM0

[2026-07-24 01:52:34.133] [warning] [serial_port.cpp] 尝试重新打开串口...
[2026-07-24 01:52:34.133] [error] [serial_port.cpp] 无法打开串口 /dev/ttyACM0

[2026-07-24 01:52:34.639] [warning] [serial_port.cpp] 尝试重新打开串口...
[2026-07-24 01:52:34.639] [error] [serial_port.cpp] 无法打开串口 /dev/ttyACM0

[2026-07-24 01:52:35.143] [warning] [serial_port.cpp] 尝试重新打开串口...
[2026-07-24 01:52:35.143] [error] [serial_port.cpp] 无法打开串口 /dev/ttyACM0

[2026-07-24 01:52:35.648] [warning] [serial_port.cpp] 尝试重新打开串口...
[2026-07-24 01:52:35.648] [error] [serial_port.cpp] 无法打开串口 /dev/ttyACM0

[2026-07-24 01:52:36.153] [warning] [serial_port.cpp] 尝试重新打开串口...
[2026-07-24 01:52:36.153] [error] [serial_port.cpp] 无法打开串口 /dev/ttyACM0

[2026-07-24 01:52:36.657] [warning] [serial_port.cpp] 尝试重新打开串口...
[2026-07-24 01:52:36.657] [error] [serial_port.cpp] 无法打开串口 /dev/ttyACM0

[2026-07-24 01:52:37.162] [warning] [serial_port.cpp] 尝试重新打开串口...
[2026-07-24 01:52:37.162] [error] [serial_port.cpp] 无法打开串口 /dev/ttyACM0

[2026-07-24 01:52:37.666] [warning] [serial_port.cpp] 尝试重新打开串口...
[2026-07-24 01:52:37.666] [error] [serial_port.cpp] 无法打开串口 /dev/ttyACM0

[2026-07-24 01:52:38.170] [warning] [serial_port.cpp] 尝试重新打开串口...
[2026-07-24 01:52:38.170] [error] [serial_port.cpp] 无法打开串口 /dev/ttyACM0

[2026-07-24 01:52:38.675] [warning] [serial_port.cpp] 尝试重新打开串口...
[2026-07-24 01:52:38.675] [error] [serial_port.cpp] 无法打开串口 /dev/ttyACM0

[2026-07-24 01:52:39.181] [warning] [serial_port.cpp] 尝试重新打开串口...
[2026-07-24 01:52:39.181] [error] [serial_port.cpp] 无法打开串口 /dev/ttyACM0

[2026-07-24 01:52:39.687] [warning] [serial_port.cpp] 尝试重新打开串口...
[2026-07-24 01:52:39.687] [error] [serial_port.cpp] 无法打开串口 /dev/ttyACM0

[2026-07-24 01:52:40.191] [warning] [serial_port.cpp] 尝试重新打开串口...
[2026-07-24 01:52:40.191] [error] [serial_port.cpp] 无法打开串口 /dev/ttyACM0

[2026-07-24 01:52:40.696] [warning] [serial_port.cpp] 尝试重新打开串口...
[2026-07-24 01:52:40.696] [error] [serial_port.cpp] 无法打开串口 /dev/ttyACM0

[2026-07-24 01:52:41.204] [warning] [serial_port.cpp] 尝试重新打开串口...
[2026-07-24 01:52:41.204] [error] [serial_port.cpp] 无法打开串口 /dev/ttyACM0

[2026-07-24 01:52:41.710] [warning] [serial_port.cpp] 尝试重新打开串口...
[2026-07-24 01:52:41.710] [error] [serial_port.cpp] 无法打开串口 /dev/ttyACM0

[2026-07-24 01:52:42.213] [warning] [serial_port.cpp] 尝试重新打开串口...
[2026-07-24 01:52:42.213] [error] [serial_port.cpp] 无法打开串口 /dev/ttyACM0

[2026-07-24 01:52:42.717] [warning] [serial_port.cpp] 尝试重新打开串口...
[2026-07-24 01:52:42.717] [error] [serial_port.cpp] 无法打开串口 /dev/ttyACM0

[2026-07-24 01:52:43.222] [warning] [serial_port.cpp] 尝试重新打开串口...
[2026-07-24 01:52:43.222] [error] [serial_port.cpp] 无法打开串口 /dev/ttyACM0

[2026-07-24 01:52:43.726] [warning] [serial_port.cpp] 尝试重新打开串口...
[2026-07-24 01:52:43.726] [error] [serial_port.cpp] 无法打开串口 /dev/ttyACM0

[2026-07-24 01:52:44.230] [warning] [serial_port.cpp] 尝试重新打开串口...
[2026-07-24 01:52:44.230] [error] [serial_port.cpp] 无法打开串口 /dev/ttyACM0

[2026-07-24 01:52:44.734] [warning] [serial_port.cpp] 尝试重新打开串口...
[2026-07-24 01:52:44.734] [error] [serial_port.cpp] 无法打开串口 /dev/ttyACM0

[2026-07-24 01:52:45.238] [warning] [serial_port.cpp] 尝试重新打开串口...
[2026-07-24 01:52:45.238] [error] [serial_port.cpp] 无法打开串口 /dev/ttyACM0

[2026-07-24 01:52:45.742] [warning] [serial_port.cpp] 尝试重新打开串口...
[2026-07-24 01:52:45.742] [error] [serial_port.cpp] 无法打开串口 /dev/ttyACM0

[2026-07-24 01:52:46.246] [warning] [serial_port.cpp] 尝试重新打开串口...
[2026-07-24 01:52:46.246] [error] [serial_port.cpp] 无法打开串口 /dev/ttyACM0

[2026-07-24 01:52:46.751] [warning] [serial_port.cpp] 尝试重新打开串口...
[2026-07-24 01:52:46.751] [error] [serial_port.cpp] 无法打开串口 /dev/ttyACM0

[2026-07-24 01:52:47.255] [warning] [serial_port.cpp] 尝试重新打开串口...
[2026-07-24 01:52:47.256] [error] [serial_port.cpp] 无法打开串口 /dev/ttyACM0

[2026-07-24 01:52:47.760] [warning] [serial_port.cpp] 尝试重新打开串口...
[2026-07-24 01:52:47.760] [error] [serial_port.cpp] 无法打开串口 /dev/ttyACM0

[2026-07-24 01:52:48.265] [warning] [serial_port.cpp] 尝试重新打开串口...
[2026-07-24 01:52:48.265] [error] [serial_port.cpp] 无法打开串口 /dev/ttyACM0

[2026-07-24 01:52:48.769] [warning] [serial_port.cpp] 尝试重新打开串口...
[2026-07-24 01:52:48.769] [error] [serial_port.cpp] 无法打开串口 /dev/ttyACM0

[2026-07-24 01:52:49.273] [warning] [serial_port.cpp] 尝试重新打开串口...
[2026-07-24 01:52:49.273] [error] [serial_port.cpp] 无法打开串口 /dev/ttyACM0

[2026-07-24 01:52:49.778] [warning] [serial_port.cpp] 尝试重新打开串口...
[2026-07-24 01:52:49.778] [error] [serial_port.cpp] 无法打开串口 /dev/ttyACM0

[2026-07-24 01:52:50.282] [warning] [serial_port.cpp] 尝试重新打开串口...
[2026-07-24 01:52:50.282] [error] [serial_port.cpp] 无法打开串口 /dev/ttyACM0

[2026-07-24 01:52:50.787] [warning] [serial_port.cpp] 尝试重新打开串口...
[2026-07-24 01:52:50.787] [error] [serial_port.cpp] 无法打开串口 /dev/ttyACM0

[2026-07-24 01:52:50.983] [debug] 

[2026-07-24 01:52:50.983] [warning] [main.cpp] 捕捉到退出信号(SIGINT)，准备退出程序...

[2026-07-24 01:52:51.035] [info] [HttpStream] HTTP 服务器已停止。
