[2026-07-24 12:52:21.760] [debug] ================= [CONFIG LOADED] =================
[2026-07-24 12:52:21.760] [debug]   Mode: Raspberry Pi
[2026-07-24 12:52:21.760] [debug]   Camera ID : 0
[2026-07-24 12:52:21.760] [debug]   Target Res: 1280x720
[2026-07-24 12:52:21.760] [debug]   Target Fmt: MJPG
[2026-07-24 12:52:21.760] [debug]   Target Brightness: 0
[2026-07-24 12:52:21.760] [debug]   Target Contrast: 30
[2026-07-24 12:52:21.760] [debug]   Model Path: ../models/detect.prototxt | ../models/detect.caffemodel | ../models/sr.prototxt | ../models/sr.caffemodel

[2026-07-24 12:52:21.760] [debug]   Stream        : Port=5000, Res=640x360, Quality=60
[2026-07-24 12:52:21.760] [debug] ===================================================
[2026-07-24 12:52:21.764] [info] [qrcode_scanner.cpp] 微信模型加载成功
[2026-07-24 12:52:21.886] [debug] 
[2026-07-24 12:52:21.886] [debug] ================= [ACTUAL CAMERA STATUS] =================
[2026-07-24 12:52:21.886] [debug]   Backend API   : V4L2
[2026-07-24 12:52:21.886] [debug]   Resolution    : 1280x720
[2026-07-24 12:52:21.886] [debug]   FPS           : 30
[2026-07-24 12:52:21.886] [debug]   Video Format  : MJPG
[2026-07-24 12:52:21.886] [debug]   Exposure      : 166
[2026-07-24 12:52:21.886] [debug]   Brightness    : 0
[2026-07-24 12:52:21.886] [debug]   Contrast      : 30
[2026-07-24 12:52:21.886] [debug] ==========================================================
[2026-07-24 12:52:21.886] [debug] [main.cpp] 相机初始化完毕, 按 'Ctrl+C' 退出

[2026-07-24 12:52:21.886] [debug] ================= [SERIAL STATUS] =================
[2026-07-24 12:52:21.886] [error] [serial_port.cpp] 无法打开串口 /dev/ttyACM0

[2026-07-24 12:52:21.886] [error]   is_serial_open: FAILED
[2026-07-24 12:52:21.886] [debug] ===================================================

[2026-07-24 12:52:21.887] [info] [HttpStream] HTTP 服务器已启动，端口: 5000
[2026-07-24 12:52:21.887] [info] [SERIAL THREAD] 相机 OK, 串口 ERROR, 有效信息 NO, 发送 255 and 255 FAILED
[2026-07-24 12:52:21.887] [info] 本机局域网 IP: 10.62.146.83  (接口: wlp0s20f3)
[2026-07-24 12:52:21.887] [debug] [main.cpp] starting 3 threads...

[2026-07-24 12:52:21.887] [info] [HttpStream] 服务器正在 0.0.0.0:5000 监听
[2026-07-24 12:52:22.262] [warning] [serial_port.cpp] 尝试重新打开串口...
[2026-07-24 12:52:22.262] [error] [serial_port.cpp] 无法打开串口 /dev/ttyACM0

[2026-07-24 12:52:22.768] [warning] [serial_port.cpp] 尝试重新打开串口...
[2026-07-24 12:52:22.768] [error] [serial_port.cpp] 无法打开串口 /dev/ttyACM0

[2026-07-24 12:52:23.277] [warning] [serial_port.cpp] 尝试重新打开串口...
[2026-07-24 12:52:23.277] [error] [serial_port.cpp] 无法打开串口 /dev/ttyACM0

[2026-07-24 12:52:23.784] [warning] [serial_port.cpp] 尝试重新打开串口...
[2026-07-24 12:52:23.784] [error] [serial_port.cpp] 无法打开串口 /dev/ttyACM0

[2026-07-24 12:52:24.287] [warning] [serial_port.cpp] 尝试重新打开串口...
[2026-07-24 12:52:24.288] [error] [serial_port.cpp] 无法打开串口 /dev/ttyACM0

[2026-07-24 12:52:24.791] [warning] [serial_port.cpp] 尝试重新打开串口...
[2026-07-24 12:52:24.791] [error] [serial_port.cpp] 无法打开串口 /dev/ttyACM0

[2026-07-24 12:52:25.294] [warning] [serial_port.cpp] 尝试重新打开串口...
[2026-07-24 12:52:25.295] [error] [serial_port.cpp] 无法打开串口 /dev/ttyACM0

[2026-07-24 12:52:25.799] [warning] [serial_port.cpp] 尝试重新打开串口...
[2026-07-24 12:52:25.799] [error] [serial_port.cpp] 无法打开串口 /dev/ttyACM0

[2026-07-24 12:52:26.302] [warning] [serial_port.cpp] 尝试重新打开串口...
[2026-07-24 12:52:26.302] [error] [serial_port.cpp] 无法打开串口 /dev/ttyACM0

[2026-07-24 12:52:26.806] [warning] [serial_port.cpp] 尝试重新打开串口...
[2026-07-24 12:52:26.806] [error] [serial_port.cpp] 无法打开串口 /dev/ttyACM0

[2026-07-24 12:52:27.199] [debug] 

[2026-07-24 12:52:27.199] [warning] [main.cpp] 捕捉到退出信号(SIGINT)，准备退出程序...

[2026-07-24 12:52:27.243] [info] [HttpStream] HTTP 服务器已停止。
