[2026-07-24 02:22:00.950] [debug] ================= [CONFIG LOADED] =================
[2026-07-24 02:22:00.950] [debug]   Mode: PC
[2026-07-24 02:22:00.950] [debug]   Camera ID : 0
[2026-07-24 02:22:00.950] [debug]   Target Res: 1280x720
[2026-07-24 02:22:00.950] [debug]   Target Fmt: MJPG
[2026-07-24 02:22:00.950] [debug]   Target Brightness: 0
[2026-07-24 02:22:00.950] [debug]   Target Contrast: 0
[2026-07-24 02:22:00.950] [debug]   Model Path: ../models/detect.prototxt | ../models/detect.caffemodel | ../models/sr.prototxt | ../models/sr.caffemodel

[2026-07-24 02:22:00.950] [debug]   Stream        : Port=5000, Res=640x360, Quality=60
[2026-07-24 02:22:00.950] [debug] ===================================================
[2026-07-24 02:22:00.954] [info] [qrcode_scanner.cpp] 微信模型加载成功
[2026-07-24 02:22:00.980] [debug] 
[2026-07-24 02:22:00.980] [debug] ================= [ACTUAL CAMERA STATUS] =================
[2026-07-24 02:22:00.980] [debug]   Backend API   : V4L2
[2026-07-24 02:22:00.980] [debug]   Resolution    : 1280x720
[2026-07-24 02:22:00.980] [debug]   FPS           : 30
[2026-07-24 02:22:00.980] [debug]   Video Format  : MJPG
[2026-07-24 02:22:00.980] [debug]   Exposure      : 166
[2026-07-24 02:22:00.980] [debug]   Brightness    : 0
[2026-07-24 02:22:00.980] [debug]   Contrast      : 0
[2026-07-24 02:22:00.980] [debug] ==========================================================
[2026-07-24 02:22:00.980] [debug] [main.cpp] 相机初始化完毕, 按 'ESC' 或 'q' 退出

[2026-07-24 02:22:00.980] [debug] ================= [SERIAL STATUS] =================
[2026-07-24 02:22:00.980] [error] [serial_port.cpp] 无法打开串口 /dev/ttyACM0

[2026-07-24 02:22:00.980] [error]   is_serial_open: FAILED
[2026-07-24 02:22:00.980] [debug] ===================================================

[2026-07-24 02:22:00.980] [info] [HttpStream] HTTP 服务器已启动，端口: 5000
[2026-07-24 02:22:00.980] [info] [HttpStream] 服务器正在 0.0.0.0:5000 监听
[2026-07-24 02:22:00.980] [info] 本机局域网 IP: 10.62.146.83  (接口: wlp0s20f3)
[2026-07-24 02:22:00.980] [debug] [main.cpp] starting 3 threads...

[2026-07-24 02:22:00.981] [info] [SERIAL THREAD] 相机 OK, 串口 ERROR, 有效信息 NO, 发送 255 and 255 FAILED
[2026-07-24 02:22:01.456] [warning] [serial_port.cpp] 尝试重新打开串口...
[2026-07-24 02:22:01.456] [error] [serial_port.cpp] 无法打开串口 /dev/ttyACM0

[2026-07-24 02:22:01.961] [warning] [serial_port.cpp] 尝试重新打开串口...
[2026-07-24 02:22:01.961] [error] [serial_port.cpp] 无法打开串口 /dev/ttyACM0

[2026-07-24 02:22:02.467] [warning] [serial_port.cpp] 尝试重新打开串口...
[2026-07-24 02:22:02.467] [error] [serial_port.cpp] 无法打开串口 /dev/ttyACM0

[2026-07-24 02:22:02.971] [warning] [serial_port.cpp] 尝试重新打开串口...
[2026-07-24 02:22:02.971] [error] [serial_port.cpp] 无法打开串口 /dev/ttyACM0

[2026-07-24 02:22:03.477] [warning] [serial_port.cpp] 尝试重新打开串口...
[2026-07-24 02:22:03.477] [error] [serial_port.cpp] 无法打开串口 /dev/ttyACM0

[2026-07-24 02:22:03.984] [warning] [serial_port.cpp] 尝试重新打开串口...
[2026-07-24 02:22:03.984] [error] [serial_port.cpp] 无法打开串口 /dev/ttyACM0

[2026-07-24 02:22:04.489] [warning] [serial_port.cpp] 尝试重新打开串口...
[2026-07-24 02:22:04.489] [error] [serial_port.cpp] 无法打开串口 /dev/ttyACM0

[2026-07-24 02:22:04.993] [warning] [serial_port.cpp] 尝试重新打开串口...
[2026-07-24 02:22:04.993] [error] [serial_port.cpp] 无法打开串口 /dev/ttyACM0

[2026-07-24 02:22:05.498] [warning] [serial_port.cpp] 尝试重新打开串口...
[2026-07-24 02:22:05.498] [error] [serial_port.cpp] 无法打开串口 /dev/ttyACM0

[2026-07-24 02:22:06.002] [warning] [serial_port.cpp] 尝试重新打开串口...
[2026-07-24 02:22:06.003] [error] [serial_port.cpp] 无法打开串口 /dev/ttyACM0

[2026-07-24 02:22:06.507] [warning] [serial_port.cpp] 尝试重新打开串口...
[2026-07-24 02:22:06.507] [error] [serial_port.cpp] 无法打开串口 /dev/ttyACM0

[2026-07-24 02:22:07.011] [warning] [serial_port.cpp] 尝试重新打开串口...
[2026-07-24 02:22:07.011] [error] [serial_port.cpp] 无法打开串口 /dev/ttyACM0

[2026-07-24 02:22:07.516] [warning] [serial_port.cpp] 尝试重新打开串口...
[2026-07-24 02:22:07.516] [error] [serial_port.cpp] 无法打开串口 /dev/ttyACM0

[2026-07-24 02:22:08.021] [warning] [serial_port.cpp] 尝试重新打开串口...
[2026-07-24 02:22:08.021] [error] [serial_port.cpp] 无法打开串口 /dev/ttyACM0

[2026-07-24 02:22:08.525] [warning] [serial_port.cpp] 尝试重新打开串口...
[2026-07-24 02:22:08.525] [error] [serial_port.cpp] 无法打开串口 /dev/ttyACM0

[2026-07-24 02:22:09.029] [warning] [serial_port.cpp] 尝试重新打开串口...
[2026-07-24 02:22:09.029] [error] [serial_port.cpp] 无法打开串口 /dev/ttyACM0

[2026-07-24 02:22:09.534] [warning] [serial_port.cpp] 尝试重新打开串口...
[2026-07-24 02:22:09.534] [error] [serial_port.cpp] 无法打开串口 /dev/ttyACM0

[2026-07-24 02:22:10.040] [warning] [serial_port.cpp] 尝试重新打开串口...
[2026-07-24 02:22:10.040] [error] [serial_port.cpp] 无法打开串口 /dev/ttyACM0

[2026-07-24 02:22:10.544] [warning] [serial_port.cpp] 尝试重新打开串口...
[2026-07-24 02:22:10.544] [error] [serial_port.cpp] 无法打开串口 /dev/ttyACM0

[2026-07-24 02:22:11.049] [warning] [serial_port.cpp] 尝试重新打开串口...
[2026-07-24 02:22:11.050] [error] [serial_port.cpp] 无法打开串口 /dev/ttyACM0

[2026-07-24 02:22:11.554] [warning] [serial_port.cpp] 尝试重新打开串口...
[2026-07-24 02:22:11.554] [error] [serial_port.cpp] 无法打开串口 /dev/ttyACM0

[2026-07-24 02:22:12.058] [warning] [serial_port.cpp] 尝试重新打开串口...
[2026-07-24 02:22:12.058] [error] [serial_port.cpp] 无法打开串口 /dev/ttyACM0

[2026-07-24 02:22:12.563] [warning] [serial_port.cpp] 尝试重新打开串口...
[2026-07-24 02:22:12.563] [error] [serial_port.cpp] 无法打开串口 /dev/ttyACM0

[2026-07-24 02:22:13.073] [warning] [serial_port.cpp] 尝试重新打开串口...
[2026-07-24 02:22:13.073] [error] [serial_port.cpp] 无法打开串口 /dev/ttyACM0

[2026-07-24 02:22:13.577] [warning] [serial_port.cpp] 尝试重新打开串口...
[2026-07-24 02:22:13.577] [error] [serial_port.cpp] 无法打开串口 /dev/ttyACM0

[2026-07-24 02:22:14.081] [warning] [serial_port.cpp] 尝试重新打开串口...
[2026-07-24 02:22:14.081] [error] [serial_port.cpp] 无法打开串口 /dev/ttyACM0

[2026-07-24 02:22:14.586] [warning] [serial_port.cpp] 尝试重新打开串口...
[2026-07-24 02:22:14.586] [error] [serial_port.cpp] 无法打开串口 /dev/ttyACM0

[2026-07-24 02:22:15.090] [warning] [serial_port.cpp] 尝试重新打开串口...
[2026-07-24 02:22:15.090] [error] [serial_port.cpp] 无法打开串口 /dev/ttyACM0

[2026-07-24 02:22:15.594] [warning] [serial_port.cpp] 尝试重新打开串口...
[2026-07-24 02:22:15.594] [error] [serial_port.cpp] 无法打开串口 /dev/ttyACM0

[2026-07-24 02:22:16.098] [warning] [serial_port.cpp] 尝试重新打开串口...
[2026-07-24 02:22:16.098] [error] [serial_port.cpp] 无法打开串口 /dev/ttyACM0

[2026-07-24 02:22:16.604] [warning] [serial_port.cpp] 尝试重新打开串口...
[2026-07-24 02:22:16.604] [error] [serial_port.cpp] 无法打开串口 /dev/ttyACM0

[2026-07-24 02:22:17.108] [warning] [serial_port.cpp] 尝试重新打开串口...
[2026-07-24 02:22:17.108] [error] [serial_port.cpp] 无法打开串口 /dev/ttyACM0

[2026-07-24 02:22:17.612] [warning] [serial_port.cpp] 尝试重新打开串口...
[2026-07-24 02:22:17.612] [error] [serial_port.cpp] 无法打开串口 /dev/ttyACM0

[2026-07-24 02:22:18.117] [warning] [serial_port.cpp] 尝试重新打开串口...
[2026-07-24 02:22:18.117] [error] [serial_port.cpp] 无法打开串口 /dev/ttyACM0

[2026-07-24 02:22:18.621] [warning] [serial_port.cpp] 尝试重新打开串口...
[2026-07-24 02:22:18.621] [error] [serial_port.cpp] 无法打开串口 /dev/ttyACM0

[2026-07-24 02:22:19.124] [warning] [serial_port.cpp] 尝试重新打开串口...
[2026-07-24 02:22:19.125] [error] [serial_port.cpp] 无法打开串口 /dev/ttyACM0

[2026-07-24 02:22:19.629] [warning] [serial_port.cpp] 尝试重新打开串口...
[2026-07-24 02:22:19.629] [error] [serial_port.cpp] 无法打开串口 /dev/ttyACM0

[2026-07-24 02:22:20.133] [warning] [serial_port.cpp] 尝试重新打开串口...
[2026-07-24 02:22:20.133] [error] [serial_port.cpp] 无法打开串口 /dev/ttyACM0

[2026-07-24 02:22:20.638] [warning] [serial_port.cpp] 尝试重新打开串口...
[2026-07-24 02:22:20.638] [error] [serial_port.cpp] 无法打开串口 /dev/ttyACM0

[2026-07-24 02:22:21.145] [warning] [serial_port.cpp] 尝试重新打开串口...
[2026-07-24 02:22:21.145] [error] [serial_port.cpp] 无法打开串口 /dev/ttyACM0

[2026-07-24 02:22:21.651] [warning] [serial_port.cpp] 尝试重新打开串口...
[2026-07-24 02:22:21.651] [error] [serial_port.cpp] 无法打开串口 /dev/ttyACM0

[2026-07-24 02:22:22.157] [warning] [serial_port.cpp] 尝试重新打开串口...
[2026-07-24 02:22:22.157] [error] [serial_port.cpp] 无法打开串口 /dev/ttyACM0

[2026-07-24 02:22:22.662] [warning] [serial_port.cpp] 尝试重新打开串口...
[2026-07-24 02:22:22.662] [error] [serial_port.cpp] 无法打开串口 /dev/ttyACM0

[2026-07-24 02:22:23.166] [warning] [serial_port.cpp] 尝试重新打开串口...
[2026-07-24 02:22:23.166] [error] [serial_port.cpp] 无法打开串口 /dev/ttyACM0

[2026-07-24 02:22:23.670] [warning] [serial_port.cpp] 尝试重新打开串口...
[2026-07-24 02:22:23.671] [error] [serial_port.cpp] 无法打开串口 /dev/ttyACM0

[2026-07-24 02:22:24.175] [warning] [serial_port.cpp] 尝试重新打开串口...
[2026-07-24 02:22:24.175] [error] [serial_port.cpp] 无法打开串口 /dev/ttyACM0

[2026-07-24 02:22:24.680] [warning] [serial_port.cpp] 尝试重新打开串口...
[2026-07-24 02:22:24.680] [error] [serial_port.cpp] 无法打开串口 /dev/ttyACM0

[2026-07-24 02:22:25.183] [warning] [serial_port.cpp] 尝试重新打开串口...
[2026-07-24 02:22:25.183] [error] [serial_port.cpp] 无法打开串口 /dev/ttyACM0

[2026-07-24 02:22:25.688] [warning] [serial_port.cpp] 尝试重新打开串口...
[2026-07-24 02:22:25.688] [error] [serial_port.cpp] 无法打开串口 /dev/ttyACM0

[2026-07-24 02:22:26.192] [warning] [serial_port.cpp] 尝试重新打开串口...
[2026-07-24 02:22:26.192] [error] [serial_port.cpp] 无法打开串口 /dev/ttyACM0

[2026-07-24 02:22:26.695] [warning] [serial_port.cpp] 尝试重新打开串口...
[2026-07-24 02:22:26.695] [error] [serial_port.cpp] 无法打开串口 /dev/ttyACM0

[2026-07-24 02:22:27.200] [warning] [serial_port.cpp] 尝试重新打开串口...
[2026-07-24 02:22:27.200] [error] [serial_port.cpp] 无法打开串口 /dev/ttyACM0

[2026-07-24 02:22:27.704] [warning] [serial_port.cpp] 尝试重新打开串口...
[2026-07-24 02:22:27.704] [error] [serial_port.cpp] 无法打开串口 /dev/ttyACM0

[2026-07-24 02:22:28.208] [warning] [serial_port.cpp] 尝试重新打开串口...
[2026-07-24 02:22:28.208] [error] [serial_port.cpp] 无法打开串口 /dev/ttyACM0

[2026-07-24 02:22:28.712] [warning] [serial_port.cpp] 尝试重新打开串口...
[2026-07-24 02:22:28.712] [error] [serial_port.cpp] 无法打开串口 /dev/ttyACM0

[2026-07-24 02:22:29.217] [warning] [serial_port.cpp] 尝试重新打开串口...
[2026-07-24 02:22:29.217] [error] [serial_port.cpp] 无法打开串口 /dev/ttyACM0

[2026-07-24 02:22:29.721] [warning] [serial_port.cpp] 尝试重新打开串口...
[2026-07-24 02:22:29.721] [error] [serial_port.cpp] 无法打开串口 /dev/ttyACM0

[2026-07-24 02:22:30.225] [warning] [serial_port.cpp] 尝试重新打开串口...
[2026-07-24 02:22:30.225] [error] [serial_port.cpp] 无法打开串口 /dev/ttyACM0

[2026-07-24 02:22:30.729] [warning] [serial_port.cpp] 尝试重新打开串口...
[2026-07-24 02:22:30.730] [error] [serial_port.cpp] 无法打开串口 /dev/ttyACM0

[2026-07-24 02:22:31.234] [warning] [serial_port.cpp] 尝试重新打开串口...
[2026-07-24 02:22:31.234] [error] [serial_port.cpp] 无法打开串口 /dev/ttyACM0

[2026-07-24 02:22:31.739] [warning] [serial_port.cpp] 尝试重新打开串口...
[2026-07-24 02:22:31.739] [error] [serial_port.cpp] 无法打开串口 /dev/ttyACM0

[2026-07-24 02:22:32.244] [warning] [serial_port.cpp] 尝试重新打开串口...
[2026-07-24 02:22:32.244] [error] [serial_port.cpp] 无法打开串口 /dev/ttyACM0

[2026-07-24 02:22:32.748] [warning] [serial_port.cpp] 尝试重新打开串口...
[2026-07-24 02:22:32.748] [error] [serial_port.cpp] 无法打开串口 /dev/ttyACM0

[2026-07-24 02:22:33.252] [warning] [serial_port.cpp] 尝试重新打开串口...
[2026-07-24 02:22:33.252] [error] [serial_port.cpp] 无法打开串口 /dev/ttyACM0

[2026-07-24 02:22:33.756] [warning] [serial_port.cpp] 尝试重新打开串口...
[2026-07-24 02:22:33.756] [error] [serial_port.cpp] 无法打开串口 /dev/ttyACM0

[2026-07-24 02:22:34.261] [warning] [serial_port.cpp] 尝试重新打开串口...
[2026-07-24 02:22:34.261] [error] [serial_port.cpp] 无法打开串口 /dev/ttyACM0

[2026-07-24 02:22:34.764] [warning] [serial_port.cpp] 尝试重新打开串口...
[2026-07-24 02:22:34.764] [error] [serial_port.cpp] 无法打开串口 /dev/ttyACM0

[2026-07-24 02:22:35.268] [warning] [serial_port.cpp] 尝试重新打开串口...
[2026-07-24 02:22:35.269] [error] [serial_port.cpp] 无法打开串口 /dev/ttyACM0

[2026-07-24 02:22:35.776] [warning] [serial_port.cpp] 尝试重新打开串口...
[2026-07-24 02:22:35.776] [error] [serial_port.cpp] 无法打开串口 /dev/ttyACM0

[2026-07-24 02:22:36.280] [warning] [serial_port.cpp] 尝试重新打开串口...
[2026-07-24 02:22:36.280] [error] [serial_port.cpp] 无法打开串口 /dev/ttyACM0

[2026-07-24 02:22:36.786] [warning] [serial_port.cpp] 尝试重新打开串口...
[2026-07-24 02:22:36.786] [error] [serial_port.cpp] 无法打开串口 /dev/ttyACM0

[2026-07-24 02:22:37.292] [warning] [serial_port.cpp] 尝试重新打开串口...
[2026-07-24 02:22:37.292] [error] [serial_port.cpp] 无法打开串口 /dev/ttyACM0

[2026-07-24 02:22:37.797] [warning] [serial_port.cpp] 尝试重新打开串口...
[2026-07-24 02:22:37.797] [error] [serial_port.cpp] 无法打开串口 /dev/ttyACM0

[2026-07-24 02:22:38.301] [warning] [serial_port.cpp] 尝试重新打开串口...
[2026-07-24 02:22:38.301] [error] [serial_port.cpp] 无法打开串口 /dev/ttyACM0

[2026-07-24 02:22:38.806] [warning] [serial_port.cpp] 尝试重新打开串口...
[2026-07-24 02:22:38.806] [error] [serial_port.cpp] 无法打开串口 /dev/ttyACM0

[2026-07-24 02:22:39.310] [warning] [serial_port.cpp] 尝试重新打开串口...
[2026-07-24 02:22:39.310] [error] [serial_port.cpp] 无法打开串口 /dev/ttyACM0

[2026-07-24 02:22:39.815] [warning] [serial_port.cpp] 尝试重新打开串口...
[2026-07-24 02:22:39.815] [error] [serial_port.cpp] 无法打开串口 /dev/ttyACM0

[2026-07-24 02:22:40.319] [warning] [serial_port.cpp] 尝试重新打开串口...
[2026-07-24 02:22:40.319] [error] [serial_port.cpp] 无法打开串口 /dev/ttyACM0

[2026-07-24 02:22:40.824] [warning] [serial_port.cpp] 尝试重新打开串口...
[2026-07-24 02:22:40.824] [error] [serial_port.cpp] 无法打开串口 /dev/ttyACM0

[2026-07-24 02:22:41.328] [warning] [serial_port.cpp] 尝试重新打开串口...
[2026-07-24 02:22:41.328] [error] [serial_port.cpp] 无法打开串口 /dev/ttyACM0

[2026-07-24 02:22:41.833] [warning] [serial_port.cpp] 尝试重新打开串口...
[2026-07-24 02:22:41.833] [error] [serial_port.cpp] 无法打开串口 /dev/ttyACM0

[2026-07-24 02:22:42.337] [warning] [serial_port.cpp] 尝试重新打开串口...
[2026-07-24 02:22:42.337] [error] [serial_port.cpp] 无法打开串口 /dev/ttyACM0

[2026-07-24 02:22:42.842] [warning] [serial_port.cpp] 尝试重新打开串口...
[2026-07-24 02:22:42.842] [error] [serial_port.cpp] 无法打开串口 /dev/ttyACM0

[2026-07-24 02:22:43.349] [warning] [serial_port.cpp] 尝试重新打开串口...
[2026-07-24 02:22:43.349] [error] [serial_port.cpp] 无法打开串口 /dev/ttyACM0

[2026-07-24 02:22:43.855] [warning] [serial_port.cpp] 尝试重新打开串口...
[2026-07-24 02:22:43.855] [error] [serial_port.cpp] 无法打开串口 /dev/ttyACM0

[2026-07-24 02:22:44.359] [warning] [serial_port.cpp] 尝试重新打开串口...
[2026-07-24 02:22:44.359] [error] [serial_port.cpp] 无法打开串口 /dev/ttyACM0

[2026-07-24 02:22:44.862] [warning] [serial_port.cpp] 尝试重新打开串口...
[2026-07-24 02:22:44.862] [error] [serial_port.cpp] 无法打开串口 /dev/ttyACM0

[2026-07-24 02:22:45.367] [warning] [serial_port.cpp] 尝试重新打开串口...
[2026-07-24 02:22:45.367] [error] [serial_port.cpp] 无法打开串口 /dev/ttyACM0

[2026-07-24 02:22:45.873] [warning] [serial_port.cpp] 尝试重新打开串口...
[2026-07-24 02:22:45.873] [error] [serial_port.cpp] 无法打开串口 /dev/ttyACM0

[2026-07-24 02:22:46.377] [warning] [serial_port.cpp] 尝试重新打开串口...
[2026-07-24 02:22:46.377] [error] [serial_port.cpp] 无法打开串口 /dev/ttyACM0

[2026-07-24 02:22:46.881] [warning] [serial_port.cpp] 尝试重新打开串口...
[2026-07-24 02:22:46.881] [error] [serial_port.cpp] 无法打开串口 /dev/ttyACM0

[2026-07-24 02:22:47.385] [warning] [serial_port.cpp] 尝试重新打开串口...
[2026-07-24 02:22:47.386] [error] [serial_port.cpp] 无法打开串口 /dev/ttyACM0

[2026-07-24 02:22:47.890] [warning] [serial_port.cpp] 尝试重新打开串口...
[2026-07-24 02:22:47.890] [error] [serial_port.cpp] 无法打开串口 /dev/ttyACM0

[2026-07-24 02:22:48.395] [warning] [serial_port.cpp] 尝试重新打开串口...
[2026-07-24 02:22:48.395] [error] [serial_port.cpp] 无法打开串口 /dev/ttyACM0

[2026-07-24 02:22:48.900] [warning] [serial_port.cpp] 尝试重新打开串口...
[2026-07-24 02:22:48.900] [error] [serial_port.cpp] 无法打开串口 /dev/ttyACM0

[2026-07-24 02:22:49.405] [warning] [serial_port.cpp] 尝试重新打开串口...
[2026-07-24 02:22:49.405] [error] [serial_port.cpp] 无法打开串口 /dev/ttyACM0

[2026-07-24 02:22:49.910] [warning] [serial_port.cpp] 尝试重新打开串口...
[2026-07-24 02:22:49.910] [error] [serial_port.cpp] 无法打开串口 /dev/ttyACM0

[2026-07-24 02:22:50.414] [warning] [serial_port.cpp] 尝试重新打开串口...
[2026-07-24 02:22:50.414] [error] [serial_port.cpp] 无法打开串口 /dev/ttyACM0

[2026-07-24 02:22:50.918] [warning] [serial_port.cpp] 尝试重新打开串口...
[2026-07-24 02:22:50.918] [error] [serial_port.cpp] 无法打开串口 /dev/ttyACM0

[2026-07-24 02:22:51.426] [warning] [serial_port.cpp] 尝试重新打开串口...
[2026-07-24 02:22:51.426] [error] [serial_port.cpp] 无法打开串口 /dev/ttyACM0

[2026-07-24 02:22:51.930] [warning] [serial_port.cpp] 尝试重新打开串口...
[2026-07-24 02:22:51.930] [error] [serial_port.cpp] 无法打开串口 /dev/ttyACM0

[2026-07-24 02:22:52.437] [warning] [serial_port.cpp] 尝试重新打开串口...
[2026-07-24 02:22:52.437] [error] [serial_port.cpp] 无法打开串口 /dev/ttyACM0

[2026-07-24 02:22:52.942] [warning] [serial_port.cpp] 尝试重新打开串口...
[2026-07-24 02:22:52.942] [error] [serial_port.cpp] 无法打开串口 /dev/ttyACM0

[2026-07-24 02:22:53.448] [warning] [serial_port.cpp] 尝试重新打开串口...
[2026-07-24 02:22:53.449] [error] [serial_port.cpp] 无法打开串口 /dev/ttyACM0

[2026-07-24 02:22:53.955] [warning] [serial_port.cpp] 尝试重新打开串口...
[2026-07-24 02:22:53.955] [error] [serial_port.cpp] 无法打开串口 /dev/ttyACM0

[2026-07-24 02:22:54.459] [warning] [serial_port.cpp] 尝试重新打开串口...
[2026-07-24 02:22:54.459] [error] [serial_port.cpp] 无法打开串口 /dev/ttyACM0

[2026-07-24 02:22:54.964] [warning] [serial_port.cpp] 尝试重新打开串口...
[2026-07-24 02:22:54.964] [error] [serial_port.cpp] 无法打开串口 /dev/ttyACM0

[2026-07-24 02:22:55.470] [warning] [serial_port.cpp] 尝试重新打开串口...
[2026-07-24 02:22:55.470] [error] [serial_port.cpp] 无法打开串口 /dev/ttyACM0

[2026-07-24 02:22:55.974] [warning] [serial_port.cpp] 尝试重新打开串口...
[2026-07-24 02:22:55.974] [error] [serial_port.cpp] 无法打开串口 /dev/ttyACM0

[2026-07-24 02:22:56.478] [warning] [serial_port.cpp] 尝试重新打开串口...
[2026-07-24 02:22:56.478] [error] [serial_port.cpp] 无法打开串口 /dev/ttyACM0

[2026-07-24 02:22:56.983] [warning] [serial_port.cpp] 尝试重新打开串口...
[2026-07-24 02:22:56.983] [error] [serial_port.cpp] 无法打开串口 /dev/ttyACM0

[2026-07-24 02:22:57.489] [warning] [serial_port.cpp] 尝试重新打开串口...
[2026-07-24 02:22:57.489] [error] [serial_port.cpp] 无法打开串口 /dev/ttyACM0

[2026-07-24 02:22:57.995] [warning] [serial_port.cpp] 尝试重新打开串口...
[2026-07-24 02:22:57.995] [error] [serial_port.cpp] 无法打开串口 /dev/ttyACM0

[2026-07-24 02:22:58.168] [debug] 

[2026-07-24 02:22:58.168] [warning] [main.cpp] 捕捉到退出信号(SIGINT)，准备退出程序...

[2026-07-24 02:22:58.213] [info] [HttpStream] HTTP 服务器已停止。
