[2026-07-22 05:51:23.133] [debug] ================= [CONFIG LOADED] =================
[2026-07-22 05:51:23.133] [debug]   Mode: PC
[2026-07-22 05:51:23.133] [debug]   Camera ID : 2
[2026-07-22 05:51:23.133] [debug]   Target Res: 1280x720
[2026-07-22 05:51:23.133] [debug]   Target Fmt: MJPG
[2026-07-22 05:51:23.133] [debug]   Target Brightness: 0
[2026-07-22 05:51:23.133] [debug]   Target Contrast: 0
[2026-07-22 05:51:23.133] [debug]   Model Path: ../models/detect.prototxt | ../models/detect.caffemodel | ../models/sr.prototxt | ../models/sr.caffemodel
[2026-07-22 05:51:23.133] [debug] ===================================================
[2026-07-22 05:51:23.137] [info] [qrcode_scanner.cpp] 微信模型加载成功
[2026-07-22 05:51:23.278] [debug] 
[2026-07-22 05:51:23.278] [debug] ================= [ACTUAL CAMERA STATUS] =================
[2026-07-22 05:51:23.278] [debug]   Backend API   : V4L2
[2026-07-22 05:51:23.278] [debug]   Resolution    : 1280x720
[2026-07-22 05:51:23.278] [debug]   FPS           : 30
[2026-07-22 05:51:23.278] [debug]   Video Format  : MJPG
[2026-07-22 05:51:23.278] [debug]   Exposure      : 156
[2026-07-22 05:51:23.278] [debug]   Brightness    : 0
[2026-07-22 05:51:23.278] [debug]   Contrast      : 0
[2026-07-22 05:51:23.278] [debug] ==========================================================
[2026-07-22 05:51:23.278] [debug] [main.cpp] 相机初始化完毕, 按 'ESC' 或 'q' 退出

[2026-07-22 05:51:23.278] [debug] ================= [SERIAL STATUS] =================
[2026-07-22 05:51:23.278] [info] [serial_port.cpp] 串口 /dev/ttyACM0 打开成功，波特率: 115200
[2026-07-22 05:51:23.278] [info]   is_serial_open: SUCCESS
[2026-07-22 05:51:23.278] [debug]   Port Name     : /dev/ttyACM0
[2026-07-22 05:51:23.278] [debug]   Baud Rate     : 115200
[2026-07-22 05:51:23.278] [debug] ===================================================

[2026-07-22 05:51:23.279] [debug] [main.cpp] starting threads...

[2026-07-22 05:51:23.279] [info] [SERIAL THREAD] 相机 OK, 串口 OK, 有效信息 NO, 发送 255 and 255 SUCCESSED
[2026-07-22 05:51:24.434] [debug] 

[2026-07-22 05:51:24.434] [info] [main.cpp] 当前计算帧率: 8.65 FPS
[2026-07-22 05:51:25.513] [debug] 

[2026-07-22 05:51:25.513] [info] [main.cpp] 当前计算帧率: 19.47 FPS
[2026-07-22 05:51:26.681] [debug] 

[2026-07-22 05:51:26.681] [info] [main.cpp] 当前计算帧率: 11.13 FPS
[2026-07-22 05:51:27.739] [debug] 

[2026-07-22 05:51:27.740] [info] [main.cpp] 当前计算帧率: 16.07 FPS
[2026-07-22 05:51:28.747] [debug] 

[2026-07-22 05:51:28.747] [info] [main.cpp] 当前计算帧率: 15.88 FPS
[2026-07-22 05:51:29.898] [debug] 

[2026-07-22 05:51:29.898] [info] [main.cpp] 当前计算帧率: 12.17 FPS
[2026-07-22 05:51:30.981] [debug] 

[2026-07-22 05:51:30.981] [info] [main.cpp] 当前计算帧率: 19.38 FPS
[2026-07-22 05:51:32.154] [debug] 

[2026-07-22 05:51:32.154] [info] [main.cpp] 当前计算帧率: 13.65 FPS
[2026-07-22 05:51:33.254] [debug] 

[2026-07-22 05:51:33.254] [info] [main.cpp] 当前计算帧率: 18.17 FPS
[2026-07-22 05:51:34.275] [debug] 

[2026-07-22 05:51:34.275] [info] [main.cpp] 当前计算帧率: 13.71 FPS
[2026-07-22 05:51:35.323] [debug] 

[2026-07-22 05:51:35.323] [info] [main.cpp] 当前计算帧率: 11.45 FPS
[2026-07-22 05:51:36.340] [debug] 

[2026-07-22 05:51:36.340] [info] [main.cpp] 当前计算帧率: 17.70 FPS
[2026-07-22 05:51:37.342] [debug] 

[2026-07-22 05:51:37.342] [info] [main.cpp] 当前计算帧率: 21.95 FPS
[2026-07-22 05:51:38.373] [debug] 

[2026-07-22 05:51:38.373] [info] [main.cpp] 当前计算帧率: 30.08 FPS
[2026-07-22 05:51:39.405] [debug] 

[2026-07-22 05:51:39.406] [info] [main.cpp] 当前计算帧率: 26.15 FPS
[2026-07-22 05:51:40.563] [debug] 

[2026-07-22 05:51:40.563] [info] [main.cpp] 当前计算帧率: 19.87 FPS
[2026-07-22 05:51:41.735] [debug] 

[2026-07-22 05:51:41.735] [info] [main.cpp] 当前计算帧率: 17.06 FPS
[2026-07-22 05:51:42.756] [debug] 

[2026-07-22 05:51:42.756] [info] [main.cpp] 当前计算帧率: 10.78 FPS
[2026-07-22 05:51:43.769] [debug] 

[2026-07-22 05:51:43.770] [info] [main.cpp] 当前计算帧率: 17.76 FPS
[2026-07-22 05:51:44.840] [debug] 

[2026-07-22 05:51:44.840] [info] [main.cpp] 当前计算帧率: 18.68 FPS
[2026-07-22 05:51:45.868] [debug] 

[2026-07-22 05:51:45.868] [info] [main.cpp] 当前计算帧率: 16.54 FPS
[2026-07-22 05:51:46.953] [debug] 

[2026-07-22 05:51:46.953] [info] [main.cpp] 当前计算帧率: 21.18 FPS
[2026-07-22 05:51:48.102] [debug] 

[2026-07-22 05:51:48.102] [info] [main.cpp] 当前计算帧率: 16.54 FPS
[2026-07-22 05:51:49.192] [debug] 

[2026-07-22 05:51:49.192] [info] [main.cpp] 当前计算帧率: 19.26 FPS
[2026-07-22 05:51:50.003] [debug] 

[2026-07-22 05:51:50.003] [warning] [main.cpp] 捕捉到退出信号(SIGINT)，准备退出程序...

[2026-07-22 05:51:50.044] [warning] [serial_port.cpp] 串口已关闭。
