[2026-07-24 01:44:54.107] [debug] ================= [CONFIG LOADED] =================
[2026-07-24 01:44:54.107] [debug]   Mode: PC
[2026-07-24 01:44:54.107] [debug]   Camera ID : 0
[2026-07-24 01:44:54.107] [debug]   Target Res: 1280x720
[2026-07-24 01:44:54.107] [debug]   Target Fmt: MJPG
[2026-07-24 01:44:54.107] [debug]   Target Brightness: 0
[2026-07-24 01:44:54.107] [debug]   Target Contrast: 0
[2026-07-24 01:44:54.107] [debug]   Model Path: ../models/detect.prototxt | ../models/detect.caffemodel | ../models/sr.prototxt | ../models/sr.caffemodel

[2026-07-24 01:44:54.107] [debug]   Stream        : Port=5000, Res=640x360, Quality=60
[2026-07-24 01:44:54.107] [debug] ===================================================
[2026-07-24 01:44:54.112] [info] [qrcode_scanner.cpp] 微信模型加载成功
[2026-07-24 01:44:54.138] [debug] 
[2026-07-24 01:44:54.138] [debug] ================= [ACTUAL CAMERA STATUS] =================
[2026-07-24 01:44:54.138] [debug]   Backend API   : V4L2
[2026-07-24 01:44:54.138] [debug]   Resolution    : 1280x720
[2026-07-24 01:44:54.138] [debug]   FPS           : 30
[2026-07-24 01:44:54.138] [debug]   Video Format  : MJPG
[2026-07-24 01:44:54.138] [debug]   Exposure      : 166
[2026-07-24 01:44:54.138] [debug]   Brightness    : 0
[2026-07-24 01:44:54.138] [debug]   Contrast      : 0
[2026-07-24 01:44:54.138] [debug] ==========================================================
[2026-07-24 01:44:54.138] [debug] [main.cpp] 相机初始化完毕, 按 'ESC' 或 'q' 退出

[2026-07-24 01:44:54.138] [debug] ================= [SERIAL STATUS] =================
[2026-07-24 01:44:54.138] [error] [serial_port.cpp] 无法打开串口 /dev/ttyACM0

[2026-07-24 01:44:54.138] [error]   is_serial_open: FAILED
[2026-07-24 01:44:54.138] [debug] ===================================================

[2026-07-24 01:44:54.138] [info] [HttpStream] HTTP 服务器启动，端口: 5000
[2026-07-24 01:44:54.138] [info] 本机局域网 IP: 10.62.146.83  (接口: wlp0s20f3)
[2026-07-24 01:44:54.138] [debug] [main.cpp] starting 3 threads...

[2026-07-24 01:44:54.138] [info] [SERIAL THREAD] 相机 OK, 串口 ERROR, 有效信息 NO, 发送 255 and 255 FAILED
[2026-07-24 01:44:54.615] [warning] [serial_port.cpp] 尝试重新打开串口...
[2026-07-24 01:44:54.615] [error] [serial_port.cpp] 无法打开串口 /dev/ttyACM0

[2026-07-24 01:44:55.119] [warning] [serial_port.cpp] 尝试重新打开串口...
[2026-07-24 01:44:55.119] [error] [serial_port.cpp] 无法打开串口 /dev/ttyACM0

[2026-07-24 01:44:55.626] [warning] [serial_port.cpp] 尝试重新打开串口...
[2026-07-24 01:44:55.626] [error] [serial_port.cpp] 无法打开串口 /dev/ttyACM0

[2026-07-24 01:44:56.130] [warning] [serial_port.cpp] 尝试重新打开串口...
[2026-07-24 01:44:56.130] [error] [serial_port.cpp] 无法打开串口 /dev/ttyACM0

[2026-07-24 01:44:56.635] [warning] [serial_port.cpp] 尝试重新打开串口...
[2026-07-24 01:44:56.635] [error] [serial_port.cpp] 无法打开串口 /dev/ttyACM0

[2026-07-24 01:44:57.144] [warning] [serial_port.cpp] 尝试重新打开串口...
[2026-07-24 01:44:57.144] [error] [serial_port.cpp] 无法打开串口 /dev/ttyACM0

[2026-07-24 01:44:57.652] [warning] [serial_port.cpp] 尝试重新打开串口...
[2026-07-24 01:44:57.652] [error] [serial_port.cpp] 无法打开串口 /dev/ttyACM0

[2026-07-24 01:44:58.159] [warning] [serial_port.cpp] 尝试重新打开串口...
[2026-07-24 01:44:58.159] [error] [serial_port.cpp] 无法打开串口 /dev/ttyACM0

[2026-07-24 01:44:58.666] [warning] [serial_port.cpp] 尝试重新打开串口...
[2026-07-24 01:44:58.666] [error] [serial_port.cpp] 无法打开串口 /dev/ttyACM0

[2026-07-24 01:44:59.173] [warning] [serial_port.cpp] 尝试重新打开串口...
[2026-07-24 01:44:59.173] [error] [serial_port.cpp] 无法打开串口 /dev/ttyACM0

[2026-07-24 01:44:59.683] [warning] [serial_port.cpp] 尝试重新打开串口...
[2026-07-24 01:44:59.683] [error] [serial_port.cpp] 无法打开串口 /dev/ttyACM0

[2026-07-24 01:45:00.189] [warning] [serial_port.cpp] 尝试重新打开串口...
[2026-07-24 01:45:00.189] [error] [serial_port.cpp] 无法打开串口 /dev/ttyACM0

[2026-07-24 01:45:00.695] [warning] [serial_port.cpp] 尝试重新打开串口...
[2026-07-24 01:45:00.695] [error] [serial_port.cpp] 无法打开串口 /dev/ttyACM0

[2026-07-24 01:45:01.205] [warning] [serial_port.cpp] 尝试重新打开串口...
[2026-07-24 01:45:01.205] [error] [serial_port.cpp] 无法打开串口 /dev/ttyACM0

[2026-07-24 01:45:01.711] [warning] [serial_port.cpp] 尝试重新打开串口...
[2026-07-24 01:45:01.711] [error] [serial_port.cpp] 无法打开串口 /dev/ttyACM0

[2026-07-24 01:45:02.216] [warning] [serial_port.cpp] 尝试重新打开串口...
[2026-07-24 01:45:02.216] [error] [serial_port.cpp] 无法打开串口 /dev/ttyACM0

[2026-07-24 01:45:02.720] [warning] [serial_port.cpp] 尝试重新打开串口...
[2026-07-24 01:45:02.720] [error] [serial_port.cpp] 无法打开串口 /dev/ttyACM0

[2026-07-24 01:45:03.224] [warning] [serial_port.cpp] 尝试重新打开串口...
[2026-07-24 01:45:03.224] [error] [serial_port.cpp] 无法打开串口 /dev/ttyACM0

[2026-07-24 01:45:03.729] [warning] [serial_port.cpp] 尝试重新打开串口...
[2026-07-24 01:45:03.729] [error] [serial_port.cpp] 无法打开串口 /dev/ttyACM0

[2026-07-24 01:45:04.235] [warning] [serial_port.cpp] 尝试重新打开串口...
[2026-07-24 01:45:04.235] [error] [serial_port.cpp] 无法打开串口 /dev/ttyACM0

[2026-07-24 01:45:04.739] [warning] [serial_port.cpp] 尝试重新打开串口...
[2026-07-24 01:45:04.739] [error] [serial_port.cpp] 无法打开串口 /dev/ttyACM0

[2026-07-24 01:45:05.244] [warning] [serial_port.cpp] 尝试重新打开串口...
[2026-07-24 01:45:05.244] [error] [serial_port.cpp] 无法打开串口 /dev/ttyACM0

[2026-07-24 01:45:05.748] [warning] [serial_port.cpp] 尝试重新打开串口...
[2026-07-24 01:45:05.748] [error] [serial_port.cpp] 无法打开串口 /dev/ttyACM0

[2026-07-24 01:45:06.252] [warning] [serial_port.cpp] 尝试重新打开串口...
[2026-07-24 01:45:06.252] [error] [serial_port.cpp] 无法打开串口 /dev/ttyACM0

[2026-07-24 01:45:06.756] [warning] [serial_port.cpp] 尝试重新打开串口...
[2026-07-24 01:45:06.756] [error] [serial_port.cpp] 无法打开串口 /dev/ttyACM0

[2026-07-24 01:45:07.261] [warning] [serial_port.cpp] 尝试重新打开串口...
[2026-07-24 01:45:07.261] [error] [serial_port.cpp] 无法打开串口 /dev/ttyACM0

[2026-07-24 01:45:07.765] [warning] [serial_port.cpp] 尝试重新打开串口...
[2026-07-24 01:45:07.765] [error] [serial_port.cpp] 无法打开串口 /dev/ttyACM0

[2026-07-24 01:45:08.269] [warning] [serial_port.cpp] 尝试重新打开串口...
[2026-07-24 01:45:08.269] [error] [serial_port.cpp] 无法打开串口 /dev/ttyACM0

[2026-07-24 01:45:08.773] [warning] [serial_port.cpp] 尝试重新打开串口...
[2026-07-24 01:45:08.773] [error] [serial_port.cpp] 无法打开串口 /dev/ttyACM0

[2026-07-24 01:45:09.279] [warning] [serial_port.cpp] 尝试重新打开串口...
[2026-07-24 01:45:09.279] [error] [serial_port.cpp] 无法打开串口 /dev/ttyACM0

[2026-07-24 01:45:09.783] [warning] [serial_port.cpp] 尝试重新打开串口...
[2026-07-24 01:45:09.783] [error] [serial_port.cpp] 无法打开串口 /dev/ttyACM0

[2026-07-24 01:45:10.288] [warning] [serial_port.cpp] 尝试重新打开串口...
[2026-07-24 01:45:10.288] [error] [serial_port.cpp] 无法打开串口 /dev/ttyACM0

[2026-07-24 01:45:10.792] [warning] [serial_port.cpp] 尝试重新打开串口...
[2026-07-24 01:45:10.792] [error] [serial_port.cpp] 无法打开串口 /dev/ttyACM0

[2026-07-24 01:45:11.297] [warning] [serial_port.cpp] 尝试重新打开串口...
[2026-07-24 01:45:11.297] [error] [serial_port.cpp] 无法打开串口 /dev/ttyACM0

[2026-07-24 01:45:11.801] [warning] [serial_port.cpp] 尝试重新打开串口...
[2026-07-24 01:45:11.801] [error] [serial_port.cpp] 无法打开串口 /dev/ttyACM0

[2026-07-24 01:45:12.306] [warning] [serial_port.cpp] 尝试重新打开串口...
[2026-07-24 01:45:12.306] [error] [serial_port.cpp] 无法打开串口 /dev/ttyACM0

[2026-07-24 01:45:12.813] [warning] [serial_port.cpp] 尝试重新打开串口...
[2026-07-24 01:45:12.813] [error] [serial_port.cpp] 无法打开串口 /dev/ttyACM0

[2026-07-24 01:45:13.319] [warning] [serial_port.cpp] 尝试重新打开串口...
[2026-07-24 01:45:13.319] [error] [serial_port.cpp] 无法打开串口 /dev/ttyACM0

[2026-07-24 01:45:13.824] [warning] [serial_port.cpp] 尝试重新打开串口...
[2026-07-24 01:45:13.824] [error] [serial_port.cpp] 无法打开串口 /dev/ttyACM0

[2026-07-24 01:45:14.328] [warning] [serial_port.cpp] 尝试重新打开串口...
[2026-07-24 01:45:14.328] [error] [serial_port.cpp] 无法打开串口 /dev/ttyACM0

[2026-07-24 01:45:14.833] [warning] [serial_port.cpp] 尝试重新打开串口...
[2026-07-24 01:45:14.833] [error] [serial_port.cpp] 无法打开串口 /dev/ttyACM0

[2026-07-24 01:45:15.338] [warning] [serial_port.cpp] 尝试重新打开串口...
[2026-07-24 01:45:15.338] [error] [serial_port.cpp] 无法打开串口 /dev/ttyACM0

[2026-07-24 01:45:15.842] [warning] [serial_port.cpp] 尝试重新打开串口...
[2026-07-24 01:45:15.842] [error] [serial_port.cpp] 无法打开串口 /dev/ttyACM0

[2026-07-24 01:45:16.346] [warning] [serial_port.cpp] 尝试重新打开串口...
[2026-07-24 01:45:16.346] [error] [serial_port.cpp] 无法打开串口 /dev/ttyACM0

[2026-07-24 01:45:16.850] [warning] [serial_port.cpp] 尝试重新打开串口...
[2026-07-24 01:45:16.850] [error] [serial_port.cpp] 无法打开串口 /dev/ttyACM0

[2026-07-24 01:45:17.354] [warning] [serial_port.cpp] 尝试重新打开串口...
[2026-07-24 01:45:17.355] [error] [serial_port.cpp] 无法打开串口 /dev/ttyACM0

[2026-07-24 01:45:17.859] [warning] [serial_port.cpp] 尝试重新打开串口...
[2026-07-24 01:45:17.859] [error] [serial_port.cpp] 无法打开串口 /dev/ttyACM0

[2026-07-24 01:45:18.363] [warning] [serial_port.cpp] 尝试重新打开串口...
[2026-07-24 01:45:18.363] [error] [serial_port.cpp] 无法打开串口 /dev/ttyACM0

[2026-07-24 01:45:18.868] [warning] [serial_port.cpp] 尝试重新打开串口...
[2026-07-24 01:45:18.868] [error] [serial_port.cpp] 无法打开串口 /dev/ttyACM0

[2026-07-24 01:45:19.374] [warning] [serial_port.cpp] 尝试重新打开串口...
[2026-07-24 01:45:19.374] [error] [serial_port.cpp] 无法打开串口 /dev/ttyACM0

[2026-07-24 01:45:19.879] [warning] [serial_port.cpp] 尝试重新打开串口...
[2026-07-24 01:45:19.879] [error] [serial_port.cpp] 无法打开串口 /dev/ttyACM0

[2026-07-24 01:45:20.385] [warning] [serial_port.cpp] 尝试重新打开串口...
[2026-07-24 01:45:20.385] [error] [serial_port.cpp] 无法打开串口 /dev/ttyACM0

[2026-07-24 01:45:20.890] [warning] [serial_port.cpp] 尝试重新打开串口...
[2026-07-24 01:45:20.890] [error] [serial_port.cpp] 无法打开串口 /dev/ttyACM0

[2026-07-24 01:45:21.394] [warning] [serial_port.cpp] 尝试重新打开串口...
[2026-07-24 01:45:21.394] [error] [serial_port.cpp] 无法打开串口 /dev/ttyACM0

[2026-07-24 01:45:21.898] [warning] [serial_port.cpp] 尝试重新打开串口...
[2026-07-24 01:45:21.898] [error] [serial_port.cpp] 无法打开串口 /dev/ttyACM0

[2026-07-24 01:45:22.402] [warning] [serial_port.cpp] 尝试重新打开串口...
[2026-07-24 01:45:22.402] [error] [serial_port.cpp] 无法打开串口 /dev/ttyACM0

[2026-07-24 01:45:22.906] [warning] [serial_port.cpp] 尝试重新打开串口...
[2026-07-24 01:45:22.906] [error] [serial_port.cpp] 无法打开串口 /dev/ttyACM0

[2026-07-24 01:45:23.410] [warning] [serial_port.cpp] 尝试重新打开串口...
[2026-07-24 01:45:23.411] [error] [serial_port.cpp] 无法打开串口 /dev/ttyACM0

[2026-07-24 01:45:23.915] [warning] [serial_port.cpp] 尝试重新打开串口...
[2026-07-24 01:45:23.915] [error] [serial_port.cpp] 无法打开串口 /dev/ttyACM0

[2026-07-24 01:45:24.419] [warning] [serial_port.cpp] 尝试重新打开串口...
[2026-07-24 01:45:24.419] [error] [serial_port.cpp] 无法打开串口 /dev/ttyACM0

[2026-07-24 01:45:24.923] [warning] [serial_port.cpp] 尝试重新打开串口...
[2026-07-24 01:45:24.923] [error] [serial_port.cpp] 无法打开串口 /dev/ttyACM0

[2026-07-24 01:45:25.428] [warning] [serial_port.cpp] 尝试重新打开串口...
[2026-07-24 01:45:25.428] [error] [serial_port.cpp] 无法打开串口 /dev/ttyACM0

[2026-07-24 01:45:25.935] [warning] [serial_port.cpp] 尝试重新打开串口...
[2026-07-24 01:45:25.935] [error] [serial_port.cpp] 无法打开串口 /dev/ttyACM0

[2026-07-24 01:45:26.440] [warning] [serial_port.cpp] 尝试重新打开串口...
[2026-07-24 01:45:26.440] [error] [serial_port.cpp] 无法打开串口 /dev/ttyACM0

[2026-07-24 01:45:26.945] [warning] [serial_port.cpp] 尝试重新打开串口...
[2026-07-24 01:45:26.945] [error] [serial_port.cpp] 无法打开串口 /dev/ttyACM0

[2026-07-24 01:45:27.450] [warning] [serial_port.cpp] 尝试重新打开串口...
[2026-07-24 01:45:27.450] [error] [serial_port.cpp] 无法打开串口 /dev/ttyACM0

[2026-07-24 01:45:27.955] [warning] [serial_port.cpp] 尝试重新打开串口...
[2026-07-24 01:45:27.955] [error] [serial_port.cpp] 无法打开串口 /dev/ttyACM0

[2026-07-24 01:45:28.460] [warning] [serial_port.cpp] 尝试重新打开串口...
[2026-07-24 01:45:28.460] [error] [serial_port.cpp] 无法打开串口 /dev/ttyACM0

[2026-07-24 01:45:28.964] [warning] [serial_port.cpp] 尝试重新打开串口...
[2026-07-24 01:45:28.964] [error] [serial_port.cpp] 无法打开串口 /dev/ttyACM0

[2026-07-24 01:45:29.470] [warning] [serial_port.cpp] 尝试重新打开串口...
[2026-07-24 01:45:29.470] [error] [serial_port.cpp] 无法打开串口 /dev/ttyACM0

[2026-07-24 01:45:29.977] [warning] [serial_port.cpp] 尝试重新打开串口...
[2026-07-24 01:45:29.977] [error] [serial_port.cpp] 无法打开串口 /dev/ttyACM0

[2026-07-24 01:45:30.481] [warning] [serial_port.cpp] 尝试重新打开串口...
[2026-07-24 01:45:30.481] [error] [serial_port.cpp] 无法打开串口 /dev/ttyACM0

[2026-07-24 01:45:30.986] [warning] [serial_port.cpp] 尝试重新打开串口...
[2026-07-24 01:45:30.986] [error] [serial_port.cpp] 无法打开串口 /dev/ttyACM0

[2026-07-24 01:45:31.490] [warning] [serial_port.cpp] 尝试重新打开串口...
[2026-07-24 01:45:31.490] [error] [serial_port.cpp] 无法打开串口 /dev/ttyACM0

[2026-07-24 01:45:31.995] [warning] [serial_port.cpp] 尝试重新打开串口...
[2026-07-24 01:45:31.995] [error] [serial_port.cpp] 无法打开串口 /dev/ttyACM0

[2026-07-24 01:45:32.499] [warning] [serial_port.cpp] 尝试重新打开串口...
[2026-07-24 01:45:32.499] [error] [serial_port.cpp] 无法打开串口 /dev/ttyACM0

[2026-07-24 01:45:33.003] [warning] [serial_port.cpp] 尝试重新打开串口...
[2026-07-24 01:45:33.003] [error] [serial_port.cpp] 无法打开串口 /dev/ttyACM0

[2026-07-24 01:45:33.508] [warning] [serial_port.cpp] 尝试重新打开串口...
[2026-07-24 01:45:33.508] [error] [serial_port.cpp] 无法打开串口 /dev/ttyACM0

[2026-07-24 01:45:34.014] [warning] [serial_port.cpp] 尝试重新打开串口...
[2026-07-24 01:45:34.014] [error] [serial_port.cpp] 无法打开串口 /dev/ttyACM0

[2026-07-24 01:45:34.518] [warning] [serial_port.cpp] 尝试重新打开串口...
[2026-07-24 01:45:34.518] [error] [serial_port.cpp] 无法打开串口 /dev/ttyACM0

[2026-07-24 01:45:35.022] [warning] [serial_port.cpp] 尝试重新打开串口...
[2026-07-24 01:45:35.022] [error] [serial_port.cpp] 无法打开串口 /dev/ttyACM0

[2026-07-24 01:45:35.526] [warning] [serial_port.cpp] 尝试重新打开串口...
[2026-07-24 01:45:35.526] [error] [serial_port.cpp] 无法打开串口 /dev/ttyACM0

[2026-07-24 01:45:36.031] [warning] [serial_port.cpp] 尝试重新打开串口...
[2026-07-24 01:45:36.031] [error] [serial_port.cpp] 无法打开串口 /dev/ttyACM0

[2026-07-24 01:45:36.536] [warning] [serial_port.cpp] 尝试重新打开串口...
[2026-07-24 01:45:36.536] [error] [serial_port.cpp] 无法打开串口 /dev/ttyACM0

[2026-07-24 01:45:37.041] [warning] [serial_port.cpp] 尝试重新打开串口...
[2026-07-24 01:45:37.041] [error] [serial_port.cpp] 无法打开串口 /dev/ttyACM0

[2026-07-24 01:45:37.546] [warning] [serial_port.cpp] 尝试重新打开串口...
[2026-07-24 01:45:37.546] [error] [serial_port.cpp] 无法打开串口 /dev/ttyACM0

[2026-07-24 01:45:38.051] [warning] [serial_port.cpp] 尝试重新打开串口...
[2026-07-24 01:45:38.051] [error] [serial_port.cpp] 无法打开串口 /dev/ttyACM0

[2026-07-24 01:45:38.555] [warning] [serial_port.cpp] 尝试重新打开串口...
[2026-07-24 01:45:38.555] [error] [serial_port.cpp] 无法打开串口 /dev/ttyACM0

[2026-07-24 01:45:39.059] [warning] [serial_port.cpp] 尝试重新打开串口...
[2026-07-24 01:45:39.059] [error] [serial_port.cpp] 无法打开串口 /dev/ttyACM0

[2026-07-24 01:45:39.564] [warning] [serial_port.cpp] 尝试重新打开串口...
[2026-07-24 01:45:39.564] [error] [serial_port.cpp] 无法打开串口 /dev/ttyACM0

[2026-07-24 01:45:40.068] [warning] [serial_port.cpp] 尝试重新打开串口...
[2026-07-24 01:45:40.068] [error] [serial_port.cpp] 无法打开串口 /dev/ttyACM0

[2026-07-24 01:45:40.573] [warning] [serial_port.cpp] 尝试重新打开串口...
[2026-07-24 01:45:40.573] [error] [serial_port.cpp] 无法打开串口 /dev/ttyACM0

[2026-07-24 01:45:41.077] [warning] [serial_port.cpp] 尝试重新打开串口...
[2026-07-24 01:45:41.077] [error] [serial_port.cpp] 无法打开串口 /dev/ttyACM0

[2026-07-24 01:45:41.581] [warning] [serial_port.cpp] 尝试重新打开串口...
[2026-07-24 01:45:41.581] [error] [serial_port.cpp] 无法打开串口 /dev/ttyACM0

[2026-07-24 01:45:42.085] [warning] [serial_port.cpp] 尝试重新打开串口...
[2026-07-24 01:45:42.085] [error] [serial_port.cpp] 无法打开串口 /dev/ttyACM0

[2026-07-24 01:45:42.589] [warning] [serial_port.cpp] 尝试重新打开串口...
[2026-07-24 01:45:42.589] [error] [serial_port.cpp] 无法打开串口 /dev/ttyACM0

[2026-07-24 01:45:43.093] [warning] [serial_port.cpp] 尝试重新打开串口...
[2026-07-24 01:45:43.093] [error] [serial_port.cpp] 无法打开串口 /dev/ttyACM0

[2026-07-24 01:45:43.598] [warning] [serial_port.cpp] 尝试重新打开串口...
[2026-07-24 01:45:43.599] [error] [serial_port.cpp] 无法打开串口 /dev/ttyACM0

[2026-07-24 01:45:44.104] [warning] [serial_port.cpp] 尝试重新打开串口...
[2026-07-24 01:45:44.104] [error] [serial_port.cpp] 无法打开串口 /dev/ttyACM0

[2026-07-24 01:45:44.608] [warning] [serial_port.cpp] 尝试重新打开串口...
[2026-07-24 01:45:44.609] [error] [serial_port.cpp] 无法打开串口 /dev/ttyACM0

[2026-07-24 01:45:45.113] [warning] [serial_port.cpp] 尝试重新打开串口...
[2026-07-24 01:45:45.113] [error] [serial_port.cpp] 无法打开串口 /dev/ttyACM0

[2026-07-24 01:45:45.616] [warning] [serial_port.cpp] 尝试重新打开串口...
[2026-07-24 01:45:45.617] [error] [serial_port.cpp] 无法打开串口 /dev/ttyACM0

[2026-07-24 01:45:46.120] [warning] [serial_port.cpp] 尝试重新打开串口...
[2026-07-24 01:45:46.120] [error] [serial_port.cpp] 无法打开串口 /dev/ttyACM0

[2026-07-24 01:45:46.625] [warning] [serial_port.cpp] 尝试重新打开串口...
[2026-07-24 01:45:46.625] [error] [serial_port.cpp] 无法打开串口 /dev/ttyACM0

[2026-07-24 01:45:47.130] [warning] [serial_port.cpp] 尝试重新打开串口...
[2026-07-24 01:45:47.130] [error] [serial_port.cpp] 无法打开串口 /dev/ttyACM0

[2026-07-24 01:45:47.637] [warning] [serial_port.cpp] 尝试重新打开串口...
[2026-07-24 01:45:47.637] [error] [serial_port.cpp] 无法打开串口 /dev/ttyACM0

[2026-07-24 01:45:48.142] [warning] [serial_port.cpp] 尝试重新打开串口...
[2026-07-24 01:45:48.142] [error] [serial_port.cpp] 无法打开串口 /dev/ttyACM0

[2026-07-24 01:45:48.646] [warning] [serial_port.cpp] 尝试重新打开串口...
[2026-07-24 01:45:48.646] [error] [serial_port.cpp] 无法打开串口 /dev/ttyACM0

[2026-07-24 01:45:49.151] [warning] [serial_port.cpp] 尝试重新打开串口...
[2026-07-24 01:45:49.151] [error] [serial_port.cpp] 无法打开串口 /dev/ttyACM0

[2026-07-24 01:45:49.655] [warning] [serial_port.cpp] 尝试重新打开串口...
[2026-07-24 01:45:49.655] [error] [serial_port.cpp] 无法打开串口 /dev/ttyACM0

[2026-07-24 01:45:50.158] [warning] [serial_port.cpp] 尝试重新打开串口...
[2026-07-24 01:45:50.159] [error] [serial_port.cpp] 无法打开串口 /dev/ttyACM0

[2026-07-24 01:45:50.662] [warning] [serial_port.cpp] 尝试重新打开串口...
[2026-07-24 01:45:50.662] [error] [serial_port.cpp] 无法打开串口 /dev/ttyACM0

[2026-07-24 01:45:51.166] [warning] [serial_port.cpp] 尝试重新打开串口...
[2026-07-24 01:45:51.166] [error] [serial_port.cpp] 无法打开串口 /dev/ttyACM0

[2026-07-24 01:45:51.671] [warning] [serial_port.cpp] 尝试重新打开串口...
[2026-07-24 01:45:51.671] [error] [serial_port.cpp] 无法打开串口 /dev/ttyACM0

[2026-07-24 01:45:52.176] [warning] [serial_port.cpp] 尝试重新打开串口...
[2026-07-24 01:45:52.176] [error] [serial_port.cpp] 无法打开串口 /dev/ttyACM0

[2026-07-24 01:45:52.680] [warning] [serial_port.cpp] 尝试重新打开串口...
[2026-07-24 01:45:52.680] [error] [serial_port.cpp] 无法打开串口 /dev/ttyACM0

[2026-07-24 01:45:53.184] [warning] [serial_port.cpp] 尝试重新打开串口...
[2026-07-24 01:45:53.184] [error] [serial_port.cpp] 无法打开串口 /dev/ttyACM0

[2026-07-24 01:45:53.687] [warning] [serial_port.cpp] 尝试重新打开串口...
[2026-07-24 01:45:53.687] [error] [serial_port.cpp] 无法打开串口 /dev/ttyACM0

[2026-07-24 01:45:54.192] [warning] [serial_port.cpp] 尝试重新打开串口...
[2026-07-24 01:45:54.192] [error] [serial_port.cpp] 无法打开串口 /dev/ttyACM0

[2026-07-24 01:45:54.696] [warning] [serial_port.cpp] 尝试重新打开串口...
[2026-07-24 01:45:54.696] [error] [serial_port.cpp] 无法打开串口 /dev/ttyACM0

[2026-07-24 01:45:55.201] [warning] [serial_port.cpp] 尝试重新打开串口...
[2026-07-24 01:45:55.201] [error] [serial_port.cpp] 无法打开串口 /dev/ttyACM0

[2026-07-24 01:45:55.705] [warning] [serial_port.cpp] 尝试重新打开串口...
[2026-07-24 01:45:55.705] [error] [serial_port.cpp] 无法打开串口 /dev/ttyACM0

[2026-07-24 01:45:56.210] [warning] [serial_port.cpp] 尝试重新打开串口...
[2026-07-24 01:45:56.210] [error] [serial_port.cpp] 无法打开串口 /dev/ttyACM0

[2026-07-24 01:45:56.714] [warning] [serial_port.cpp] 尝试重新打开串口...
[2026-07-24 01:45:56.714] [error] [serial_port.cpp] 无法打开串口 /dev/ttyACM0

[2026-07-24 01:45:57.218] [warning] [serial_port.cpp] 尝试重新打开串口...
[2026-07-24 01:45:57.219] [error] [serial_port.cpp] 无法打开串口 /dev/ttyACM0

[2026-07-24 01:45:57.723] [warning] [serial_port.cpp] 尝试重新打开串口...
[2026-07-24 01:45:57.723] [error] [serial_port.cpp] 无法打开串口 /dev/ttyACM0

[2026-07-24 01:45:58.228] [warning] [serial_port.cpp] 尝试重新打开串口...
[2026-07-24 01:45:58.228] [error] [serial_port.cpp] 无法打开串口 /dev/ttyACM0

[2026-07-24 01:45:58.733] [warning] [serial_port.cpp] 尝试重新打开串口...
[2026-07-24 01:45:58.733] [error] [serial_port.cpp] 无法打开串口 /dev/ttyACM0

[2026-07-24 01:45:59.238] [warning] [serial_port.cpp] 尝试重新打开串口...
[2026-07-24 01:45:59.238] [error] [serial_port.cpp] 无法打开串口 /dev/ttyACM0

[2026-07-24 01:45:59.743] [warning] [serial_port.cpp] 尝试重新打开串口...
[2026-07-24 01:45:59.743] [error] [serial_port.cpp] 无法打开串口 /dev/ttyACM0

[2026-07-24 01:46:00.247] [warning] [serial_port.cpp] 尝试重新打开串口...
[2026-07-24 01:46:00.247] [error] [serial_port.cpp] 无法打开串口 /dev/ttyACM0

[2026-07-24 01:46:00.751] [warning] [serial_port.cpp] 尝试重新打开串口...
[2026-07-24 01:46:00.751] [error] [serial_port.cpp] 无法打开串口 /dev/ttyACM0

[2026-07-24 01:46:01.257] [warning] [serial_port.cpp] 尝试重新打开串口...
[2026-07-24 01:46:01.257] [error] [serial_port.cpp] 无法打开串口 /dev/ttyACM0

[2026-07-24 01:46:01.761] [warning] [serial_port.cpp] 尝试重新打开串口...
[2026-07-24 01:46:01.761] [error] [serial_port.cpp] 无法打开串口 /dev/ttyACM0

[2026-07-24 01:46:02.265] [warning] [serial_port.cpp] 尝试重新打开串口...
[2026-07-24 01:46:02.265] [error] [serial_port.cpp] 无法打开串口 /dev/ttyACM0

[2026-07-24 01:46:02.770] [warning] [serial_port.cpp] 尝试重新打开串口...
[2026-07-24 01:46:02.770] [error] [serial_port.cpp] 无法打开串口 /dev/ttyACM0

[2026-07-24 01:46:03.275] [warning] [serial_port.cpp] 尝试重新打开串口...
[2026-07-24 01:46:03.275] [error] [serial_port.cpp] 无法打开串口 /dev/ttyACM0

[2026-07-24 01:46:03.780] [warning] [serial_port.cpp] 尝试重新打开串口...
[2026-07-24 01:46:03.780] [error] [serial_port.cpp] 无法打开串口 /dev/ttyACM0

[2026-07-24 01:46:04.285] [warning] [serial_port.cpp] 尝试重新打开串口...
[2026-07-24 01:46:04.285] [error] [serial_port.cpp] 无法打开串口 /dev/ttyACM0

[2026-07-24 01:46:04.788] [warning] [serial_port.cpp] 尝试重新打开串口...
[2026-07-24 01:46:04.788] [error] [serial_port.cpp] 无法打开串口 /dev/ttyACM0

[2026-07-24 01:46:05.293] [warning] [serial_port.cpp] 尝试重新打开串口...
[2026-07-24 01:46:05.293] [error] [serial_port.cpp] 无法打开串口 /dev/ttyACM0

[2026-07-24 01:46:05.797] [warning] [serial_port.cpp] 尝试重新打开串口...
[2026-07-24 01:46:05.797] [error] [serial_port.cpp] 无法打开串口 /dev/ttyACM0

[2026-07-24 01:46:06.303] [warning] [serial_port.cpp] 尝试重新打开串口...
[2026-07-24 01:46:06.465] [error] [serial_port.cpp] 无法打开串口 /dev/ttyACM0

[2026-07-24 01:46:06.808] [warning] [serial_port.cpp] 尝试重新打开串口...
[2026-07-24 01:46:06.808] [error] [serial_port.cpp] 无法打开串口 /dev/ttyACM0

[2026-07-24 01:46:07.312] [warning] [serial_port.cpp] 尝试重新打开串口...
[2026-07-24 01:46:07.312] [error] [serial_port.cpp] 无法打开串口 /dev/ttyACM0

[2026-07-24 01:46:07.817] [warning] [serial_port.cpp] 尝试重新打开串口...
[2026-07-24 01:46:07.817] [error] [serial_port.cpp] 无法打开串口 /dev/ttyACM0

[2026-07-24 01:46:08.322] [warning] [serial_port.cpp] 尝试重新打开串口...
[2026-07-24 01:46:08.322] [error] [serial_port.cpp] 无法打开串口 /dev/ttyACM0

[2026-07-24 01:46:08.827] [warning] [serial_port.cpp] 尝试重新打开串口...
[2026-07-24 01:46:08.827] [error] [serial_port.cpp] 无法打开串口 /dev/ttyACM0

[2026-07-24 01:46:09.332] [warning] [serial_port.cpp] 尝试重新打开串口...
[2026-07-24 01:46:09.332] [error] [serial_port.cpp] 无法打开串口 /dev/ttyACM0

[2026-07-24 01:46:09.839] [warning] [serial_port.cpp] 尝试重新打开串口...
[2026-07-24 01:46:09.839] [error] [serial_port.cpp] 无法打开串口 /dev/ttyACM0

[2026-07-24 01:46:10.344] [warning] [serial_port.cpp] 尝试重新打开串口...
[2026-07-24 01:46:10.344] [error] [serial_port.cpp] 无法打开串口 /dev/ttyACM0

[2026-07-24 01:46:10.848] [warning] [serial_port.cpp] 尝试重新打开串口...
[2026-07-24 01:46:10.848] [error] [serial_port.cpp] 无法打开串口 /dev/ttyACM0

[2026-07-24 01:46:11.353] [warning] [serial_port.cpp] 尝试重新打开串口...
[2026-07-24 01:46:11.353] [error] [serial_port.cpp] 无法打开串口 /dev/ttyACM0

[2026-07-24 01:46:11.857] [warning] [serial_port.cpp] 尝试重新打开串口...
[2026-07-24 01:46:11.858] [error] [serial_port.cpp] 无法打开串口 /dev/ttyACM0

[2026-07-24 01:46:12.362] [warning] [serial_port.cpp] 尝试重新打开串口...
[2026-07-24 01:46:12.362] [error] [serial_port.cpp] 无法打开串口 /dev/ttyACM0

[2026-07-24 01:46:12.866] [warning] [serial_port.cpp] 尝试重新打开串口...
[2026-07-24 01:46:12.867] [error] [serial_port.cpp] 无法打开串口 /dev/ttyACM0

[2026-07-24 01:46:13.370] [warning] [serial_port.cpp] 尝试重新打开串口...
[2026-07-24 01:46:13.370] [error] [serial_port.cpp] 无法打开串口 /dev/ttyACM0

[2026-07-24 01:46:13.874] [warning] [serial_port.cpp] 尝试重新打开串口...
[2026-07-24 01:46:13.875] [error] [serial_port.cpp] 无法打开串口 /dev/ttyACM0

[2026-07-24 01:46:14.379] [warning] [serial_port.cpp] 尝试重新打开串口...
[2026-07-24 01:46:14.379] [error] [serial_port.cpp] 无法打开串口 /dev/ttyACM0

[2026-07-24 01:46:14.879] [warning] [serial_port.cpp] 尝试重新打开串口...
[2026-07-24 01:46:14.879] [error] [serial_port.cpp] 无法打开串口 /dev/ttyACM0

[2026-07-24 01:46:15.384] [warning] [serial_port.cpp] 尝试重新打开串口...
[2026-07-24 01:46:15.384] [error] [serial_port.cpp] 无法打开串口 /dev/ttyACM0

[2026-07-24 01:46:15.889] [warning] [serial_port.cpp] 尝试重新打开串口...
[2026-07-24 01:46:15.889] [error] [serial_port.cpp] 无法打开串口 /dev/ttyACM0

[2026-07-24 01:46:16.393] [warning] [serial_port.cpp] 尝试重新打开串口...
[2026-07-24 01:46:16.393] [error] [serial_port.cpp] 无法打开串口 /dev/ttyACM0

[2026-07-24 01:46:16.898] [warning] [serial_port.cpp] 尝试重新打开串口...
[2026-07-24 01:46:16.898] [error] [serial_port.cpp] 无法打开串口 /dev/ttyACM0

[2026-07-24 01:46:17.405] [warning] [serial_port.cpp] 尝试重新打开串口...
[2026-07-24 01:46:17.405] [error] [serial_port.cpp] 无法打开串口 /dev/ttyACM0

[2026-07-24 01:46:17.910] [warning] [serial_port.cpp] 尝试重新打开串口...
[2026-07-24 01:46:17.911] [error] [serial_port.cpp] 无法打开串口 /dev/ttyACM0

[2026-07-24 01:46:18.415] [warning] [serial_port.cpp] 尝试重新打开串口...
[2026-07-24 01:46:18.415] [error] [serial_port.cpp] 无法打开串口 /dev/ttyACM0

[2026-07-24 01:46:18.919] [warning] [serial_port.cpp] 尝试重新打开串口...
[2026-07-24 01:46:18.919] [error] [serial_port.cpp] 无法打开串口 /dev/ttyACM0

[2026-07-24 01:46:19.424] [warning] [serial_port.cpp] 尝试重新打开串口...
[2026-07-24 01:46:19.424] [error] [serial_port.cpp] 无法打开串口 /dev/ttyACM0

[2026-07-24 01:46:19.928] [warning] [serial_port.cpp] 尝试重新打开串口...
[2026-07-24 01:46:19.928] [error] [serial_port.cpp] 无法打开串口 /dev/ttyACM0

[2026-07-24 01:46:20.433] [warning] [serial_port.cpp] 尝试重新打开串口...
[2026-07-24 01:46:20.433] [error] [serial_port.cpp] 无法打开串口 /dev/ttyACM0

[2026-07-24 01:46:20.937] [warning] [serial_port.cpp] 尝试重新打开串口...
[2026-07-24 01:46:20.937] [error] [serial_port.cpp] 无法打开串口 /dev/ttyACM0

[2026-07-24 01:46:21.444] [warning] [serial_port.cpp] 尝试重新打开串口...
[2026-07-24 01:46:21.444] [error] [serial_port.cpp] 无法打开串口 /dev/ttyACM0

[2026-07-24 01:46:21.948] [warning] [serial_port.cpp] 尝试重新打开串口...
[2026-07-24 01:46:21.949] [error] [serial_port.cpp] 无法打开串口 /dev/ttyACM0

[2026-07-24 01:46:22.453] [warning] [serial_port.cpp] 尝试重新打开串口...
[2026-07-24 01:46:22.453] [error] [serial_port.cpp] 无法打开串口 /dev/ttyACM0

[2026-07-24 01:46:22.957] [warning] [serial_port.cpp] 尝试重新打开串口...
[2026-07-24 01:46:22.957] [error] [serial_port.cpp] 无法打开串口 /dev/ttyACM0

[2026-07-24 01:46:23.461] [warning] [serial_port.cpp] 尝试重新打开串口...
[2026-07-24 01:46:23.461] [error] [serial_port.cpp] 无法打开串口 /dev/ttyACM0

[2026-07-24 01:46:23.965] [warning] [serial_port.cpp] 尝试重新打开串口...
[2026-07-24 01:46:23.966] [error] [serial_port.cpp] 无法打开串口 /dev/ttyACM0

[2026-07-24 01:46:24.469] [warning] [serial_port.cpp] 尝试重新打开串口...
[2026-07-24 01:46:24.470] [error] [serial_port.cpp] 无法打开串口 /dev/ttyACM0

[2026-07-24 01:46:24.973] [warning] [serial_port.cpp] 尝试重新打开串口...
[2026-07-24 01:46:24.973] [error] [serial_port.cpp] 无法打开串口 /dev/ttyACM0

[2026-07-24 01:46:25.479] [warning] [serial_port.cpp] 尝试重新打开串口...
[2026-07-24 01:46:25.480] [error] [serial_port.cpp] 无法打开串口 /dev/ttyACM0

[2026-07-24 01:46:25.985] [warning] [serial_port.cpp] 尝试重新打开串口...
[2026-07-24 01:46:25.985] [error] [serial_port.cpp] 无法打开串口 /dev/ttyACM0

[2026-07-24 01:46:26.489] [warning] [serial_port.cpp] 尝试重新打开串口...
[2026-07-24 01:46:26.489] [error] [serial_port.cpp] 无法打开串口 /dev/ttyACM0

[2026-07-24 01:46:26.994] [warning] [serial_port.cpp] 尝试重新打开串口...
[2026-07-24 01:46:26.994] [error] [serial_port.cpp] 无法打开串口 /dev/ttyACM0

[2026-07-24 01:46:27.499] [warning] [serial_port.cpp] 尝试重新打开串口...
[2026-07-24 01:46:27.499] [error] [serial_port.cpp] 无法打开串口 /dev/ttyACM0

[2026-07-24 01:46:28.003] [warning] [serial_port.cpp] 尝试重新打开串口...
[2026-07-24 01:46:28.003] [error] [serial_port.cpp] 无法打开串口 /dev/ttyACM0

[2026-07-24 01:46:28.508] [warning] [serial_port.cpp] 尝试重新打开串口...
[2026-07-24 01:46:28.508] [error] [serial_port.cpp] 无法打开串口 /dev/ttyACM0

[2026-07-24 01:46:29.012] [warning] [serial_port.cpp] 尝试重新打开串口...
[2026-07-24 01:46:29.012] [error] [serial_port.cpp] 无法打开串口 /dev/ttyACM0

[2026-07-24 01:46:29.517] [warning] [serial_port.cpp] 尝试重新打开串口...
[2026-07-24 01:46:29.517] [error] [serial_port.cpp] 无法打开串口 /dev/ttyACM0

[2026-07-24 01:46:30.022] [warning] [serial_port.cpp] 尝试重新打开串口...
[2026-07-24 01:46:30.022] [error] [serial_port.cpp] 无法打开串口 /dev/ttyACM0

[2026-07-24 01:46:30.526] [warning] [serial_port.cpp] 尝试重新打开串口...
[2026-07-24 01:46:30.526] [error] [serial_port.cpp] 无法打开串口 /dev/ttyACM0

[2026-07-24 01:46:31.032] [warning] [serial_port.cpp] 尝试重新打开串口...
[2026-07-24 01:46:31.032] [error] [serial_port.cpp] 无法打开串口 /dev/ttyACM0

[2026-07-24 01:46:31.536] [warning] [serial_port.cpp] 尝试重新打开串口...
[2026-07-24 01:46:31.536] [error] [serial_port.cpp] 无法打开串口 /dev/ttyACM0

[2026-07-24 01:46:32.040] [warning] [serial_port.cpp] 尝试重新打开串口...
[2026-07-24 01:46:32.040] [error] [serial_port.cpp] 无法打开串口 /dev/ttyACM0

[2026-07-24 01:46:32.545] [warning] [serial_port.cpp] 尝试重新打开串口...
[2026-07-24 01:46:32.545] [error] [serial_port.cpp] 无法打开串口 /dev/ttyACM0

[2026-07-24 01:46:33.049] [warning] [serial_port.cpp] 尝试重新打开串口...
[2026-07-24 01:46:33.049] [error] [serial_port.cpp] 无法打开串口 /dev/ttyACM0

[2026-07-24 01:46:33.553] [warning] [serial_port.cpp] 尝试重新打开串口...
[2026-07-24 01:46:33.553] [error] [serial_port.cpp] 无法打开串口 /dev/ttyACM0

[2026-07-24 01:46:34.057] [warning] [serial_port.cpp] 尝试重新打开串口...
[2026-07-24 01:46:34.057] [error] [serial_port.cpp] 无法打开串口 /dev/ttyACM0

[2026-07-24 01:46:34.563] [warning] [serial_port.cpp] 尝试重新打开串口...
[2026-07-24 01:46:34.563] [error] [serial_port.cpp] 无法打开串口 /dev/ttyACM0

[2026-07-24 01:46:35.067] [warning] [serial_port.cpp] 尝试重新打开串口...
[2026-07-24 01:46:35.068] [error] [serial_port.cpp] 无法打开串口 /dev/ttyACM0

[2026-07-24 01:46:35.572] [warning] [serial_port.cpp] 尝试重新打开串口...
[2026-07-24 01:46:35.572] [error] [serial_port.cpp] 无法打开串口 /dev/ttyACM0

[2026-07-24 01:46:36.076] [warning] [serial_port.cpp] 尝试重新打开串口...
[2026-07-24 01:46:36.076] [error] [serial_port.cpp] 无法打开串口 /dev/ttyACM0

[2026-07-24 01:46:36.580] [warning] [serial_port.cpp] 尝试重新打开串口...
[2026-07-24 01:46:36.580] [error] [serial_port.cpp] 无法打开串口 /dev/ttyACM0

[2026-07-24 01:46:37.084] [warning] [serial_port.cpp] 尝试重新打开串口...
[2026-07-24 01:46:37.085] [error] [serial_port.cpp] 无法打开串口 /dev/ttyACM0

[2026-07-24 01:46:37.589] [warning] [serial_port.cpp] 尝试重新打开串口...
[2026-07-24 01:46:37.589] [error] [serial_port.cpp] 无法打开串口 /dev/ttyACM0

[2026-07-24 01:46:38.093] [warning] [serial_port.cpp] 尝试重新打开串口...
[2026-07-24 01:46:38.093] [error] [serial_port.cpp] 无法打开串口 /dev/ttyACM0

[2026-07-24 01:46:38.598] [warning] [serial_port.cpp] 尝试重新打开串口...
[2026-07-24 01:46:38.598] [error] [serial_port.cpp] 无法打开串口 /dev/ttyACM0

[2026-07-24 01:46:39.102] [warning] [serial_port.cpp] 尝试重新打开串口...
[2026-07-24 01:46:39.102] [error] [serial_port.cpp] 无法打开串口 /dev/ttyACM0

[2026-07-24 01:46:39.607] [warning] [serial_port.cpp] 尝试重新打开串口...
[2026-07-24 01:46:39.607] [error] [serial_port.cpp] 无法打开串口 /dev/ttyACM0

[2026-07-24 01:46:40.111] [warning] [serial_port.cpp] 尝试重新打开串口...
[2026-07-24 01:46:40.111] [error] [serial_port.cpp] 无法打开串口 /dev/ttyACM0

[2026-07-24 01:46:40.616] [warning] [serial_port.cpp] 尝试重新打开串口...
[2026-07-24 01:46:40.616] [error] [serial_port.cpp] 无法打开串口 /dev/ttyACM0

[2026-07-24 01:46:41.121] [warning] [serial_port.cpp] 尝试重新打开串口...
[2026-07-24 01:46:41.121] [error] [serial_port.cpp] 无法打开串口 /dev/ttyACM0

[2026-07-24 01:46:41.625] [warning] [serial_port.cpp] 尝试重新打开串口...
[2026-07-24 01:46:41.625] [error] [serial_port.cpp] 无法打开串口 /dev/ttyACM0

[2026-07-24 01:46:42.129] [warning] [serial_port.cpp] 尝试重新打开串口...
[2026-07-24 01:46:42.129] [error] [serial_port.cpp] 无法打开串口 /dev/ttyACM0

[2026-07-24 01:46:42.633] [warning] [serial_port.cpp] 尝试重新打开串口...
[2026-07-24 01:46:42.633] [error] [serial_port.cpp] 无法打开串口 /dev/ttyACM0

[2026-07-24 01:46:43.137] [warning] [serial_port.cpp] 尝试重新打开串口...
[2026-07-24 01:46:43.137] [error] [serial_port.cpp] 无法打开串口 /dev/ttyACM0

[2026-07-24 01:46:43.641] [warning] [serial_port.cpp] 尝试重新打开串口...
[2026-07-24 01:46:43.641] [error] [serial_port.cpp] 无法打开串口 /dev/ttyACM0

[2026-07-24 01:46:44.145] [warning] [serial_port.cpp] 尝试重新打开串口...
[2026-07-24 01:46:44.145] [error] [serial_port.cpp] 无法打开串口 /dev/ttyACM0

[2026-07-24 01:46:44.649] [warning] [serial_port.cpp] 尝试重新打开串口...
[2026-07-24 01:46:44.649] [error] [serial_port.cpp] 无法打开串口 /dev/ttyACM0

[2026-07-24 01:46:45.154] [warning] [serial_port.cpp] 尝试重新打开串口...
[2026-07-24 01:46:45.154] [error] [serial_port.cpp] 无法打开串口 /dev/ttyACM0

[2026-07-24 01:46:45.659] [warning] [serial_port.cpp] 尝试重新打开串口...
[2026-07-24 01:46:45.659] [error] [serial_port.cpp] 无法打开串口 /dev/ttyACM0

[2026-07-24 01:46:46.164] [warning] [serial_port.cpp] 尝试重新打开串口...
[2026-07-24 01:46:46.164] [error] [serial_port.cpp] 无法打开串口 /dev/ttyACM0

[2026-07-24 01:46:46.672] [warning] [serial_port.cpp] 尝试重新打开串口...
[2026-07-24 01:46:46.672] [error] [serial_port.cpp] 无法打开串口 /dev/ttyACM0

[2026-07-24 01:46:47.177] [warning] [serial_port.cpp] 尝试重新打开串口...
[2026-07-24 01:46:47.177] [error] [serial_port.cpp] 无法打开串口 /dev/ttyACM0

[2026-07-24 01:46:47.682] [warning] [serial_port.cpp] 尝试重新打开串口...
[2026-07-24 01:46:47.682] [error] [serial_port.cpp] 无法打开串口 /dev/ttyACM0

[2026-07-24 01:46:48.186] [warning] [serial_port.cpp] 尝试重新打开串口...
[2026-07-24 01:46:48.186] [error] [serial_port.cpp] 无法打开串口 /dev/ttyACM0

[2026-07-24 01:46:48.686] [warning] [serial_port.cpp] 尝试重新打开串口...
[2026-07-24 01:46:48.686] [error] [serial_port.cpp] 无法打开串口 /dev/ttyACM0

[2026-07-24 01:46:49.191] [warning] [serial_port.cpp] 尝试重新打开串口...
[2026-07-24 01:46:49.191] [error] [serial_port.cpp] 无法打开串口 /dev/ttyACM0

[2026-07-24 01:46:49.695] [warning] [serial_port.cpp] 尝试重新打开串口...
[2026-07-24 01:46:49.695] [error] [serial_port.cpp] 无法打开串口 /dev/ttyACM0

[2026-07-24 01:46:50.199] [warning] [serial_port.cpp] 尝试重新打开串口...
[2026-07-24 01:46:50.199] [error] [serial_port.cpp] 无法打开串口 /dev/ttyACM0

[2026-07-24 01:46:50.704] [warning] [serial_port.cpp] 尝试重新打开串口...
[2026-07-24 01:46:50.704] [error] [serial_port.cpp] 无法打开串口 /dev/ttyACM0

[2026-07-24 01:46:51.209] [warning] [serial_port.cpp] 尝试重新打开串口...
[2026-07-24 01:46:51.209] [error] [serial_port.cpp] 无法打开串口 /dev/ttyACM0

[2026-07-24 01:46:51.713] [warning] [serial_port.cpp] 尝试重新打开串口...
[2026-07-24 01:46:51.713] [error] [serial_port.cpp] 无法打开串口 /dev/ttyACM0

[2026-07-24 01:46:52.219] [warning] [serial_port.cpp] 尝试重新打开串口...
[2026-07-24 01:46:52.219] [error] [serial_port.cpp] 无法打开串口 /dev/ttyACM0

[2026-07-24 01:46:52.725] [warning] [serial_port.cpp] 尝试重新打开串口...
[2026-07-24 01:46:52.725] [error] [serial_port.cpp] 无法打开串口 /dev/ttyACM0

[2026-07-24 01:46:53.229] [warning] [serial_port.cpp] 尝试重新打开串口...
[2026-07-24 01:46:53.229] [error] [serial_port.cpp] 无法打开串口 /dev/ttyACM0

[2026-07-24 01:46:53.734] [warning] [serial_port.cpp] 尝试重新打开串口...
[2026-07-24 01:46:53.734] [error] [serial_port.cpp] 无法打开串口 /dev/ttyACM0

[2026-07-24 01:46:54.239] [warning] [serial_port.cpp] 尝试重新打开串口...
[2026-07-24 01:46:54.239] [error] [serial_port.cpp] 无法打开串口 /dev/ttyACM0

[2026-07-24 01:46:54.744] [warning] [serial_port.cpp] 尝试重新打开串口...
[2026-07-24 01:46:54.744] [error] [serial_port.cpp] 无法打开串口 /dev/ttyACM0

[2026-07-24 01:46:55.249] [warning] [serial_port.cpp] 尝试重新打开串口...
[2026-07-24 01:46:55.249] [error] [serial_port.cpp] 无法打开串口 /dev/ttyACM0

[2026-07-24 01:46:55.754] [warning] [serial_port.cpp] 尝试重新打开串口...
[2026-07-24 01:46:55.754] [error] [serial_port.cpp] 无法打开串口 /dev/ttyACM0

[2026-07-24 01:46:56.259] [warning] [serial_port.cpp] 尝试重新打开串口...
[2026-07-24 01:46:56.260] [error] [serial_port.cpp] 无法打开串口 /dev/ttyACM0

[2026-07-24 01:46:56.766] [warning] [serial_port.cpp] 尝试重新打开串口...
[2026-07-24 01:46:56.766] [error] [serial_port.cpp] 无法打开串口 /dev/ttyACM0

[2026-07-24 01:46:57.270] [warning] [serial_port.cpp] 尝试重新打开串口...
[2026-07-24 01:46:57.270] [error] [serial_port.cpp] 无法打开串口 /dev/ttyACM0

[2026-07-24 01:46:57.774] [warning] [serial_port.cpp] 尝试重新打开串口...
[2026-07-24 01:46:57.774] [error] [serial_port.cpp] 无法打开串口 /dev/ttyACM0

[2026-07-24 01:46:58.278] [warning] [serial_port.cpp] 尝试重新打开串口...
[2026-07-24 01:46:58.278] [error] [serial_port.cpp] 无法打开串口 /dev/ttyACM0

[2026-07-24 01:46:58.782] [warning] [serial_port.cpp] 尝试重新打开串口...
[2026-07-24 01:46:58.782] [error] [serial_port.cpp] 无法打开串口 /dev/ttyACM0

[2026-07-24 01:46:59.286] [warning] [serial_port.cpp] 尝试重新打开串口...
[2026-07-24 01:46:59.286] [error] [serial_port.cpp] 无法打开串口 /dev/ttyACM0

[2026-07-24 01:46:59.790] [warning] [serial_port.cpp] 尝试重新打开串口...
[2026-07-24 01:46:59.790] [error] [serial_port.cpp] 无法打开串口 /dev/ttyACM0

[2026-07-24 01:47:00.295] [warning] [serial_port.cpp] 尝试重新打开串口...
[2026-07-24 01:47:00.295] [error] [serial_port.cpp] 无法打开串口 /dev/ttyACM0

[2026-07-24 01:47:00.801] [warning] [serial_port.cpp] 尝试重新打开串口...
[2026-07-24 01:47:00.801] [error] [serial_port.cpp] 无法打开串口 /dev/ttyACM0

[2026-07-24 01:47:01.305] [warning] [serial_port.cpp] 尝试重新打开串口...
[2026-07-24 01:47:01.305] [error] [serial_port.cpp] 无法打开串口 /dev/ttyACM0

[2026-07-24 01:47:01.811] [warning] [serial_port.cpp] 尝试重新打开串口...
[2026-07-24 01:47:01.811] [error] [serial_port.cpp] 无法打开串口 /dev/ttyACM0

[2026-07-24 01:47:02.315] [warning] [serial_port.cpp] 尝试重新打开串口...
[2026-07-24 01:47:02.315] [error] [serial_port.cpp] 无法打开串口 /dev/ttyACM0

[2026-07-24 01:47:02.819] [warning] [serial_port.cpp] 尝试重新打开串口...
[2026-07-24 01:47:02.819] [error] [serial_port.cpp] 无法打开串口 /dev/ttyACM0

[2026-07-24 01:47:03.324] [warning] [serial_port.cpp] 尝试重新打开串口...
[2026-07-24 01:47:03.324] [error] [serial_port.cpp] 无法打开串口 /dev/ttyACM0

[2026-07-24 01:47:03.829] [warning] [serial_port.cpp] 尝试重新打开串口...
[2026-07-24 01:47:03.829] [error] [serial_port.cpp] 无法打开串口 /dev/ttyACM0

[2026-07-24 01:47:04.333] [warning] [serial_port.cpp] 尝试重新打开串口...
[2026-07-24 01:47:04.333] [error] [serial_port.cpp] 无法打开串口 /dev/ttyACM0

[2026-07-24 01:47:04.838] [warning] [serial_port.cpp] 尝试重新打开串口...
[2026-07-24 01:47:04.838] [error] [serial_port.cpp] 无法打开串口 /dev/ttyACM0

[2026-07-24 01:47:05.343] [warning] [serial_port.cpp] 尝试重新打开串口...
[2026-07-24 01:47:05.343] [error] [serial_port.cpp] 无法打开串口 /dev/ttyACM0

[2026-07-24 01:47:05.847] [warning] [serial_port.cpp] 尝试重新打开串口...
[2026-07-24 01:47:05.847] [error] [serial_port.cpp] 无法打开串口 /dev/ttyACM0

[2026-07-24 01:47:06.352] [warning] [serial_port.cpp] 尝试重新打开串口...
[2026-07-24 01:47:06.352] [error] [serial_port.cpp] 无法打开串口 /dev/ttyACM0

[2026-07-24 01:47:06.857] [warning] [serial_port.cpp] 尝试重新打开串口...
[2026-07-24 01:47:06.857] [error] [serial_port.cpp] 无法打开串口 /dev/ttyACM0

[2026-07-24 01:47:07.361] [warning] [serial_port.cpp] 尝试重新打开串口...
[2026-07-24 01:47:07.362] [error] [serial_port.cpp] 无法打开串口 /dev/ttyACM0

[2026-07-24 01:47:07.867] [warning] [serial_port.cpp] 尝试重新打开串口...
[2026-07-24 01:47:07.867] [error] [serial_port.cpp] 无法打开串口 /dev/ttyACM0

[2026-07-24 01:47:08.373] [warning] [serial_port.cpp] 尝试重新打开串口...
[2026-07-24 01:47:08.374] [error] [serial_port.cpp] 无法打开串口 /dev/ttyACM0

[2026-07-24 01:47:08.877] [warning] [serial_port.cpp] 尝试重新打开串口...
[2026-07-24 01:47:08.877] [error] [serial_port.cpp] 无法打开串口 /dev/ttyACM0

[2026-07-24 01:47:09.381] [warning] [serial_port.cpp] 尝试重新打开串口...
[2026-07-24 01:47:09.382] [error] [serial_port.cpp] 无法打开串口 /dev/ttyACM0

[2026-07-24 01:47:09.885] [warning] [serial_port.cpp] 尝试重新打开串口...
[2026-07-24 01:47:09.885] [error] [serial_port.cpp] 无法打开串口 /dev/ttyACM0

[2026-07-24 01:47:10.390] [warning] [serial_port.cpp] 尝试重新打开串口...
[2026-07-24 01:47:10.390] [error] [serial_port.cpp] 无法打开串口 /dev/ttyACM0

[2026-07-24 01:47:10.895] [warning] [serial_port.cpp] 尝试重新打开串口...
[2026-07-24 01:47:10.895] [error] [serial_port.cpp] 无法打开串口 /dev/ttyACM0

[2026-07-24 01:47:11.399] [warning] [serial_port.cpp] 尝试重新打开串口...
[2026-07-24 01:47:11.400] [error] [serial_port.cpp] 无法打开串口 /dev/ttyACM0

[2026-07-24 01:47:11.904] [warning] [serial_port.cpp] 尝试重新打开串口...
[2026-07-24 01:47:11.904] [error] [serial_port.cpp] 无法打开串口 /dev/ttyACM0

[2026-07-24 01:47:12.409] [warning] [serial_port.cpp] 尝试重新打开串口...
[2026-07-24 01:47:12.409] [error] [serial_port.cpp] 无法打开串口 /dev/ttyACM0

[2026-07-24 01:47:12.913] [warning] [serial_port.cpp] 尝试重新打开串口...
[2026-07-24 01:47:12.913] [error] [serial_port.cpp] 无法打开串口 /dev/ttyACM0

[2026-07-24 01:47:13.419] [warning] [serial_port.cpp] 尝试重新打开串口...
[2026-07-24 01:47:13.419] [error] [serial_port.cpp] 无法打开串口 /dev/ttyACM0

[2026-07-24 01:47:13.923] [warning] [serial_port.cpp] 尝试重新打开串口...
[2026-07-24 01:47:13.923] [error] [serial_port.cpp] 无法打开串口 /dev/ttyACM0

[2026-07-24 01:47:14.430] [warning] [serial_port.cpp] 尝试重新打开串口...
[2026-07-24 01:47:14.430] [error] [serial_port.cpp] 无法打开串口 /dev/ttyACM0

[2026-07-24 01:47:14.934] [warning] [serial_port.cpp] 尝试重新打开串口...
[2026-07-24 01:47:14.934] [error] [serial_port.cpp] 无法打开串口 /dev/ttyACM0

[2026-07-24 01:47:15.439] [warning] [serial_port.cpp] 尝试重新打开串口...
[2026-07-24 01:47:15.440] [error] [serial_port.cpp] 无法打开串口 /dev/ttyACM0

[2026-07-24 01:47:15.944] [warning] [serial_port.cpp] 尝试重新打开串口...
[2026-07-24 01:47:15.944] [error] [serial_port.cpp] 无法打开串口 /dev/ttyACM0

[2026-07-24 01:47:16.450] [warning] [serial_port.cpp] 尝试重新打开串口...
[2026-07-24 01:47:16.450] [error] [serial_port.cpp] 无法打开串口 /dev/ttyACM0

[2026-07-24 01:47:16.954] [warning] [serial_port.cpp] 尝试重新打开串口...
[2026-07-24 01:47:16.954] [error] [serial_port.cpp] 无法打开串口 /dev/ttyACM0

[2026-07-24 01:47:17.457] [warning] [serial_port.cpp] 尝试重新打开串口...
[2026-07-24 01:47:17.458] [error] [serial_port.cpp] 无法打开串口 /dev/ttyACM0

[2026-07-24 01:47:17.961] [warning] [serial_port.cpp] 尝试重新打开串口...
[2026-07-24 01:47:17.961] [error] [serial_port.cpp] 无法打开串口 /dev/ttyACM0

[2026-07-24 01:47:18.465] [warning] [serial_port.cpp] 尝试重新打开串口...
[2026-07-24 01:47:18.465] [error] [serial_port.cpp] 无法打开串口 /dev/ttyACM0

[2026-07-24 01:47:18.969] [warning] [serial_port.cpp] 尝试重新打开串口...
[2026-07-24 01:47:18.969] [error] [serial_port.cpp] 无法打开串口 /dev/ttyACM0

[2026-07-24 01:47:19.474] [warning] [serial_port.cpp] 尝试重新打开串口...
[2026-07-24 01:47:19.475] [error] [serial_port.cpp] 无法打开串口 /dev/ttyACM0

[2026-07-24 01:47:19.979] [warning] [serial_port.cpp] 尝试重新打开串口...
[2026-07-24 01:47:19.979] [error] [serial_port.cpp] 无法打开串口 /dev/ttyACM0

[2026-07-24 01:47:20.483] [warning] [serial_port.cpp] 尝试重新打开串口...
[2026-07-24 01:47:20.483] [error] [serial_port.cpp] 无法打开串口 /dev/ttyACM0

[2026-07-24 01:47:20.987] [warning] [serial_port.cpp] 尝试重新打开串口...
[2026-07-24 01:47:20.987] [error] [serial_port.cpp] 无法打开串口 /dev/ttyACM0

[2026-07-24 01:47:21.493] [warning] [serial_port.cpp] 尝试重新打开串口...
[2026-07-24 01:47:21.494] [error] [serial_port.cpp] 无法打开串口 /dev/ttyACM0

[2026-07-24 01:47:21.998] [warning] [serial_port.cpp] 尝试重新打开串口...
[2026-07-24 01:47:21.998] [error] [serial_port.cpp] 无法打开串口 /dev/ttyACM0

[2026-07-24 01:47:22.502] [warning] [serial_port.cpp] 尝试重新打开串口...
[2026-07-24 01:47:22.502] [error] [serial_port.cpp] 无法打开串口 /dev/ttyACM0

[2026-07-24 01:47:23.007] [warning] [serial_port.cpp] 尝试重新打开串口...
[2026-07-24 01:47:23.007] [error] [serial_port.cpp] 无法打开串口 /dev/ttyACM0

[2026-07-24 01:47:23.512] [warning] [serial_port.cpp] 尝试重新打开串口...
[2026-07-24 01:47:23.512] [error] [serial_port.cpp] 无法打开串口 /dev/ttyACM0

[2026-07-24 01:47:24.018] [warning] [serial_port.cpp] 尝试重新打开串口...
[2026-07-24 01:47:24.018] [error] [serial_port.cpp] 无法打开串口 /dev/ttyACM0

[2026-07-24 01:47:24.521] [warning] [serial_port.cpp] 尝试重新打开串口...
[2026-07-24 01:47:24.522] [error] [serial_port.cpp] 无法打开串口 /dev/ttyACM0

[2026-07-24 01:47:25.026] [warning] [serial_port.cpp] 尝试重新打开串口...
[2026-07-24 01:47:25.026] [error] [serial_port.cpp] 无法打开串口 /dev/ttyACM0

[2026-07-24 01:47:25.530] [warning] [serial_port.cpp] 尝试重新打开串口...
[2026-07-24 01:47:25.530] [error] [serial_port.cpp] 无法打开串口 /dev/ttyACM0

[2026-07-24 01:47:26.034] [warning] [serial_port.cpp] 尝试重新打开串口...
[2026-07-24 01:47:26.035] [error] [serial_port.cpp] 无法打开串口 /dev/ttyACM0

[2026-07-24 01:47:26.540] [warning] [serial_port.cpp] 尝试重新打开串口...
[2026-07-24 01:47:26.540] [error] [serial_port.cpp] 无法打开串口 /dev/ttyACM0

[2026-07-24 01:47:27.044] [warning] [serial_port.cpp] 尝试重新打开串口...
[2026-07-24 01:47:27.044] [error] [serial_port.cpp] 无法打开串口 /dev/ttyACM0

[2026-07-24 01:47:27.548] [warning] [serial_port.cpp] 尝试重新打开串口...
[2026-07-24 01:47:27.548] [error] [serial_port.cpp] 无法打开串口 /dev/ttyACM0

[2026-07-24 01:47:28.052] [warning] [serial_port.cpp] 尝试重新打开串口...
[2026-07-24 01:47:28.052] [error] [serial_port.cpp] 无法打开串口 /dev/ttyACM0

[2026-07-24 01:47:28.556] [warning] [serial_port.cpp] 尝试重新打开串口...
[2026-07-24 01:47:28.557] [error] [serial_port.cpp] 无法打开串口 /dev/ttyACM0

[2026-07-24 01:47:29.062] [warning] [serial_port.cpp] 尝试重新打开串口...
[2026-07-24 01:47:29.062] [error] [serial_port.cpp] 无法打开串口 /dev/ttyACM0

[2026-07-24 01:47:29.567] [warning] [serial_port.cpp] 尝试重新打开串口...
[2026-07-24 01:47:29.567] [error] [serial_port.cpp] 无法打开串口 /dev/ttyACM0

[2026-07-24 01:47:30.072] [warning] [serial_port.cpp] 尝试重新打开串口...
[2026-07-24 01:47:30.072] [error] [serial_port.cpp] 无法打开串口 /dev/ttyACM0

[2026-07-24 01:47:30.576] [warning] [serial_port.cpp] 尝试重新打开串口...
[2026-07-24 01:47:30.576] [error] [serial_port.cpp] 无法打开串口 /dev/ttyACM0

[2026-07-24 01:47:31.081] [warning] [serial_port.cpp] 尝试重新打开串口...
[2026-07-24 01:47:31.081] [error] [serial_port.cpp] 无法打开串口 /dev/ttyACM0

[2026-07-24 01:47:31.585] [warning] [serial_port.cpp] 尝试重新打开串口...
[2026-07-24 01:47:31.585] [error] [serial_port.cpp] 无法打开串口 /dev/ttyACM0

[2026-07-24 01:47:32.090] [warning] [serial_port.cpp] 尝试重新打开串口...
[2026-07-24 01:47:32.090] [error] [serial_port.cpp] 无法打开串口 /dev/ttyACM0

[2026-07-24 01:47:32.596] [warning] [serial_port.cpp] 尝试重新打开串口...
[2026-07-24 01:47:32.596] [error] [serial_port.cpp] 无法打开串口 /dev/ttyACM0

[2026-07-24 01:47:33.100] [warning] [serial_port.cpp] 尝试重新打开串口...
[2026-07-24 01:47:33.100] [error] [serial_port.cpp] 无法打开串口 /dev/ttyACM0

[2026-07-24 01:47:33.605] [warning] [serial_port.cpp] 尝试重新打开串口...
[2026-07-24 01:47:33.605] [error] [serial_port.cpp] 无法打开串口 /dev/ttyACM0

[2026-07-24 01:47:34.109] [warning] [serial_port.cpp] 尝试重新打开串口...
[2026-07-24 01:47:34.109] [error] [serial_port.cpp] 无法打开串口 /dev/ttyACM0

[2026-07-24 01:47:34.613] [warning] [serial_port.cpp] 尝试重新打开串口...
[2026-07-24 01:47:34.613] [error] [serial_port.cpp] 无法打开串口 /dev/ttyACM0

[2026-07-24 01:47:35.118] [warning] [serial_port.cpp] 尝试重新打开串口...
[2026-07-24 01:47:35.118] [error] [serial_port.cpp] 无法打开串口 /dev/ttyACM0

[2026-07-24 01:47:35.622] [warning] [serial_port.cpp] 尝试重新打开串口...
[2026-07-24 01:47:35.622] [error] [serial_port.cpp] 无法打开串口 /dev/ttyACM0

[2026-07-24 01:47:36.128] [warning] [serial_port.cpp] 尝试重新打开串口...
[2026-07-24 01:47:36.128] [error] [serial_port.cpp] 无法打开串口 /dev/ttyACM0

[2026-07-24 01:47:36.632] [warning] [serial_port.cpp] 尝试重新打开串口...
[2026-07-24 01:47:36.632] [error] [serial_port.cpp] 无法打开串口 /dev/ttyACM0

[2026-07-24 01:47:37.137] [warning] [serial_port.cpp] 尝试重新打开串口...
[2026-07-24 01:47:37.137] [error] [serial_port.cpp] 无法打开串口 /dev/ttyACM0

[2026-07-24 01:47:37.641] [warning] [serial_port.cpp] 尝试重新打开串口...
[2026-07-24 01:47:37.641] [error] [serial_port.cpp] 无法打开串口 /dev/ttyACM0

[2026-07-24 01:47:38.145] [warning] [serial_port.cpp] 尝试重新打开串口...
[2026-07-24 01:47:38.145] [error] [serial_port.cpp] 无法打开串口 /dev/ttyACM0

[2026-07-24 01:47:38.650] [warning] [serial_port.cpp] 尝试重新打开串口...
[2026-07-24 01:47:38.650] [error] [serial_port.cpp] 无法打开串口 /dev/ttyACM0

[2026-07-24 01:47:39.155] [warning] [serial_port.cpp] 尝试重新打开串口...
[2026-07-24 01:47:39.155] [error] [serial_port.cpp] 无法打开串口 /dev/ttyACM0

[2026-07-24 01:47:39.663] [warning] [serial_port.cpp] 尝试重新打开串口...
[2026-07-24 01:47:39.663] [error] [serial_port.cpp] 无法打开串口 /dev/ttyACM0

[2026-07-24 01:47:40.167] [warning] [serial_port.cpp] 尝试重新打开串口...
[2026-07-24 01:47:40.167] [error] [serial_port.cpp] 无法打开串口 /dev/ttyACM0

[2026-07-24 01:47:40.672] [warning] [serial_port.cpp] 尝试重新打开串口...
[2026-07-24 01:47:40.672] [error] [serial_port.cpp] 无法打开串口 /dev/ttyACM0

[2026-07-24 01:47:41.177] [warning] [serial_port.cpp] 尝试重新打开串口...
[2026-07-24 01:47:41.177] [error] [serial_port.cpp] 无法打开串口 /dev/ttyACM0

[2026-07-24 01:47:41.681] [warning] [serial_port.cpp] 尝试重新打开串口...
[2026-07-24 01:47:41.681] [error] [serial_port.cpp] 无法打开串口 /dev/ttyACM0

[2026-07-24 01:47:42.187] [warning] [serial_port.cpp] 尝试重新打开串口...
[2026-07-24 01:47:42.187] [error] [serial_port.cpp] 无法打开串口 /dev/ttyACM0

[2026-07-24 01:47:42.692] [warning] [serial_port.cpp] 尝试重新打开串口...
[2026-07-24 01:47:42.692] [error] [serial_port.cpp] 无法打开串口 /dev/ttyACM0

[2026-07-24 01:47:43.197] [warning] [serial_port.cpp] 尝试重新打开串口...
[2026-07-24 01:47:43.197] [error] [serial_port.cpp] 无法打开串口 /dev/ttyACM0

[2026-07-24 01:47:43.701] [warning] [serial_port.cpp] 尝试重新打开串口...
[2026-07-24 01:47:43.701] [error] [serial_port.cpp] 无法打开串口 /dev/ttyACM0

[2026-07-24 01:47:44.205] [warning] [serial_port.cpp] 尝试重新打开串口...
[2026-07-24 01:47:44.205] [error] [serial_port.cpp] 无法打开串口 /dev/ttyACM0

[2026-07-24 01:47:44.709] [warning] [serial_port.cpp] 尝试重新打开串口...
[2026-07-24 01:47:44.709] [error] [serial_port.cpp] 无法打开串口 /dev/ttyACM0

[2026-07-24 01:47:45.214] [warning] [serial_port.cpp] 尝试重新打开串口...
[2026-07-24 01:47:45.214] [error] [serial_port.cpp] 无法打开串口 /dev/ttyACM0

[2026-07-24 01:47:45.720] [warning] [serial_port.cpp] 尝试重新打开串口...
[2026-07-24 01:47:45.720] [error] [serial_port.cpp] 无法打开串口 /dev/ttyACM0

[2026-07-24 01:47:46.223] [warning] [serial_port.cpp] 尝试重新打开串口...
[2026-07-24 01:47:46.223] [error] [serial_port.cpp] 无法打开串口 /dev/ttyACM0

[2026-07-24 01:47:46.728] [warning] [serial_port.cpp] 尝试重新打开串口...
[2026-07-24 01:47:46.728] [error] [serial_port.cpp] 无法打开串口 /dev/ttyACM0

[2026-07-24 01:47:47.233] [warning] [serial_port.cpp] 尝试重新打开串口...
[2026-07-24 01:47:47.233] [error] [serial_port.cpp] 无法打开串口 /dev/ttyACM0

[2026-07-24 01:47:47.738] [warning] [serial_port.cpp] 尝试重新打开串口...
[2026-07-24 01:47:47.738] [error] [serial_port.cpp] 无法打开串口 /dev/ttyACM0

[2026-07-24 01:47:48.243] [warning] [serial_port.cpp] 尝试重新打开串口...
[2026-07-24 01:47:48.243] [error] [serial_port.cpp] 无法打开串口 /dev/ttyACM0

[2026-07-24 01:47:48.747] [warning] [serial_port.cpp] 尝试重新打开串口...
[2026-07-24 01:47:48.747] [error] [serial_port.cpp] 无法打开串口 /dev/ttyACM0

[2026-07-24 01:47:49.250] [warning] [serial_port.cpp] 尝试重新打开串口...
[2026-07-24 01:47:49.251] [error] [serial_port.cpp] 无法打开串口 /dev/ttyACM0

[2026-07-24 01:47:49.755] [warning] [serial_port.cpp] 尝试重新打开串口...
[2026-07-24 01:47:49.755] [error] [serial_port.cpp] 无法打开串口 /dev/ttyACM0

[2026-07-24 01:47:50.260] [warning] [serial_port.cpp] 尝试重新打开串口...
[2026-07-24 01:47:50.260] [error] [serial_port.cpp] 无法打开串口 /dev/ttyACM0

[2026-07-24 01:47:50.764] [warning] [serial_port.cpp] 尝试重新打开串口...
[2026-07-24 01:47:50.764] [error] [serial_port.cpp] 无法打开串口 /dev/ttyACM0

[2026-07-24 01:47:51.272] [warning] [serial_port.cpp] 尝试重新打开串口...
[2026-07-24 01:47:51.272] [error] [serial_port.cpp] 无法打开串口 /dev/ttyACM0

[2026-07-24 01:47:51.778] [warning] [serial_port.cpp] 尝试重新打开串口...
[2026-07-24 01:47:51.778] [error] [serial_port.cpp] 无法打开串口 /dev/ttyACM0

[2026-07-24 01:47:52.282] [warning] [serial_port.cpp] 尝试重新打开串口...
[2026-07-24 01:47:52.282] [error] [serial_port.cpp] 无法打开串口 /dev/ttyACM0

[2026-07-24 01:47:52.788] [warning] [serial_port.cpp] 尝试重新打开串口...
[2026-07-24 01:47:52.788] [error] [serial_port.cpp] 无法打开串口 /dev/ttyACM0

[2026-07-24 01:47:53.295] [warning] [serial_port.cpp] 尝试重新打开串口...
[2026-07-24 01:47:53.295] [error] [serial_port.cpp] 无法打开串口 /dev/ttyACM0

[2026-07-24 01:47:53.800] [warning] [serial_port.cpp] 尝试重新打开串口...
[2026-07-24 01:47:53.800] [error] [serial_port.cpp] 无法打开串口 /dev/ttyACM0

[2026-07-24 01:47:54.307] [warning] [serial_port.cpp] 尝试重新打开串口...
[2026-07-24 01:47:54.307] [error] [serial_port.cpp] 无法打开串口 /dev/ttyACM0

[2026-07-24 01:47:54.812] [warning] [serial_port.cpp] 尝试重新打开串口...
[2026-07-24 01:47:54.812] [error] [serial_port.cpp] 无法打开串口 /dev/ttyACM0

[2026-07-24 01:47:55.317] [warning] [serial_port.cpp] 尝试重新打开串口...
[2026-07-24 01:47:55.317] [error] [serial_port.cpp] 无法打开串口 /dev/ttyACM0

[2026-07-24 01:47:55.822] [warning] [serial_port.cpp] 尝试重新打开串口...
[2026-07-24 01:47:55.822] [error] [serial_port.cpp] 无法打开串口 /dev/ttyACM0

[2026-07-24 01:47:56.326] [warning] [serial_port.cpp] 尝试重新打开串口...
[2026-07-24 01:47:56.326] [error] [serial_port.cpp] 无法打开串口 /dev/ttyACM0

[2026-07-24 01:47:56.831] [warning] [serial_port.cpp] 尝试重新打开串口...
[2026-07-24 01:47:56.831] [error] [serial_port.cpp] 无法打开串口 /dev/ttyACM0

[2026-07-24 01:47:57.336] [warning] [serial_port.cpp] 尝试重新打开串口...
[2026-07-24 01:47:57.336] [error] [serial_port.cpp] 无法打开串口 /dev/ttyACM0

[2026-07-24 01:47:57.841] [warning] [serial_port.cpp] 尝试重新打开串口...
[2026-07-24 01:47:57.841] [error] [serial_port.cpp] 无法打开串口 /dev/ttyACM0

[2026-07-24 01:47:58.345] [warning] [serial_port.cpp] 尝试重新打开串口...
[2026-07-24 01:47:58.345] [error] [serial_port.cpp] 无法打开串口 /dev/ttyACM0

[2026-07-24 01:47:58.849] [warning] [serial_port.cpp] 尝试重新打开串口...
[2026-07-24 01:47:58.849] [error] [serial_port.cpp] 无法打开串口 /dev/ttyACM0

[2026-07-24 01:47:59.355] [warning] [serial_port.cpp] 尝试重新打开串口...
[2026-07-24 01:47:59.355] [error] [serial_port.cpp] 无法打开串口 /dev/ttyACM0

[2026-07-24 01:47:59.860] [warning] [serial_port.cpp] 尝试重新打开串口...
[2026-07-24 01:47:59.860] [error] [serial_port.cpp] 无法打开串口 /dev/ttyACM0

[2026-07-24 01:48:00.365] [warning] [serial_port.cpp] 尝试重新打开串口...
[2026-07-24 01:48:00.365] [error] [serial_port.cpp] 无法打开串口 /dev/ttyACM0

[2026-07-24 01:48:00.870] [warning] [serial_port.cpp] 尝试重新打开串口...
[2026-07-24 01:48:00.870] [error] [serial_port.cpp] 无法打开串口 /dev/ttyACM0

[2026-07-24 01:48:01.373] [warning] [serial_port.cpp] 尝试重新打开串口...
[2026-07-24 01:48:01.373] [error] [serial_port.cpp] 无法打开串口 /dev/ttyACM0

[2026-07-24 01:48:01.878] [warning] [serial_port.cpp] 尝试重新打开串口...
[2026-07-24 01:48:01.878] [error] [serial_port.cpp] 无法打开串口 /dev/ttyACM0

[2026-07-24 01:48:02.382] [warning] [serial_port.cpp] 尝试重新打开串口...
[2026-07-24 01:48:02.382] [error] [serial_port.cpp] 无法打开串口 /dev/ttyACM0

[2026-07-24 01:48:02.886] [warning] [serial_port.cpp] 尝试重新打开串口...
[2026-07-24 01:48:02.886] [error] [serial_port.cpp] 无法打开串口 /dev/ttyACM0

[2026-07-24 01:48:03.390] [warning] [serial_port.cpp] 尝试重新打开串口...
[2026-07-24 01:48:03.390] [error] [serial_port.cpp] 无法打开串口 /dev/ttyACM0

[2026-07-24 01:48:03.895] [warning] [serial_port.cpp] 尝试重新打开串口...
[2026-07-24 01:48:03.895] [error] [serial_port.cpp] 无法打开串口 /dev/ttyACM0

[2026-07-24 01:48:04.399] [warning] [serial_port.cpp] 尝试重新打开串口...
[2026-07-24 01:48:04.399] [error] [serial_port.cpp] 无法打开串口 /dev/ttyACM0

[2026-07-24 01:48:04.903] [warning] [serial_port.cpp] 尝试重新打开串口...
[2026-07-24 01:48:04.903] [error] [serial_port.cpp] 无法打开串口 /dev/ttyACM0

[2026-07-24 01:48:05.408] [warning] [serial_port.cpp] 尝试重新打开串口...
[2026-07-24 01:48:05.408] [error] [serial_port.cpp] 无法打开串口 /dev/ttyACM0

[2026-07-24 01:48:05.914] [warning] [serial_port.cpp] 尝试重新打开串口...
[2026-07-24 01:48:05.914] [error] [serial_port.cpp] 无法打开串口 /dev/ttyACM0

[2026-07-24 01:48:06.418] [warning] [serial_port.cpp] 尝试重新打开串口...
[2026-07-24 01:48:06.418] [error] [serial_port.cpp] 无法打开串口 /dev/ttyACM0

[2026-07-24 01:48:06.923] [warning] [serial_port.cpp] 尝试重新打开串口...
[2026-07-24 01:48:06.923] [error] [serial_port.cpp] 无法打开串口 /dev/ttyACM0

[2026-07-24 01:48:07.427] [warning] [serial_port.cpp] 尝试重新打开串口...
[2026-07-24 01:48:07.427] [error] [serial_port.cpp] 无法打开串口 /dev/ttyACM0

[2026-07-24 01:48:07.931] [warning] [serial_port.cpp] 尝试重新打开串口...
[2026-07-24 01:48:07.931] [error] [serial_port.cpp] 无法打开串口 /dev/ttyACM0

[2026-07-24 01:48:08.435] [warning] [serial_port.cpp] 尝试重新打开串口...
[2026-07-24 01:48:08.435] [error] [serial_port.cpp] 无法打开串口 /dev/ttyACM0

[2026-07-24 01:48:08.940] [warning] [serial_port.cpp] 尝试重新打开串口...
[2026-07-24 01:48:08.940] [error] [serial_port.cpp] 无法打开串口 /dev/ttyACM0

[2026-07-24 01:48:09.445] [warning] [serial_port.cpp] 尝试重新打开串口...
[2026-07-24 01:48:09.445] [error] [serial_port.cpp] 无法打开串口 /dev/ttyACM0

[2026-07-24 01:48:09.949] [warning] [serial_port.cpp] 尝试重新打开串口...
[2026-07-24 01:48:09.950] [error] [serial_port.cpp] 无法打开串口 /dev/ttyACM0

[2026-07-24 01:48:10.454] [warning] [serial_port.cpp] 尝试重新打开串口...
[2026-07-24 01:48:10.454] [error] [serial_port.cpp] 无法打开串口 /dev/ttyACM0

[2026-07-24 01:48:10.958] [warning] [serial_port.cpp] 尝试重新打开串口...
[2026-07-24 01:48:10.958] [error] [serial_port.cpp] 无法打开串口 /dev/ttyACM0

[2026-07-24 01:48:11.461] [warning] [serial_port.cpp] 尝试重新打开串口...
[2026-07-24 01:48:11.461] [error] [serial_port.cpp] 无法打开串口 /dev/ttyACM0

[2026-07-24 01:48:11.965] [warning] [serial_port.cpp] 尝试重新打开串口...
[2026-07-24 01:48:11.965] [error] [serial_port.cpp] 无法打开串口 /dev/ttyACM0

[2026-07-24 01:48:12.469] [warning] [serial_port.cpp] 尝试重新打开串口...
[2026-07-24 01:48:12.469] [error] [serial_port.cpp] 无法打开串口 /dev/ttyACM0

[2026-07-24 01:48:12.973] [warning] [serial_port.cpp] 尝试重新打开串口...
[2026-07-24 01:48:12.973] [error] [serial_port.cpp] 无法打开串口 /dev/ttyACM0

[2026-07-24 01:48:13.477] [warning] [serial_port.cpp] 尝试重新打开串口...
[2026-07-24 01:48:13.477] [error] [serial_port.cpp] 无法打开串口 /dev/ttyACM0

[2026-07-24 01:48:13.981] [warning] [serial_port.cpp] 尝试重新打开串口...
[2026-07-24 01:48:13.981] [error] [serial_port.cpp] 无法打开串口 /dev/ttyACM0

[2026-07-24 01:48:14.485] [warning] [serial_port.cpp] 尝试重新打开串口...
[2026-07-24 01:48:14.486] [error] [serial_port.cpp] 无法打开串口 /dev/ttyACM0

[2026-07-24 01:48:14.989] [warning] [serial_port.cpp] 尝试重新打开串口...
[2026-07-24 01:48:14.989] [error] [serial_port.cpp] 无法打开串口 /dev/ttyACM0

[2026-07-24 01:48:15.496] [warning] [serial_port.cpp] 尝试重新打开串口...
[2026-07-24 01:48:15.496] [error] [serial_port.cpp] 无法打开串口 /dev/ttyACM0

[2026-07-24 01:48:16.007] [warning] [serial_port.cpp] 尝试重新打开串口...
[2026-07-24 01:48:16.007] [error] [serial_port.cpp] 无法打开串口 /dev/ttyACM0

[2026-07-24 01:48:16.512] [warning] [serial_port.cpp] 尝试重新打开串口...
[2026-07-24 01:48:16.512] [error] [serial_port.cpp] 无法打开串口 /dev/ttyACM0

[2026-07-24 01:48:17.017] [warning] [serial_port.cpp] 尝试重新打开串口...
[2026-07-24 01:48:17.018] [error] [serial_port.cpp] 无法打开串口 /dev/ttyACM0

[2026-07-24 01:48:17.523] [warning] [serial_port.cpp] 尝试重新打开串口...
[2026-07-24 01:48:17.523] [error] [serial_port.cpp] 无法打开串口 /dev/ttyACM0

[2026-07-24 01:48:18.027] [warning] [serial_port.cpp] 尝试重新打开串口...
[2026-07-24 01:48:18.027] [error] [serial_port.cpp] 无法打开串口 /dev/ttyACM0

[2026-07-24 01:48:18.532] [warning] [serial_port.cpp] 尝试重新打开串口...
[2026-07-24 01:48:18.532] [error] [serial_port.cpp] 无法打开串口 /dev/ttyACM0

[2026-07-24 01:48:19.037] [warning] [serial_port.cpp] 尝试重新打开串口...
[2026-07-24 01:48:19.037] [error] [serial_port.cpp] 无法打开串口 /dev/ttyACM0

[2026-07-24 01:48:19.542] [warning] [serial_port.cpp] 尝试重新打开串口...
[2026-07-24 01:48:19.542] [error] [serial_port.cpp] 无法打开串口 /dev/ttyACM0

[2026-07-24 01:48:20.046] [warning] [serial_port.cpp] 尝试重新打开串口...
[2026-07-24 01:48:20.046] [error] [serial_port.cpp] 无法打开串口 /dev/ttyACM0

[2026-07-24 01:48:20.550] [warning] [serial_port.cpp] 尝试重新打开串口...
[2026-07-24 01:48:20.550] [error] [serial_port.cpp] 无法打开串口 /dev/ttyACM0

[2026-07-24 01:48:21.054] [warning] [serial_port.cpp] 尝试重新打开串口...
[2026-07-24 01:48:21.054] [error] [serial_port.cpp] 无法打开串口 /dev/ttyACM0

[2026-07-24 01:48:21.559] [warning] [serial_port.cpp] 尝试重新打开串口...
[2026-07-24 01:48:21.559] [error] [serial_port.cpp] 无法打开串口 /dev/ttyACM0

[2026-07-24 01:48:22.066] [warning] [serial_port.cpp] 尝试重新打开串口...
[2026-07-24 01:48:22.066] [error] [serial_port.cpp] 无法打开串口 /dev/ttyACM0

[2026-07-24 01:48:22.570] [warning] [serial_port.cpp] 尝试重新打开串口...
[2026-07-24 01:48:22.570] [error] [serial_port.cpp] 无法打开串口 /dev/ttyACM0

[2026-07-24 01:48:23.075] [warning] [serial_port.cpp] 尝试重新打开串口...
[2026-07-24 01:48:23.075] [error] [serial_port.cpp] 无法打开串口 /dev/ttyACM0

[2026-07-24 01:48:23.583] [warning] [serial_port.cpp] 尝试重新打开串口...
[2026-07-24 01:48:23.583] [error] [serial_port.cpp] 无法打开串口 /dev/ttyACM0

[2026-07-24 01:48:24.087] [warning] [serial_port.cpp] 尝试重新打开串口...
[2026-07-24 01:48:24.088] [error] [serial_port.cpp] 无法打开串口 /dev/ttyACM0

[2026-07-24 01:48:24.593] [warning] [serial_port.cpp] 尝试重新打开串口...
[2026-07-24 01:48:24.593] [error] [serial_port.cpp] 无法打开串口 /dev/ttyACM0

[2026-07-24 01:48:25.097] [warning] [serial_port.cpp] 尝试重新打开串口...
[2026-07-24 01:48:25.097] [error] [serial_port.cpp] 无法打开串口 /dev/ttyACM0

[2026-07-24 01:48:25.604] [warning] [serial_port.cpp] 尝试重新打开串口...
[2026-07-24 01:48:25.604] [error] [serial_port.cpp] 无法打开串口 /dev/ttyACM0

[2026-07-24 01:48:26.108] [warning] [serial_port.cpp] 尝试重新打开串口...
[2026-07-24 01:48:26.108] [error] [serial_port.cpp] 无法打开串口 /dev/ttyACM0

[2026-07-24 01:48:26.613] [warning] [serial_port.cpp] 尝试重新打开串口...
[2026-07-24 01:48:26.613] [error] [serial_port.cpp] 无法打开串口 /dev/ttyACM0

[2026-07-24 01:48:27.117] [warning] [serial_port.cpp] 尝试重新打开串口...
[2026-07-24 01:48:27.118] [error] [serial_port.cpp] 无法打开串口 /dev/ttyACM0

[2026-07-24 01:48:27.622] [warning] [serial_port.cpp] 尝试重新打开串口...
[2026-07-24 01:48:27.622] [error] [serial_port.cpp] 无法打开串口 /dev/ttyACM0

[2026-07-24 01:48:28.127] [warning] [serial_port.cpp] 尝试重新打开串口...
[2026-07-24 01:48:28.127] [error] [serial_port.cpp] 无法打开串口 /dev/ttyACM0

[2026-07-24 01:48:28.634] [warning] [serial_port.cpp] 尝试重新打开串口...
[2026-07-24 01:48:28.634] [error] [serial_port.cpp] 无法打开串口 /dev/ttyACM0

[2026-07-24 01:48:29.139] [warning] [serial_port.cpp] 尝试重新打开串口...
[2026-07-24 01:48:29.139] [error] [serial_port.cpp] 无法打开串口 /dev/ttyACM0

[2026-07-24 01:48:29.645] [warning] [serial_port.cpp] 尝试重新打开串口...
[2026-07-24 01:48:29.645] [error] [serial_port.cpp] 无法打开串口 /dev/ttyACM0

[2026-07-24 01:48:30.150] [warning] [serial_port.cpp] 尝试重新打开串口...
[2026-07-24 01:48:30.150] [error] [serial_port.cpp] 无法打开串口 /dev/ttyACM0

[2026-07-24 01:48:30.654] [warning] [serial_port.cpp] 尝试重新打开串口...
[2026-07-24 01:48:30.655] [error] [serial_port.cpp] 无法打开串口 /dev/ttyACM0

[2026-07-24 01:48:31.160] [warning] [serial_port.cpp] 尝试重新打开串口...
[2026-07-24 01:48:31.160] [error] [serial_port.cpp] 无法打开串口 /dev/ttyACM0

[2026-07-24 01:48:31.665] [warning] [serial_port.cpp] 尝试重新打开串口...
[2026-07-24 01:48:31.665] [error] [serial_port.cpp] 无法打开串口 /dev/ttyACM0

[2026-07-24 01:48:32.169] [warning] [serial_port.cpp] 尝试重新打开串口...
[2026-07-24 01:48:32.169] [error] [serial_port.cpp] 无法打开串口 /dev/ttyACM0

[2026-07-24 01:48:32.674] [warning] [serial_port.cpp] 尝试重新打开串口...
[2026-07-24 01:48:32.674] [error] [serial_port.cpp] 无法打开串口 /dev/ttyACM0

[2026-07-24 01:48:33.178] [warning] [serial_port.cpp] 尝试重新打开串口...
[2026-07-24 01:48:33.178] [error] [serial_port.cpp] 无法打开串口 /dev/ttyACM0

[2026-07-24 01:48:33.682] [warning] [serial_port.cpp] 尝试重新打开串口...
[2026-07-24 01:48:33.682] [error] [serial_port.cpp] 无法打开串口 /dev/ttyACM0

[2026-07-24 01:48:34.189] [warning] [serial_port.cpp] 尝试重新打开串口...
[2026-07-24 01:48:34.189] [error] [serial_port.cpp] 无法打开串口 /dev/ttyACM0

[2026-07-24 01:48:34.694] [warning] [serial_port.cpp] 尝试重新打开串口...
[2026-07-24 01:48:34.694] [error] [serial_port.cpp] 无法打开串口 /dev/ttyACM0

[2026-07-24 01:48:35.200] [warning] [serial_port.cpp] 尝试重新打开串口...
[2026-07-24 01:48:35.200] [error] [serial_port.cpp] 无法打开串口 /dev/ttyACM0

[2026-07-24 01:48:35.704] [warning] [serial_port.cpp] 尝试重新打开串口...
[2026-07-24 01:48:35.704] [error] [serial_port.cpp] 无法打开串口 /dev/ttyACM0

[2026-07-24 01:48:36.208] [warning] [serial_port.cpp] 尝试重新打开串口...
[2026-07-24 01:48:36.208] [error] [serial_port.cpp] 无法打开串口 /dev/ttyACM0

[2026-07-24 01:48:36.713] [warning] [serial_port.cpp] 尝试重新打开串口...
[2026-07-24 01:48:36.713] [error] [serial_port.cpp] 无法打开串口 /dev/ttyACM0

[2026-07-24 01:48:37.221] [warning] [serial_port.cpp] 尝试重新打开串口...
[2026-07-24 01:48:37.221] [error] [serial_port.cpp] 无法打开串口 /dev/ttyACM0

[2026-07-24 01:48:37.727] [warning] [serial_port.cpp] 尝试重新打开串口...
[2026-07-24 01:48:37.727] [error] [serial_port.cpp] 无法打开串口 /dev/ttyACM0

[2026-07-24 01:48:38.231] [warning] [serial_port.cpp] 尝试重新打开串口...
[2026-07-24 01:48:38.231] [error] [serial_port.cpp] 无法打开串口 /dev/ttyACM0

[2026-07-24 01:48:38.736] [warning] [serial_port.cpp] 尝试重新打开串口...
[2026-07-24 01:48:38.736] [error] [serial_port.cpp] 无法打开串口 /dev/ttyACM0

[2026-07-24 01:48:39.242] [warning] [serial_port.cpp] 尝试重新打开串口...
[2026-07-24 01:48:39.242] [error] [serial_port.cpp] 无法打开串口 /dev/ttyACM0

[2026-07-24 01:48:39.745] [warning] [serial_port.cpp] 尝试重新打开串口...
[2026-07-24 01:48:39.745] [error] [serial_port.cpp] 无法打开串口 /dev/ttyACM0

[2026-07-24 01:48:40.251] [warning] [serial_port.cpp] 尝试重新打开串口...
[2026-07-24 01:48:40.251] [error] [serial_port.cpp] 无法打开串口 /dev/ttyACM0

[2026-07-24 01:48:40.756] [warning] [serial_port.cpp] 尝试重新打开串口...
[2026-07-24 01:48:40.756] [error] [serial_port.cpp] 无法打开串口 /dev/ttyACM0

[2026-07-24 01:48:41.260] [warning] [serial_port.cpp] 尝试重新打开串口...
[2026-07-24 01:48:41.260] [error] [serial_port.cpp] 无法打开串口 /dev/ttyACM0

[2026-07-24 01:48:41.765] [warning] [serial_port.cpp] 尝试重新打开串口...
[2026-07-24 01:48:41.766] [error] [serial_port.cpp] 无法打开串口 /dev/ttyACM0

[2026-07-24 01:48:42.273] [warning] [serial_port.cpp] 尝试重新打开串口...
[2026-07-24 01:48:42.273] [error] [serial_port.cpp] 无法打开串口 /dev/ttyACM0

[2026-07-24 01:48:42.778] [warning] [serial_port.cpp] 尝试重新打开串口...
[2026-07-24 01:48:42.778] [error] [serial_port.cpp] 无法打开串口 /dev/ttyACM0

[2026-07-24 01:48:43.284] [warning] [serial_port.cpp] 尝试重新打开串口...
[2026-07-24 01:48:43.284] [error] [serial_port.cpp] 无法打开串口 /dev/ttyACM0

[2026-07-24 01:48:43.790] [warning] [serial_port.cpp] 尝试重新打开串口...
[2026-07-24 01:48:43.790] [error] [serial_port.cpp] 无法打开串口 /dev/ttyACM0

[2026-07-24 01:48:44.294] [warning] [serial_port.cpp] 尝试重新打开串口...
[2026-07-24 01:48:44.294] [error] [serial_port.cpp] 无法打开串口 /dev/ttyACM0

[2026-07-24 01:48:44.800] [warning] [serial_port.cpp] 尝试重新打开串口...
[2026-07-24 01:48:44.800] [error] [serial_port.cpp] 无法打开串口 /dev/ttyACM0

[2026-07-24 01:48:45.306] [warning] [serial_port.cpp] 尝试重新打开串口...
[2026-07-24 01:48:45.306] [error] [serial_port.cpp] 无法打开串口 /dev/ttyACM0

[2026-07-24 01:48:45.811] [warning] [serial_port.cpp] 尝试重新打开串口...
[2026-07-24 01:48:45.811] [error] [serial_port.cpp] 无法打开串口 /dev/ttyACM0

[2026-07-24 01:48:46.315] [warning] [serial_port.cpp] 尝试重新打开串口...
[2026-07-24 01:48:46.315] [error] [serial_port.cpp] 无法打开串口 /dev/ttyACM0

[2026-07-24 01:48:46.820] [warning] [serial_port.cpp] 尝试重新打开串口...
[2026-07-24 01:48:46.820] [error] [serial_port.cpp] 无法打开串口 /dev/ttyACM0

[2026-07-24 01:48:47.325] [warning] [serial_port.cpp] 尝试重新打开串口...
[2026-07-24 01:48:47.326] [error] [serial_port.cpp] 无法打开串口 /dev/ttyACM0

[2026-07-24 01:48:47.834] [warning] [serial_port.cpp] 尝试重新打开串口...
[2026-07-24 01:48:47.834] [error] [serial_port.cpp] 无法打开串口 /dev/ttyACM0

[2026-07-24 01:48:48.339] [warning] [serial_port.cpp] 尝试重新打开串口...
[2026-07-24 01:48:48.339] [error] [serial_port.cpp] 无法打开串口 /dev/ttyACM0

[2026-07-24 01:48:48.843] [warning] [serial_port.cpp] 尝试重新打开串口...
[2026-07-24 01:48:48.843] [error] [serial_port.cpp] 无法打开串口 /dev/ttyACM0

[2026-07-24 01:48:49.351] [warning] [serial_port.cpp] 尝试重新打开串口...
[2026-07-24 01:48:49.351] [error] [serial_port.cpp] 无法打开串口 /dev/ttyACM0

[2026-07-24 01:48:49.855] [warning] [serial_port.cpp] 尝试重新打开串口...
[2026-07-24 01:48:49.855] [error] [serial_port.cpp] 无法打开串口 /dev/ttyACM0

[2026-07-24 01:48:50.360] [warning] [serial_port.cpp] 尝试重新打开串口...
[2026-07-24 01:48:50.360] [error] [serial_port.cpp] 无法打开串口 /dev/ttyACM0

[2026-07-24 01:48:50.865] [warning] [serial_port.cpp] 尝试重新打开串口...
[2026-07-24 01:48:50.865] [error] [serial_port.cpp] 无法打开串口 /dev/ttyACM0

[2026-07-24 01:48:51.369] [warning] [serial_port.cpp] 尝试重新打开串口...
[2026-07-24 01:48:51.369] [error] [serial_port.cpp] 无法打开串口 /dev/ttyACM0

[2026-07-24 01:48:51.874] [warning] [serial_port.cpp] 尝试重新打开串口...
[2026-07-24 01:48:51.874] [error] [serial_port.cpp] 无法打开串口 /dev/ttyACM0

[2026-07-24 01:48:52.380] [warning] [serial_port.cpp] 尝试重新打开串口...
[2026-07-24 01:48:52.380] [error] [serial_port.cpp] 无法打开串口 /dev/ttyACM0

[2026-07-24 01:48:52.883] [warning] [serial_port.cpp] 尝试重新打开串口...
[2026-07-24 01:48:52.884] [error] [serial_port.cpp] 无法打开串口 /dev/ttyACM0

[2026-07-24 01:48:53.388] [warning] [serial_port.cpp] 尝试重新打开串口...
[2026-07-24 01:48:53.388] [error] [serial_port.cpp] 无法打开串口 /dev/ttyACM0

[2026-07-24 01:48:53.893] [warning] [serial_port.cpp] 尝试重新打开串口...
[2026-07-24 01:48:53.893] [error] [serial_port.cpp] 无法打开串口 /dev/ttyACM0

[2026-07-24 01:48:54.398] [warning] [serial_port.cpp] 尝试重新打开串口...
[2026-07-24 01:48:54.398] [error] [serial_port.cpp] 无法打开串口 /dev/ttyACM0

[2026-07-24 01:48:54.902] [warning] [serial_port.cpp] 尝试重新打开串口...
[2026-07-24 01:48:54.902] [error] [serial_port.cpp] 无法打开串口 /dev/ttyACM0

[2026-07-24 01:48:55.407] [warning] [serial_port.cpp] 尝试重新打开串口...
[2026-07-24 01:48:55.408] [error] [serial_port.cpp] 无法打开串口 /dev/ttyACM0

[2026-07-24 01:48:55.912] [warning] [serial_port.cpp] 尝试重新打开串口...
[2026-07-24 01:48:55.912] [error] [serial_port.cpp] 无法打开串口 /dev/ttyACM0

[2026-07-24 01:48:56.417] [warning] [serial_port.cpp] 尝试重新打开串口...
[2026-07-24 01:48:56.417] [error] [serial_port.cpp] 无法打开串口 /dev/ttyACM0

[2026-07-24 01:48:56.922] [warning] [serial_port.cpp] 尝试重新打开串口...
[2026-07-24 01:48:56.922] [error] [serial_port.cpp] 无法打开串口 /dev/ttyACM0

[2026-07-24 01:48:57.427] [warning] [serial_port.cpp] 尝试重新打开串口...
[2026-07-24 01:48:57.427] [error] [serial_port.cpp] 无法打开串口 /dev/ttyACM0

[2026-07-24 01:48:57.932] [warning] [serial_port.cpp] 尝试重新打开串口...
[2026-07-24 01:48:57.933] [error] [serial_port.cpp] 无法打开串口 /dev/ttyACM0

[2026-07-24 01:48:58.438] [warning] [serial_port.cpp] 尝试重新打开串口...
[2026-07-24 01:48:58.438] [error] [serial_port.cpp] 无法打开串口 /dev/ttyACM0

[2026-07-24 01:48:58.944] [warning] [serial_port.cpp] 尝试重新打开串口...
[2026-07-24 01:48:58.944] [error] [serial_port.cpp] 无法打开串口 /dev/ttyACM0

[2026-07-24 01:48:59.449] [warning] [serial_port.cpp] 尝试重新打开串口...
[2026-07-24 01:48:59.449] [error] [serial_port.cpp] 无法打开串口 /dev/ttyACM0

[2026-07-24 01:48:59.954] [warning] [serial_port.cpp] 尝试重新打开串口...
[2026-07-24 01:48:59.954] [error] [serial_port.cpp] 无法打开串口 /dev/ttyACM0

[2026-07-24 01:49:00.460] [warning] [serial_port.cpp] 尝试重新打开串口...
[2026-07-24 01:49:00.460] [error] [serial_port.cpp] 无法打开串口 /dev/ttyACM0

[2026-07-24 01:49:00.969] [warning] [serial_port.cpp] 尝试重新打开串口...
[2026-07-24 01:49:00.969] [error] [serial_port.cpp] 无法打开串口 /dev/ttyACM0

[2026-07-24 01:49:01.473] [warning] [serial_port.cpp] 尝试重新打开串口...
[2026-07-24 01:49:01.473] [error] [serial_port.cpp] 无法打开串口 /dev/ttyACM0

[2026-07-24 01:49:01.977] [warning] [serial_port.cpp] 尝试重新打开串口...
[2026-07-24 01:49:01.977] [error] [serial_port.cpp] 无法打开串口 /dev/ttyACM0

[2026-07-24 01:49:02.482] [warning] [serial_port.cpp] 尝试重新打开串口...
[2026-07-24 01:49:02.482] [error] [serial_port.cpp] 无法打开串口 /dev/ttyACM0

[2026-07-24 01:49:02.987] [warning] [serial_port.cpp] 尝试重新打开串口...
[2026-07-24 01:49:02.987] [error] [serial_port.cpp] 无法打开串口 /dev/ttyACM0

[2026-07-24 01:49:03.492] [warning] [serial_port.cpp] 尝试重新打开串口...
[2026-07-24 01:49:03.492] [error] [serial_port.cpp] 无法打开串口 /dev/ttyACM0

[2026-07-24 01:49:03.997] [warning] [serial_port.cpp] 尝试重新打开串口...
[2026-07-24 01:49:03.997] [error] [serial_port.cpp] 无法打开串口 /dev/ttyACM0

[2026-07-24 01:49:04.502] [warning] [serial_port.cpp] 尝试重新打开串口...
[2026-07-24 01:49:04.502] [error] [serial_port.cpp] 无法打开串口 /dev/ttyACM0

[2026-07-24 01:49:05.007] [warning] [serial_port.cpp] 尝试重新打开串口...
[2026-07-24 01:49:05.008] [error] [serial_port.cpp] 无法打开串口 /dev/ttyACM0

[2026-07-24 01:49:05.512] [warning] [serial_port.cpp] 尝试重新打开串口...
[2026-07-24 01:49:05.512] [error] [serial_port.cpp] 无法打开串口 /dev/ttyACM0

[2026-07-24 01:49:06.017] [warning] [serial_port.cpp] 尝试重新打开串口...
[2026-07-24 01:49:06.017] [error] [serial_port.cpp] 无法打开串口 /dev/ttyACM0

[2026-07-24 01:49:06.521] [warning] [serial_port.cpp] 尝试重新打开串口...
[2026-07-24 01:49:06.522] [error] [serial_port.cpp] 无法打开串口 /dev/ttyACM0

[2026-07-24 01:49:07.027] [warning] [serial_port.cpp] 尝试重新打开串口...
[2026-07-24 01:49:07.027] [error] [serial_port.cpp] 无法打开串口 /dev/ttyACM0

[2026-07-24 01:49:07.534] [warning] [serial_port.cpp] 尝试重新打开串口...
[2026-07-24 01:49:07.534] [error] [serial_port.cpp] 无法打开串口 /dev/ttyACM0

[2026-07-24 01:49:08.038] [warning] [serial_port.cpp] 尝试重新打开串口...
[2026-07-24 01:49:08.038] [error] [serial_port.cpp] 无法打开串口 /dev/ttyACM0

[2026-07-24 01:49:08.542] [warning] [serial_port.cpp] 尝试重新打开串口...
[2026-07-24 01:49:08.543] [error] [serial_port.cpp] 无法打开串口 /dev/ttyACM0

[2026-07-24 01:49:09.048] [warning] [serial_port.cpp] 尝试重新打开串口...
[2026-07-24 01:49:09.048] [error] [serial_port.cpp] 无法打开串口 /dev/ttyACM0

[2026-07-24 01:49:09.553] [warning] [serial_port.cpp] 尝试重新打开串口...
[2026-07-24 01:49:09.553] [error] [serial_port.cpp] 无法打开串口 /dev/ttyACM0

[2026-07-24 01:49:10.058] [warning] [serial_port.cpp] 尝试重新打开串口...
[2026-07-24 01:49:10.059] [error] [serial_port.cpp] 无法打开串口 /dev/ttyACM0

[2026-07-24 01:49:10.243] [debug] 

[2026-07-24 01:49:10.243] [warning] [main.cpp] 捕捉到退出信号(SIGINT)，准备退出程序...

[2026-07-24 01:49:10.379] [info] [HttpStream] HTTP 服务器已停止。
