[2026-07-24 02:25:46.415] [debug] ================= [CONFIG LOADED] =================
[2026-07-24 02:25:46.415] [debug]   Mode: PC
[2026-07-24 02:25:46.415] [debug]   Camera ID : 0
[2026-07-24 02:25:46.415] [debug]   Target Res: 1280x720
[2026-07-24 02:25:46.415] [debug]   Target Fmt: MJPG
[2026-07-24 02:25:46.415] [debug]   Target Brightness: 0
[2026-07-24 02:25:46.415] [debug]   Target Contrast: 0
[2026-07-24 02:25:46.415] [debug]   Model Path: ../models/detect.prototxt | ../models/detect.caffemodel | ../models/sr.prototxt | ../models/sr.caffemodel

[2026-07-24 02:25:46.415] [debug]   Stream        : Port=5000, Res=1280x720, Quality=60
[2026-07-24 02:25:46.415] [debug] ===================================================
[2026-07-24 02:25:46.419] [info] [qrcode_scanner.cpp] 微信模型加载成功
[2026-07-24 02:25:46.445] [debug] 
[2026-07-24 02:25:46.445] [debug] ================= [ACTUAL CAMERA STATUS] =================
[2026-07-24 02:25:46.445] [debug]   Backend API   : V4L2
[2026-07-24 02:25:46.445] [debug]   Resolution    : 1280x720
[2026-07-24 02:25:46.445] [debug]   FPS           : 30
[2026-07-24 02:25:46.445] [debug]   Video Format  : MJPG
[2026-07-24 02:25:46.445] [debug]   Exposure      : 166
[2026-07-24 02:25:46.445] [debug]   Brightness    : 0
[2026-07-24 02:25:46.445] [debug]   Contrast      : 0
[2026-07-24 02:25:46.445] [debug] ==========================================================
[2026-07-24 02:25:46.445] [debug] [main.cpp] 相机初始化完毕, 按 'ESC' 或 'q' 退出

[2026-07-24 02:25:46.445] [debug] ================= [SERIAL STATUS] =================
[2026-07-24 02:25:46.445] [error] [serial_port.cpp] 无法打开串口 /dev/ttyACM0

[2026-07-24 02:25:46.445] [error]   is_serial_open: FAILED
[2026-07-24 02:25:46.445] [debug] ===================================================

[2026-07-24 02:25:46.445] [info] [SERIAL THREAD] 相机 OK, 串口 ERROR, 有效信息 NO, 发送 255 and 255 FAILED
[2026-07-24 02:25:46.445] [info] [HttpStream] HTTP 服务器已启动，端口: 5000
[2026-07-24 02:25:46.445] [info] [HttpStream] 服务器正在 0.0.0.0:5000 监听
[2026-07-24 02:25:46.445] [info] 本机局域网 IP: 10.62.146.83  (接口: wlp0s20f3)
[2026-07-24 02:25:46.445] [debug] [main.cpp] starting 3 threads...

[2026-07-24 02:25:46.918] [warning] [serial_port.cpp] 尝试重新打开串口...
[2026-07-24 02:25:46.919] [error] [serial_port.cpp] 无法打开串口 /dev/ttyACM0

[2026-07-24 02:25:47.422] [warning] [serial_port.cpp] 尝试重新打开串口...
[2026-07-24 02:25:47.422] [error] [serial_port.cpp] 无法打开串口 /dev/ttyACM0

[2026-07-24 02:25:47.926] [warning] [serial_port.cpp] 尝试重新打开串口...
[2026-07-24 02:25:47.927] [error] [serial_port.cpp] 无法打开串口 /dev/ttyACM0

[2026-07-24 02:25:48.434] [warning] [serial_port.cpp] 尝试重新打开串口...
[2026-07-24 02:25:48.434] [error] [serial_port.cpp] 无法打开串口 /dev/ttyACM0

[2026-07-24 02:25:48.937] [warning] [serial_port.cpp] 尝试重新打开串口...
[2026-07-24 02:25:48.937] [error] [serial_port.cpp] 无法打开串口 /dev/ttyACM0

[2026-07-24 02:25:49.441] [warning] [serial_port.cpp] 尝试重新打开串口...
[2026-07-24 02:25:49.441] [error] [serial_port.cpp] 无法打开串口 /dev/ttyACM0

[2026-07-24 02:25:49.944] [warning] [serial_port.cpp] 尝试重新打开串口...
[2026-07-24 02:25:49.944] [error] [serial_port.cpp] 无法打开串口 /dev/ttyACM0

[2026-07-24 02:25:50.448] [warning] [serial_port.cpp] 尝试重新打开串口...
[2026-07-24 02:25:50.448] [error] [serial_port.cpp] 无法打开串口 /dev/ttyACM0

[2026-07-24 02:25:50.952] [warning] [serial_port.cpp] 尝试重新打开串口...
[2026-07-24 02:25:50.952] [error] [serial_port.cpp] 无法打开串口 /dev/ttyACM0

[2026-07-24 02:25:51.456] [warning] [serial_port.cpp] 尝试重新打开串口...
[2026-07-24 02:25:51.456] [error] [serial_port.cpp] 无法打开串口 /dev/ttyACM0

[2026-07-24 02:25:51.959] [warning] [serial_port.cpp] 尝试重新打开串口...
[2026-07-24 02:25:51.959] [error] [serial_port.cpp] 无法打开串口 /dev/ttyACM0

[2026-07-24 02:25:52.463] [warning] [serial_port.cpp] 尝试重新打开串口...
[2026-07-24 02:25:52.463] [error] [serial_port.cpp] 无法打开串口 /dev/ttyACM0

[2026-07-24 02:25:52.967] [warning] [serial_port.cpp] 尝试重新打开串口...
[2026-07-24 02:25:52.967] [error] [serial_port.cpp] 无法打开串口 /dev/ttyACM0

[2026-07-24 02:25:53.471] [warning] [serial_port.cpp] 尝试重新打开串口...
[2026-07-24 02:25:53.472] [error] [serial_port.cpp] 无法打开串口 /dev/ttyACM0

[2026-07-24 02:25:53.976] [warning] [serial_port.cpp] 尝试重新打开串口...
[2026-07-24 02:25:53.976] [error] [serial_port.cpp] 无法打开串口 /dev/ttyACM0

[2026-07-24 02:25:54.480] [warning] [serial_port.cpp] 尝试重新打开串口...
[2026-07-24 02:25:54.480] [error] [serial_port.cpp] 无法打开串口 /dev/ttyACM0

[2026-07-24 02:25:54.984] [warning] [serial_port.cpp] 尝试重新打开串口...
[2026-07-24 02:25:54.984] [error] [serial_port.cpp] 无法打开串口 /dev/ttyACM0

[2026-07-24 02:25:55.488] [warning] [serial_port.cpp] 尝试重新打开串口...
[2026-07-24 02:25:55.488] [error] [serial_port.cpp] 无法打开串口 /dev/ttyACM0

[2026-07-24 02:25:55.992] [warning] [serial_port.cpp] 尝试重新打开串口...
[2026-07-24 02:25:55.992] [error] [serial_port.cpp] 无法打开串口 /dev/ttyACM0

[2026-07-24 02:25:56.495] [warning] [serial_port.cpp] 尝试重新打开串口...
[2026-07-24 02:25:56.495] [error] [serial_port.cpp] 无法打开串口 /dev/ttyACM0

[2026-07-24 02:25:56.998] [warning] [serial_port.cpp] 尝试重新打开串口...
[2026-07-24 02:25:56.999] [error] [serial_port.cpp] 无法打开串口 /dev/ttyACM0

[2026-07-24 02:25:57.502] [warning] [serial_port.cpp] 尝试重新打开串口...
[2026-07-24 02:25:57.502] [error] [serial_port.cpp] 无法打开串口 /dev/ttyACM0

[2026-07-24 02:25:58.006] [warning] [serial_port.cpp] 尝试重新打开串口...
[2026-07-24 02:25:58.006] [error] [serial_port.cpp] 无法打开串口 /dev/ttyACM0

[2026-07-24 02:25:58.510] [warning] [serial_port.cpp] 尝试重新打开串口...
[2026-07-24 02:25:58.511] [error] [serial_port.cpp] 无法打开串口 /dev/ttyACM0

[2026-07-24 02:25:59.016] [warning] [serial_port.cpp] 尝试重新打开串口...
[2026-07-24 02:25:59.016] [error] [serial_port.cpp] 无法打开串口 /dev/ttyACM0

[2026-07-24 02:25:59.521] [warning] [serial_port.cpp] 尝试重新打开串口...
[2026-07-24 02:25:59.521] [error] [serial_port.cpp] 无法打开串口 /dev/ttyACM0

[2026-07-24 02:26:00.025] [warning] [serial_port.cpp] 尝试重新打开串口...
[2026-07-24 02:26:00.025] [error] [serial_port.cpp] 无法打开串口 /dev/ttyACM0

[2026-07-24 02:26:00.530] [warning] [serial_port.cpp] 尝试重新打开串口...
[2026-07-24 02:26:00.530] [error] [serial_port.cpp] 无法打开串口 /dev/ttyACM0

[2026-07-24 02:26:01.034] [warning] [serial_port.cpp] 尝试重新打开串口...
[2026-07-24 02:26:01.034] [error] [serial_port.cpp] 无法打开串口 /dev/ttyACM0

[2026-07-24 02:26:01.538] [warning] [serial_port.cpp] 尝试重新打开串口...
[2026-07-24 02:26:01.538] [error] [serial_port.cpp] 无法打开串口 /dev/ttyACM0

[2026-07-24 02:26:02.042] [warning] [serial_port.cpp] 尝试重新打开串口...
[2026-07-24 02:26:02.042] [error] [serial_port.cpp] 无法打开串口 /dev/ttyACM0

[2026-07-24 02:26:02.547] [warning] [serial_port.cpp] 尝试重新打开串口...
[2026-07-24 02:26:02.547] [error] [serial_port.cpp] 无法打开串口 /dev/ttyACM0

[2026-07-24 02:26:03.051] [warning] [serial_port.cpp] 尝试重新打开串口...
[2026-07-24 02:26:03.051] [error] [serial_port.cpp] 无法打开串口 /dev/ttyACM0

[2026-07-24 02:26:03.555] [warning] [serial_port.cpp] 尝试重新打开串口...
[2026-07-24 02:26:03.555] [error] [serial_port.cpp] 无法打开串口 /dev/ttyACM0

[2026-07-24 02:26:04.059] [warning] [serial_port.cpp] 尝试重新打开串口...
[2026-07-24 02:26:04.059] [error] [serial_port.cpp] 无法打开串口 /dev/ttyACM0

[2026-07-24 02:26:04.564] [warning] [serial_port.cpp] 尝试重新打开串口...
[2026-07-24 02:26:04.564] [error] [serial_port.cpp] 无法打开串口 /dev/ttyACM0

[2026-07-24 02:26:05.069] [warning] [serial_port.cpp] 尝试重新打开串口...
[2026-07-24 02:26:05.069] [error] [serial_port.cpp] 无法打开串口 /dev/ttyACM0

[2026-07-24 02:26:05.572] [warning] [serial_port.cpp] 尝试重新打开串口...
[2026-07-24 02:26:05.572] [error] [serial_port.cpp] 无法打开串口 /dev/ttyACM0

[2026-07-24 02:26:06.077] [warning] [serial_port.cpp] 尝试重新打开串口...
[2026-07-24 02:26:06.077] [error] [serial_port.cpp] 无法打开串口 /dev/ttyACM0

[2026-07-24 02:26:06.584] [warning] [serial_port.cpp] 尝试重新打开串口...
[2026-07-24 02:26:06.584] [error] [serial_port.cpp] 无法打开串口 /dev/ttyACM0

[2026-07-24 02:26:07.088] [warning] [serial_port.cpp] 尝试重新打开串口...
[2026-07-24 02:26:07.088] [error] [serial_port.cpp] 无法打开串口 /dev/ttyACM0

[2026-07-24 02:26:07.592] [warning] [serial_port.cpp] 尝试重新打开串口...
[2026-07-24 02:26:07.592] [error] [serial_port.cpp] 无法打开串口 /dev/ttyACM0

[2026-07-24 02:26:08.097] [warning] [serial_port.cpp] 尝试重新打开串口...
[2026-07-24 02:26:08.097] [error] [serial_port.cpp] 无法打开串口 /dev/ttyACM0

[2026-07-24 02:26:08.602] [warning] [serial_port.cpp] 尝试重新打开串口...
[2026-07-24 02:26:08.602] [error] [serial_port.cpp] 无法打开串口 /dev/ttyACM0

[2026-07-24 02:26:09.106] [warning] [serial_port.cpp] 尝试重新打开串口...
[2026-07-24 02:26:09.106] [error] [serial_port.cpp] 无法打开串口 /dev/ttyACM0

[2026-07-24 02:26:09.610] [warning] [serial_port.cpp] 尝试重新打开串口...
[2026-07-24 02:26:09.610] [error] [serial_port.cpp] 无法打开串口 /dev/ttyACM0

[2026-07-24 02:26:10.114] [warning] [serial_port.cpp] 尝试重新打开串口...
[2026-07-24 02:26:10.114] [error] [serial_port.cpp] 无法打开串口 /dev/ttyACM0

[2026-07-24 02:26:10.618] [warning] [serial_port.cpp] 尝试重新打开串口...
[2026-07-24 02:26:10.618] [error] [serial_port.cpp] 无法打开串口 /dev/ttyACM0

[2026-07-24 02:26:11.122] [warning] [serial_port.cpp] 尝试重新打开串口...
[2026-07-24 02:26:11.122] [error] [serial_port.cpp] 无法打开串口 /dev/ttyACM0

[2026-07-24 02:26:11.628] [warning] [serial_port.cpp] 尝试重新打开串口...
[2026-07-24 02:26:11.628] [error] [serial_port.cpp] 无法打开串口 /dev/ttyACM0

[2026-07-24 02:26:12.133] [warning] [serial_port.cpp] 尝试重新打开串口...
[2026-07-24 02:26:12.133] [error] [serial_port.cpp] 无法打开串口 /dev/ttyACM0

[2026-07-24 02:26:12.638] [warning] [serial_port.cpp] 尝试重新打开串口...
[2026-07-24 02:26:12.638] [error] [serial_port.cpp] 无法打开串口 /dev/ttyACM0

[2026-07-24 02:26:13.142] [warning] [serial_port.cpp] 尝试重新打开串口...
[2026-07-24 02:26:13.142] [error] [serial_port.cpp] 无法打开串口 /dev/ttyACM0

[2026-07-24 02:26:13.646] [warning] [serial_port.cpp] 尝试重新打开串口...
[2026-07-24 02:26:13.646] [error] [serial_port.cpp] 无法打开串口 /dev/ttyACM0

[2026-07-24 02:26:14.150] [warning] [serial_port.cpp] 尝试重新打开串口...
[2026-07-24 02:26:14.150] [error] [serial_port.cpp] 无法打开串口 /dev/ttyACM0

[2026-07-24 02:26:14.654] [warning] [serial_port.cpp] 尝试重新打开串口...
[2026-07-24 02:26:14.654] [error] [serial_port.cpp] 无法打开串口 /dev/ttyACM0

[2026-07-24 02:26:15.161] [warning] [serial_port.cpp] 尝试重新打开串口...
[2026-07-24 02:26:15.161] [error] [serial_port.cpp] 无法打开串口 /dev/ttyACM0

[2026-07-24 02:26:15.665] [warning] [serial_port.cpp] 尝试重新打开串口...
[2026-07-24 02:26:15.665] [error] [serial_port.cpp] 无法打开串口 /dev/ttyACM0

[2026-07-24 02:26:16.170] [warning] [serial_port.cpp] 尝试重新打开串口...
[2026-07-24 02:26:16.170] [error] [serial_port.cpp] 无法打开串口 /dev/ttyACM0

[2026-07-24 02:26:16.675] [warning] [serial_port.cpp] 尝试重新打开串口...
[2026-07-24 02:26:16.675] [error] [serial_port.cpp] 无法打开串口 /dev/ttyACM0

[2026-07-24 02:26:17.182] [warning] [serial_port.cpp] 尝试重新打开串口...
[2026-07-24 02:26:17.182] [error] [serial_port.cpp] 无法打开串口 /dev/ttyACM0

[2026-07-24 02:26:17.686] [warning] [serial_port.cpp] 尝试重新打开串口...
[2026-07-24 02:26:17.686] [error] [serial_port.cpp] 无法打开串口 /dev/ttyACM0

[2026-07-24 02:26:18.191] [warning] [serial_port.cpp] 尝试重新打开串口...
[2026-07-24 02:26:18.191] [error] [serial_port.cpp] 无法打开串口 /dev/ttyACM0

[2026-07-24 02:26:18.695] [warning] [serial_port.cpp] 尝试重新打开串口...
[2026-07-24 02:26:18.695] [error] [serial_port.cpp] 无法打开串口 /dev/ttyACM0

[2026-07-24 02:26:19.201] [warning] [serial_port.cpp] 尝试重新打开串口...
[2026-07-24 02:26:19.201] [error] [serial_port.cpp] 无法打开串口 /dev/ttyACM0

[2026-07-24 02:26:19.705] [warning] [serial_port.cpp] 尝试重新打开串口...
[2026-07-24 02:26:19.705] [error] [serial_port.cpp] 无法打开串口 /dev/ttyACM0

[2026-07-24 02:26:20.209] [warning] [serial_port.cpp] 尝试重新打开串口...
[2026-07-24 02:26:20.209] [error] [serial_port.cpp] 无法打开串口 /dev/ttyACM0

[2026-07-24 02:26:20.709] [warning] [serial_port.cpp] 尝试重新打开串口...
[2026-07-24 02:26:20.709] [error] [serial_port.cpp] 无法打开串口 /dev/ttyACM0

[2026-07-24 02:26:21.214] [warning] [serial_port.cpp] 尝试重新打开串口...
[2026-07-24 02:26:21.214] [error] [serial_port.cpp] 无法打开串口 /dev/ttyACM0

[2026-07-24 02:26:21.719] [warning] [serial_port.cpp] 尝试重新打开串口...
[2026-07-24 02:26:21.719] [error] [serial_port.cpp] 无法打开串口 /dev/ttyACM0

[2026-07-24 02:26:22.223] [warning] [serial_port.cpp] 尝试重新打开串口...
[2026-07-24 02:26:22.223] [error] [serial_port.cpp] 无法打开串口 /dev/ttyACM0

[2026-07-24 02:26:22.727] [warning] [serial_port.cpp] 尝试重新打开串口...
[2026-07-24 02:26:22.728] [error] [serial_port.cpp] 无法打开串口 /dev/ttyACM0

[2026-07-24 02:26:23.232] [warning] [serial_port.cpp] 尝试重新打开串口...
[2026-07-24 02:26:23.232] [error] [serial_port.cpp] 无法打开串口 /dev/ttyACM0

[2026-07-24 02:26:23.737] [warning] [serial_port.cpp] 尝试重新打开串口...
[2026-07-24 02:26:23.737] [error] [serial_port.cpp] 无法打开串口 /dev/ttyACM0

[2026-07-24 02:26:24.243] [warning] [serial_port.cpp] 尝试重新打开串口...
[2026-07-24 02:26:24.243] [error] [serial_port.cpp] 无法打开串口 /dev/ttyACM0

[2026-07-24 02:26:24.748] [warning] [serial_port.cpp] 尝试重新打开串口...
[2026-07-24 02:26:24.749] [error] [serial_port.cpp] 无法打开串口 /dev/ttyACM0

[2026-07-24 02:26:25.254] [warning] [serial_port.cpp] 尝试重新打开串口...
[2026-07-24 02:26:25.254] [error] [serial_port.cpp] 无法打开串口 /dev/ttyACM0

[2026-07-24 02:26:25.759] [warning] [serial_port.cpp] 尝试重新打开串口...
[2026-07-24 02:26:25.759] [error] [serial_port.cpp] 无法打开串口 /dev/ttyACM0

[2026-07-24 02:26:26.264] [warning] [serial_port.cpp] 尝试重新打开串口...
[2026-07-24 02:26:26.264] [error] [serial_port.cpp] 无法打开串口 /dev/ttyACM0

[2026-07-24 02:26:26.768] [warning] [serial_port.cpp] 尝试重新打开串口...
[2026-07-24 02:26:26.768] [error] [serial_port.cpp] 无法打开串口 /dev/ttyACM0

[2026-07-24 02:26:27.273] [warning] [serial_port.cpp] 尝试重新打开串口...
[2026-07-24 02:26:27.273] [error] [serial_port.cpp] 无法打开串口 /dev/ttyACM0

[2026-07-24 02:26:27.778] [warning] [serial_port.cpp] 尝试重新打开串口...
[2026-07-24 02:26:27.778] [error] [serial_port.cpp] 无法打开串口 /dev/ttyACM0

[2026-07-24 02:26:28.281] [warning] [serial_port.cpp] 尝试重新打开串口...
[2026-07-24 02:26:28.282] [error] [serial_port.cpp] 无法打开串口 /dev/ttyACM0

[2026-07-24 02:26:28.786] [warning] [serial_port.cpp] 尝试重新打开串口...
[2026-07-24 02:26:28.786] [error] [serial_port.cpp] 无法打开串口 /dev/ttyACM0

[2026-07-24 02:26:29.291] [warning] [serial_port.cpp] 尝试重新打开串口...
[2026-07-24 02:26:29.291] [error] [serial_port.cpp] 无法打开串口 /dev/ttyACM0

[2026-07-24 02:26:29.795] [warning] [serial_port.cpp] 尝试重新打开串口...
[2026-07-24 02:26:29.795] [error] [serial_port.cpp] 无法打开串口 /dev/ttyACM0

[2026-07-24 02:26:30.300] [warning] [serial_port.cpp] 尝试重新打开串口...
[2026-07-24 02:26:30.300] [error] [serial_port.cpp] 无法打开串口 /dev/ttyACM0

[2026-07-24 02:26:30.804] [warning] [serial_port.cpp] 尝试重新打开串口...
[2026-07-24 02:26:30.804] [error] [serial_port.cpp] 无法打开串口 /dev/ttyACM0

[2026-07-24 02:26:31.308] [warning] [serial_port.cpp] 尝试重新打开串口...
[2026-07-24 02:26:31.308] [error] [serial_port.cpp] 无法打开串口 /dev/ttyACM0

[2026-07-24 02:26:31.812] [warning] [serial_port.cpp] 尝试重新打开串口...
[2026-07-24 02:26:31.812] [error] [serial_port.cpp] 无法打开串口 /dev/ttyACM0

[2026-07-24 02:26:32.316] [warning] [serial_port.cpp] 尝试重新打开串口...
[2026-07-24 02:26:32.316] [error] [serial_port.cpp] 无法打开串口 /dev/ttyACM0

[2026-07-24 02:26:32.820] [warning] [serial_port.cpp] 尝试重新打开串口...
[2026-07-24 02:26:32.820] [error] [serial_port.cpp] 无法打开串口 /dev/ttyACM0

[2026-07-24 02:26:33.325] [warning] [serial_port.cpp] 尝试重新打开串口...
[2026-07-24 02:26:33.326] [error] [serial_port.cpp] 无法打开串口 /dev/ttyACM0

[2026-07-24 02:26:33.829] [warning] [serial_port.cpp] 尝试重新打开串口...
[2026-07-24 02:26:33.829] [error] [serial_port.cpp] 无法打开串口 /dev/ttyACM0

[2026-07-24 02:26:34.334] [warning] [serial_port.cpp] 尝试重新打开串口...
[2026-07-24 02:26:34.334] [error] [serial_port.cpp] 无法打开串口 /dev/ttyACM0

[2026-07-24 02:26:34.839] [warning] [serial_port.cpp] 尝试重新打开串口...
[2026-07-24 02:26:34.839] [error] [serial_port.cpp] 无法打开串口 /dev/ttyACM0

[2026-07-24 02:26:35.344] [warning] [serial_port.cpp] 尝试重新打开串口...
[2026-07-24 02:26:35.344] [error] [serial_port.cpp] 无法打开串口 /dev/ttyACM0

[2026-07-24 02:26:35.849] [warning] [serial_port.cpp] 尝试重新打开串口...
[2026-07-24 02:26:35.849] [error] [serial_port.cpp] 无法打开串口 /dev/ttyACM0

[2026-07-24 02:26:36.356] [warning] [serial_port.cpp] 尝试重新打开串口...
[2026-07-24 02:26:36.356] [error] [serial_port.cpp] 无法打开串口 /dev/ttyACM0

[2026-07-24 02:26:36.864] [warning] [serial_port.cpp] 尝试重新打开串口...
[2026-07-24 02:26:36.864] [error] [serial_port.cpp] 无法打开串口 /dev/ttyACM0

[2026-07-24 02:26:37.373] [warning] [serial_port.cpp] 尝试重新打开串口...
[2026-07-24 02:26:37.373] [error] [serial_port.cpp] 无法打开串口 /dev/ttyACM0

[2026-07-24 02:26:37.881] [warning] [serial_port.cpp] 尝试重新打开串口...
[2026-07-24 02:26:37.882] [error] [serial_port.cpp] 无法打开串口 /dev/ttyACM0

[2026-07-24 02:26:38.389] [warning] [serial_port.cpp] 尝试重新打开串口...
[2026-07-24 02:26:38.389] [error] [serial_port.cpp] 无法打开串口 /dev/ttyACM0

[2026-07-24 02:26:38.893] [warning] [serial_port.cpp] 尝试重新打开串口...
[2026-07-24 02:26:38.894] [error] [serial_port.cpp] 无法打开串口 /dev/ttyACM0

[2026-07-24 02:26:39.397] [warning] [serial_port.cpp] 尝试重新打开串口...
[2026-07-24 02:26:39.397] [error] [serial_port.cpp] 无法打开串口 /dev/ttyACM0

[2026-07-24 02:26:39.901] [warning] [serial_port.cpp] 尝试重新打开串口...
[2026-07-24 02:26:39.902] [error] [serial_port.cpp] 无法打开串口 /dev/ttyACM0

[2026-07-24 02:26:40.405] [warning] [serial_port.cpp] 尝试重新打开串口...
[2026-07-24 02:26:40.405] [error] [serial_port.cpp] 无法打开串口 /dev/ttyACM0

[2026-07-24 02:26:40.909] [warning] [serial_port.cpp] 尝试重新打开串口...
[2026-07-24 02:26:40.910] [error] [serial_port.cpp] 无法打开串口 /dev/ttyACM0

[2026-07-24 02:26:41.413] [warning] [serial_port.cpp] 尝试重新打开串口...
[2026-07-24 02:26:41.413] [error] [serial_port.cpp] 无法打开串口 /dev/ttyACM0

[2026-07-24 02:26:41.917] [warning] [serial_port.cpp] 尝试重新打开串口...
[2026-07-24 02:26:41.917] [error] [serial_port.cpp] 无法打开串口 /dev/ttyACM0

[2026-07-24 02:26:42.423] [warning] [serial_port.cpp] 尝试重新打开串口...
[2026-07-24 02:26:42.423] [error] [serial_port.cpp] 无法打开串口 /dev/ttyACM0

[2026-07-24 02:26:42.927] [warning] [serial_port.cpp] 尝试重新打开串口...
[2026-07-24 02:26:42.927] [error] [serial_port.cpp] 无法打开串口 /dev/ttyACM0

[2026-07-24 02:26:43.432] [warning] [serial_port.cpp] 尝试重新打开串口...
[2026-07-24 02:26:43.432] [error] [serial_port.cpp] 无法打开串口 /dev/ttyACM0

[2026-07-24 02:26:43.936] [warning] [serial_port.cpp] 尝试重新打开串口...
[2026-07-24 02:26:43.936] [error] [serial_port.cpp] 无法打开串口 /dev/ttyACM0

[2026-07-24 02:26:44.441] [warning] [serial_port.cpp] 尝试重新打开串口...
[2026-07-24 02:26:44.441] [error] [serial_port.cpp] 无法打开串口 /dev/ttyACM0

[2026-07-24 02:26:44.945] [warning] [serial_port.cpp] 尝试重新打开串口...
[2026-07-24 02:26:44.945] [error] [serial_port.cpp] 无法打开串口 /dev/ttyACM0

[2026-07-24 02:26:45.449] [warning] [serial_port.cpp] 尝试重新打开串口...
[2026-07-24 02:26:45.449] [error] [serial_port.cpp] 无法打开串口 /dev/ttyACM0

[2026-07-24 02:26:45.952] [warning] [serial_port.cpp] 尝试重新打开串口...
[2026-07-24 02:26:45.952] [error] [serial_port.cpp] 无法打开串口 /dev/ttyACM0

[2026-07-24 02:26:46.457] [warning] [serial_port.cpp] 尝试重新打开串口...
[2026-07-24 02:26:46.458] [error] [serial_port.cpp] 无法打开串口 /dev/ttyACM0

[2026-07-24 02:26:46.962] [warning] [serial_port.cpp] 尝试重新打开串口...
[2026-07-24 02:26:46.962] [error] [serial_port.cpp] 无法打开串口 /dev/ttyACM0

[2026-07-24 02:26:47.470] [warning] [serial_port.cpp] 尝试重新打开串口...
[2026-07-24 02:26:47.470] [error] [serial_port.cpp] 无法打开串口 /dev/ttyACM0

[2026-07-24 02:26:47.974] [warning] [serial_port.cpp] 尝试重新打开串口...
[2026-07-24 02:26:47.975] [error] [serial_port.cpp] 无法打开串口 /dev/ttyACM0

[2026-07-24 02:26:48.480] [warning] [serial_port.cpp] 尝试重新打开串口...
[2026-07-24 02:26:48.481] [error] [serial_port.cpp] 无法打开串口 /dev/ttyACM0

[2026-07-24 02:26:48.986] [warning] [serial_port.cpp] 尝试重新打开串口...
[2026-07-24 02:26:48.986] [error] [serial_port.cpp] 无法打开串口 /dev/ttyACM0

[2026-07-24 02:26:49.491] [warning] [serial_port.cpp] 尝试重新打开串口...
[2026-07-24 02:26:49.491] [error] [serial_port.cpp] 无法打开串口 /dev/ttyACM0

[2026-07-24 02:26:49.997] [warning] [serial_port.cpp] 尝试重新打开串口...
[2026-07-24 02:26:49.998] [error] [serial_port.cpp] 无法打开串口 /dev/ttyACM0

[2026-07-24 02:26:50.502] [warning] [serial_port.cpp] 尝试重新打开串口...
[2026-07-24 02:26:50.502] [error] [serial_port.cpp] 无法打开串口 /dev/ttyACM0

[2026-07-24 02:26:51.007] [warning] [serial_port.cpp] 尝试重新打开串口...
[2026-07-24 02:26:51.007] [error] [serial_port.cpp] 无法打开串口 /dev/ttyACM0

[2026-07-24 02:26:51.393] [debug] 

[2026-07-24 02:26:51.393] [warning] [main.cpp] 捕捉到退出信号(SIGINT)，准备退出程序...

[2026-07-24 02:26:51.444] [info] [HttpStream] HTTP 服务器已停止。
