[2026-07-21 23:51:09.951] [debug] ================= [CONFIG LOADED] =================
[2026-07-21 23:51:09.951] [debug]   Mode: PC
[2026-07-21 23:51:09.951] [debug]   Camera ID : 2
[2026-07-21 23:51:09.951] [debug]   Target Res: 1280x720
[2026-07-21 23:51:09.951] [debug]   Target Fmt: MJPG
[2026-07-21 23:51:09.951] [debug]   Target Brightness: 0
[2026-07-21 23:51:09.951] [debug]   Target Contrast: 0
[2026-07-21 23:51:09.951] [debug]   Model Path: ../models/detect.prototxt | ../models/detect.caffemodel | ../models/sr.prototxt | ../models/sr.caffemodel
[2026-07-21 23:51:09.951] [debug] ===================================================
[2026-07-21 23:51:09.960] [info] [qrcode_scanner.cpp] 微信模型加载成功
[2026-07-21 23:51:10.060] [error] [main.cpp] 初始打开相机失败, ID: 2
[2026-07-21 23:51:10.060] [debug] ================= [SERIAL STATUS] =================
[2026-07-21 23:51:10.060] [error] [serial_port.cpp] 无法打开串口 /dev/ttyACM0
[2026-07-21 23:51:10.060] [debug]   is_serial_open: FAILED
[2026-07-21 23:51:10.060] [debug] ===================================================

[2026-07-21 23:51:10.060] [debug] [main.cpp] starting threads...
[2026-07-21 23:51:10.060] [debug] ---------------------------------------
[2026-07-21 23:51:10.060] [warning] [main.cpp] 相机已断开, 0.5s 后尝试重新连接...
[2026-07-21 23:51:10.060] [info] [SERIAL THREAD] 相机 ERROR, 串口 ERROR, 有效信息 NO, 发送 238 and 238 FAILED
[2026-07-21 23:51:10.454] [warning] [serial_port.cpp] 尝试重新打开串口...
[2026-07-21 23:51:10.454] [error] [serial_port.cpp] 无法打开串口 /dev/ttyACM0
[2026-07-21 23:51:10.561] [debug] ---------------------------------------
[2026-07-21 23:51:10.561] [warning] [main.cpp] 相机已断开, 0.5s 后尝试重新连接...
[2026-07-21 23:51:10.958] [warning] [serial_port.cpp] 尝试重新打开串口...
[2026-07-21 23:51:10.959] [error] [serial_port.cpp] 无法打开串口 /dev/ttyACM0
[2026-07-21 23:51:11.061] [debug] ---------------------------------------
[2026-07-21 23:51:11.061] [warning] [main.cpp] 相机已断开, 0.5s 后尝试重新连接...
[2026-07-21 23:51:11.464] [warning] [serial_port.cpp] 尝试重新打开串口...
[2026-07-21 23:51:11.464] [error] [serial_port.cpp] 无法打开串口 /dev/ttyACM0
[2026-07-21 23:51:11.562] [debug] ---------------------------------------
[2026-07-21 23:51:11.562] [warning] [main.cpp] 相机已断开, 0.5s 后尝试重新连接...
[2026-07-21 23:51:11.970] [warning] [serial_port.cpp] 尝试重新打开串口...
[2026-07-21 23:51:11.970] [error] [serial_port.cpp] 无法打开串口 /dev/ttyACM0
[2026-07-21 23:51:12.062] [debug] ---------------------------------------
[2026-07-21 23:51:12.062] [warning] [main.cpp] 相机已断开, 0.5s 后尝试重新连接...
[2026-07-21 23:51:12.198] [debug] 

[2026-07-21 23:51:12.198] [warning] [main.cpp] 捕捉到退出信号(SIGINT)，准备退出程序...

