[2026-07-24 03:19:03.759] [debug] ================= [CONFIG LOADED] =================
[2026-07-24 03:19:03.759] [debug]   Mode: PC
[2026-07-24 03:19:03.759] [debug]   Camera ID : 2
[2026-07-24 03:19:03.759] [debug]   Target Res: 1280x720
[2026-07-24 03:19:03.759] [debug]   Target Fmt: MJPG
[2026-07-24 03:19:03.759] [debug]   Target Brightness: 0
[2026-07-24 03:19:03.759] [debug]   Target Contrast: 30
[2026-07-24 03:19:03.759] [debug]   Model Path: ../models/detect.prototxt | ../models/detect.caffemodel | ../models/sr.prototxt | ../models/sr.caffemodel

[2026-07-24 03:19:03.759] [debug]   Stream        : Port=5000, Res=960x540, Quality=60
[2026-07-24 03:19:03.759] [debug] ===================================================
[2026-07-24 03:19:03.763] [info] [qrcode_scanner.cpp] 微信模型加载成功
[2026-07-24 03:19:03.959] [debug] 
[2026-07-24 03:19:03.959] [debug] ================= [ACTUAL CAMERA STATUS] =================
[2026-07-24 03:19:03.959] [debug]   Backend API   : V4L2
[2026-07-24 03:19:03.959] [debug]   Resolution    : 1280x720
[2026-07-24 03:19:03.959] [debug]   FPS           : 30
[2026-07-24 03:19:03.959] [debug]   Video Format  : MJPG
[2026-07-24 03:19:03.959] [debug]   Exposure      : 156
[2026-07-24 03:19:03.959] [debug]   Brightness    : 0
[2026-07-24 03:19:03.959] [debug]   Contrast      : 30
[2026-07-24 03:19:03.959] [debug] ==========================================================
[2026-07-24 03:19:03.959] [debug] [main.cpp] 相机初始化完毕, 按 'ESC' 或 'q' 退出

[2026-07-24 03:19:03.959] [debug] ================= [SERIAL STATUS] =================
[2026-07-24 03:19:03.959] [info] [serial_port.cpp] 串口 /dev/ttyACM0 打开成功，波特率: 115200
[2026-07-24 03:19:03.959] [info]   is_serial_open: SUCCESS
[2026-07-24 03:19:03.959] [debug]   Port Name     : /dev/ttyACM0
[2026-07-24 03:19:03.959] [debug]   Baud Rate     : 115200
[2026-07-24 03:19:03.959] [debug] ===================================================

[2026-07-24 03:19:03.959] [info] [HttpStream] HTTP 服务器已启动，端口: 5000
[2026-07-24 03:19:03.960] [info] [SERIAL THREAD] 相机 OK, 串口 OK, 有效信息 NO, 发送 255 and 255 SUCCESSED
[2026-07-24 03:19:03.960] [info] 本机局域网 IP: 10.62.146.83  (接口: wlp0s20f3)
[2026-07-24 03:19:03.960] [info] [HttpStream] 服务器正在 0.0.0.0:5000 监听
[2026-07-24 03:19:03.960] [debug] [main.cpp] starting 3 threads...

[2026-07-24 03:19:27.725] [info] [qrcode_scanner.cpp] 检测到 RESET!!! ，已重置
[2026-07-24 03:19:28.968] [info] [qrcode_scanner.cpp] 检测到 RESET!!! ，已重置
[2026-07-24 03:19:29.245] [info] [qrcode_scanner.cpp] 检测到 RESET!!! ，已重置
[2026-07-24 03:19:30.539] [info] [qrcode_scanner.cpp] 检测到 RESET!!! ，已重置
[2026-07-24 03:19:30.557] [info] [qrcode_scanner.cpp] 检测到 RESET!!! ，已重置
[2026-07-24 03:19:30.591] [info] [qrcode_scanner.cpp] 检测到 RESET!!! ，已重置
[2026-07-24 03:19:30.622] [info] [qrcode_scanner.cpp] 检测到 RESET!!! ，已重置
[2026-07-24 03:19:30.660] [info] [qrcode_scanner.cpp] 检测到 RESET!!! ，已重置
[2026-07-24 03:19:30.691] [info] [qrcode_scanner.cpp] 检测到 RESET!!! ，已重置
[2026-07-24 03:19:30.726] [info] [qrcode_scanner.cpp] 检测到 RESET!!! ，已重置
[2026-07-24 03:19:30.757] [info] [qrcode_scanner.cpp] 检测到 RESET!!! ，已重置
[2026-07-24 03:19:30.800] [info] [qrcode_scanner.cpp] 检测到 RESET!!! ，已重置
[2026-07-24 03:19:30.821] [info] [qrcode_scanner.cpp] 检测到 RESET!!! ，已重置
[2026-07-24 03:19:30.856] [info] [qrcode_scanner.cpp] 检测到 RESET!!! ，已重置
[2026-07-24 03:19:30.891] [info] [qrcode_scanner.cpp] 检测到 RESET!!! ，已重置
[2026-07-24 03:19:30.929] [info] [qrcode_scanner.cpp] 检测到 RESET!!! ，已重置
[2026-07-24 03:19:30.956] [info] [qrcode_scanner.cpp] 检测到 RESET!!! ，已重置
[2026-07-24 03:19:30.991] [info] [qrcode_scanner.cpp] 检测到 RESET!!! ，已重置
[2026-07-24 03:19:31.023] [info] [qrcode_scanner.cpp] 检测到 RESET!!! ，已重置
[2026-07-24 03:19:31.394] [info] [qrcode_scanner.cpp] 检测到 RESET!!! ，已重置
[2026-07-24 03:19:31.424] [info] [qrcode_scanner.cpp] 检测到 RESET!!! ，已重置
[2026-07-24 03:19:31.460] [info] [qrcode_scanner.cpp] 检测到 RESET!!! ，已重置
[2026-07-24 03:19:31.493] [info] [qrcode_scanner.cpp] 检测到 RESET!!! ，已重置
[2026-07-24 03:19:31.523] [info] [qrcode_scanner.cpp] 检测到 RESET!!! ，已重置
[2026-07-24 03:19:31.557] [info] [qrcode_scanner.cpp] 检测到 RESET!!! ，已重置
[2026-07-24 03:19:31.595] [info] [qrcode_scanner.cpp] 检测到 RESET!!! ，已重置
[2026-07-24 03:19:31.624] [info] [qrcode_scanner.cpp] 检测到 RESET!!! ，已重置
[2026-07-24 03:19:31.671] [info] [qrcode_scanner.cpp] 检测到 RESET!!! ，已重置
[2026-07-24 03:19:31.689] [info] [qrcode_scanner.cpp] 检测到 RESET!!! ，已重置
[2026-07-24 03:19:37.924] [info] [qrcode_scanner.cpp] data2 更新，检测到 三个投球框 的颜色顺序: Yellow,Blue,Red
[2026-07-24 03:19:37.931] [info] [SERIAL THREAD] 相机 OK, 串口 OK, 有效信息 YES, 发送 255 and 4 SUCCESSED
[2026-07-24 03:19:38.005] [info] [qrcode_scanner.cpp] data1 更新，检测到 基础框 和 核心框 的颜色: Red,Blue
[2026-07-24 03:19:38.011] [info] [SERIAL THREAD] 相机 OK, 串口 OK, 有效信息 YES, 发送 2 and 4 SUCCESSED
[2026-07-24 03:36:26.735] [error] [main.cpp] 连续读取空帧，相机物理掉线！
[2026-07-24 03:36:26.735] [warning] [main.cpp] 相机已断开, 0.5s 后尝试重新连接...
[2026-07-24 03:36:26.744] [info] [SERIAL THREAD] 相机 ERROR, 串口 OK, 有效信息 YES, 发送 238 and 238 SUCCESSED
[2026-07-24 03:36:27.337] [warning] [main.cpp] 相机已断开, 0.5s 后尝试重新连接...
[2026-07-24 03:36:27.837] [warning] [main.cpp] 相机已断开, 0.5s 后尝试重新连接...
[2026-07-24 03:36:28.338] [warning] [main.cpp] 相机已断开, 0.5s 后尝试重新连接...
[2026-07-24 03:36:28.839] [warning] [main.cpp] 相机已断开, 0.5s 后尝试重新连接...
[2026-07-24 03:36:29.483] [debug] 
[2026-07-24 03:36:29.483] [debug] ================= [ACTUAL CAMERA STATUS] =================
[2026-07-24 03:36:29.483] [debug]   Backend API   : V4L2
[2026-07-24 03:36:29.483] [debug]   Resolution    : 1280x720
[2026-07-24 03:36:29.483] [debug]   FPS           : 30
[2026-07-24 03:36:29.483] [debug]   Video Format  : MJPG
[2026-07-24 03:36:29.483] [debug]   Exposure      : 156
[2026-07-24 03:36:29.483] [debug]   Brightness    : 0
[2026-07-24 03:36:29.483] [debug]   Contrast      : 30
[2026-07-24 03:36:29.483] [debug] ==========================================================
[2026-07-24 03:36:29.483] [debug] [main.cpp] 相机初始化完毕, 按 'ESC' 或 'q' 退出

[2026-07-24 03:36:29.483] [info] [main.cpp] 相机重连成功，恢复视觉流！
[2026-07-24 03:36:29.486] [info] [SERIAL THREAD] 相机 OK, 串口 OK, 有效信息 YES, 发送 2 and 4 SUCCESSED
[2026-07-24 03:36:30.319] [error] [main.cpp] 连续读取空帧，相机物理掉线！
[2026-07-24 03:36:30.319] [warning] [main.cpp] 相机已断开, 0.5s 后尝试重新连接...
[2026-07-24 03:36:30.324] [info] [SERIAL THREAD] 相机 ERROR, 串口 OK, 有效信息 YES, 发送 238 and 238 SUCCESSED
[2026-07-24 03:36:30.821] [warning] [main.cpp] 相机已断开, 0.5s 后尝试重新连接...
[2026-07-24 03:36:31.322] [warning] [main.cpp] 相机已断开, 0.5s 后尝试重新连接...
[2026-07-24 03:36:31.823] [warning] [main.cpp] 相机已断开, 0.5s 后尝试重新连接...
[2026-07-24 03:36:32.325] [warning] [main.cpp] 相机已断开, 0.5s 后尝试重新连接...
[2026-07-24 03:36:32.826] [warning] [main.cpp] 相机已断开, 0.5s 后尝试重新连接...
[2026-07-24 03:36:33.279] [error] [serial_port.cpp] 数据发送不完整或失败！
[2026-07-24 03:36:33.279] [warning] [serial_port.cpp] 尝试重新打开串口...
[2026-07-24 03:36:33.279] [warning] [serial_port.cpp] 串口已关闭。
[2026-07-24 03:36:33.279] [error] [serial_port.cpp] 无法打开串口 /dev/ttyACM0

[2026-07-24 03:36:33.279] [warning] [serial_port.cpp] 尝试重新打开串口...
[2026-07-24 03:36:33.279] [error] [serial_port.cpp] 无法打开串口 /dev/ttyACM0

[2026-07-24 03:36:33.279] [info] [SERIAL THREAD] 相机 ERROR, 串口 ERROR, 有效信息 YES, 发送 238 and 238 FAILED
[2026-07-24 03:36:33.326] [warning] [main.cpp] 相机已断开, 0.5s 后尝试重新连接...
[2026-07-24 03:36:33.783] [warning] [serial_port.cpp] 尝试重新打开串口...
[2026-07-24 03:36:33.783] [error] [serial_port.cpp] 无法打开串口 /dev/ttyACM0

[2026-07-24 03:36:33.827] [warning] [main.cpp] 相机已断开, 0.5s 后尝试重新连接...
[2026-07-24 03:36:34.286] [warning] [serial_port.cpp] 尝试重新打开串口...
[2026-07-24 03:36:34.286] [error] [serial_port.cpp] 无法打开串口 /dev/ttyACM0

[2026-07-24 03:36:34.327] [warning] [main.cpp] 相机已断开, 0.5s 后尝试重新连接...
[2026-07-24 03:36:34.791] [warning] [serial_port.cpp] 尝试重新打开串口...
[2026-07-24 03:36:34.791] [error] [serial_port.cpp] 无法打开串口 /dev/ttyACM0

[2026-07-24 03:36:34.828] [warning] [main.cpp] 相机已断开, 0.5s 后尝试重新连接...
[2026-07-24 03:36:35.295] [warning] [serial_port.cpp] 尝试重新打开串口...
[2026-07-24 03:36:35.295] [error] [serial_port.cpp] 无法打开串口 /dev/ttyACM0

[2026-07-24 03:36:35.329] [warning] [main.cpp] 相机已断开, 0.5s 后尝试重新连接...
[2026-07-24 03:36:35.798] [warning] [serial_port.cpp] 尝试重新打开串口...
[2026-07-24 03:36:35.798] [error] [serial_port.cpp] 无法打开串口 /dev/ttyACM0

[2026-07-24 03:36:35.829] [warning] [main.cpp] 相机已断开, 0.5s 后尝试重新连接...
[2026-07-24 03:36:36.302] [warning] [serial_port.cpp] 尝试重新打开串口...
[2026-07-24 03:36:36.302] [error] [serial_port.cpp] 无法打开串口 /dev/ttyACM0

[2026-07-24 03:36:36.330] [warning] [main.cpp] 相机已断开, 0.5s 后尝试重新连接...
[2026-07-24 03:36:36.806] [warning] [serial_port.cpp] 尝试重新打开串口...
[2026-07-24 03:36:36.806] [error] [serial_port.cpp] 无法打开串口 /dev/ttyACM0

[2026-07-24 03:36:36.830] [warning] [main.cpp] 相机已断开, 0.5s 后尝试重新连接...
[2026-07-24 03:36:37.310] [warning] [serial_port.cpp] 尝试重新打开串口...
[2026-07-24 03:36:37.311] [error] [serial_port.cpp] 无法打开串口 /dev/ttyACM0

[2026-07-24 03:36:37.331] [warning] [main.cpp] 相机已断开, 0.5s 后尝试重新连接...
[2026-07-24 03:36:37.815] [warning] [serial_port.cpp] 尝试重新打开串口...
[2026-07-24 03:36:37.815] [error] [serial_port.cpp] 无法打开串口 /dev/ttyACM0

[2026-07-24 03:36:37.832] [warning] [main.cpp] 相机已断开, 0.5s 后尝试重新连接...
[2026-07-24 03:36:38.319] [warning] [serial_port.cpp] 尝试重新打开串口...
[2026-07-24 03:36:38.319] [error] [serial_port.cpp] 无法打开串口 /dev/ttyACM0

[2026-07-24 03:36:38.332] [warning] [main.cpp] 相机已断开, 0.5s 后尝试重新连接...
[2026-07-24 03:36:38.824] [warning] [serial_port.cpp] 尝试重新打开串口...
[2026-07-24 03:36:38.824] [error] [serial_port.cpp] 无法打开串口 /dev/ttyACM0

[2026-07-24 03:36:38.833] [warning] [main.cpp] 相机已断开, 0.5s 后尝试重新连接...
[2026-07-24 03:36:39.328] [warning] [serial_port.cpp] 尝试重新打开串口...
[2026-07-24 03:36:39.328] [error] [serial_port.cpp] 无法打开串口 /dev/ttyACM0

[2026-07-24 03:36:39.334] [warning] [main.cpp] 相机已断开, 0.5s 后尝试重新连接...
[2026-07-24 03:36:39.832] [warning] [serial_port.cpp] 尝试重新打开串口...
[2026-07-24 03:36:39.832] [error] [serial_port.cpp] 无法打开串口 /dev/ttyACM0

[2026-07-24 03:36:39.834] [warning] [main.cpp] 相机已断开, 0.5s 后尝试重新连接...
[2026-07-24 03:36:40.335] [warning] [main.cpp] 相机已断开, 0.5s 后尝试重新连接...
[2026-07-24 03:36:40.335] [warning] [serial_port.cpp] 尝试重新打开串口...
[2026-07-24 03:36:40.337] [error] [serial_port.cpp] 无法打开串口 /dev/ttyACM0

[2026-07-24 03:36:40.836] [warning] [main.cpp] 相机已断开, 0.5s 后尝试重新连接...
[2026-07-24 03:36:40.840] [warning] [serial_port.cpp] 尝试重新打开串口...
[2026-07-24 03:36:40.841] [error] [serial_port.cpp] 无法打开串口 /dev/ttyACM0

[2026-07-24 03:36:41.336] [warning] [main.cpp] 相机已断开, 0.5s 后尝试重新连接...
[2026-07-24 03:36:41.346] [warning] [serial_port.cpp] 尝试重新打开串口...
[2026-07-24 03:36:41.346] [error] [serial_port.cpp] 无法打开串口 /dev/ttyACM0

[2026-07-24 03:36:41.837] [warning] [main.cpp] 相机已断开, 0.5s 后尝试重新连接...
[2026-07-24 03:36:41.851] [warning] [serial_port.cpp] 尝试重新打开串口...
[2026-07-24 03:36:41.851] [error] [serial_port.cpp] 无法打开串口 /dev/ttyACM0

[2026-07-24 03:36:42.338] [warning] [main.cpp] 相机已断开, 0.5s 后尝试重新连接...
[2026-07-24 03:36:42.355] [warning] [serial_port.cpp] 尝试重新打开串口...
[2026-07-24 03:36:42.355] [error] [serial_port.cpp] 无法打开串口 /dev/ttyACM0

[2026-07-24 03:36:42.839] [warning] [main.cpp] 相机已断开, 0.5s 后尝试重新连接...
[2026-07-24 03:36:42.859] [warning] [serial_port.cpp] 尝试重新打开串口...
[2026-07-24 03:36:42.860] [error] [serial_port.cpp] 无法打开串口 /dev/ttyACM0

[2026-07-24 03:36:43.339] [warning] [main.cpp] 相机已断开, 0.5s 后尝试重新连接...
[2026-07-24 03:36:43.363] [warning] [serial_port.cpp] 尝试重新打开串口...
[2026-07-24 03:36:43.363] [error] [serial_port.cpp] 无法打开串口 /dev/ttyACM0

[2026-07-24 03:36:43.840] [warning] [main.cpp] 相机已断开, 0.5s 后尝试重新连接...
[2026-07-24 03:36:43.866] [warning] [serial_port.cpp] 尝试重新打开串口...
[2026-07-24 03:36:43.866] [error] [serial_port.cpp] 无法打开串口 /dev/ttyACM0

[2026-07-24 03:36:44.341] [warning] [main.cpp] 相机已断开, 0.5s 后尝试重新连接...
[2026-07-24 03:36:44.370] [warning] [serial_port.cpp] 尝试重新打开串口...
[2026-07-24 03:36:44.370] [error] [serial_port.cpp] 无法打开串口 /dev/ttyACM0

[2026-07-24 03:36:44.842] [warning] [main.cpp] 相机已断开, 0.5s 后尝试重新连接...
[2026-07-24 03:36:44.873] [warning] [serial_port.cpp] 尝试重新打开串口...
[2026-07-24 03:36:44.874] [error] [serial_port.cpp] 无法打开串口 /dev/ttyACM0

[2026-07-24 03:36:45.342] [warning] [main.cpp] 相机已断开, 0.5s 后尝试重新连接...
[2026-07-24 03:36:45.377] [warning] [serial_port.cpp] 尝试重新打开串口...
[2026-07-24 03:36:45.377] [error] [serial_port.cpp] 无法打开串口 /dev/ttyACM0

[2026-07-24 03:36:45.843] [warning] [main.cpp] 相机已断开, 0.5s 后尝试重新连接...
[2026-07-24 03:36:45.880] [warning] [serial_port.cpp] 尝试重新打开串口...
[2026-07-24 03:36:45.880] [error] [serial_port.cpp] 无法打开串口 /dev/ttyACM0

[2026-07-24 03:36:46.344] [warning] [main.cpp] 相机已断开, 0.5s 后尝试重新连接...
[2026-07-24 03:36:46.384] [warning] [serial_port.cpp] 尝试重新打开串口...
[2026-07-24 03:36:46.384] [error] [serial_port.cpp] 无法打开串口 /dev/ttyACM0

[2026-07-24 03:36:46.844] [warning] [main.cpp] 相机已断开, 0.5s 后尝试重新连接...
[2026-07-24 03:36:46.887] [warning] [serial_port.cpp] 尝试重新打开串口...
[2026-07-24 03:36:46.887] [error] [serial_port.cpp] 无法打开串口 /dev/ttyACM0

[2026-07-24 03:36:47.345] [warning] [main.cpp] 相机已断开, 0.5s 后尝试重新连接...
[2026-07-24 03:36:47.391] [warning] [serial_port.cpp] 尝试重新打开串口...
[2026-07-24 03:36:47.391] [error] [serial_port.cpp] 无法打开串口 /dev/ttyACM0

[2026-07-24 03:36:47.846] [warning] [main.cpp] 相机已断开, 0.5s 后尝试重新连接...
[2026-07-24 03:36:47.894] [warning] [serial_port.cpp] 尝试重新打开串口...
[2026-07-24 03:36:47.894] [error] [serial_port.cpp] 无法打开串口 /dev/ttyACM0

[2026-07-24 03:36:48.346] [warning] [main.cpp] 相机已断开, 0.5s 后尝试重新连接...
[2026-07-24 03:36:48.398] [warning] [serial_port.cpp] 尝试重新打开串口...
[2026-07-24 03:36:48.398] [error] [serial_port.cpp] 无法打开串口 /dev/ttyACM0

[2026-07-24 03:36:48.847] [warning] [main.cpp] 相机已断开, 0.5s 后尝试重新连接...
[2026-07-24 03:36:48.902] [warning] [serial_port.cpp] 尝试重新打开串口...
[2026-07-24 03:36:48.902] [error] [serial_port.cpp] 无法打开串口 /dev/ttyACM0

[2026-07-24 03:36:49.348] [warning] [main.cpp] 相机已断开, 0.5s 后尝试重新连接...
[2026-07-24 03:36:49.407] [warning] [serial_port.cpp] 尝试重新打开串口...
[2026-07-24 03:36:49.407] [error] [serial_port.cpp] 无法打开串口 /dev/ttyACM0

[2026-07-24 03:36:49.848] [warning] [main.cpp] 相机已断开, 0.5s 后尝试重新连接...
[2026-07-24 03:36:49.911] [warning] [serial_port.cpp] 尝试重新打开串口...
[2026-07-24 03:36:49.911] [error] [serial_port.cpp] 无法打开串口 /dev/ttyACM0

[2026-07-24 03:36:50.349] [warning] [main.cpp] 相机已断开, 0.5s 后尝试重新连接...
[2026-07-24 03:36:50.416] [warning] [serial_port.cpp] 尝试重新打开串口...
[2026-07-24 03:36:50.416] [error] [serial_port.cpp] 无法打开串口 /dev/ttyACM0

[2026-07-24 03:36:50.849] [warning] [main.cpp] 相机已断开, 0.5s 后尝试重新连接...
[2026-07-24 03:36:50.921] [warning] [serial_port.cpp] 尝试重新打开串口...
[2026-07-24 03:36:50.921] [error] [serial_port.cpp] 无法打开串口 /dev/ttyACM0

[2026-07-24 03:36:51.350] [warning] [main.cpp] 相机已断开, 0.5s 后尝试重新连接...
[2026-07-24 03:36:51.425] [warning] [serial_port.cpp] 尝试重新打开串口...
[2026-07-24 03:36:51.425] [error] [serial_port.cpp] 无法打开串口 /dev/ttyACM0

[2026-07-24 03:36:51.851] [warning] [main.cpp] 相机已断开, 0.5s 后尝试重新连接...
[2026-07-24 03:36:51.929] [warning] [serial_port.cpp] 尝试重新打开串口...
[2026-07-24 03:36:51.929] [error] [serial_port.cpp] 无法打开串口 /dev/ttyACM0

[2026-07-24 03:36:52.352] [warning] [main.cpp] 相机已断开, 0.5s 后尝试重新连接...
[2026-07-24 03:36:52.434] [warning] [serial_port.cpp] 尝试重新打开串口...
[2026-07-24 03:36:52.434] [error] [serial_port.cpp] 无法打开串口 /dev/ttyACM0

[2026-07-24 03:36:52.852] [warning] [main.cpp] 相机已断开, 0.5s 后尝试重新连接...
[2026-07-24 03:36:52.938] [warning] [serial_port.cpp] 尝试重新打开串口...
[2026-07-24 03:36:52.938] [error] [serial_port.cpp] 无法打开串口 /dev/ttyACM0

[2026-07-24 03:36:53.353] [warning] [main.cpp] 相机已断开, 0.5s 后尝试重新连接...
[2026-07-24 03:36:53.443] [warning] [serial_port.cpp] 尝试重新打开串口...
[2026-07-24 03:36:53.443] [error] [serial_port.cpp] 无法打开串口 /dev/ttyACM0

[2026-07-24 03:36:53.854] [warning] [main.cpp] 相机已断开, 0.5s 后尝试重新连接...
[2026-07-24 03:36:53.947] [warning] [serial_port.cpp] 尝试重新打开串口...
[2026-07-24 03:36:53.947] [error] [serial_port.cpp] 无法打开串口 /dev/ttyACM0

[2026-07-24 03:36:54.354] [warning] [main.cpp] 相机已断开, 0.5s 后尝试重新连接...
[2026-07-24 03:36:54.452] [warning] [serial_port.cpp] 尝试重新打开串口...
[2026-07-24 03:36:54.452] [error] [serial_port.cpp] 无法打开串口 /dev/ttyACM0

[2026-07-24 03:36:54.855] [warning] [main.cpp] 相机已断开, 0.5s 后尝试重新连接...
[2026-07-24 03:36:54.956] [warning] [serial_port.cpp] 尝试重新打开串口...
[2026-07-24 03:36:54.956] [error] [serial_port.cpp] 无法打开串口 /dev/ttyACM0

[2026-07-24 03:36:55.356] [warning] [main.cpp] 相机已断开, 0.5s 后尝试重新连接...
[2026-07-24 03:36:55.460] [warning] [serial_port.cpp] 尝试重新打开串口...
[2026-07-24 03:36:55.460] [error] [serial_port.cpp] 无法打开串口 /dev/ttyACM0

[2026-07-24 03:36:55.856] [warning] [main.cpp] 相机已断开, 0.5s 后尝试重新连接...
[2026-07-24 03:36:55.963] [warning] [serial_port.cpp] 尝试重新打开串口...
[2026-07-24 03:36:55.963] [error] [serial_port.cpp] 无法打开串口 /dev/ttyACM0

[2026-07-24 03:36:56.357] [warning] [main.cpp] 相机已断开, 0.5s 后尝试重新连接...
[2026-07-24 03:36:56.467] [warning] [serial_port.cpp] 尝试重新打开串口...
[2026-07-24 03:36:56.467] [error] [serial_port.cpp] 无法打开串口 /dev/ttyACM0

[2026-07-24 03:36:56.858] [warning] [main.cpp] 相机已断开, 0.5s 后尝试重新连接...
[2026-07-24 03:36:56.970] [warning] [serial_port.cpp] 尝试重新打开串口...
[2026-07-24 03:36:56.970] [error] [serial_port.cpp] 无法打开串口 /dev/ttyACM0

[2026-07-24 03:36:57.358] [warning] [main.cpp] 相机已断开, 0.5s 后尝试重新连接...
[2026-07-24 03:36:57.474] [warning] [serial_port.cpp] 尝试重新打开串口...
[2026-07-24 03:36:57.474] [error] [serial_port.cpp] 无法打开串口 /dev/ttyACM0

[2026-07-24 03:36:57.859] [warning] [main.cpp] 相机已断开, 0.5s 后尝试重新连接...
[2026-07-24 03:36:57.977] [warning] [serial_port.cpp] 尝试重新打开串口...
[2026-07-24 03:36:57.978] [error] [serial_port.cpp] 无法打开串口 /dev/ttyACM0

[2026-07-24 03:36:58.360] [warning] [main.cpp] 相机已断开, 0.5s 后尝试重新连接...
[2026-07-24 03:36:58.481] [warning] [serial_port.cpp] 尝试重新打开串口...
[2026-07-24 03:36:58.481] [error] [serial_port.cpp] 无法打开串口 /dev/ttyACM0

[2026-07-24 03:36:58.860] [warning] [main.cpp] 相机已断开, 0.5s 后尝试重新连接...
[2026-07-24 03:36:58.985] [warning] [serial_port.cpp] 尝试重新打开串口...
[2026-07-24 03:36:58.985] [error] [serial_port.cpp] 无法打开串口 /dev/ttyACM0

[2026-07-24 03:36:59.361] [warning] [main.cpp] 相机已断开, 0.5s 后尝试重新连接...
[2026-07-24 03:36:59.488] [warning] [serial_port.cpp] 尝试重新打开串口...
[2026-07-24 03:36:59.489] [error] [serial_port.cpp] 无法打开串口 /dev/ttyACM0

[2026-07-24 03:36:59.862] [warning] [main.cpp] 相机已断开, 0.5s 后尝试重新连接...
[2026-07-24 03:36:59.993] [warning] [serial_port.cpp] 尝试重新打开串口...
[2026-07-24 03:36:59.993] [error] [serial_port.cpp] 无法打开串口 /dev/ttyACM0

[2026-07-24 03:37:00.362] [warning] [main.cpp] 相机已断开, 0.5s 后尝试重新连接...
[2026-07-24 03:37:00.496] [warning] [serial_port.cpp] 尝试重新打开串口...
[2026-07-24 03:37:00.496] [error] [serial_port.cpp] 无法打开串口 /dev/ttyACM0

[2026-07-24 03:37:00.863] [warning] [main.cpp] 相机已断开, 0.5s 后尝试重新连接...
[2026-07-24 03:37:01.000] [warning] [serial_port.cpp] 尝试重新打开串口...
[2026-07-24 03:37:01.000] [error] [serial_port.cpp] 无法打开串口 /dev/ttyACM0

[2026-07-24 03:37:01.364] [warning] [main.cpp] 相机已断开, 0.5s 后尝试重新连接...
[2026-07-24 03:37:01.503] [warning] [serial_port.cpp] 尝试重新打开串口...
[2026-07-24 03:37:01.503] [error] [serial_port.cpp] 无法打开串口 /dev/ttyACM0

[2026-07-24 03:37:01.864] [warning] [main.cpp] 相机已断开, 0.5s 后尝试重新连接...
[2026-07-24 03:37:02.007] [warning] [serial_port.cpp] 尝试重新打开串口...
[2026-07-24 03:37:02.007] [error] [serial_port.cpp] 无法打开串口 /dev/ttyACM0

[2026-07-24 03:37:02.365] [warning] [main.cpp] 相机已断开, 0.5s 后尝试重新连接...
[2026-07-24 03:37:02.511] [warning] [serial_port.cpp] 尝试重新打开串口...
[2026-07-24 03:37:02.511] [error] [serial_port.cpp] 无法打开串口 /dev/ttyACM0

[2026-07-24 03:37:02.866] [warning] [main.cpp] 相机已断开, 0.5s 后尝试重新连接...
[2026-07-24 03:37:03.014] [warning] [serial_port.cpp] 尝试重新打开串口...
[2026-07-24 03:37:03.014] [error] [serial_port.cpp] 无法打开串口 /dev/ttyACM0

[2026-07-24 03:37:03.366] [warning] [main.cpp] 相机已断开, 0.5s 后尝试重新连接...
[2026-07-24 03:37:03.517] [warning] [serial_port.cpp] 尝试重新打开串口...
[2026-07-24 03:37:03.518] [error] [serial_port.cpp] 无法打开串口 /dev/ttyACM0

[2026-07-24 03:37:03.867] [warning] [main.cpp] 相机已断开, 0.5s 后尝试重新连接...
[2026-07-24 03:37:04.021] [warning] [serial_port.cpp] 尝试重新打开串口...
[2026-07-24 03:37:04.021] [error] [serial_port.cpp] 无法打开串口 /dev/ttyACM0

[2026-07-24 03:37:04.368] [warning] [main.cpp] 相机已断开, 0.5s 后尝试重新连接...
[2026-07-24 03:37:04.525] [warning] [serial_port.cpp] 尝试重新打开串口...
[2026-07-24 03:37:04.525] [error] [serial_port.cpp] 无法打开串口 /dev/ttyACM0

[2026-07-24 03:37:04.868] [warning] [main.cpp] 相机已断开, 0.5s 后尝试重新连接...
[2026-07-24 03:37:05.028] [warning] [serial_port.cpp] 尝试重新打开串口...
[2026-07-24 03:37:05.028] [error] [serial_port.cpp] 无法打开串口 /dev/ttyACM0

[2026-07-24 03:37:05.369] [warning] [main.cpp] 相机已断开, 0.5s 后尝试重新连接...
[2026-07-24 03:37:05.532] [warning] [serial_port.cpp] 尝试重新打开串口...
[2026-07-24 03:37:05.532] [error] [serial_port.cpp] 无法打开串口 /dev/ttyACM0

[2026-07-24 03:37:05.870] [warning] [main.cpp] 相机已断开, 0.5s 后尝试重新连接...
[2026-07-24 03:37:06.036] [warning] [serial_port.cpp] 尝试重新打开串口...
[2026-07-24 03:37:06.036] [error] [serial_port.cpp] 无法打开串口 /dev/ttyACM0

[2026-07-24 03:37:06.370] [warning] [main.cpp] 相机已断开, 0.5s 后尝试重新连接...
[2026-07-24 03:37:06.540] [warning] [serial_port.cpp] 尝试重新打开串口...
[2026-07-24 03:37:06.540] [error] [serial_port.cpp] 无法打开串口 /dev/ttyACM0

[2026-07-24 03:37:06.871] [warning] [main.cpp] 相机已断开, 0.5s 后尝试重新连接...
[2026-07-24 03:37:07.043] [warning] [serial_port.cpp] 尝试重新打开串口...
[2026-07-24 03:37:07.043] [error] [serial_port.cpp] 无法打开串口 /dev/ttyACM0

[2026-07-24 03:37:07.372] [warning] [main.cpp] 相机已断开, 0.5s 后尝试重新连接...
[2026-07-24 03:37:07.547] [warning] [serial_port.cpp] 尝试重新打开串口...
[2026-07-24 03:37:07.547] [error] [serial_port.cpp] 无法打开串口 /dev/ttyACM0

[2026-07-24 03:37:07.873] [warning] [main.cpp] 相机已断开, 0.5s 后尝试重新连接...
[2026-07-24 03:37:08.050] [warning] [serial_port.cpp] 尝试重新打开串口...
[2026-07-24 03:37:08.051] [error] [serial_port.cpp] 无法打开串口 /dev/ttyACM0

[2026-07-24 03:37:08.373] [warning] [main.cpp] 相机已断开, 0.5s 后尝试重新连接...
[2026-07-24 03:37:08.554] [warning] [serial_port.cpp] 尝试重新打开串口...
[2026-07-24 03:37:08.554] [error] [serial_port.cpp] 无法打开串口 /dev/ttyACM0

[2026-07-24 03:37:08.874] [warning] [main.cpp] 相机已断开, 0.5s 后尝试重新连接...
[2026-07-24 03:37:09.057] [warning] [serial_port.cpp] 尝试重新打开串口...
[2026-07-24 03:37:09.057] [error] [serial_port.cpp] 无法打开串口 /dev/ttyACM0

[2026-07-24 03:37:09.375] [warning] [main.cpp] 相机已断开, 0.5s 后尝试重新连接...
[2026-07-24 03:37:09.561] [warning] [serial_port.cpp] 尝试重新打开串口...
[2026-07-24 03:37:09.561] [error] [serial_port.cpp] 无法打开串口 /dev/ttyACM0

[2026-07-24 03:37:09.875] [warning] [main.cpp] 相机已断开, 0.5s 后尝试重新连接...
[2026-07-24 03:37:10.064] [warning] [serial_port.cpp] 尝试重新打开串口...
[2026-07-24 03:37:10.064] [error] [serial_port.cpp] 无法打开串口 /dev/ttyACM0

[2026-07-24 03:37:10.376] [warning] [main.cpp] 相机已断开, 0.5s 后尝试重新连接...
[2026-07-24 03:37:10.568] [warning] [serial_port.cpp] 尝试重新打开串口...
[2026-07-24 03:37:10.568] [error] [serial_port.cpp] 无法打开串口 /dev/ttyACM0

[2026-07-24 03:37:10.876] [warning] [main.cpp] 相机已断开, 0.5s 后尝试重新连接...
[2026-07-24 03:37:11.072] [warning] [serial_port.cpp] 尝试重新打开串口...
[2026-07-24 03:37:11.073] [error] [serial_port.cpp] 无法打开串口 /dev/ttyACM0

[2026-07-24 03:37:11.377] [warning] [main.cpp] 相机已断开, 0.5s 后尝试重新连接...
[2026-07-24 03:37:11.576] [warning] [serial_port.cpp] 尝试重新打开串口...
[2026-07-24 03:37:11.576] [error] [serial_port.cpp] 无法打开串口 /dev/ttyACM0

[2026-07-24 03:37:11.878] [warning] [main.cpp] 相机已断开, 0.5s 后尝试重新连接...
[2026-07-24 03:37:12.080] [warning] [serial_port.cpp] 尝试重新打开串口...
[2026-07-24 03:37:12.080] [error] [serial_port.cpp] 无法打开串口 /dev/ttyACM0

[2026-07-24 03:37:12.378] [warning] [main.cpp] 相机已断开, 0.5s 后尝试重新连接...
[2026-07-24 03:37:12.583] [warning] [serial_port.cpp] 尝试重新打开串口...
[2026-07-24 03:37:12.583] [error] [serial_port.cpp] 无法打开串口 /dev/ttyACM0

[2026-07-24 03:37:12.879] [warning] [main.cpp] 相机已断开, 0.5s 后尝试重新连接...
[2026-07-24 03:37:13.087] [warning] [serial_port.cpp] 尝试重新打开串口...
[2026-07-24 03:37:13.087] [error] [serial_port.cpp] 无法打开串口 /dev/ttyACM0

[2026-07-24 03:37:13.380] [warning] [main.cpp] 相机已断开, 0.5s 后尝试重新连接...
[2026-07-24 03:37:13.591] [warning] [serial_port.cpp] 尝试重新打开串口...
[2026-07-24 03:37:13.591] [error] [serial_port.cpp] 无法打开串口 /dev/ttyACM0

[2026-07-24 03:37:13.880] [warning] [main.cpp] 相机已断开, 0.5s 后尝试重新连接...
[2026-07-24 03:37:14.095] [warning] [serial_port.cpp] 尝试重新打开串口...
[2026-07-24 03:37:14.095] [error] [serial_port.cpp] 无法打开串口 /dev/ttyACM0

[2026-07-24 03:37:14.381] [warning] [main.cpp] 相机已断开, 0.5s 后尝试重新连接...
[2026-07-24 03:37:14.599] [warning] [serial_port.cpp] 尝试重新打开串口...
[2026-07-24 03:37:14.599] [error] [serial_port.cpp] 无法打开串口 /dev/ttyACM0

[2026-07-24 03:37:14.882] [warning] [main.cpp] 相机已断开, 0.5s 后尝试重新连接...
[2026-07-24 03:37:15.104] [warning] [serial_port.cpp] 尝试重新打开串口...
[2026-07-24 03:37:15.104] [error] [serial_port.cpp] 无法打开串口 /dev/ttyACM0

[2026-07-24 03:37:15.382] [warning] [main.cpp] 相机已断开, 0.5s 后尝试重新连接...
[2026-07-24 03:37:15.608] [warning] [serial_port.cpp] 尝试重新打开串口...
[2026-07-24 03:37:15.608] [error] [serial_port.cpp] 无法打开串口 /dev/ttyACM0

[2026-07-24 03:37:15.883] [warning] [main.cpp] 相机已断开, 0.5s 后尝试重新连接...
[2026-07-24 03:37:16.112] [warning] [serial_port.cpp] 尝试重新打开串口...
[2026-07-24 03:37:16.112] [error] [serial_port.cpp] 无法打开串口 /dev/ttyACM0

[2026-07-24 03:37:16.384] [warning] [main.cpp] 相机已断开, 0.5s 后尝试重新连接...
[2026-07-24 03:37:16.616] [warning] [serial_port.cpp] 尝试重新打开串口...
[2026-07-24 03:37:16.616] [error] [serial_port.cpp] 无法打开串口 /dev/ttyACM0

[2026-07-24 03:37:16.885] [warning] [main.cpp] 相机已断开, 0.5s 后尝试重新连接...
[2026-07-24 03:37:17.119] [warning] [serial_port.cpp] 尝试重新打开串口...
[2026-07-24 03:37:17.119] [error] [serial_port.cpp] 无法打开串口 /dev/ttyACM0

[2026-07-24 03:37:17.386] [warning] [main.cpp] 相机已断开, 0.5s 后尝试重新连接...
[2026-07-24 03:37:17.623] [warning] [serial_port.cpp] 尝试重新打开串口...
[2026-07-24 03:37:17.623] [error] [serial_port.cpp] 无法打开串口 /dev/ttyACM0

[2026-07-24 03:37:17.886] [warning] [main.cpp] 相机已断开, 0.5s 后尝试重新连接...
[2026-07-24 03:37:18.126] [warning] [serial_port.cpp] 尝试重新打开串口...
[2026-07-24 03:37:18.126] [error] [serial_port.cpp] 无法打开串口 /dev/ttyACM0

[2026-07-24 03:37:18.387] [warning] [main.cpp] 相机已断开, 0.5s 后尝试重新连接...
[2026-07-24 03:37:18.630] [warning] [serial_port.cpp] 尝试重新打开串口...
[2026-07-24 03:37:18.630] [error] [serial_port.cpp] 无法打开串口 /dev/ttyACM0

[2026-07-24 03:37:18.888] [warning] [main.cpp] 相机已断开, 0.5s 后尝试重新连接...
[2026-07-24 03:37:19.134] [warning] [serial_port.cpp] 尝试重新打开串口...
[2026-07-24 03:37:19.134] [error] [serial_port.cpp] 无法打开串口 /dev/ttyACM0

[2026-07-24 03:37:19.389] [warning] [main.cpp] 相机已断开, 0.5s 后尝试重新连接...
[2026-07-24 03:37:19.637] [warning] [serial_port.cpp] 尝试重新打开串口...
[2026-07-24 03:37:19.637] [error] [serial_port.cpp] 无法打开串口 /dev/ttyACM0

[2026-07-24 03:37:19.889] [warning] [main.cpp] 相机已断开, 0.5s 后尝试重新连接...
[2026-07-24 03:37:20.141] [warning] [serial_port.cpp] 尝试重新打开串口...
[2026-07-24 03:37:20.141] [error] [serial_port.cpp] 无法打开串口 /dev/ttyACM0

[2026-07-24 03:37:20.390] [warning] [main.cpp] 相机已断开, 0.5s 后尝试重新连接...
[2026-07-24 03:37:20.644] [warning] [serial_port.cpp] 尝试重新打开串口...
[2026-07-24 03:37:20.644] [error] [serial_port.cpp] 无法打开串口 /dev/ttyACM0

[2026-07-24 03:37:20.891] [warning] [main.cpp] 相机已断开, 0.5s 后尝试重新连接...
[2026-07-24 03:37:21.148] [warning] [serial_port.cpp] 尝试重新打开串口...
[2026-07-24 03:37:21.148] [error] [serial_port.cpp] 无法打开串口 /dev/ttyACM0

[2026-07-24 03:37:21.391] [warning] [main.cpp] 相机已断开, 0.5s 后尝试重新连接...
[2026-07-24 03:37:21.652] [warning] [serial_port.cpp] 尝试重新打开串口...
[2026-07-24 03:37:21.652] [error] [serial_port.cpp] 无法打开串口 /dev/ttyACM0

[2026-07-24 03:37:21.892] [warning] [main.cpp] 相机已断开, 0.5s 后尝试重新连接...
[2026-07-24 03:37:22.156] [warning] [serial_port.cpp] 尝试重新打开串口...
[2026-07-24 03:37:22.157] [error] [serial_port.cpp] 无法打开串口 /dev/ttyACM0

[2026-07-24 03:37:22.393] [warning] [main.cpp] 相机已断开, 0.5s 后尝试重新连接...
[2026-07-24 03:37:22.661] [warning] [serial_port.cpp] 尝试重新打开串口...
[2026-07-24 03:37:22.661] [error] [serial_port.cpp] 无法打开串口 /dev/ttyACM0

[2026-07-24 03:37:22.893] [warning] [main.cpp] 相机已断开, 0.5s 后尝试重新连接...
[2026-07-24 03:37:23.165] [warning] [serial_port.cpp] 尝试重新打开串口...
[2026-07-24 03:37:23.165] [error] [serial_port.cpp] 无法打开串口 /dev/ttyACM0

[2026-07-24 03:37:23.394] [warning] [main.cpp] 相机已断开, 0.5s 后尝试重新连接...
[2026-07-24 03:37:23.668] [warning] [serial_port.cpp] 尝试重新打开串口...
[2026-07-24 03:37:23.668] [error] [serial_port.cpp] 无法打开串口 /dev/ttyACM0

[2026-07-24 03:37:23.894] [warning] [main.cpp] 相机已断开, 0.5s 后尝试重新连接...
[2026-07-24 03:37:24.172] [warning] [serial_port.cpp] 尝试重新打开串口...
[2026-07-24 03:37:24.172] [error] [serial_port.cpp] 无法打开串口 /dev/ttyACM0

[2026-07-24 03:37:24.395] [warning] [main.cpp] 相机已断开, 0.5s 后尝试重新连接...
[2026-07-24 03:37:24.675] [warning] [serial_port.cpp] 尝试重新打开串口...
[2026-07-24 03:37:24.675] [error] [serial_port.cpp] 无法打开串口 /dev/ttyACM0

[2026-07-24 03:37:24.896] [warning] [main.cpp] 相机已断开, 0.5s 后尝试重新连接...
[2026-07-24 03:37:25.179] [warning] [serial_port.cpp] 尝试重新打开串口...
[2026-07-24 03:37:25.180] [error] [serial_port.cpp] 无法打开串口 /dev/ttyACM0

[2026-07-24 03:37:25.396] [warning] [main.cpp] 相机已断开, 0.5s 后尝试重新连接...
[2026-07-24 03:37:25.684] [warning] [serial_port.cpp] 尝试重新打开串口...
[2026-07-24 03:37:25.684] [error] [serial_port.cpp] 无法打开串口 /dev/ttyACM0

[2026-07-24 03:37:25.897] [warning] [main.cpp] 相机已断开, 0.5s 后尝试重新连接...
[2026-07-24 03:37:26.188] [warning] [serial_port.cpp] 尝试重新打开串口...
[2026-07-24 03:37:26.188] [error] [serial_port.cpp] 无法打开串口 /dev/ttyACM0

[2026-07-24 03:37:26.398] [warning] [main.cpp] 相机已断开, 0.5s 后尝试重新连接...
[2026-07-24 03:37:26.692] [warning] [serial_port.cpp] 尝试重新打开串口...
[2026-07-24 03:37:26.692] [error] [serial_port.cpp] 无法打开串口 /dev/ttyACM0

[2026-07-24 03:37:26.898] [warning] [main.cpp] 相机已断开, 0.5s 后尝试重新连接...
[2026-07-24 03:37:27.197] [warning] [serial_port.cpp] 尝试重新打开串口...
[2026-07-24 03:37:27.197] [error] [serial_port.cpp] 无法打开串口 /dev/ttyACM0

[2026-07-24 03:37:27.399] [warning] [main.cpp] 相机已断开, 0.5s 后尝试重新连接...
[2026-07-24 03:37:27.701] [warning] [serial_port.cpp] 尝试重新打开串口...
[2026-07-24 03:37:27.701] [error] [serial_port.cpp] 无法打开串口 /dev/ttyACM0

[2026-07-24 03:37:27.900] [warning] [main.cpp] 相机已断开, 0.5s 后尝试重新连接...
[2026-07-24 03:37:28.205] [warning] [serial_port.cpp] 尝试重新打开串口...
[2026-07-24 03:37:28.205] [error] [serial_port.cpp] 无法打开串口 /dev/ttyACM0

[2026-07-24 03:37:28.400] [warning] [main.cpp] 相机已断开, 0.5s 后尝试重新连接...
[2026-07-24 03:37:28.708] [warning] [serial_port.cpp] 尝试重新打开串口...
[2026-07-24 03:37:28.708] [error] [serial_port.cpp] 无法打开串口 /dev/ttyACM0

[2026-07-24 03:37:28.901] [warning] [main.cpp] 相机已断开, 0.5s 后尝试重新连接...
[2026-07-24 03:37:29.212] [warning] [serial_port.cpp] 尝试重新打开串口...
[2026-07-24 03:37:29.212] [error] [serial_port.cpp] 无法打开串口 /dev/ttyACM0

[2026-07-24 03:37:29.402] [warning] [main.cpp] 相机已断开, 0.5s 后尝试重新连接...
[2026-07-24 03:37:29.715] [warning] [serial_port.cpp] 尝试重新打开串口...
[2026-07-24 03:37:29.715] [error] [serial_port.cpp] 无法打开串口 /dev/ttyACM0

[2026-07-24 03:37:29.902] [warning] [main.cpp] 相机已断开, 0.5s 后尝试重新连接...
[2026-07-24 03:37:30.219] [warning] [serial_port.cpp] 尝试重新打开串口...
[2026-07-24 03:37:30.219] [error] [serial_port.cpp] 无法打开串口 /dev/ttyACM0

[2026-07-24 03:37:30.403] [warning] [main.cpp] 相机已断开, 0.5s 后尝试重新连接...
[2026-07-24 03:37:30.722] [warning] [serial_port.cpp] 尝试重新打开串口...
[2026-07-24 03:37:30.722] [error] [serial_port.cpp] 无法打开串口 /dev/ttyACM0

[2026-07-24 03:37:30.904] [warning] [main.cpp] 相机已断开, 0.5s 后尝试重新连接...
[2026-07-24 03:37:31.227] [warning] [serial_port.cpp] 尝试重新打开串口...
[2026-07-24 03:37:31.227] [error] [serial_port.cpp] 无法打开串口 /dev/ttyACM0

[2026-07-24 03:37:31.404] [warning] [main.cpp] 相机已断开, 0.5s 后尝试重新连接...
[2026-07-24 03:37:31.731] [warning] [serial_port.cpp] 尝试重新打开串口...
[2026-07-24 03:37:31.731] [error] [serial_port.cpp] 无法打开串口 /dev/ttyACM0

[2026-07-24 03:37:31.905] [warning] [main.cpp] 相机已断开, 0.5s 后尝试重新连接...
[2026-07-24 03:37:32.235] [warning] [serial_port.cpp] 尝试重新打开串口...
[2026-07-24 03:37:32.235] [error] [serial_port.cpp] 无法打开串口 /dev/ttyACM0

[2026-07-24 03:37:32.406] [warning] [main.cpp] 相机已断开, 0.5s 后尝试重新连接...
[2026-07-24 03:37:32.739] [warning] [serial_port.cpp] 尝试重新打开串口...
[2026-07-24 03:37:32.739] [error] [serial_port.cpp] 无法打开串口 /dev/ttyACM0

[2026-07-24 03:37:32.907] [warning] [main.cpp] 相机已断开, 0.5s 后尝试重新连接...
[2026-07-24 03:37:33.243] [warning] [serial_port.cpp] 尝试重新打开串口...
[2026-07-24 03:37:33.243] [error] [serial_port.cpp] 无法打开串口 /dev/ttyACM0

[2026-07-24 03:37:33.408] [warning] [main.cpp] 相机已断开, 0.5s 后尝试重新连接...
[2026-07-24 03:37:33.748] [warning] [serial_port.cpp] 尝试重新打开串口...
[2026-07-24 03:37:33.748] [error] [serial_port.cpp] 无法打开串口 /dev/ttyACM0

[2026-07-24 03:37:33.909] [warning] [main.cpp] 相机已断开, 0.5s 后尝试重新连接...
[2026-07-24 03:37:34.252] [warning] [serial_port.cpp] 尝试重新打开串口...
[2026-07-24 03:37:34.252] [error] [serial_port.cpp] 无法打开串口 /dev/ttyACM0

[2026-07-24 03:37:34.409] [warning] [main.cpp] 相机已断开, 0.5s 后尝试重新连接...
[2026-07-24 03:37:34.756] [warning] [serial_port.cpp] 尝试重新打开串口...
[2026-07-24 03:37:34.756] [error] [serial_port.cpp] 无法打开串口 /dev/ttyACM0

[2026-07-24 03:37:34.910] [warning] [main.cpp] 相机已断开, 0.5s 后尝试重新连接...
[2026-07-24 03:37:35.260] [warning] [serial_port.cpp] 尝试重新打开串口...
[2026-07-24 03:37:35.260] [error] [serial_port.cpp] 无法打开串口 /dev/ttyACM0

[2026-07-24 03:37:35.411] [warning] [main.cpp] 相机已断开, 0.5s 后尝试重新连接...
[2026-07-24 03:37:35.763] [warning] [serial_port.cpp] 尝试重新打开串口...
[2026-07-24 03:37:35.763] [error] [serial_port.cpp] 无法打开串口 /dev/ttyACM0

[2026-07-24 03:37:35.912] [warning] [main.cpp] 相机已断开, 0.5s 后尝试重新连接...
[2026-07-24 03:37:36.267] [warning] [serial_port.cpp] 尝试重新打开串口...
[2026-07-24 03:37:36.267] [error] [serial_port.cpp] 无法打开串口 /dev/ttyACM0

[2026-07-24 03:37:36.412] [warning] [main.cpp] 相机已断开, 0.5s 后尝试重新连接...
[2026-07-24 03:37:36.771] [warning] [serial_port.cpp] 尝试重新打开串口...
[2026-07-24 03:37:36.771] [error] [serial_port.cpp] 无法打开串口 /dev/ttyACM0

[2026-07-24 03:37:36.913] [warning] [main.cpp] 相机已断开, 0.5s 后尝试重新连接...
[2026-07-24 03:37:37.275] [warning] [serial_port.cpp] 尝试重新打开串口...
[2026-07-24 03:37:37.276] [error] [serial_port.cpp] 无法打开串口 /dev/ttyACM0

[2026-07-24 03:37:37.414] [warning] [main.cpp] 相机已断开, 0.5s 后尝试重新连接...
[2026-07-24 03:37:37.780] [warning] [serial_port.cpp] 尝试重新打开串口...
[2026-07-24 03:37:37.780] [error] [serial_port.cpp] 无法打开串口 /dev/ttyACM0

[2026-07-24 03:37:37.914] [warning] [main.cpp] 相机已断开, 0.5s 后尝试重新连接...
[2026-07-24 03:37:38.284] [warning] [serial_port.cpp] 尝试重新打开串口...
[2026-07-24 03:37:38.284] [error] [serial_port.cpp] 无法打开串口 /dev/ttyACM0

[2026-07-24 03:37:38.415] [warning] [main.cpp] 相机已断开, 0.5s 后尝试重新连接...
[2026-07-24 03:37:38.787] [warning] [serial_port.cpp] 尝试重新打开串口...
[2026-07-24 03:37:38.787] [error] [serial_port.cpp] 无法打开串口 /dev/ttyACM0

[2026-07-24 03:37:38.915] [warning] [main.cpp] 相机已断开, 0.5s 后尝试重新连接...
[2026-07-24 03:37:39.291] [warning] [serial_port.cpp] 尝试重新打开串口...
[2026-07-24 03:37:39.291] [error] [serial_port.cpp] 无法打开串口 /dev/ttyACM0

[2026-07-24 03:37:39.416] [warning] [main.cpp] 相机已断开, 0.5s 后尝试重新连接...
[2026-07-24 03:37:39.794] [warning] [serial_port.cpp] 尝试重新打开串口...
[2026-07-24 03:37:39.794] [error] [serial_port.cpp] 无法打开串口 /dev/ttyACM0

[2026-07-24 03:37:39.916] [warning] [main.cpp] 相机已断开, 0.5s 后尝试重新连接...
[2026-07-24 03:37:40.299] [warning] [serial_port.cpp] 尝试重新打开串口...
[2026-07-24 03:37:40.299] [error] [serial_port.cpp] 无法打开串口 /dev/ttyACM0

[2026-07-24 03:37:40.417] [warning] [main.cpp] 相机已断开, 0.5s 后尝试重新连接...
[2026-07-24 03:37:40.803] [warning] [serial_port.cpp] 尝试重新打开串口...
[2026-07-24 03:37:40.803] [error] [serial_port.cpp] 无法打开串口 /dev/ttyACM0

[2026-07-24 03:37:40.918] [warning] [main.cpp] 相机已断开, 0.5s 后尝试重新连接...
[2026-07-24 03:37:41.307] [warning] [serial_port.cpp] 尝试重新打开串口...
[2026-07-24 03:37:41.307] [error] [serial_port.cpp] 无法打开串口 /dev/ttyACM0

[2026-07-24 03:37:41.418] [warning] [main.cpp] 相机已断开, 0.5s 后尝试重新连接...
[2026-07-24 03:37:41.811] [warning] [serial_port.cpp] 尝试重新打开串口...
[2026-07-24 03:37:41.811] [error] [serial_port.cpp] 无法打开串口 /dev/ttyACM0

[2026-07-24 03:37:41.919] [warning] [main.cpp] 相机已断开, 0.5s 后尝试重新连接...
[2026-07-24 03:37:42.314] [warning] [serial_port.cpp] 尝试重新打开串口...
[2026-07-24 03:37:42.314] [error] [serial_port.cpp] 无法打开串口 /dev/ttyACM0

[2026-07-24 03:37:42.420] [warning] [main.cpp] 相机已断开, 0.5s 后尝试重新连接...
[2026-07-24 03:37:42.818] [warning] [serial_port.cpp] 尝试重新打开串口...
[2026-07-24 03:37:42.818] [error] [serial_port.cpp] 无法打开串口 /dev/ttyACM0

[2026-07-24 03:37:42.920] [warning] [main.cpp] 相机已断开, 0.5s 后尝试重新连接...
[2026-07-24 03:37:43.321] [warning] [serial_port.cpp] 尝试重新打开串口...
[2026-07-24 03:37:43.321] [error] [serial_port.cpp] 无法打开串口 /dev/ttyACM0

[2026-07-24 03:37:43.421] [warning] [main.cpp] 相机已断开, 0.5s 后尝试重新连接...
[2026-07-24 03:37:43.825] [warning] [serial_port.cpp] 尝试重新打开串口...
[2026-07-24 03:37:43.825] [error] [serial_port.cpp] 无法打开串口 /dev/ttyACM0

[2026-07-24 03:37:43.922] [warning] [main.cpp] 相机已断开, 0.5s 后尝试重新连接...
[2026-07-24 03:37:44.328] [warning] [serial_port.cpp] 尝试重新打开串口...
[2026-07-24 03:37:44.328] [error] [serial_port.cpp] 无法打开串口 /dev/ttyACM0

[2026-07-24 03:37:44.423] [warning] [main.cpp] 相机已断开, 0.5s 后尝试重新连接...
[2026-07-24 03:37:44.832] [warning] [serial_port.cpp] 尝试重新打开串口...
[2026-07-24 03:37:44.832] [error] [serial_port.cpp] 无法打开串口 /dev/ttyACM0

[2026-07-24 03:37:44.923] [warning] [main.cpp] 相机已断开, 0.5s 后尝试重新连接...
[2026-07-24 03:37:45.336] [warning] [serial_port.cpp] 尝试重新打开串口...
[2026-07-24 03:37:45.336] [error] [serial_port.cpp] 无法打开串口 /dev/ttyACM0

[2026-07-24 03:37:45.424] [warning] [main.cpp] 相机已断开, 0.5s 后尝试重新连接...
[2026-07-24 03:37:45.839] [warning] [serial_port.cpp] 尝试重新打开串口...
[2026-07-24 03:37:45.839] [error] [serial_port.cpp] 无法打开串口 /dev/ttyACM0

[2026-07-24 03:37:45.925] [warning] [main.cpp] 相机已断开, 0.5s 后尝试重新连接...
[2026-07-24 03:37:46.343] [warning] [serial_port.cpp] 尝试重新打开串口...
[2026-07-24 03:37:46.343] [error] [serial_port.cpp] 无法打开串口 /dev/ttyACM0

[2026-07-24 03:37:46.425] [warning] [main.cpp] 相机已断开, 0.5s 后尝试重新连接...
[2026-07-24 03:37:46.847] [warning] [serial_port.cpp] 尝试重新打开串口...
[2026-07-24 03:37:46.848] [error] [serial_port.cpp] 无法打开串口 /dev/ttyACM0

[2026-07-24 03:37:46.926] [warning] [main.cpp] 相机已断开, 0.5s 后尝试重新连接...
[2026-07-24 03:37:47.352] [warning] [serial_port.cpp] 尝试重新打开串口...
[2026-07-24 03:37:47.352] [error] [serial_port.cpp] 无法打开串口 /dev/ttyACM0

[2026-07-24 03:37:47.427] [warning] [main.cpp] 相机已断开, 0.5s 后尝试重新连接...
[2026-07-24 03:37:47.855] [warning] [serial_port.cpp] 尝试重新打开串口...
[2026-07-24 03:37:47.855] [error] [serial_port.cpp] 无法打开串口 /dev/ttyACM0

[2026-07-24 03:37:47.927] [warning] [main.cpp] 相机已断开, 0.5s 后尝试重新连接...
[2026-07-24 03:37:48.359] [warning] [serial_port.cpp] 尝试重新打开串口...
[2026-07-24 03:37:48.359] [error] [serial_port.cpp] 无法打开串口 /dev/ttyACM0

[2026-07-24 03:37:48.428] [warning] [main.cpp] 相机已断开, 0.5s 后尝试重新连接...
[2026-07-24 03:37:48.862] [warning] [serial_port.cpp] 尝试重新打开串口...
[2026-07-24 03:37:48.862] [error] [serial_port.cpp] 无法打开串口 /dev/ttyACM0

[2026-07-24 03:37:48.929] [warning] [main.cpp] 相机已断开, 0.5s 后尝试重新连接...
[2026-07-24 03:37:49.366] [warning] [serial_port.cpp] 尝试重新打开串口...
[2026-07-24 03:37:49.366] [error] [serial_port.cpp] 无法打开串口 /dev/ttyACM0

[2026-07-24 03:37:49.429] [warning] [main.cpp] 相机已断开, 0.5s 后尝试重新连接...
[2026-07-24 03:37:49.870] [warning] [serial_port.cpp] 尝试重新打开串口...
[2026-07-24 03:37:49.870] [error] [serial_port.cpp] 无法打开串口 /dev/ttyACM0

[2026-07-24 03:37:49.930] [warning] [main.cpp] 相机已断开, 0.5s 后尝试重新连接...
[2026-07-24 03:37:50.373] [warning] [serial_port.cpp] 尝试重新打开串口...
[2026-07-24 03:37:50.373] [error] [serial_port.cpp] 无法打开串口 /dev/ttyACM0

[2026-07-24 03:37:50.431] [warning] [main.cpp] 相机已断开, 0.5s 后尝试重新连接...
[2026-07-24 03:37:50.877] [warning] [serial_port.cpp] 尝试重新打开串口...
[2026-07-24 03:37:50.877] [error] [serial_port.cpp] 无法打开串口 /dev/ttyACM0

[2026-07-24 03:37:50.935] [warning] [main.cpp] 相机已断开, 0.5s 后尝试重新连接...
[2026-07-24 03:37:51.381] [warning] [serial_port.cpp] 尝试重新打开串口...
[2026-07-24 03:37:51.381] [error] [serial_port.cpp] 无法打开串口 /dev/ttyACM0

[2026-07-24 03:37:51.436] [warning] [main.cpp] 相机已断开, 0.5s 后尝试重新连接...
[2026-07-24 03:37:51.884] [warning] [serial_port.cpp] 尝试重新打开串口...
[2026-07-24 03:37:51.884] [error] [serial_port.cpp] 无法打开串口 /dev/ttyACM0

[2026-07-24 03:37:51.936] [warning] [main.cpp] 相机已断开, 0.5s 后尝试重新连接...
[2026-07-24 03:37:52.388] [warning] [serial_port.cpp] 尝试重新打开串口...
[2026-07-24 03:37:52.388] [error] [serial_port.cpp] 无法打开串口 /dev/ttyACM0

[2026-07-24 03:37:52.437] [warning] [main.cpp] 相机已断开, 0.5s 后尝试重新连接...
[2026-07-24 03:37:52.892] [warning] [serial_port.cpp] 尝试重新打开串口...
[2026-07-24 03:37:52.892] [error] [serial_port.cpp] 无法打开串口 /dev/ttyACM0

[2026-07-24 03:37:52.938] [warning] [main.cpp] 相机已断开, 0.5s 后尝试重新连接...
[2026-07-24 03:37:53.395] [warning] [serial_port.cpp] 尝试重新打开串口...
[2026-07-24 03:37:53.395] [error] [serial_port.cpp] 无法打开串口 /dev/ttyACM0

[2026-07-24 03:37:53.438] [warning] [main.cpp] 相机已断开, 0.5s 后尝试重新连接...
[2026-07-24 03:37:53.899] [warning] [serial_port.cpp] 尝试重新打开串口...
[2026-07-24 03:37:53.899] [error] [serial_port.cpp] 无法打开串口 /dev/ttyACM0

[2026-07-24 03:37:53.939] [warning] [main.cpp] 相机已断开, 0.5s 后尝试重新连接...
[2026-07-24 03:37:54.402] [warning] [serial_port.cpp] 尝试重新打开串口...
[2026-07-24 03:37:54.402] [error] [serial_port.cpp] 无法打开串口 /dev/ttyACM0

[2026-07-24 03:37:54.439] [warning] [main.cpp] 相机已断开, 0.5s 后尝试重新连接...
[2026-07-24 03:37:54.905] [warning] [serial_port.cpp] 尝试重新打开串口...
[2026-07-24 03:37:54.905] [error] [serial_port.cpp] 无法打开串口 /dev/ttyACM0

[2026-07-24 03:37:54.940] [warning] [main.cpp] 相机已断开, 0.5s 后尝试重新连接...
[2026-07-24 03:37:55.409] [warning] [serial_port.cpp] 尝试重新打开串口...
[2026-07-24 03:37:55.409] [error] [serial_port.cpp] 无法打开串口 /dev/ttyACM0

[2026-07-24 03:37:55.441] [warning] [main.cpp] 相机已断开, 0.5s 后尝试重新连接...
[2026-07-24 03:37:55.912] [warning] [serial_port.cpp] 尝试重新打开串口...
[2026-07-24 03:37:55.913] [error] [serial_port.cpp] 无法打开串口 /dev/ttyACM0

[2026-07-24 03:37:55.941] [warning] [main.cpp] 相机已断开, 0.5s 后尝试重新连接...
[2026-07-24 03:37:56.416] [warning] [serial_port.cpp] 尝试重新打开串口...
[2026-07-24 03:37:56.417] [error] [serial_port.cpp] 无法打开串口 /dev/ttyACM0

[2026-07-24 03:37:56.442] [warning] [main.cpp] 相机已断开, 0.5s 后尝试重新连接...
[2026-07-24 03:37:56.920] [warning] [serial_port.cpp] 尝试重新打开串口...
[2026-07-24 03:37:56.920] [error] [serial_port.cpp] 无法打开串口 /dev/ttyACM0

[2026-07-24 03:37:56.942] [warning] [main.cpp] 相机已断开, 0.5s 后尝试重新连接...
[2026-07-24 03:37:57.424] [warning] [serial_port.cpp] 尝试重新打开串口...
[2026-07-24 03:37:57.424] [error] [serial_port.cpp] 无法打开串口 /dev/ttyACM0

[2026-07-24 03:37:57.443] [warning] [main.cpp] 相机已断开, 0.5s 后尝试重新连接...
[2026-07-24 03:37:57.929] [warning] [serial_port.cpp] 尝试重新打开串口...
[2026-07-24 03:37:57.929] [error] [serial_port.cpp] 无法打开串口 /dev/ttyACM0

[2026-07-24 03:37:57.944] [warning] [main.cpp] 相机已断开, 0.5s 后尝试重新连接...
[2026-07-24 03:37:58.433] [warning] [serial_port.cpp] 尝试重新打开串口...
[2026-07-24 03:37:58.433] [error] [serial_port.cpp] 无法打开串口 /dev/ttyACM0

[2026-07-24 03:37:58.445] [warning] [main.cpp] 相机已断开, 0.5s 后尝试重新连接...
[2026-07-24 03:37:58.937] [warning] [serial_port.cpp] 尝试重新打开串口...
[2026-07-24 03:37:58.937] [error] [serial_port.cpp] 无法打开串口 /dev/ttyACM0

[2026-07-24 03:37:58.945] [warning] [main.cpp] 相机已断开, 0.5s 后尝试重新连接...
[2026-07-24 03:37:59.442] [warning] [serial_port.cpp] 尝试重新打开串口...
[2026-07-24 03:37:59.442] [error] [serial_port.cpp] 无法打开串口 /dev/ttyACM0

[2026-07-24 03:37:59.446] [warning] [main.cpp] 相机已断开, 0.5s 后尝试重新连接...
[2026-07-24 03:37:59.946] [warning] [serial_port.cpp] 尝试重新打开串口...
[2026-07-24 03:37:59.946] [error] [serial_port.cpp] 无法打开串口 /dev/ttyACM0

[2026-07-24 03:37:59.947] [warning] [main.cpp] 相机已断开, 0.5s 后尝试重新连接...
[2026-07-24 03:38:00.447] [warning] [main.cpp] 相机已断开, 0.5s 后尝试重新连接...
[2026-07-24 03:38:00.451] [warning] [serial_port.cpp] 尝试重新打开串口...
[2026-07-24 03:38:00.451] [error] [serial_port.cpp] 无法打开串口 /dev/ttyACM0

[2026-07-24 03:38:00.948] [warning] [main.cpp] 相机已断开, 0.5s 后尝试重新连接...
[2026-07-24 03:38:00.955] [warning] [serial_port.cpp] 尝试重新打开串口...
[2026-07-24 03:38:00.972] [error] [serial_port.cpp] 无法打开串口 /dev/ttyACM0

[2026-07-24 03:38:01.449] [warning] [main.cpp] 相机已断开, 0.5s 后尝试重新连接...
[2026-07-24 03:38:01.457] [warning] [serial_port.cpp] 尝试重新打开串口...
[2026-07-24 03:38:01.457] [error] [serial_port.cpp] 无法打开串口 /dev/ttyACM0

[2026-07-24 03:38:01.949] [warning] [main.cpp] 相机已断开, 0.5s 后尝试重新连接...
[2026-07-24 03:38:01.961] [warning] [serial_port.cpp] 尝试重新打开串口...
[2026-07-24 03:38:01.961] [error] [serial_port.cpp] 无法打开串口 /dev/ttyACM0

[2026-07-24 03:38:02.450] [warning] [main.cpp] 相机已断开, 0.5s 后尝试重新连接...
[2026-07-24 03:38:02.466] [warning] [serial_port.cpp] 尝试重新打开串口...
[2026-07-24 03:38:02.466] [error] [serial_port.cpp] 无法打开串口 /dev/ttyACM0

[2026-07-24 03:38:02.951] [warning] [main.cpp] 相机已断开, 0.5s 后尝试重新连接...
[2026-07-24 03:38:02.971] [warning] [serial_port.cpp] 尝试重新打开串口...
[2026-07-24 03:38:02.971] [error] [serial_port.cpp] 无法打开串口 /dev/ttyACM0

[2026-07-24 03:38:03.452] [warning] [main.cpp] 相机已断开, 0.5s 后尝试重新连接...
[2026-07-24 03:38:03.475] [warning] [serial_port.cpp] 尝试重新打开串口...
[2026-07-24 03:38:03.475] [error] [serial_port.cpp] 无法打开串口 /dev/ttyACM0

[2026-07-24 03:38:03.953] [warning] [main.cpp] 相机已断开, 0.5s 后尝试重新连接...
[2026-07-24 03:38:03.979] [warning] [serial_port.cpp] 尝试重新打开串口...
[2026-07-24 03:38:03.979] [error] [serial_port.cpp] 无法打开串口 /dev/ttyACM0

[2026-07-24 03:38:04.453] [warning] [main.cpp] 相机已断开, 0.5s 后尝试重新连接...
[2026-07-24 03:38:04.482] [warning] [serial_port.cpp] 尝试重新打开串口...
[2026-07-24 03:38:04.482] [error] [serial_port.cpp] 无法打开串口 /dev/ttyACM0

[2026-07-24 03:38:04.954] [warning] [main.cpp] 相机已断开, 0.5s 后尝试重新连接...
[2026-07-24 03:38:04.986] [warning] [serial_port.cpp] 尝试重新打开串口...
[2026-07-24 03:38:04.986] [error] [serial_port.cpp] 无法打开串口 /dev/ttyACM0

[2026-07-24 03:38:05.455] [warning] [main.cpp] 相机已断开, 0.5s 后尝试重新连接...
[2026-07-24 03:38:05.490] [warning] [serial_port.cpp] 尝试重新打开串口...
[2026-07-24 03:38:05.490] [error] [serial_port.cpp] 无法打开串口 /dev/ttyACM0

[2026-07-24 03:38:05.955] [warning] [main.cpp] 相机已断开, 0.5s 后尝试重新连接...
[2026-07-24 03:38:05.994] [warning] [serial_port.cpp] 尝试重新打开串口...
[2026-07-24 03:38:05.994] [error] [serial_port.cpp] 无法打开串口 /dev/ttyACM0

[2026-07-24 03:38:06.456] [warning] [main.cpp] 相机已断开, 0.5s 后尝试重新连接...
[2026-07-24 03:38:06.499] [warning] [serial_port.cpp] 尝试重新打开串口...
[2026-07-24 03:38:06.499] [error] [serial_port.cpp] 无法打开串口 /dev/ttyACM0

[2026-07-24 03:38:06.957] [warning] [main.cpp] 相机已断开, 0.5s 后尝试重新连接...
[2026-07-24 03:38:07.003] [warning] [serial_port.cpp] 尝试重新打开串口...
[2026-07-24 03:38:07.003] [error] [serial_port.cpp] 无法打开串口 /dev/ttyACM0

[2026-07-24 03:38:07.457] [warning] [main.cpp] 相机已断开, 0.5s 后尝试重新连接...
[2026-07-24 03:38:07.507] [warning] [serial_port.cpp] 尝试重新打开串口...
[2026-07-24 03:38:07.507] [error] [serial_port.cpp] 无法打开串口 /dev/ttyACM0

[2026-07-24 03:38:07.958] [warning] [main.cpp] 相机已断开, 0.5s 后尝试重新连接...
[2026-07-24 03:38:08.010] [warning] [serial_port.cpp] 尝试重新打开串口...
[2026-07-24 03:38:08.011] [error] [serial_port.cpp] 无法打开串口 /dev/ttyACM0

[2026-07-24 03:38:08.458] [warning] [main.cpp] 相机已断开, 0.5s 后尝试重新连接...
[2026-07-24 03:38:08.514] [warning] [serial_port.cpp] 尝试重新打开串口...
[2026-07-24 03:38:08.514] [error] [serial_port.cpp] 无法打开串口 /dev/ttyACM0

[2026-07-24 03:38:08.959] [warning] [main.cpp] 相机已断开, 0.5s 后尝试重新连接...
[2026-07-24 03:38:09.018] [warning] [serial_port.cpp] 尝试重新打开串口...
[2026-07-24 03:38:09.018] [error] [serial_port.cpp] 无法打开串口 /dev/ttyACM0

[2026-07-24 03:38:09.460] [warning] [main.cpp] 相机已断开, 0.5s 后尝试重新连接...
[2026-07-24 03:38:09.522] [warning] [serial_port.cpp] 尝试重新打开串口...
[2026-07-24 03:38:09.522] [error] [serial_port.cpp] 无法打开串口 /dev/ttyACM0

[2026-07-24 03:38:09.960] [warning] [main.cpp] 相机已断开, 0.5s 后尝试重新连接...
[2026-07-24 03:38:10.026] [warning] [serial_port.cpp] 尝试重新打开串口...
[2026-07-24 03:38:10.026] [error] [serial_port.cpp] 无法打开串口 /dev/ttyACM0

[2026-07-24 03:38:10.461] [warning] [main.cpp] 相机已断开, 0.5s 后尝试重新连接...
[2026-07-24 03:38:10.529] [warning] [serial_port.cpp] 尝试重新打开串口...
[2026-07-24 03:38:10.529] [error] [serial_port.cpp] 无法打开串口 /dev/ttyACM0

[2026-07-24 03:38:10.962] [warning] [main.cpp] 相机已断开, 0.5s 后尝试重新连接...
[2026-07-24 03:38:11.033] [warning] [serial_port.cpp] 尝试重新打开串口...
[2026-07-24 03:38:11.033] [error] [serial_port.cpp] 无法打开串口 /dev/ttyACM0

[2026-07-24 03:38:11.463] [warning] [main.cpp] 相机已断开, 0.5s 后尝试重新连接...
[2026-07-24 03:38:11.537] [warning] [serial_port.cpp] 尝试重新打开串口...
[2026-07-24 03:38:11.537] [error] [serial_port.cpp] 无法打开串口 /dev/ttyACM0

[2026-07-24 03:38:11.963] [warning] [main.cpp] 相机已断开, 0.5s 后尝试重新连接...
[2026-07-24 03:38:12.040] [warning] [serial_port.cpp] 尝试重新打开串口...
[2026-07-24 03:38:12.040] [error] [serial_port.cpp] 无法打开串口 /dev/ttyACM0

[2026-07-24 03:38:12.464] [warning] [main.cpp] 相机已断开, 0.5s 后尝试重新连接...
[2026-07-24 03:38:12.545] [warning] [serial_port.cpp] 尝试重新打开串口...
[2026-07-24 03:38:12.545] [error] [serial_port.cpp] 无法打开串口 /dev/ttyACM0

[2026-07-24 03:38:12.965] [warning] [main.cpp] 相机已断开, 0.5s 后尝试重新连接...
[2026-07-24 03:38:13.048] [warning] [serial_port.cpp] 尝试重新打开串口...
[2026-07-24 03:38:13.048] [error] [serial_port.cpp] 无法打开串口 /dev/ttyACM0

[2026-07-24 03:38:13.465] [warning] [main.cpp] 相机已断开, 0.5s 后尝试重新连接...
[2026-07-24 03:38:13.552] [warning] [serial_port.cpp] 尝试重新打开串口...
[2026-07-24 03:38:13.552] [error] [serial_port.cpp] 无法打开串口 /dev/ttyACM0

[2026-07-24 03:38:13.966] [warning] [main.cpp] 相机已断开, 0.5s 后尝试重新连接...
[2026-07-24 03:38:14.057] [warning] [serial_port.cpp] 尝试重新打开串口...
[2026-07-24 03:38:14.057] [error] [serial_port.cpp] 无法打开串口 /dev/ttyACM0

[2026-07-24 03:38:14.467] [warning] [main.cpp] 相机已断开, 0.5s 后尝试重新连接...
[2026-07-24 03:38:14.561] [warning] [serial_port.cpp] 尝试重新打开串口...
[2026-07-24 03:38:14.561] [error] [serial_port.cpp] 无法打开串口 /dev/ttyACM0

[2026-07-24 03:38:14.968] [warning] [main.cpp] 相机已断开, 0.5s 后尝试重新连接...
[2026-07-24 03:38:15.066] [warning] [serial_port.cpp] 尝试重新打开串口...
[2026-07-24 03:38:15.066] [error] [serial_port.cpp] 无法打开串口 /dev/ttyACM0

[2026-07-24 03:38:15.468] [warning] [main.cpp] 相机已断开, 0.5s 后尝试重新连接...
[2026-07-24 03:38:15.571] [warning] [serial_port.cpp] 尝试重新打开串口...
[2026-07-24 03:38:15.571] [error] [serial_port.cpp] 无法打开串口 /dev/ttyACM0

[2026-07-24 03:38:15.969] [warning] [main.cpp] 相机已断开, 0.5s 后尝试重新连接...
[2026-07-24 03:38:16.075] [warning] [serial_port.cpp] 尝试重新打开串口...
[2026-07-24 03:38:16.075] [error] [serial_port.cpp] 无法打开串口 /dev/ttyACM0

[2026-07-24 03:38:16.470] [warning] [main.cpp] 相机已断开, 0.5s 后尝试重新连接...
[2026-07-24 03:38:16.579] [warning] [serial_port.cpp] 尝试重新打开串口...
[2026-07-24 03:38:16.579] [error] [serial_port.cpp] 无法打开串口 /dev/ttyACM0

[2026-07-24 03:38:16.971] [warning] [main.cpp] 相机已断开, 0.5s 后尝试重新连接...
[2026-07-24 03:38:17.084] [warning] [serial_port.cpp] 尝试重新打开串口...
[2026-07-24 03:38:17.084] [error] [serial_port.cpp] 无法打开串口 /dev/ttyACM0

[2026-07-24 03:38:17.472] [warning] [main.cpp] 相机已断开, 0.5s 后尝试重新连接...
[2026-07-24 03:38:17.588] [warning] [serial_port.cpp] 尝试重新打开串口...
[2026-07-24 03:38:17.588] [error] [serial_port.cpp] 无法打开串口 /dev/ttyACM0

[2026-07-24 03:38:17.972] [warning] [main.cpp] 相机已断开, 0.5s 后尝试重新连接...
[2026-07-24 03:38:18.091] [warning] [serial_port.cpp] 尝试重新打开串口...
[2026-07-24 03:38:18.091] [error] [serial_port.cpp] 无法打开串口 /dev/ttyACM0

[2026-07-24 03:38:18.473] [warning] [main.cpp] 相机已断开, 0.5s 后尝试重新连接...
[2026-07-24 03:38:18.595] [warning] [serial_port.cpp] 尝试重新打开串口...
[2026-07-24 03:38:18.595] [error] [serial_port.cpp] 无法打开串口 /dev/ttyACM0

[2026-07-24 03:38:18.974] [warning] [main.cpp] 相机已断开, 0.5s 后尝试重新连接...
[2026-07-24 03:38:19.099] [warning] [serial_port.cpp] 尝试重新打开串口...
[2026-07-24 03:38:19.099] [error] [serial_port.cpp] 无法打开串口 /dev/ttyACM0

[2026-07-24 03:38:19.474] [warning] [main.cpp] 相机已断开, 0.5s 后尝试重新连接...
[2026-07-24 03:38:19.602] [warning] [serial_port.cpp] 尝试重新打开串口...
[2026-07-24 03:38:19.602] [error] [serial_port.cpp] 无法打开串口 /dev/ttyACM0

[2026-07-24 03:38:19.975] [warning] [main.cpp] 相机已断开, 0.5s 后尝试重新连接...
[2026-07-24 03:38:20.107] [warning] [serial_port.cpp] 尝试重新打开串口...
[2026-07-24 03:38:20.107] [error] [serial_port.cpp] 无法打开串口 /dev/ttyACM0

[2026-07-24 03:38:20.476] [warning] [main.cpp] 相机已断开, 0.5s 后尝试重新连接...
[2026-07-24 03:38:20.611] [warning] [serial_port.cpp] 尝试重新打开串口...
[2026-07-24 03:38:20.611] [error] [serial_port.cpp] 无法打开串口 /dev/ttyACM0

[2026-07-24 03:38:20.976] [warning] [main.cpp] 相机已断开, 0.5s 后尝试重新连接...
[2026-07-24 03:38:21.116] [warning] [serial_port.cpp] 尝试重新打开串口...
[2026-07-24 03:38:21.116] [error] [serial_port.cpp] 无法打开串口 /dev/ttyACM0

[2026-07-24 03:38:21.477] [warning] [main.cpp] 相机已断开, 0.5s 后尝试重新连接...
[2026-07-24 03:38:21.620] [warning] [serial_port.cpp] 尝试重新打开串口...
[2026-07-24 03:38:21.620] [error] [serial_port.cpp] 无法打开串口 /dev/ttyACM0

[2026-07-24 03:38:21.978] [warning] [main.cpp] 相机已断开, 0.5s 后尝试重新连接...
[2026-07-24 03:38:22.124] [warning] [serial_port.cpp] 尝试重新打开串口...
[2026-07-24 03:38:22.124] [error] [serial_port.cpp] 无法打开串口 /dev/ttyACM0

[2026-07-24 03:38:22.478] [warning] [main.cpp] 相机已断开, 0.5s 后尝试重新连接...
[2026-07-24 03:38:22.628] [warning] [serial_port.cpp] 尝试重新打开串口...
[2026-07-24 03:38:22.628] [error] [serial_port.cpp] 无法打开串口 /dev/ttyACM0

[2026-07-24 03:38:22.979] [warning] [main.cpp] 相机已断开, 0.5s 后尝试重新连接...
[2026-07-24 03:38:23.133] [warning] [serial_port.cpp] 尝试重新打开串口...
[2026-07-24 03:38:23.133] [error] [serial_port.cpp] 无法打开串口 /dev/ttyACM0

[2026-07-24 03:38:23.479] [warning] [main.cpp] 相机已断开, 0.5s 后尝试重新连接...
[2026-07-24 03:38:23.637] [warning] [serial_port.cpp] 尝试重新打开串口...
[2026-07-24 03:38:23.637] [error] [serial_port.cpp] 无法打开串口 /dev/ttyACM0

[2026-07-24 03:38:23.980] [warning] [main.cpp] 相机已断开, 0.5s 后尝试重新连接...
[2026-07-24 03:38:24.141] [warning] [serial_port.cpp] 尝试重新打开串口...
[2026-07-24 03:38:24.141] [error] [serial_port.cpp] 无法打开串口 /dev/ttyACM0

[2026-07-24 03:38:24.481] [warning] [main.cpp] 相机已断开, 0.5s 后尝试重新连接...
[2026-07-24 03:38:24.645] [warning] [serial_port.cpp] 尝试重新打开串口...
[2026-07-24 03:38:24.646] [error] [serial_port.cpp] 无法打开串口 /dev/ttyACM0

[2026-07-24 03:38:24.981] [warning] [main.cpp] 相机已断开, 0.5s 后尝试重新连接...
[2026-07-24 03:38:25.150] [warning] [serial_port.cpp] 尝试重新打开串口...
[2026-07-24 03:38:25.150] [error] [serial_port.cpp] 无法打开串口 /dev/ttyACM0

[2026-07-24 03:38:25.482] [warning] [main.cpp] 相机已断开, 0.5s 后尝试重新连接...
[2026-07-24 03:38:25.655] [warning] [serial_port.cpp] 尝试重新打开串口...
[2026-07-24 03:38:25.655] [error] [serial_port.cpp] 无法打开串口 /dev/ttyACM0

[2026-07-24 03:38:25.983] [warning] [main.cpp] 相机已断开, 0.5s 后尝试重新连接...
[2026-07-24 03:38:26.159] [warning] [serial_port.cpp] 尝试重新打开串口...
[2026-07-24 03:38:26.159] [error] [serial_port.cpp] 无法打开串口 /dev/ttyACM0

[2026-07-24 03:38:26.484] [warning] [main.cpp] 相机已断开, 0.5s 后尝试重新连接...
[2026-07-24 03:38:26.663] [warning] [serial_port.cpp] 尝试重新打开串口...
[2026-07-24 03:38:26.663] [error] [serial_port.cpp] 无法打开串口 /dev/ttyACM0

[2026-07-24 03:38:26.984] [warning] [main.cpp] 相机已断开, 0.5s 后尝试重新连接...
[2026-07-24 03:38:27.166] [warning] [serial_port.cpp] 尝试重新打开串口...
[2026-07-24 03:38:27.166] [error] [serial_port.cpp] 无法打开串口 /dev/ttyACM0

[2026-07-24 03:38:27.485] [warning] [main.cpp] 相机已断开, 0.5s 后尝试重新连接...
[2026-07-24 03:38:27.670] [warning] [serial_port.cpp] 尝试重新打开串口...
[2026-07-24 03:38:27.670] [error] [serial_port.cpp] 无法打开串口 /dev/ttyACM0

[2026-07-24 03:38:27.986] [warning] [main.cpp] 相机已断开, 0.5s 后尝试重新连接...
[2026-07-24 03:38:28.174] [warning] [serial_port.cpp] 尝试重新打开串口...
[2026-07-24 03:38:28.174] [error] [serial_port.cpp] 无法打开串口 /dev/ttyACM0

[2026-07-24 03:38:28.486] [warning] [main.cpp] 相机已断开, 0.5s 后尝试重新连接...
[2026-07-24 03:38:28.678] [warning] [serial_port.cpp] 尝试重新打开串口...
[2026-07-24 03:38:28.678] [error] [serial_port.cpp] 无法打开串口 /dev/ttyACM0

[2026-07-24 03:38:28.987] [warning] [main.cpp] 相机已断开, 0.5s 后尝试重新连接...
[2026-07-24 03:38:29.182] [warning] [serial_port.cpp] 尝试重新打开串口...
[2026-07-24 03:38:29.183] [error] [serial_port.cpp] 无法打开串口 /dev/ttyACM0

[2026-07-24 03:38:29.488] [warning] [main.cpp] 相机已断开, 0.5s 后尝试重新连接...
[2026-07-24 03:38:29.687] [warning] [serial_port.cpp] 尝试重新打开串口...
[2026-07-24 03:38:29.687] [error] [serial_port.cpp] 无法打开串口 /dev/ttyACM0

[2026-07-24 03:38:29.989] [warning] [main.cpp] 相机已断开, 0.5s 后尝试重新连接...
[2026-07-24 03:38:30.190] [warning] [serial_port.cpp] 尝试重新打开串口...
[2026-07-24 03:38:30.191] [error] [serial_port.cpp] 无法打开串口 /dev/ttyACM0

[2026-07-24 03:38:30.489] [warning] [main.cpp] 相机已断开, 0.5s 后尝试重新连接...
[2026-07-24 03:38:30.694] [warning] [serial_port.cpp] 尝试重新打开串口...
[2026-07-24 03:38:30.694] [error] [serial_port.cpp] 无法打开串口 /dev/ttyACM0

[2026-07-24 03:38:30.990] [warning] [main.cpp] 相机已断开, 0.5s 后尝试重新连接...
[2026-07-24 03:38:31.201] [warning] [serial_port.cpp] 尝试重新打开串口...
[2026-07-24 03:38:31.202] [error] [serial_port.cpp] 无法打开串口 /dev/ttyACM0

[2026-07-24 03:38:31.490] [warning] [main.cpp] 相机已断开, 0.5s 后尝试重新连接...
[2026-07-24 03:38:31.705] [warning] [serial_port.cpp] 尝试重新打开串口...
[2026-07-24 03:38:31.705] [error] [serial_port.cpp] 无法打开串口 /dev/ttyACM0

[2026-07-24 03:38:31.991] [warning] [main.cpp] 相机已断开, 0.5s 后尝试重新连接...
[2026-07-24 03:38:32.209] [warning] [serial_port.cpp] 尝试重新打开串口...
[2026-07-24 03:38:32.209] [error] [serial_port.cpp] 无法打开串口 /dev/ttyACM0

[2026-07-24 03:38:32.492] [warning] [main.cpp] 相机已断开, 0.5s 后尝试重新连接...
[2026-07-24 03:38:32.713] [warning] [serial_port.cpp] 尝试重新打开串口...
[2026-07-24 03:38:32.714] [error] [serial_port.cpp] 无法打开串口 /dev/ttyACM0

[2026-07-24 03:38:32.992] [warning] [main.cpp] 相机已断开, 0.5s 后尝试重新连接...
[2026-07-24 03:38:33.218] [warning] [serial_port.cpp] 尝试重新打开串口...
[2026-07-24 03:38:33.218] [error] [serial_port.cpp] 无法打开串口 /dev/ttyACM0

[2026-07-24 03:38:33.493] [warning] [main.cpp] 相机已断开, 0.5s 后尝试重新连接...
[2026-07-24 03:38:33.721] [warning] [serial_port.cpp] 尝试重新打开串口...
[2026-07-24 03:38:33.721] [error] [serial_port.cpp] 无法打开串口 /dev/ttyACM0

[2026-07-24 03:38:33.994] [warning] [main.cpp] 相机已断开, 0.5s 后尝试重新连接...
[2026-07-24 03:38:34.225] [warning] [serial_port.cpp] 尝试重新打开串口...
[2026-07-24 03:38:34.225] [error] [serial_port.cpp] 无法打开串口 /dev/ttyACM0

[2026-07-24 03:38:34.495] [warning] [main.cpp] 相机已断开, 0.5s 后尝试重新连接...
[2026-07-24 03:38:34.728] [warning] [serial_port.cpp] 尝试重新打开串口...
[2026-07-24 03:38:34.729] [error] [serial_port.cpp] 无法打开串口 /dev/ttyACM0

[2026-07-24 03:38:34.995] [warning] [main.cpp] 相机已断开, 0.5s 后尝试重新连接...
[2026-07-24 03:38:35.232] [warning] [serial_port.cpp] 尝试重新打开串口...
[2026-07-24 03:38:35.232] [error] [serial_port.cpp] 无法打开串口 /dev/ttyACM0

[2026-07-24 03:38:35.496] [warning] [main.cpp] 相机已断开, 0.5s 后尝试重新连接...
[2026-07-24 03:38:35.735] [warning] [serial_port.cpp] 尝试重新打开串口...
[2026-07-24 03:38:35.735] [error] [serial_port.cpp] 无法打开串口 /dev/ttyACM0

[2026-07-24 03:38:35.997] [warning] [main.cpp] 相机已断开, 0.5s 后尝试重新连接...
[2026-07-24 03:38:36.239] [warning] [serial_port.cpp] 尝试重新打开串口...
[2026-07-24 03:38:36.239] [error] [serial_port.cpp] 无法打开串口 /dev/ttyACM0

[2026-07-24 03:38:36.497] [warning] [main.cpp] 相机已断开, 0.5s 后尝试重新连接...
[2026-07-24 03:38:36.743] [warning] [serial_port.cpp] 尝试重新打开串口...
[2026-07-24 03:38:36.743] [error] [serial_port.cpp] 无法打开串口 /dev/ttyACM0

[2026-07-24 03:38:36.998] [warning] [main.cpp] 相机已断开, 0.5s 后尝试重新连接...
[2026-07-24 03:38:37.246] [warning] [serial_port.cpp] 尝试重新打开串口...
[2026-07-24 03:38:37.246] [error] [serial_port.cpp] 无法打开串口 /dev/ttyACM0

[2026-07-24 03:38:37.499] [warning] [main.cpp] 相机已断开, 0.5s 后尝试重新连接...
[2026-07-24 03:38:37.750] [warning] [serial_port.cpp] 尝试重新打开串口...
[2026-07-24 03:38:37.750] [error] [serial_port.cpp] 无法打开串口 /dev/ttyACM0

[2026-07-24 03:38:37.999] [warning] [main.cpp] 相机已断开, 0.5s 后尝试重新连接...
[2026-07-24 03:38:38.253] [warning] [serial_port.cpp] 尝试重新打开串口...
[2026-07-24 03:38:38.253] [error] [serial_port.cpp] 无法打开串口 /dev/ttyACM0

[2026-07-24 03:38:38.500] [warning] [main.cpp] 相机已断开, 0.5s 后尝试重新连接...
[2026-07-24 03:38:38.757] [warning] [serial_port.cpp] 尝试重新打开串口...
[2026-07-24 03:38:38.757] [error] [serial_port.cpp] 无法打开串口 /dev/ttyACM0

[2026-07-24 03:38:39.001] [warning] [main.cpp] 相机已断开, 0.5s 后尝试重新连接...
[2026-07-24 03:38:39.262] [warning] [serial_port.cpp] 尝试重新打开串口...
[2026-07-24 03:38:39.262] [error] [serial_port.cpp] 无法打开串口 /dev/ttyACM0

[2026-07-24 03:38:39.501] [warning] [main.cpp] 相机已断开, 0.5s 后尝试重新连接...
[2026-07-24 03:38:39.766] [warning] [serial_port.cpp] 尝试重新打开串口...
[2026-07-24 03:38:39.766] [error] [serial_port.cpp] 无法打开串口 /dev/ttyACM0

[2026-07-24 03:38:40.002] [warning] [main.cpp] 相机已断开, 0.5s 后尝试重新连接...
[2026-07-24 03:38:40.271] [warning] [serial_port.cpp] 尝试重新打开串口...
[2026-07-24 03:38:40.271] [error] [serial_port.cpp] 无法打开串口 /dev/ttyACM0

[2026-07-24 03:38:40.503] [warning] [main.cpp] 相机已断开, 0.5s 后尝试重新连接...
[2026-07-24 03:38:40.775] [warning] [serial_port.cpp] 尝试重新打开串口...
[2026-07-24 03:38:40.775] [error] [serial_port.cpp] 无法打开串口 /dev/ttyACM0

[2026-07-24 03:38:41.003] [warning] [main.cpp] 相机已断开, 0.5s 后尝试重新连接...
[2026-07-24 03:38:41.280] [warning] [serial_port.cpp] 尝试重新打开串口...
[2026-07-24 03:38:41.280] [error] [serial_port.cpp] 无法打开串口 /dev/ttyACM0

[2026-07-24 03:38:41.504] [warning] [main.cpp] 相机已断开, 0.5s 后尝试重新连接...
[2026-07-24 03:38:41.784] [warning] [serial_port.cpp] 尝试重新打开串口...
[2026-07-24 03:38:41.785] [error] [serial_port.cpp] 无法打开串口 /dev/ttyACM0

[2026-07-24 03:38:42.004] [warning] [main.cpp] 相机已断开, 0.5s 后尝试重新连接...
[2026-07-24 03:38:42.288] [warning] [serial_port.cpp] 尝试重新打开串口...
[2026-07-24 03:38:42.288] [error] [serial_port.cpp] 无法打开串口 /dev/ttyACM0

[2026-07-24 03:38:42.505] [warning] [main.cpp] 相机已断开, 0.5s 后尝试重新连接...
[2026-07-24 03:38:42.792] [warning] [serial_port.cpp] 尝试重新打开串口...
[2026-07-24 03:38:42.792] [error] [serial_port.cpp] 无法打开串口 /dev/ttyACM0

[2026-07-24 03:38:43.006] [warning] [main.cpp] 相机已断开, 0.5s 后尝试重新连接...
[2026-07-24 03:38:43.296] [warning] [serial_port.cpp] 尝试重新打开串口...
[2026-07-24 03:38:43.296] [error] [serial_port.cpp] 无法打开串口 /dev/ttyACM0

[2026-07-24 03:38:43.506] [warning] [main.cpp] 相机已断开, 0.5s 后尝试重新连接...
[2026-07-24 03:38:43.799] [warning] [serial_port.cpp] 尝试重新打开串口...
[2026-07-24 03:38:43.799] [error] [serial_port.cpp] 无法打开串口 /dev/ttyACM0

[2026-07-24 03:38:44.007] [warning] [main.cpp] 相机已断开, 0.5s 后尝试重新连接...
[2026-07-24 03:38:44.303] [warning] [serial_port.cpp] 尝试重新打开串口...
[2026-07-24 03:38:44.303] [error] [serial_port.cpp] 无法打开串口 /dev/ttyACM0

[2026-07-24 03:38:44.507] [warning] [main.cpp] 相机已断开, 0.5s 后尝试重新连接...
[2026-07-24 03:38:44.811] [warning] [serial_port.cpp] 尝试重新打开串口...
[2026-07-24 03:38:44.811] [error] [serial_port.cpp] 无法打开串口 /dev/ttyACM0

[2026-07-24 03:38:45.008] [warning] [main.cpp] 相机已断开, 0.5s 后尝试重新连接...
[2026-07-24 03:38:45.318] [warning] [serial_port.cpp] 尝试重新打开串口...
[2026-07-24 03:38:45.319] [error] [serial_port.cpp] 无法打开串口 /dev/ttyACM0

[2026-07-24 03:38:45.509] [warning] [main.cpp] 相机已断开, 0.5s 后尝试重新连接...
[2026-07-24 03:38:45.823] [warning] [serial_port.cpp] 尝试重新打开串口...
[2026-07-24 03:38:45.823] [error] [serial_port.cpp] 无法打开串口 /dev/ttyACM0

[2026-07-24 03:38:46.010] [warning] [main.cpp] 相机已断开, 0.5s 后尝试重新连接...
[2026-07-24 03:38:46.328] [warning] [serial_port.cpp] 尝试重新打开串口...
[2026-07-24 03:38:46.328] [error] [serial_port.cpp] 无法打开串口 /dev/ttyACM0

[2026-07-24 03:38:46.510] [warning] [main.cpp] 相机已断开, 0.5s 后尝试重新连接...
[2026-07-24 03:38:46.832] [warning] [serial_port.cpp] 尝试重新打开串口...
[2026-07-24 03:38:46.832] [error] [serial_port.cpp] 无法打开串口 /dev/ttyACM0

[2026-07-24 03:38:47.011] [warning] [main.cpp] 相机已断开, 0.5s 后尝试重新连接...
[2026-07-24 03:38:47.335] [warning] [serial_port.cpp] 尝试重新打开串口...
[2026-07-24 03:38:47.335] [error] [serial_port.cpp] 无法打开串口 /dev/ttyACM0

[2026-07-24 03:38:47.511] [warning] [main.cpp] 相机已断开, 0.5s 后尝试重新连接...
[2026-07-24 03:38:47.839] [warning] [serial_port.cpp] 尝试重新打开串口...
[2026-07-24 03:38:47.839] [error] [serial_port.cpp] 无法打开串口 /dev/ttyACM0

[2026-07-24 03:38:48.012] [warning] [main.cpp] 相机已断开, 0.5s 后尝试重新连接...
[2026-07-24 03:38:48.344] [warning] [serial_port.cpp] 尝试重新打开串口...
[2026-07-24 03:38:48.344] [error] [serial_port.cpp] 无法打开串口 /dev/ttyACM0

[2026-07-24 03:38:48.513] [warning] [main.cpp] 相机已断开, 0.5s 后尝试重新连接...
[2026-07-24 03:38:48.847] [warning] [serial_port.cpp] 尝试重新打开串口...
[2026-07-24 03:38:48.847] [error] [serial_port.cpp] 无法打开串口 /dev/ttyACM0

[2026-07-24 03:38:49.013] [warning] [main.cpp] 相机已断开, 0.5s 后尝试重新连接...
[2026-07-24 03:38:49.351] [warning] [serial_port.cpp] 尝试重新打开串口...
[2026-07-24 03:38:49.351] [error] [serial_port.cpp] 无法打开串口 /dev/ttyACM0

[2026-07-24 03:38:49.514] [warning] [main.cpp] 相机已断开, 0.5s 后尝试重新连接...
[2026-07-24 03:38:49.854] [warning] [serial_port.cpp] 尝试重新打开串口...
[2026-07-24 03:38:49.854] [error] [serial_port.cpp] 无法打开串口 /dev/ttyACM0

[2026-07-24 03:38:50.014] [warning] [main.cpp] 相机已断开, 0.5s 后尝试重新连接...
[2026-07-24 03:38:50.358] [warning] [serial_port.cpp] 尝试重新打开串口...
[2026-07-24 03:38:50.358] [error] [serial_port.cpp] 无法打开串口 /dev/ttyACM0

[2026-07-24 03:38:50.515] [warning] [main.cpp] 相机已断开, 0.5s 后尝试重新连接...
[2026-07-24 03:38:50.863] [warning] [serial_port.cpp] 尝试重新打开串口...
[2026-07-24 03:38:50.863] [error] [serial_port.cpp] 无法打开串口 /dev/ttyACM0

[2026-07-24 03:38:51.016] [warning] [main.cpp] 相机已断开, 0.5s 后尝试重新连接...
[2026-07-24 03:38:51.367] [warning] [serial_port.cpp] 尝试重新打开串口...
[2026-07-24 03:38:51.367] [error] [serial_port.cpp] 无法打开串口 /dev/ttyACM0

[2026-07-24 03:38:51.516] [warning] [main.cpp] 相机已断开, 0.5s 后尝试重新连接...
[2026-07-24 03:38:51.871] [warning] [serial_port.cpp] 尝试重新打开串口...
[2026-07-24 03:38:51.871] [error] [serial_port.cpp] 无法打开串口 /dev/ttyACM0

[2026-07-24 03:38:52.017] [warning] [main.cpp] 相机已断开, 0.5s 后尝试重新连接...
[2026-07-24 03:38:52.375] [warning] [serial_port.cpp] 尝试重新打开串口...
[2026-07-24 03:38:52.375] [error] [serial_port.cpp] 无法打开串口 /dev/ttyACM0

[2026-07-24 03:38:52.518] [warning] [main.cpp] 相机已断开, 0.5s 后尝试重新连接...
[2026-07-24 03:38:52.879] [warning] [serial_port.cpp] 尝试重新打开串口...
[2026-07-24 03:38:52.879] [error] [serial_port.cpp] 无法打开串口 /dev/ttyACM0

[2026-07-24 03:38:53.018] [warning] [main.cpp] 相机已断开, 0.5s 后尝试重新连接...
[2026-07-24 03:38:53.383] [warning] [serial_port.cpp] 尝试重新打开串口...
[2026-07-24 03:38:53.383] [error] [serial_port.cpp] 无法打开串口 /dev/ttyACM0

[2026-07-24 03:38:53.519] [warning] [main.cpp] 相机已断开, 0.5s 后尝试重新连接...
[2026-07-24 03:38:53.888] [warning] [serial_port.cpp] 尝试重新打开串口...
[2026-07-24 03:38:53.888] [error] [serial_port.cpp] 无法打开串口 /dev/ttyACM0

[2026-07-24 03:38:54.020] [warning] [main.cpp] 相机已断开, 0.5s 后尝试重新连接...
[2026-07-24 03:38:54.392] [warning] [serial_port.cpp] 尝试重新打开串口...
[2026-07-24 03:38:54.392] [error] [serial_port.cpp] 无法打开串口 /dev/ttyACM0

[2026-07-24 03:38:54.521] [warning] [main.cpp] 相机已断开, 0.5s 后尝试重新连接...
[2026-07-24 03:38:54.896] [warning] [serial_port.cpp] 尝试重新打开串口...
[2026-07-24 03:38:54.896] [error] [serial_port.cpp] 无法打开串口 /dev/ttyACM0

[2026-07-24 03:38:55.021] [warning] [main.cpp] 相机已断开, 0.5s 后尝试重新连接...
[2026-07-24 03:38:55.401] [warning] [serial_port.cpp] 尝试重新打开串口...
[2026-07-24 03:38:55.401] [error] [serial_port.cpp] 无法打开串口 /dev/ttyACM0

[2026-07-24 03:38:55.522] [warning] [main.cpp] 相机已断开, 0.5s 后尝试重新连接...
[2026-07-24 03:38:55.905] [warning] [serial_port.cpp] 尝试重新打开串口...
[2026-07-24 03:38:55.905] [error] [serial_port.cpp] 无法打开串口 /dev/ttyACM0

[2026-07-24 03:38:56.023] [warning] [main.cpp] 相机已断开, 0.5s 后尝试重新连接...
[2026-07-24 03:38:56.409] [warning] [serial_port.cpp] 尝试重新打开串口...
[2026-07-24 03:38:56.409] [error] [serial_port.cpp] 无法打开串口 /dev/ttyACM0

[2026-07-24 03:38:56.524] [warning] [main.cpp] 相机已断开, 0.5s 后尝试重新连接...
[2026-07-24 03:38:56.914] [warning] [serial_port.cpp] 尝试重新打开串口...
[2026-07-24 03:38:56.914] [error] [serial_port.cpp] 无法打开串口 /dev/ttyACM0

[2026-07-24 03:38:57.024] [warning] [main.cpp] 相机已断开, 0.5s 后尝试重新连接...
[2026-07-24 03:38:57.418] [warning] [serial_port.cpp] 尝试重新打开串口...
[2026-07-24 03:38:57.418] [error] [serial_port.cpp] 无法打开串口 /dev/ttyACM0

[2026-07-24 03:38:57.525] [warning] [main.cpp] 相机已断开, 0.5s 后尝试重新连接...
[2026-07-24 03:38:57.922] [warning] [serial_port.cpp] 尝试重新打开串口...
[2026-07-24 03:38:57.923] [error] [serial_port.cpp] 无法打开串口 /dev/ttyACM0

[2026-07-24 03:38:58.026] [warning] [main.cpp] 相机已断开, 0.5s 后尝试重新连接...
[2026-07-24 03:38:58.427] [warning] [serial_port.cpp] 尝试重新打开串口...
[2026-07-24 03:38:58.427] [error] [serial_port.cpp] 无法打开串口 /dev/ttyACM0

[2026-07-24 03:38:58.527] [warning] [main.cpp] 相机已断开, 0.5s 后尝试重新连接...
[2026-07-24 03:38:58.931] [warning] [serial_port.cpp] 尝试重新打开串口...
[2026-07-24 03:38:58.931] [error] [serial_port.cpp] 无法打开串口 /dev/ttyACM0

[2026-07-24 03:38:59.028] [warning] [main.cpp] 相机已断开, 0.5s 后尝试重新连接...
[2026-07-24 03:38:59.436] [warning] [serial_port.cpp] 尝试重新打开串口...
[2026-07-24 03:38:59.436] [error] [serial_port.cpp] 无法打开串口 /dev/ttyACM0

[2026-07-24 03:38:59.529] [warning] [main.cpp] 相机已断开, 0.5s 后尝试重新连接...
[2026-07-24 03:38:59.850] [debug] 

[2026-07-24 03:38:59.850] [warning] [main.cpp] 捕捉到退出信号(SIGINT)，准备退出程序...

[2026-07-24 03:39:00.031] [info] [HttpStream] HTTP 服务器已停止。
