[2026-07-22 05:51:51.258] [debug] ================= [CONFIG LOADED] =================
[2026-07-22 05:51:51.258] [debug]   Mode: PC
[2026-07-22 05:51:51.258] [debug]   Camera ID : 2
[2026-07-22 05:51:51.258] [debug]   Target Res: 1280x720
[2026-07-22 05:51:51.258] [debug]   Target Fmt: MJPG
[2026-07-22 05:51:51.258] [debug]   Target Brightness: 0
[2026-07-22 05:51:51.258] [debug]   Target Contrast: 0
[2026-07-22 05:51:51.258] [debug]   Model Path: ../models/detect.prototxt | ../models/detect.caffemodel | ../models/sr.prototxt | ../models/sr.caffemodel
[2026-07-22 05:51:51.258] [debug] ===================================================
[2026-07-22 05:51:51.262] [info] [qrcode_scanner.cpp] 微信模型加载成功
[2026-07-22 05:51:51.404] [debug] 
[2026-07-22 05:51:51.404] [debug] ================= [ACTUAL CAMERA STATUS] =================
[2026-07-22 05:51:51.404] [debug]   Backend API   : V4L2
[2026-07-22 05:51:51.404] [debug]   Resolution    : 1280x720
[2026-07-22 05:51:51.404] [debug]   FPS           : 30
[2026-07-22 05:51:51.404] [debug]   Video Format  : MJPG
[2026-07-22 05:51:51.404] [debug]   Exposure      : 156
[2026-07-22 05:51:51.404] [debug]   Brightness    : 0
[2026-07-22 05:51:51.404] [debug]   Contrast      : 0
[2026-07-22 05:51:51.404] [debug] ==========================================================
[2026-07-22 05:51:51.404] [debug] [main.cpp] 相机初始化完毕, 按 'ESC' 或 'q' 退出

[2026-07-22 05:51:51.404] [debug] ================= [SERIAL STATUS] =================
[2026-07-22 05:51:51.404] [info] [serial_port.cpp] 串口 /dev/ttyACM0 打开成功，波特率: 115200
[2026-07-22 05:51:51.404] [info]   is_serial_open: SUCCESS
[2026-07-22 05:51:51.404] [debug]   Port Name     : /dev/ttyACM0
[2026-07-22 05:51:51.404] [debug]   Baud Rate     : 115200
[2026-07-22 05:51:51.404] [debug] ===================================================

[2026-07-22 05:51:51.404] [debug] [main.cpp] starting threads...

[2026-07-22 05:51:51.404] [info] [SERIAL THREAD] 相机 OK, 串口 OK, 有效信息 NO, 发送 255 and 255 SUCCESSED
[2026-07-22 05:51:52.436] [debug] 

[2026-07-22 05:51:52.436] [info] [main.cpp] 当前计算帧率: 15.50 FPS
[2026-07-22 05:51:53.467] [debug] 

[2026-07-22 05:51:53.467] [info] [main.cpp] 当前计算帧率: 23.28 FPS
[2026-07-22 05:51:54.469] [debug] 

[2026-07-22 05:51:54.469] [info] [main.cpp] 当前计算帧率: 22.96 FPS
[2026-07-22 05:51:55.477] [debug] 

[2026-07-22 05:51:55.477] [info] [main.cpp] 当前计算帧率: 17.85 FPS
[2026-07-22 05:51:56.505] [debug] 

[2026-07-22 05:51:56.505] [info] [main.cpp] 当前计算帧率: 27.24 FPS
[2026-07-22 05:51:57.545] [debug] 

[2026-07-22 05:51:57.545] [info] [main.cpp] 当前计算帧率: 14.43 FPS
[2026-07-22 05:51:58.600] [debug] 

[2026-07-22 05:51:58.600] [info] [main.cpp] 当前计算帧率: 11.37 FPS
[2026-07-22 05:51:59.633] [debug] 

[2026-07-22 05:51:59.633] [info] [main.cpp] 当前计算帧率: 18.39 FPS
[2026-07-22 05:52:00.735] [debug] 

[2026-07-22 05:52:00.735] [info] [main.cpp] 当前计算帧率: 14.51 FPS
[2026-07-22 05:52:01.783] [debug] 

[2026-07-22 05:52:01.783] [info] [main.cpp] 当前计算帧率: 18.14 FPS
[2026-07-22 05:52:02.799] [debug] 

[2026-07-22 05:52:02.799] [info] [main.cpp] 当前计算帧率: 16.74 FPS
[2026-07-22 05:52:03.946] [debug] 

[2026-07-22 05:52:03.946] [info] [main.cpp] 当前计算帧率: 11.33 FPS
[2026-07-22 05:52:05.070] [debug] 

[2026-07-22 05:52:05.070] [info] [main.cpp] 当前计算帧率: 7.12 FPS
[2026-07-22 05:52:05.562] [error] [serial_port.cpp] 数据发送不完整或失败！
[2026-07-22 05:52:05.562] [warning] [serial_port.cpp] 尝试重新打开串口...
[2026-07-22 05:52:05.565] [warning] [serial_port.cpp] 串口已关闭。
[2026-07-22 05:52:05.565] [error] [serial_port.cpp] 无法打开串口 /dev/ttyACM0
[2026-07-22 05:52:05.565] [warning] [serial_port.cpp] 尝试重新打开串口...
[2026-07-22 05:52:05.565] [error] [serial_port.cpp] 无法打开串口 /dev/ttyACM0
[2026-07-22 05:52:05.565] [info] [SERIAL THREAD] 相机 OK, 串口 ERROR, 有效信息 NO, 发送 255 and 255 FAILED
[2026-07-22 05:52:06.073] [warning] [serial_port.cpp] 尝试重新打开串口...
[2026-07-22 05:52:06.073] [error] [serial_port.cpp] 无法打开串口 /dev/ttyACM0
[2026-07-22 05:52:06.230] [debug] 

[2026-07-22 05:52:06.230] [info] [main.cpp] 当前计算帧率: 9.48 FPS
[2026-07-22 05:52:06.578] [warning] [serial_port.cpp] 尝试重新打开串口...
[2026-07-22 05:52:06.578] [error] [serial_port.cpp] 无法打开串口 /dev/ttyACM0
[2026-07-22 05:52:07.082] [warning] [serial_port.cpp] 尝试重新打开串口...
[2026-07-22 05:52:07.082] [error] [serial_port.cpp] 无法打开串口 /dev/ttyACM0
[2026-07-22 05:52:07.279] [debug] 

[2026-07-22 05:52:07.279] [info] [main.cpp] 当前计算帧率: 6.67 FPS
[2026-07-22 05:52:07.586] [warning] [serial_port.cpp] 尝试重新打开串口...
[2026-07-22 05:52:07.586] [error] [serial_port.cpp] 无法打开串口 /dev/ttyACM0
[2026-07-22 05:52:08.091] [warning] [serial_port.cpp] 尝试重新打开串口...
[2026-07-22 05:52:08.091] [error] [serial_port.cpp] 无法打开串口 /dev/ttyACM0
[2026-07-22 05:52:08.338] [debug] 

[2026-07-22 05:52:08.338] [info] [main.cpp] 当前计算帧率: 5.67 FPS
[2026-07-22 05:52:08.595] [warning] [serial_port.cpp] 尝试重新打开串口...
[2026-07-22 05:52:08.595] [error] [serial_port.cpp] 无法打开串口 /dev/ttyACM0
[2026-07-22 05:52:09.102] [warning] [serial_port.cpp] 尝试重新打开串口...
[2026-07-22 05:52:09.102] [info] [serial_port.cpp] 串口 /dev/ttyACM0 打开成功，波特率: 115200
[2026-07-22 05:52:09.102] [info] [SERIAL THREAD] 相机 OK, 串口 OK, 有效信息 NO, 发送 255 and 255 FAILED
[2026-07-22 05:52:09.112] [info] [SERIAL THREAD] 相机 OK, 串口 OK, 有效信息 NO, 发送 255 and 255 SUCCESSED
[2026-07-22 05:52:09.351] [debug] 

[2026-07-22 05:52:09.351] [info] [main.cpp] 当前计算帧率: 7.89 FPS
[2026-07-22 05:52:10.397] [debug] 

[2026-07-22 05:52:10.397] [info] [main.cpp] 当前计算帧率: 6.69 FPS
[2026-07-22 05:52:11.423] [debug] 

[2026-07-22 05:52:11.423] [info] [main.cpp] 当前计算帧率: 6.82 FPS
[2026-07-22 05:52:12.471] [debug] 

[2026-07-22 05:52:12.471] [info] [main.cpp] 当前计算帧率: 6.67 FPS
[2026-07-22 05:52:13.585] [debug] 

[2026-07-22 05:52:13.585] [info] [main.cpp] 当前计算帧率: 8.98 FPS
[2026-07-22 05:52:14.623] [debug] 

[2026-07-22 05:52:14.623] [info] [main.cpp] 当前计算帧率: 10.60 FPS
[2026-07-22 05:52:15.656] [debug] 

[2026-07-22 05:52:15.656] [info] [main.cpp] 当前计算帧率: 10.65 FPS
[2026-07-22 05:52:16.657] [debug] 

[2026-07-22 05:52:16.657] [info] [main.cpp] 当前计算帧率: 19.97 FPS
[2026-07-22 05:52:17.744] [debug] 

[2026-07-22 05:52:17.744] [info] [main.cpp] 当前计算帧率: 10.12 FPS
[2026-07-22 05:52:18.755] [debug] 

[2026-07-22 05:52:18.755] [info] [main.cpp] 当前计算帧率: 31.65 FPS
[2026-07-22 05:52:19.921] [debug] 

[2026-07-22 05:52:19.921] [info] [main.cpp] 当前计算帧率: 18.02 FPS
[2026-07-22 05:52:21.062] [debug] 

[2026-07-22 05:52:21.062] [info] [main.cpp] 当前计算帧率: 23.65 FPS
[2026-07-22 05:52:22.213] [debug] 

[2026-07-22 05:52:22.213] [info] [main.cpp] 当前计算帧率: 26.94 FPS
[2026-07-22 05:52:23.320] [debug] 

[2026-07-22 05:52:23.320] [info] [main.cpp] 当前计算帧率: 13.55 FPS
[2026-07-22 05:52:23.753] [error] [serial_port.cpp] 数据发送不完整或失败！
[2026-07-22 05:52:23.753] [warning] [serial_port.cpp] 尝试重新打开串口...
[2026-07-22 05:52:23.771] [warning] [serial_port.cpp] 串口已关闭。
[2026-07-22 05:52:23.772] [error] [serial_port.cpp] 无法打开串口 /dev/ttyACM0
[2026-07-22 05:52:23.772] [warning] [serial_port.cpp] 尝试重新打开串口...
[2026-07-22 05:52:23.772] [error] [serial_port.cpp] 无法打开串口 /dev/ttyACM0
[2026-07-22 05:52:23.772] [info] [SERIAL THREAD] 相机 OK, 串口 ERROR, 有效信息 NO, 发送 255 and 255 FAILED
[2026-07-22 05:52:24.276] [warning] [serial_port.cpp] 尝试重新打开串口...
[2026-07-22 05:52:24.276] [error] [serial_port.cpp] 无法打开串口 /dev/ttyACM0
[2026-07-22 05:52:24.464] [debug] 

[2026-07-22 05:52:24.464] [info] [main.cpp] 当前计算帧率: 13.99 FPS
[2026-07-22 05:52:24.783] [warning] [serial_port.cpp] 尝试重新打开串口...
[2026-07-22 05:52:24.783] [error] [serial_port.cpp] 无法打开串口 /dev/ttyACM0
[2026-07-22 05:52:25.287] [warning] [serial_port.cpp] 尝试重新打开串口...
[2026-07-22 05:52:25.287] [error] [serial_port.cpp] 无法打开串口 /dev/ttyACM0
[2026-07-22 05:52:25.613] [debug] 

[2026-07-22 05:52:25.613] [info] [main.cpp] 当前计算帧率: 12.18 FPS
[2026-07-22 05:52:25.791] [warning] [serial_port.cpp] 尝试重新打开串口...
[2026-07-22 05:52:25.791] [error] [serial_port.cpp] 无法打开串口 /dev/ttyACM0
[2026-07-22 05:52:26.296] [warning] [serial_port.cpp] 尝试重新打开串口...
[2026-07-22 05:52:26.296] [info] [serial_port.cpp] 串口 /dev/ttyACM0 打开成功，波特率: 115200
[2026-07-22 05:52:26.296] [info] [SERIAL THREAD] 相机 OK, 串口 OK, 有效信息 NO, 发送 255 and 255 FAILED
[2026-07-22 05:52:26.307] [info] [SERIAL THREAD] 相机 OK, 串口 OK, 有效信息 NO, 发送 255 and 255 SUCCESSED
[2026-07-22 05:52:26.750] [debug] 

[2026-07-22 05:52:26.750] [info] [main.cpp] 当前计算帧率: 7.92 FPS
[2026-07-22 05:52:27.827] [debug] 

[2026-07-22 05:52:27.827] [info] [main.cpp] 当前计算帧率: 15.79 FPS
[2026-07-22 05:52:28.924] [debug] 

[2026-07-22 05:52:28.924] [info] [main.cpp] 当前计算帧率: 7.29 FPS
[2026-07-22 05:52:29.945] [debug] 

[2026-07-22 05:52:29.945] [info] [main.cpp] 当前计算帧率: 23.49 FPS
[2026-07-22 05:52:31.032] [debug] 

[2026-07-22 05:52:31.032] [info] [main.cpp] 当前计算帧率: 15.65 FPS
[2026-07-22 05:52:32.192] [debug] 

[2026-07-22 05:52:32.192] [info] [main.cpp] 当前计算帧率: 13.79 FPS
[2026-07-22 05:52:32.551] [debug] 

[2026-07-22 05:52:32.551] [warning] [main.cpp] 捕捉到退出信号(SIGINT)，准备退出程序...

[2026-07-22 05:52:32.660] [warning] [serial_port.cpp] 串口已关闭。
