[2026-07-24 12:30:12.306] [debug] ================= [CONFIG LOADED] =================
[2026-07-24 12:30:12.306] [debug]   Mode: Raspberry Pi
[2026-07-24 12:30:12.306] [debug]   Camera ID : 0
[2026-07-24 12:30:12.306] [debug]   Target Res: 1280x720
[2026-07-24 12:30:12.306] [debug]   Target Fmt: MJPG
[2026-07-24 12:30:12.306] [debug]   Target Brightness: 0
[2026-07-24 12:30:12.306] [debug]   Target Contrast: 30
[2026-07-24 12:30:12.306] [debug]   Model Path: ../models/detect.prototxt | ../models/detect.caffemodel | ../models/sr.prototxt | ../models/sr.caffemodel

[2026-07-24 12:30:12.306] [debug]   Stream        : Port=5000, Res=640x360, Quality=60
[2026-07-24 12:30:12.306] [debug] ===================================================
[2026-07-24 12:30:12.310] [info] [qrcode_scanner.cpp] 微信模型加载成功
[2026-07-24 12:30:12.434] [debug] 
[2026-07-24 12:30:12.434] [debug] ================= [ACTUAL CAMERA STATUS] =================
[2026-07-24 12:30:12.434] [debug]   Backend API   : V4L2
[2026-07-24 12:30:12.434] [debug]   Resolution    : 1280x720
[2026-07-24 12:30:12.434] [debug]   FPS           : 30
[2026-07-24 12:30:12.434] [debug]   Video Format  : MJPG
[2026-07-24 12:30:12.434] [debug]   Exposure      : 166
[2026-07-24 12:30:12.434] [debug]   Brightness    : 0
[2026-07-24 12:30:12.434] [debug]   Contrast      : 30
[2026-07-24 12:30:12.434] [debug] ==========================================================
[2026-07-24 12:30:12.434] [debug] [main.cpp] 相机初始化完毕, 按 'Ctrl+C' 退出

[2026-07-24 12:30:12.434] [debug] ================= [SERIAL STATUS] =================
[2026-07-24 12:30:12.434] [error] [serial_port.cpp] 无法打开串口 /dev/ttyACM0

[2026-07-24 12:30:12.434] [error]   is_serial_open: FAILED
[2026-07-24 12:30:12.434] [debug] ===================================================

[2026-07-24 12:30:12.435] [info] [HttpStream] HTTP 服务器已启动，端口: 5000
[2026-07-24 12:30:12.435] [info] [SERIAL THREAD] 相机 OK, 串口 ERROR, 有效信息 NO, 发送 255 and 255 FAILED
[2026-07-24 12:30:12.435] [info] [HttpStream] 服务器正在 0.0.0.0:5000 监听
[2026-07-24 12:30:12.435] [info] 本机局域网 IP: 10.62.146.83  (接口: wlp0s20f3)
[2026-07-24 12:30:12.435] [debug] [main.cpp] starting 3 threads...

[2026-07-24 12:30:12.809] [warning] [serial_port.cpp] 尝试重新打开串口...
[2026-07-24 12:30:12.809] [error] [serial_port.cpp] 无法打开串口 /dev/ttyACM0

[2026-07-24 12:30:13.314] [warning] [serial_port.cpp] 尝试重新打开串口...
[2026-07-24 12:30:13.315] [error] [serial_port.cpp] 无法打开串口 /dev/ttyACM0

[2026-07-24 12:30:13.820] [warning] [serial_port.cpp] 尝试重新打开串口...
[2026-07-24 12:30:13.820] [error] [serial_port.cpp] 无法打开串口 /dev/ttyACM0

[2026-07-24 12:30:14.324] [warning] [serial_port.cpp] 尝试重新打开串口...
[2026-07-24 12:30:14.324] [error] [serial_port.cpp] 无法打开串口 /dev/ttyACM0

[2026-07-24 12:30:14.828] [warning] [serial_port.cpp] 尝试重新打开串口...
[2026-07-24 12:30:14.828] [error] [serial_port.cpp] 无法打开串口 /dev/ttyACM0

[2026-07-24 12:30:15.332] [warning] [serial_port.cpp] 尝试重新打开串口...
[2026-07-24 12:30:15.333] [error] [serial_port.cpp] 无法打开串口 /dev/ttyACM0

[2026-07-24 12:30:15.836] [warning] [serial_port.cpp] 尝试重新打开串口...
[2026-07-24 12:30:15.836] [error] [serial_port.cpp] 无法打开串口 /dev/ttyACM0

[2026-07-24 12:30:16.340] [warning] [serial_port.cpp] 尝试重新打开串口...
[2026-07-24 12:30:16.340] [error] [serial_port.cpp] 无法打开串口 /dev/ttyACM0

[2026-07-24 12:30:16.844] [warning] [serial_port.cpp] 尝试重新打开串口...
[2026-07-24 12:30:16.844] [error] [serial_port.cpp] 无法打开串口 /dev/ttyACM0

[2026-07-24 12:30:17.348] [warning] [serial_port.cpp] 尝试重新打开串口...
[2026-07-24 12:30:17.348] [error] [serial_port.cpp] 无法打开串口 /dev/ttyACM0

[2026-07-24 12:30:17.852] [warning] [serial_port.cpp] 尝试重新打开串口...
[2026-07-24 12:30:17.853] [error] [serial_port.cpp] 无法打开串口 /dev/ttyACM0

[2026-07-24 12:30:18.356] [warning] [serial_port.cpp] 尝试重新打开串口...
[2026-07-24 12:30:18.356] [error] [serial_port.cpp] 无法打开串口 /dev/ttyACM0

[2026-07-24 12:30:18.860] [warning] [serial_port.cpp] 尝试重新打开串口...
[2026-07-24 12:30:18.860] [error] [serial_port.cpp] 无法打开串口 /dev/ttyACM0

[2026-07-24 12:30:19.364] [warning] [serial_port.cpp] 尝试重新打开串口...
[2026-07-24 12:30:19.364] [error] [serial_port.cpp] 无法打开串口 /dev/ttyACM0

[2026-07-24 12:30:19.868] [warning] [serial_port.cpp] 尝试重新打开串口...
[2026-07-24 12:30:19.868] [error] [serial_port.cpp] 无法打开串口 /dev/ttyACM0

[2026-07-24 12:30:20.373] [warning] [serial_port.cpp] 尝试重新打开串口...
[2026-07-24 12:30:20.373] [error] [serial_port.cpp] 无法打开串口 /dev/ttyACM0

[2026-07-24 12:30:20.877] [warning] [serial_port.cpp] 尝试重新打开串口...
[2026-07-24 12:30:20.877] [error] [serial_port.cpp] 无法打开串口 /dev/ttyACM0

[2026-07-24 12:30:21.381] [warning] [serial_port.cpp] 尝试重新打开串口...
[2026-07-24 12:30:21.381] [error] [serial_port.cpp] 无法打开串口 /dev/ttyACM0

[2026-07-24 12:30:21.885] [warning] [serial_port.cpp] 尝试重新打开串口...
[2026-07-24 12:30:21.885] [error] [serial_port.cpp] 无法打开串口 /dev/ttyACM0

[2026-07-24 12:30:22.389] [warning] [serial_port.cpp] 尝试重新打开串口...
[2026-07-24 12:30:22.389] [error] [serial_port.cpp] 无法打开串口 /dev/ttyACM0

[2026-07-24 12:30:22.893] [warning] [serial_port.cpp] 尝试重新打开串口...
[2026-07-24 12:30:22.893] [error] [serial_port.cpp] 无法打开串口 /dev/ttyACM0

[2026-07-24 12:30:23.396] [warning] [serial_port.cpp] 尝试重新打开串口...
[2026-07-24 12:30:23.396] [error] [serial_port.cpp] 无法打开串口 /dev/ttyACM0

[2026-07-24 12:30:23.900] [warning] [serial_port.cpp] 尝试重新打开串口...
[2026-07-24 12:30:23.900] [error] [serial_port.cpp] 无法打开串口 /dev/ttyACM0

[2026-07-24 12:30:24.406] [warning] [serial_port.cpp] 尝试重新打开串口...
[2026-07-24 12:30:24.406] [error] [serial_port.cpp] 无法打开串口 /dev/ttyACM0

[2026-07-24 12:30:24.910] [warning] [serial_port.cpp] 尝试重新打开串口...
[2026-07-24 12:30:24.910] [error] [serial_port.cpp] 无法打开串口 /dev/ttyACM0

[2026-07-24 12:30:25.414] [warning] [serial_port.cpp] 尝试重新打开串口...
[2026-07-24 12:30:25.414] [error] [serial_port.cpp] 无法打开串口 /dev/ttyACM0

[2026-07-24 12:30:25.917] [warning] [serial_port.cpp] 尝试重新打开串口...
[2026-07-24 12:30:25.918] [error] [serial_port.cpp] 无法打开串口 /dev/ttyACM0

[2026-07-24 12:30:26.422] [warning] [serial_port.cpp] 尝试重新打开串口...
[2026-07-24 12:30:26.422] [error] [serial_port.cpp] 无法打开串口 /dev/ttyACM0

[2026-07-24 12:30:26.925] [warning] [serial_port.cpp] 尝试重新打开串口...
[2026-07-24 12:30:26.925] [error] [serial_port.cpp] 无法打开串口 /dev/ttyACM0

[2026-07-24 12:30:27.430] [warning] [serial_port.cpp] 尝试重新打开串口...
[2026-07-24 12:30:27.430] [error] [serial_port.cpp] 无法打开串口 /dev/ttyACM0

[2026-07-24 12:30:27.933] [warning] [serial_port.cpp] 尝试重新打开串口...
[2026-07-24 12:30:27.934] [error] [serial_port.cpp] 无法打开串口 /dev/ttyACM0

[2026-07-24 12:30:28.438] [warning] [serial_port.cpp] 尝试重新打开串口...
[2026-07-24 12:30:28.438] [error] [serial_port.cpp] 无法打开串口 /dev/ttyACM0

[2026-07-24 12:30:28.941] [warning] [serial_port.cpp] 尝试重新打开串口...
[2026-07-24 12:30:28.941] [error] [serial_port.cpp] 无法打开串口 /dev/ttyACM0

[2026-07-24 12:30:29.445] [warning] [serial_port.cpp] 尝试重新打开串口...
[2026-07-24 12:30:29.445] [error] [serial_port.cpp] 无法打开串口 /dev/ttyACM0

[2026-07-24 12:30:29.949] [warning] [serial_port.cpp] 尝试重新打开串口...
[2026-07-24 12:30:29.949] [error] [serial_port.cpp] 无法打开串口 /dev/ttyACM0

[2026-07-24 12:30:30.453] [warning] [serial_port.cpp] 尝试重新打开串口...
[2026-07-24 12:30:30.453] [error] [serial_port.cpp] 无法打开串口 /dev/ttyACM0

[2026-07-24 12:30:30.957] [warning] [serial_port.cpp] 尝试重新打开串口...
[2026-07-24 12:30:30.958] [error] [serial_port.cpp] 无法打开串口 /dev/ttyACM0

[2026-07-24 12:30:31.461] [warning] [serial_port.cpp] 尝试重新打开串口...
[2026-07-24 12:30:31.461] [error] [serial_port.cpp] 无法打开串口 /dev/ttyACM0

[2026-07-24 12:30:31.965] [warning] [serial_port.cpp] 尝试重新打开串口...
[2026-07-24 12:30:31.965] [error] [serial_port.cpp] 无法打开串口 /dev/ttyACM0

[2026-07-24 12:30:32.468] [warning] [serial_port.cpp] 尝试重新打开串口...
[2026-07-24 12:30:32.469] [error] [serial_port.cpp] 无法打开串口 /dev/ttyACM0

[2026-07-24 12:30:32.972] [warning] [serial_port.cpp] 尝试重新打开串口...
[2026-07-24 12:30:32.972] [error] [serial_port.cpp] 无法打开串口 /dev/ttyACM0

[2026-07-24 12:30:33.476] [warning] [serial_port.cpp] 尝试重新打开串口...
[2026-07-24 12:30:33.476] [error] [serial_port.cpp] 无法打开串口 /dev/ttyACM0

[2026-07-24 12:30:33.980] [warning] [serial_port.cpp] 尝试重新打开串口...
[2026-07-24 12:30:33.980] [error] [serial_port.cpp] 无法打开串口 /dev/ttyACM0

[2026-07-24 12:30:34.483] [warning] [serial_port.cpp] 尝试重新打开串口...
[2026-07-24 12:30:34.484] [error] [serial_port.cpp] 无法打开串口 /dev/ttyACM0

[2026-07-24 12:30:34.988] [warning] [serial_port.cpp] 尝试重新打开串口...
[2026-07-24 12:30:34.988] [error] [serial_port.cpp] 无法打开串口 /dev/ttyACM0

[2026-07-24 12:30:35.492] [warning] [serial_port.cpp] 尝试重新打开串口...
[2026-07-24 12:30:35.492] [error] [serial_port.cpp] 无法打开串口 /dev/ttyACM0

[2026-07-24 12:30:35.996] [warning] [serial_port.cpp] 尝试重新打开串口...
[2026-07-24 12:30:35.996] [error] [serial_port.cpp] 无法打开串口 /dev/ttyACM0

[2026-07-24 12:30:36.500] [warning] [serial_port.cpp] 尝试重新打开串口...
[2026-07-24 12:30:36.500] [error] [serial_port.cpp] 无法打开串口 /dev/ttyACM0

[2026-07-24 12:30:37.003] [warning] [serial_port.cpp] 尝试重新打开串口...
[2026-07-24 12:30:37.003] [error] [serial_port.cpp] 无法打开串口 /dev/ttyACM0

[2026-07-24 12:30:37.508] [warning] [serial_port.cpp] 尝试重新打开串口...
[2026-07-24 12:30:37.508] [error] [serial_port.cpp] 无法打开串口 /dev/ttyACM0

[2026-07-24 12:30:38.014] [warning] [serial_port.cpp] 尝试重新打开串口...
[2026-07-24 12:30:38.014] [error] [serial_port.cpp] 无法打开串口 /dev/ttyACM0

[2026-07-24 12:30:38.518] [warning] [serial_port.cpp] 尝试重新打开串口...
[2026-07-24 12:30:38.518] [error] [serial_port.cpp] 无法打开串口 /dev/ttyACM0

[2026-07-24 12:30:39.022] [warning] [serial_port.cpp] 尝试重新打开串口...
[2026-07-24 12:30:39.022] [error] [serial_port.cpp] 无法打开串口 /dev/ttyACM0

[2026-07-24 12:30:39.526] [warning] [serial_port.cpp] 尝试重新打开串口...
[2026-07-24 12:30:39.526] [error] [serial_port.cpp] 无法打开串口 /dev/ttyACM0

[2026-07-24 12:30:40.030] [warning] [serial_port.cpp] 尝试重新打开串口...
[2026-07-24 12:30:40.030] [error] [serial_port.cpp] 无法打开串口 /dev/ttyACM0

[2026-07-24 12:30:40.534] [warning] [serial_port.cpp] 尝试重新打开串口...
[2026-07-24 12:30:40.534] [error] [serial_port.cpp] 无法打开串口 /dev/ttyACM0

[2026-07-24 12:30:41.038] [warning] [serial_port.cpp] 尝试重新打开串口...
[2026-07-24 12:30:41.038] [error] [serial_port.cpp] 无法打开串口 /dev/ttyACM0

[2026-07-24 12:30:41.542] [warning] [serial_port.cpp] 尝试重新打开串口...
[2026-07-24 12:30:41.542] [error] [serial_port.cpp] 无法打开串口 /dev/ttyACM0

[2026-07-24 12:30:42.046] [warning] [serial_port.cpp] 尝试重新打开串口...
[2026-07-24 12:30:42.046] [error] [serial_port.cpp] 无法打开串口 /dev/ttyACM0

[2026-07-24 12:30:42.549] [warning] [serial_port.cpp] 尝试重新打开串口...
[2026-07-24 12:30:42.550] [error] [serial_port.cpp] 无法打开串口 /dev/ttyACM0

[2026-07-24 12:30:43.054] [warning] [serial_port.cpp] 尝试重新打开串口...
[2026-07-24 12:30:43.054] [error] [serial_port.cpp] 无法打开串口 /dev/ttyACM0

[2026-07-24 12:30:43.557] [warning] [serial_port.cpp] 尝试重新打开串口...
[2026-07-24 12:30:43.557] [error] [serial_port.cpp] 无法打开串口 /dev/ttyACM0

[2026-07-24 12:30:44.061] [warning] [serial_port.cpp] 尝试重新打开串口...
[2026-07-24 12:30:44.061] [error] [serial_port.cpp] 无法打开串口 /dev/ttyACM0

[2026-07-24 12:30:44.565] [warning] [serial_port.cpp] 尝试重新打开串口...
[2026-07-24 12:30:44.565] [error] [serial_port.cpp] 无法打开串口 /dev/ttyACM0

[2026-07-24 12:30:45.069] [warning] [serial_port.cpp] 尝试重新打开串口...
[2026-07-24 12:30:45.069] [error] [serial_port.cpp] 无法打开串口 /dev/ttyACM0

[2026-07-24 12:30:45.573] [warning] [serial_port.cpp] 尝试重新打开串口...
[2026-07-24 12:30:45.574] [error] [serial_port.cpp] 无法打开串口 /dev/ttyACM0

[2026-07-24 12:30:46.077] [warning] [serial_port.cpp] 尝试重新打开串口...
[2026-07-24 12:30:46.077] [error] [serial_port.cpp] 无法打开串口 /dev/ttyACM0

[2026-07-24 12:30:46.581] [warning] [serial_port.cpp] 尝试重新打开串口...
[2026-07-24 12:30:46.581] [error] [serial_port.cpp] 无法打开串口 /dev/ttyACM0

[2026-07-24 12:30:47.085] [warning] [serial_port.cpp] 尝试重新打开串口...
[2026-07-24 12:30:47.086] [error] [serial_port.cpp] 无法打开串口 /dev/ttyACM0

[2026-07-24 12:30:47.589] [warning] [serial_port.cpp] 尝试重新打开串口...
[2026-07-24 12:30:47.589] [error] [serial_port.cpp] 无法打开串口 /dev/ttyACM0

[2026-07-24 12:30:48.093] [warning] [serial_port.cpp] 尝试重新打开串口...
[2026-07-24 12:30:48.093] [error] [serial_port.cpp] 无法打开串口 /dev/ttyACM0

[2026-07-24 12:30:48.597] [warning] [serial_port.cpp] 尝试重新打开串口...
[2026-07-24 12:30:48.597] [error] [serial_port.cpp] 无法打开串口 /dev/ttyACM0

[2026-07-24 12:30:49.101] [warning] [serial_port.cpp] 尝试重新打开串口...
[2026-07-24 12:30:49.101] [error] [serial_port.cpp] 无法打开串口 /dev/ttyACM0

[2026-07-24 12:30:49.604] [warning] [serial_port.cpp] 尝试重新打开串口...
[2026-07-24 12:30:49.605] [error] [serial_port.cpp] 无法打开串口 /dev/ttyACM0

[2026-07-24 12:30:50.108] [warning] [serial_port.cpp] 尝试重新打开串口...
[2026-07-24 12:30:50.108] [error] [serial_port.cpp] 无法打开串口 /dev/ttyACM0

[2026-07-24 12:30:50.611] [warning] [serial_port.cpp] 尝试重新打开串口...
[2026-07-24 12:30:50.611] [error] [serial_port.cpp] 无法打开串口 /dev/ttyACM0

[2026-07-24 12:30:51.118] [warning] [serial_port.cpp] 尝试重新打开串口...
[2026-07-24 12:30:51.118] [error] [serial_port.cpp] 无法打开串口 /dev/ttyACM0

[2026-07-24 12:30:51.622] [warning] [serial_port.cpp] 尝试重新打开串口...
[2026-07-24 12:30:51.622] [error] [serial_port.cpp] 无法打开串口 /dev/ttyACM0

[2026-07-24 12:30:52.126] [warning] [serial_port.cpp] 尝试重新打开串口...
[2026-07-24 12:30:52.127] [error] [serial_port.cpp] 无法打开串口 /dev/ttyACM0

[2026-07-24 12:30:52.631] [warning] [serial_port.cpp] 尝试重新打开串口...
[2026-07-24 12:30:52.631] [error] [serial_port.cpp] 无法打开串口 /dev/ttyACM0

[2026-07-24 12:30:53.133] [info] [qrcode_scanner.cpp] data2 更新，检测到 三个投球框 的颜色顺序: Yellow,Blue,Red
[2026-07-24 12:30:53.134] [warning] [serial_port.cpp] 尝试重新打开串口...
[2026-07-24 12:30:53.134] [error] [serial_port.cpp] 无法打开串口 /dev/ttyACM0

[2026-07-24 12:30:53.134] [info] [SERIAL THREAD] 相机 OK, 串口 ERROR, 有效信息 YES, 发送 255 and 4 FAILED
[2026-07-24 12:30:53.640] [warning] [serial_port.cpp] 尝试重新打开串口...
[2026-07-24 12:30:53.640] [error] [serial_port.cpp] 无法打开串口 /dev/ttyACM0

[2026-07-24 12:30:53.866] [info] [qrcode_scanner.cpp] data1 更新，检测到 基础框 和 核心框 的颜色: Red,Blue
[2026-07-24 12:30:53.874] [info] [SERIAL THREAD] 相机 OK, 串口 ERROR, 有效信息 YES, 发送 2 and 4 FAILED
[2026-07-24 12:30:54.147] [warning] [serial_port.cpp] 尝试重新打开串口...
[2026-07-24 12:30:54.147] [error] [serial_port.cpp] 无法打开串口 /dev/ttyACM0

[2026-07-24 12:30:54.651] [warning] [serial_port.cpp] 尝试重新打开串口...
[2026-07-24 12:30:54.651] [error] [serial_port.cpp] 无法打开串口 /dev/ttyACM0

[2026-07-24 12:30:55.155] [warning] [serial_port.cpp] 尝试重新打开串口...
[2026-07-24 12:30:55.155] [error] [serial_port.cpp] 无法打开串口 /dev/ttyACM0

[2026-07-24 12:30:55.659] [warning] [serial_port.cpp] 尝试重新打开串口...
[2026-07-24 12:30:55.659] [error] [serial_port.cpp] 无法打开串口 /dev/ttyACM0

[2026-07-24 12:30:56.163] [warning] [serial_port.cpp] 尝试重新打开串口...
[2026-07-24 12:30:56.163] [error] [serial_port.cpp] 无法打开串口 /dev/ttyACM0

[2026-07-24 12:30:56.667] [warning] [serial_port.cpp] 尝试重新打开串口...
[2026-07-24 12:30:56.667] [error] [serial_port.cpp] 无法打开串口 /dev/ttyACM0

[2026-07-24 12:30:57.171] [warning] [serial_port.cpp] 尝试重新打开串口...
[2026-07-24 12:30:57.171] [error] [serial_port.cpp] 无法打开串口 /dev/ttyACM0

[2026-07-24 12:30:57.675] [warning] [serial_port.cpp] 尝试重新打开串口...
[2026-07-24 12:30:57.675] [error] [serial_port.cpp] 无法打开串口 /dev/ttyACM0

[2026-07-24 12:30:58.178] [warning] [serial_port.cpp] 尝试重新打开串口...
[2026-07-24 12:30:58.178] [error] [serial_port.cpp] 无法打开串口 /dev/ttyACM0

[2026-07-24 12:30:58.682] [warning] [serial_port.cpp] 尝试重新打开串口...
[2026-07-24 12:30:58.682] [error] [serial_port.cpp] 无法打开串口 /dev/ttyACM0

[2026-07-24 12:30:59.185] [warning] [serial_port.cpp] 尝试重新打开串口...
[2026-07-24 12:30:59.185] [error] [serial_port.cpp] 无法打开串口 /dev/ttyACM0

[2026-07-24 12:30:59.689] [warning] [serial_port.cpp] 尝试重新打开串口...
[2026-07-24 12:30:59.689] [error] [serial_port.cpp] 无法打开串口 /dev/ttyACM0

[2026-07-24 12:31:00.193] [warning] [serial_port.cpp] 尝试重新打开串口...
[2026-07-24 12:31:00.193] [error] [serial_port.cpp] 无法打开串口 /dev/ttyACM0

[2026-07-24 12:31:00.697] [warning] [serial_port.cpp] 尝试重新打开串口...
[2026-07-24 12:31:00.698] [error] [serial_port.cpp] 无法打开串口 /dev/ttyACM0

[2026-07-24 12:31:01.202] [warning] [serial_port.cpp] 尝试重新打开串口...
[2026-07-24 12:31:01.202] [error] [serial_port.cpp] 无法打开串口 /dev/ttyACM0

[2026-07-24 12:31:01.706] [warning] [serial_port.cpp] 尝试重新打开串口...
[2026-07-24 12:31:01.706] [error] [serial_port.cpp] 无法打开串口 /dev/ttyACM0

[2026-07-24 12:31:02.210] [warning] [serial_port.cpp] 尝试重新打开串口...
[2026-07-24 12:31:02.210] [error] [serial_port.cpp] 无法打开串口 /dev/ttyACM0

[2026-07-24 12:31:02.713] [warning] [serial_port.cpp] 尝试重新打开串口...
[2026-07-24 12:31:02.713] [error] [serial_port.cpp] 无法打开串口 /dev/ttyACM0

[2026-07-24 12:31:03.217] [warning] [serial_port.cpp] 尝试重新打开串口...
[2026-07-24 12:31:03.218] [error] [serial_port.cpp] 无法打开串口 /dev/ttyACM0

[2026-07-24 12:31:03.722] [warning] [serial_port.cpp] 尝试重新打开串口...
[2026-07-24 12:31:03.722] [error] [serial_port.cpp] 无法打开串口 /dev/ttyACM0

[2026-07-24 12:31:04.226] [warning] [serial_port.cpp] 尝试重新打开串口...
[2026-07-24 12:31:04.226] [error] [serial_port.cpp] 无法打开串口 /dev/ttyACM0

[2026-07-24 12:31:04.731] [warning] [serial_port.cpp] 尝试重新打开串口...
[2026-07-24 12:31:04.731] [error] [serial_port.cpp] 无法打开串口 /dev/ttyACM0

[2026-07-24 12:31:05.235] [warning] [serial_port.cpp] 尝试重新打开串口...
[2026-07-24 12:31:05.235] [error] [serial_port.cpp] 无法打开串口 /dev/ttyACM0

[2026-07-24 12:31:05.739] [warning] [serial_port.cpp] 尝试重新打开串口...
[2026-07-24 12:31:05.739] [error] [serial_port.cpp] 无法打开串口 /dev/ttyACM0

[2026-07-24 12:31:06.243] [warning] [serial_port.cpp] 尝试重新打开串口...
[2026-07-24 12:31:06.243] [error] [serial_port.cpp] 无法打开串口 /dev/ttyACM0

[2026-07-24 12:31:06.747] [warning] [serial_port.cpp] 尝试重新打开串口...
[2026-07-24 12:31:06.747] [error] [serial_port.cpp] 无法打开串口 /dev/ttyACM0

[2026-07-24 12:31:07.251] [warning] [serial_port.cpp] 尝试重新打开串口...
[2026-07-24 12:31:07.251] [error] [serial_port.cpp] 无法打开串口 /dev/ttyACM0

[2026-07-24 12:31:07.754] [warning] [serial_port.cpp] 尝试重新打开串口...
[2026-07-24 12:31:07.754] [error] [serial_port.cpp] 无法打开串口 /dev/ttyACM0

[2026-07-24 12:31:08.258] [warning] [serial_port.cpp] 尝试重新打开串口...
[2026-07-24 12:31:08.258] [error] [serial_port.cpp] 无法打开串口 /dev/ttyACM0

[2026-07-24 12:31:08.762] [warning] [serial_port.cpp] 尝试重新打开串口...
[2026-07-24 12:31:08.762] [error] [serial_port.cpp] 无法打开串口 /dev/ttyACM0

[2026-07-24 12:31:09.266] [warning] [serial_port.cpp] 尝试重新打开串口...
[2026-07-24 12:31:09.267] [error] [serial_port.cpp] 无法打开串口 /dev/ttyACM0

[2026-07-24 12:31:09.770] [warning] [serial_port.cpp] 尝试重新打开串口...
[2026-07-24 12:31:09.771] [error] [serial_port.cpp] 无法打开串口 /dev/ttyACM0

[2026-07-24 12:31:10.274] [warning] [serial_port.cpp] 尝试重新打开串口...
[2026-07-24 12:31:10.274] [error] [serial_port.cpp] 无法打开串口 /dev/ttyACM0

[2026-07-24 12:31:10.778] [warning] [serial_port.cpp] 尝试重新打开串口...
[2026-07-24 12:31:10.778] [error] [serial_port.cpp] 无法打开串口 /dev/ttyACM0

[2026-07-24 12:31:11.282] [warning] [serial_port.cpp] 尝试重新打开串口...
[2026-07-24 12:31:11.282] [error] [serial_port.cpp] 无法打开串口 /dev/ttyACM0

[2026-07-24 12:31:11.786] [warning] [serial_port.cpp] 尝试重新打开串口...
[2026-07-24 12:31:11.786] [error] [serial_port.cpp] 无法打开串口 /dev/ttyACM0

[2026-07-24 12:31:12.289] [warning] [serial_port.cpp] 尝试重新打开串口...
[2026-07-24 12:31:12.289] [error] [serial_port.cpp] 无法打开串口 /dev/ttyACM0

[2026-07-24 12:31:12.793] [warning] [serial_port.cpp] 尝试重新打开串口...
[2026-07-24 12:31:12.793] [error] [serial_port.cpp] 无法打开串口 /dev/ttyACM0

[2026-07-24 12:31:13.296] [warning] [serial_port.cpp] 尝试重新打开串口...
[2026-07-24 12:31:13.296] [error] [serial_port.cpp] 无法打开串口 /dev/ttyACM0

[2026-07-24 12:31:13.800] [warning] [serial_port.cpp] 尝试重新打开串口...
[2026-07-24 12:31:13.800] [error] [serial_port.cpp] 无法打开串口 /dev/ttyACM0

[2026-07-24 12:31:14.304] [warning] [serial_port.cpp] 尝试重新打开串口...
[2026-07-24 12:31:14.304] [error] [serial_port.cpp] 无法打开串口 /dev/ttyACM0

[2026-07-24 12:31:14.809] [warning] [serial_port.cpp] 尝试重新打开串口...
[2026-07-24 12:31:14.809] [error] [serial_port.cpp] 无法打开串口 /dev/ttyACM0

[2026-07-24 12:31:15.314] [warning] [serial_port.cpp] 尝试重新打开串口...
[2026-07-24 12:31:15.314] [error] [serial_port.cpp] 无法打开串口 /dev/ttyACM0

[2026-07-24 12:31:15.817] [warning] [serial_port.cpp] 尝试重新打开串口...
[2026-07-24 12:31:15.817] [error] [serial_port.cpp] 无法打开串口 /dev/ttyACM0

[2026-07-24 12:31:16.322] [warning] [serial_port.cpp] 尝试重新打开串口...
[2026-07-24 12:31:16.322] [error] [serial_port.cpp] 无法打开串口 /dev/ttyACM0

[2026-07-24 12:31:16.825] [warning] [serial_port.cpp] 尝试重新打开串口...
[2026-07-24 12:31:16.826] [error] [serial_port.cpp] 无法打开串口 /dev/ttyACM0

[2026-07-24 12:31:17.330] [warning] [serial_port.cpp] 尝试重新打开串口...
[2026-07-24 12:31:17.330] [error] [serial_port.cpp] 无法打开串口 /dev/ttyACM0

[2026-07-24 12:31:17.834] [warning] [serial_port.cpp] 尝试重新打开串口...
[2026-07-24 12:31:17.834] [error] [serial_port.cpp] 无法打开串口 /dev/ttyACM0

[2026-07-24 12:31:18.338] [warning] [serial_port.cpp] 尝试重新打开串口...
[2026-07-24 12:31:18.338] [error] [serial_port.cpp] 无法打开串口 /dev/ttyACM0

[2026-07-24 12:31:18.841] [warning] [serial_port.cpp] 尝试重新打开串口...
[2026-07-24 12:31:18.842] [error] [serial_port.cpp] 无法打开串口 /dev/ttyACM0

[2026-07-24 12:31:19.346] [warning] [serial_port.cpp] 尝试重新打开串口...
[2026-07-24 12:31:19.346] [error] [serial_port.cpp] 无法打开串口 /dev/ttyACM0

[2026-07-24 12:31:19.849] [warning] [serial_port.cpp] 尝试重新打开串口...
[2026-07-24 12:31:19.849] [error] [serial_port.cpp] 无法打开串口 /dev/ttyACM0

[2026-07-24 12:31:20.354] [warning] [serial_port.cpp] 尝试重新打开串口...
[2026-07-24 12:31:20.354] [error] [serial_port.cpp] 无法打开串口 /dev/ttyACM0

[2026-07-24 12:31:20.857] [warning] [serial_port.cpp] 尝试重新打开串口...
[2026-07-24 12:31:20.857] [error] [serial_port.cpp] 无法打开串口 /dev/ttyACM0

[2026-07-24 12:31:21.361] [warning] [serial_port.cpp] 尝试重新打开串口...
[2026-07-24 12:31:21.361] [error] [serial_port.cpp] 无法打开串口 /dev/ttyACM0

[2026-07-24 12:31:21.865] [warning] [serial_port.cpp] 尝试重新打开串口...
[2026-07-24 12:31:21.865] [error] [serial_port.cpp] 无法打开串口 /dev/ttyACM0

[2026-07-24 12:31:22.369] [warning] [serial_port.cpp] 尝试重新打开串口...
[2026-07-24 12:31:22.369] [error] [serial_port.cpp] 无法打开串口 /dev/ttyACM0

[2026-07-24 12:31:22.873] [warning] [serial_port.cpp] 尝试重新打开串口...
[2026-07-24 12:31:22.873] [error] [serial_port.cpp] 无法打开串口 /dev/ttyACM0

[2026-07-24 12:31:23.377] [warning] [serial_port.cpp] 尝试重新打开串口...
[2026-07-24 12:31:23.377] [error] [serial_port.cpp] 无法打开串口 /dev/ttyACM0

[2026-07-24 12:31:23.882] [warning] [serial_port.cpp] 尝试重新打开串口...
[2026-07-24 12:31:23.882] [error] [serial_port.cpp] 无法打开串口 /dev/ttyACM0

[2026-07-24 12:31:24.385] [warning] [serial_port.cpp] 尝试重新打开串口...
[2026-07-24 12:31:24.385] [error] [serial_port.cpp] 无法打开串口 /dev/ttyACM0

[2026-07-24 12:31:24.890] [warning] [serial_port.cpp] 尝试重新打开串口...
[2026-07-24 12:31:24.890] [error] [serial_port.cpp] 无法打开串口 /dev/ttyACM0

[2026-07-24 12:31:25.393] [warning] [serial_port.cpp] 尝试重新打开串口...
[2026-07-24 12:31:25.393] [error] [serial_port.cpp] 无法打开串口 /dev/ttyACM0

[2026-07-24 12:31:25.898] [warning] [serial_port.cpp] 尝试重新打开串口...
[2026-07-24 12:31:25.898] [error] [serial_port.cpp] 无法打开串口 /dev/ttyACM0

[2026-07-24 12:31:26.402] [warning] [serial_port.cpp] 尝试重新打开串口...
[2026-07-24 12:31:26.402] [error] [serial_port.cpp] 无法打开串口 /dev/ttyACM0

[2026-07-24 12:31:26.906] [warning] [serial_port.cpp] 尝试重新打开串口...
[2026-07-24 12:31:26.906] [error] [serial_port.cpp] 无法打开串口 /dev/ttyACM0

[2026-07-24 12:31:27.410] [warning] [serial_port.cpp] 尝试重新打开串口...
[2026-07-24 12:31:27.410] [error] [serial_port.cpp] 无法打开串口 /dev/ttyACM0

