[2026-07-24 13:08:21.798] [debug] ================= [CONFIG LOADED] =================
[2026-07-24 13:08:21.798] [debug]   Mode: Raspberry Pi
[2026-07-24 13:08:21.798] [debug]   Camera ID : 0
[2026-07-24 13:08:21.798] [debug]   Target Res: 1280x720
[2026-07-24 13:08:21.798] [debug]   Target Fmt: MJPG
[2026-07-24 13:08:21.798] [debug]   Target Brightness: 0
[2026-07-24 13:08:21.798] [debug]   Target Contrast: 30
[2026-07-24 13:08:21.798] [debug]   Model Path: ../models/detect.prototxt | ../models/detect.caffemodel | ../models/sr.prototxt | ../models/sr.caffemodel

[2026-07-24 13:08:21.798] [debug]   Stream        : Port=5000, Res=640x360, Quality=60
[2026-07-24 13:08:21.798] [debug] ===================================================
[2026-07-24 13:08:21.802] [info] [qrcode_scanner.cpp] 微信模型加载成功
[2026-07-24 13:08:21.925] [debug] 
[2026-07-24 13:08:21.925] [debug] ================= [ACTUAL CAMERA STATUS] =================
[2026-07-24 13:08:21.925] [debug]   Backend API   : V4L2
[2026-07-24 13:08:21.925] [debug]   Resolution    : 1280x720
[2026-07-24 13:08:21.925] [debug]   FPS           : 30
[2026-07-24 13:08:21.925] [debug]   Video Format  : MJPG
[2026-07-24 13:08:21.925] [debug]   Exposure      : 166
[2026-07-24 13:08:21.925] [debug]   Brightness    : 0
[2026-07-24 13:08:21.925] [debug]   Contrast      : 30
[2026-07-24 13:08:21.925] [debug] ==========================================================
[2026-07-24 13:08:21.925] [debug] [main.cpp] 相机初始化完毕, 按 'Ctrl+C' 退出

[2026-07-24 13:08:21.925] [debug] ================= [SERIAL STATUS] =================
[2026-07-24 13:08:21.925] [error] [serial_port.cpp] 无法打开串口 /dev/ttyACM0

[2026-07-24 13:08:21.925] [error]   is_serial_open: FAILED
[2026-07-24 13:08:21.925] [debug] ===================================================

[2026-07-24 13:08:21.926] [info] [HttpStream] HTTP 服务器已启动，端口: 5000
[2026-07-24 13:08:21.926] [info] [SERIAL THREAD] 相机 OK, 串口 ERROR, 有效信息 NO, 发送 255 and 255 FAILED
[2026-07-24 13:08:21.926] [info] 本机局域网 IP: 10.62.146.83  (接口: wlp0s20f3)
[2026-07-24 13:08:21.926] [debug] [main.cpp] starting 3 threads...

[2026-07-24 13:08:21.926] [info] [HttpStream] 服务器正在 0.0.0.0:5000 监听
[2026-07-24 13:08:22.299] [warning] [serial_port.cpp] 尝试重新打开串口...
[2026-07-24 13:08:22.299] [error] [serial_port.cpp] 无法打开串口 /dev/ttyACM0

[2026-07-24 13:08:22.805] [warning] [serial_port.cpp] 尝试重新打开串口...
[2026-07-24 13:08:22.805] [error] [serial_port.cpp] 无法打开串口 /dev/ttyACM0

[2026-07-24 13:08:23.306] [warning] [serial_port.cpp] 尝试重新打开串口...
[2026-07-24 13:08:23.307] [error] [serial_port.cpp] 无法打开串口 /dev/ttyACM0

[2026-07-24 13:08:23.807] [warning] [serial_port.cpp] 尝试重新打开串口...
[2026-07-24 13:08:23.807] [error] [serial_port.cpp] 无法打开串口 /dev/ttyACM0

[2026-07-24 13:08:24.314] [warning] [serial_port.cpp] 尝试重新打开串口...
[2026-07-24 13:08:24.314] [error] [serial_port.cpp] 无法打开串口 /dev/ttyACM0

[2026-07-24 13:08:24.822] [warning] [serial_port.cpp] 尝试重新打开串口...
[2026-07-24 13:08:24.822] [error] [serial_port.cpp] 无法打开串口 /dev/ttyACM0

[2026-07-24 13:08:25.328] [warning] [serial_port.cpp] 尝试重新打开串口...
[2026-07-24 13:08:25.328] [error] [serial_port.cpp] 无法打开串口 /dev/ttyACM0

[2026-07-24 13:08:25.834] [warning] [serial_port.cpp] 尝试重新打开串口...
[2026-07-24 13:08:25.835] [error] [serial_port.cpp] 无法打开串口 /dev/ttyACM0

[2026-07-24 13:08:26.340] [warning] [serial_port.cpp] 尝试重新打开串口...
[2026-07-24 13:08:26.340] [error] [serial_port.cpp] 无法打开串口 /dev/ttyACM0

[2026-07-24 13:08:26.844] [warning] [serial_port.cpp] 尝试重新打开串口...
[2026-07-24 13:08:26.844] [error] [serial_port.cpp] 无法打开串口 /dev/ttyACM0

[2026-07-24 13:08:27.348] [warning] [serial_port.cpp] 尝试重新打开串口...
[2026-07-24 13:08:27.348] [error] [serial_port.cpp] 无法打开串口 /dev/ttyACM0

[2026-07-24 13:08:27.853] [warning] [serial_port.cpp] 尝试重新打开串口...
[2026-07-24 13:08:27.853] [error] [serial_port.cpp] 无法打开串口 /dev/ttyACM0

[2026-07-24 13:08:28.360] [warning] [serial_port.cpp] 尝试重新打开串口...
[2026-07-24 13:08:28.360] [error] [serial_port.cpp] 无法打开串口 /dev/ttyACM0

[2026-07-24 13:08:28.864] [warning] [serial_port.cpp] 尝试重新打开串口...
[2026-07-24 13:08:28.864] [error] [serial_port.cpp] 无法打开串口 /dev/ttyACM0

[2026-07-24 13:08:29.371] [warning] [serial_port.cpp] 尝试重新打开串口...
[2026-07-24 13:08:29.371] [error] [serial_port.cpp] 无法打开串口 /dev/ttyACM0

[2026-07-24 13:08:29.876] [warning] [serial_port.cpp] 尝试重新打开串口...
[2026-07-24 13:08:29.876] [error] [serial_port.cpp] 无法打开串口 /dev/ttyACM0

