[2026-07-22 05:45:41.752] [debug] ================= [CONFIG LOADED] =================
[2026-07-22 05:45:41.752] [debug]   Mode: Raspberry Pi
[2026-07-22 05:45:41.752] [debug]   Camera ID : 0
[2026-07-22 05:45:41.752] [debug]   Target Res: 1280x720
[2026-07-22 05:45:41.752] [debug]   Target Fmt: MJPG
[2026-07-22 05:45:41.752] [debug]   Target Brightness: 0
[2026-07-22 05:45:41.752] [debug]   Target Contrast: 0
[2026-07-22 05:45:41.752] [debug]   Model Path: ../models/detect.prototxt | ../models/detect.caffemodel | ../models/sr.prototxt | ../models/sr.caffemodel
[2026-07-22 05:45:41.752] [debug] ===================================================
[2026-07-22 05:45:41.755] [info] [qrcode_scanner.cpp] 微信模型加载成功
[2026-07-22 05:45:41.879] [debug] 
[2026-07-22 05:45:41.879] [debug] ================= [ACTUAL CAMERA STATUS] =================
[2026-07-22 05:45:41.879] [debug]   Backend API   : V4L2
[2026-07-22 05:45:41.879] [debug]   Resolution    : 1280x720
[2026-07-22 05:45:41.879] [debug]   FPS           : 30
[2026-07-22 05:45:41.879] [debug]   Video Format  : MJPG
[2026-07-22 05:45:41.879] [debug]   Exposure      : 166
[2026-07-22 05:45:41.879] [debug]   Brightness    : 0
[2026-07-22 05:45:41.879] [debug]   Contrast      : 0
[2026-07-22 05:45:41.879] [debug] ==========================================================
[2026-07-22 05:45:41.879] [debug] [main.cpp] 相机初始化完毕, 按 'Ctrl+C' 退出

[2026-07-22 05:45:41.879] [debug] ================= [SERIAL STATUS] =================
[2026-07-22 05:45:41.879] [error] [serial_port.cpp] 无法打开串口 /dev/ttyACM0
[2026-07-22 05:45:41.879] [error]   is_serial_open: FAILED
[2026-07-22 05:45:41.879] [debug] ===================================================

[2026-07-22 05:45:41.879] [debug] [main.cpp] starting threads...

[2026-07-22 05:45:41.880] [info] [SERIAL THREAD] 相机 OK, 串口 ERROR, 有效信息 NO, 发送 255 and 255 FAILED
[2026-07-22 05:45:42.253] [warning] [serial_port.cpp] 尝试重新打开串口...
[2026-07-22 05:45:42.253] [error] [serial_port.cpp] 无法打开串口 /dev/ttyACM0
[2026-07-22 05:45:42.761] [warning] [serial_port.cpp] 尝试重新打开串口...
[2026-07-22 05:45:42.761] [error] [serial_port.cpp] 无法打开串口 /dev/ttyACM0
[2026-07-22 05:45:42.885] [debug] 

[2026-07-22 05:45:42.885] [info] [main.cpp] 当前计算帧率: 13.92 FPS
[2026-07-22 05:45:43.264] [warning] [serial_port.cpp] 尝试重新打开串口...
[2026-07-22 05:45:43.264] [error] [serial_port.cpp] 无法打开串口 /dev/ttyACM0
[2026-07-22 05:45:43.516] [debug] 

[2026-07-22 05:45:43.516] [warning] [main.cpp] 捕捉到退出信号(SIGINT)，准备退出程序...

