[2026-07-22 05:57:38.973] [debug] ================= [CONFIG LOADED] =================
[2026-07-22 05:57:38.973] [debug]   Mode: PC
[2026-07-22 05:57:38.973] [debug]   Camera ID : 2
[2026-07-22 05:57:38.973] [debug]   Target Res: 1280x720
[2026-07-22 05:57:38.973] [debug]   Target Fmt: MJPG
[2026-07-22 05:57:38.973] [debug]   Target Brightness: 0
[2026-07-22 05:57:38.973] [debug]   Target Contrast: 0
[2026-07-22 05:57:38.973] [debug]   Model Path: ../models/detect.prototxt | ../models/detect.caffemodel | ../models/sr.prototxt | ../models/sr.caffemodel
[2026-07-22 05:57:38.973] [debug] ===================================================
[2026-07-22 05:57:38.977] [info] [qrcode_scanner.cpp] 微信模型加载成功
[2026-07-22 05:57:39.271] [debug] 
[2026-07-22 05:57:39.271] [debug] ================= [ACTUAL CAMERA STATUS] =================
[2026-07-22 05:57:39.271] [debug]   Backend API   : V4L2
[2026-07-22 05:57:39.271] [debug]   Resolution    : 1280x720
[2026-07-22 05:57:39.271] [debug]   FPS           : 30
[2026-07-22 05:57:39.271] [debug]   Video Format  : MJPG
[2026-07-22 05:57:39.271] [debug]   Exposure      : 156
[2026-07-22 05:57:39.271] [debug]   Brightness    : 0
[2026-07-22 05:57:39.271] [debug]   Contrast      : 0
[2026-07-22 05:57:39.271] [debug] ==========================================================
[2026-07-22 05:57:39.271] [debug] [main.cpp] 相机初始化完毕, 按 'ESC' 或 'q' 退出

[2026-07-22 05:57:39.271] [debug] ================= [SERIAL STATUS] =================
[2026-07-22 05:57:39.271] [error] [serial_port.cpp] 无法打开串口 /dev/ttyACM0
[2026-07-22 05:57:39.271] [error]   is_serial_open: FAILED
[2026-07-22 05:57:39.271] [debug] ===================================================

[2026-07-22 05:57:39.271] [debug] [main.cpp] starting threads...

[2026-07-22 05:57:39.271] [info] [SERIAL THREAD] 相机 OK, 串口 ERROR, 有效信息 NO, 发送 255 and 255 FAILED
[2026-07-22 05:57:39.473] [warning] [serial_port.cpp] 尝试重新打开串口...
[2026-07-22 05:57:39.473] [error] [serial_port.cpp] 无法打开串口 /dev/ttyACM0
[2026-07-22 05:57:39.982] [warning] [serial_port.cpp] 尝试重新打开串口...
[2026-07-22 05:57:39.982] [error] [serial_port.cpp] 无法打开串口 /dev/ttyACM0
[2026-07-22 05:57:40.282] [debug] 

[2026-07-22 05:57:40.282] [info] [main.cpp] 当前计算帧率: 15.82 FPS
[2026-07-22 05:57:40.487] [warning] [serial_port.cpp] 尝试重新打开串口...
[2026-07-22 05:57:40.487] [error] [serial_port.cpp] 无法打开串口 /dev/ttyACM0
[2026-07-22 05:57:40.992] [warning] [serial_port.cpp] 尝试重新打开串口...
[2026-07-22 05:57:40.992] [error] [serial_port.cpp] 无法打开串口 /dev/ttyACM0
[2026-07-22 05:57:41.460] [debug] 

[2026-07-22 05:57:41.460] [info] [main.cpp] 当前计算帧率: 26.32 FPS
[2026-07-22 05:57:41.496] [warning] [serial_port.cpp] 尝试重新打开串口...
[2026-07-22 05:57:41.496] [error] [serial_port.cpp] 无法打开串口 /dev/ttyACM0
[2026-07-22 05:57:42.001] [warning] [serial_port.cpp] 尝试重新打开串口...
[2026-07-22 05:57:42.001] [error] [serial_port.cpp] 无法打开串口 /dev/ttyACM0
[2026-07-22 05:57:42.480] [debug] 

[2026-07-22 05:57:42.481] [info] [main.cpp] 当前计算帧率: 27.44 FPS
[2026-07-22 05:57:42.506] [warning] [serial_port.cpp] 尝试重新打开串口...
[2026-07-22 05:57:42.506] [error] [serial_port.cpp] 无法打开串口 /dev/ttyACM0
[2026-07-22 05:57:43.010] [warning] [serial_port.cpp] 尝试重新打开串口...
[2026-07-22 05:57:43.010] [error] [serial_port.cpp] 无法打开串口 /dev/ttyACM0
[2026-07-22 05:57:43.514] [debug] 

[2026-07-22 05:57:43.514] [info] [main.cpp] 当前计算帧率: 30.01 FPS
[2026-07-22 05:57:43.518] [warning] [serial_port.cpp] 尝试重新打开串口...
[2026-07-22 05:57:43.518] [error] [serial_port.cpp] 无法打开串口 /dev/ttyACM0
[2026-07-22 05:57:44.024] [warning] [serial_port.cpp] 尝试重新打开串口...
[2026-07-22 05:57:44.024] [error] [serial_port.cpp] 无法打开串口 /dev/ttyACM0
[2026-07-22 05:57:44.531] [warning] [serial_port.cpp] 尝试重新打开串口...
[2026-07-22 05:57:44.531] [error] [serial_port.cpp] 无法打开串口 /dev/ttyACM0
[2026-07-22 05:57:44.541] [debug] 

[2026-07-22 05:57:44.541] [info] [main.cpp] 当前计算帧率: 30.19 FPS
[2026-07-22 05:57:45.035] [warning] [serial_port.cpp] 尝试重新打开串口...
[2026-07-22 05:57:45.036] [error] [serial_port.cpp] 无法打开串口 /dev/ttyACM0
[2026-07-22 05:57:45.540] [warning] [serial_port.cpp] 尝试重新打开串口...
[2026-07-22 05:57:45.540] [error] [serial_port.cpp] 无法打开串口 /dev/ttyACM0
[2026-07-22 05:57:45.573] [debug] 

[2026-07-22 05:57:45.573] [info] [main.cpp] 当前计算帧率: 30.03 FPS
[2026-07-22 05:57:46.044] [warning] [serial_port.cpp] 尝试重新打开串口...
[2026-07-22 05:57:46.044] [error] [serial_port.cpp] 无法打开串口 /dev/ttyACM0
[2026-07-22 05:57:46.549] [warning] [serial_port.cpp] 尝试重新打开串口...
[2026-07-22 05:57:46.549] [error] [serial_port.cpp] 无法打开串口 /dev/ttyACM0
[2026-07-22 05:57:46.603] [debug] 

[2026-07-22 05:57:46.603] [info] [main.cpp] 当前计算帧率: 30.08 FPS
[2026-07-22 05:57:47.053] [warning] [serial_port.cpp] 尝试重新打开串口...
[2026-07-22 05:57:47.053] [error] [serial_port.cpp] 无法打开串口 /dev/ttyACM0
[2026-07-22 05:57:47.557] [warning] [serial_port.cpp] 尝试重新打开串口...
[2026-07-22 05:57:47.557] [error] [serial_port.cpp] 无法打开串口 /dev/ttyACM0
[2026-07-22 05:57:47.604] [debug] 

[2026-07-22 05:57:47.604] [info] [main.cpp] 当前计算帧率: 25.98 FPS
[2026-07-22 05:57:48.061] [warning] [serial_port.cpp] 尝试重新打开串口...
[2026-07-22 05:57:48.061] [error] [serial_port.cpp] 无法打开串口 /dev/ttyACM0
[2026-07-22 05:57:48.567] [warning] [serial_port.cpp] 尝试重新打开串口...
[2026-07-22 05:57:48.568] [error] [serial_port.cpp] 无法打开串口 /dev/ttyACM0
[2026-07-22 05:57:48.605] [debug] 

[2026-07-22 05:57:48.605] [info] [main.cpp] 当前计算帧率: 29.98 FPS
[2026-07-22 05:57:49.072] [warning] [serial_port.cpp] 尝试重新打开串口...
[2026-07-22 05:57:49.072] [error] [serial_port.cpp] 无法打开串口 /dev/ttyACM0
[2026-07-22 05:57:49.579] [warning] [serial_port.cpp] 尝试重新打开串口...
[2026-07-22 05:57:49.579] [error] [serial_port.cpp] 无法打开串口 /dev/ttyACM0
[2026-07-22 05:57:49.638] [debug] 

[2026-07-22 05:57:49.638] [info] [main.cpp] 当前计算帧率: 29.99 FPS
[2026-07-22 05:57:50.083] [warning] [serial_port.cpp] 尝试重新打开串口...
[2026-07-22 05:57:50.083] [error] [serial_port.cpp] 无法打开串口 /dev/ttyACM0
[2026-07-22 05:57:50.590] [warning] [serial_port.cpp] 尝试重新打开串口...
[2026-07-22 05:57:50.590] [error] [serial_port.cpp] 无法打开串口 /dev/ttyACM0
[2026-07-22 05:57:50.668] [debug] 

[2026-07-22 05:57:50.668] [info] [main.cpp] 当前计算帧率: 30.11 FPS
[2026-07-22 05:57:51.094] [warning] [serial_port.cpp] 尝试重新打开串口...
[2026-07-22 05:57:51.094] [error] [serial_port.cpp] 无法打开串口 /dev/ttyACM0
[2026-07-22 05:57:51.600] [warning] [serial_port.cpp] 尝试重新打开串口...
[2026-07-22 05:57:51.600] [error] [serial_port.cpp] 无法打开串口 /dev/ttyACM0
[2026-07-22 05:57:51.670] [debug] 

[2026-07-22 05:57:51.670] [info] [main.cpp] 当前计算帧率: 29.93 FPS
[2026-07-22 05:57:52.104] [warning] [serial_port.cpp] 尝试重新打开串口...
[2026-07-22 05:57:52.105] [error] [serial_port.cpp] 无法打开串口 /dev/ttyACM0
[2026-07-22 05:57:52.610] [warning] [serial_port.cpp] 尝试重新打开串口...
[2026-07-22 05:57:52.610] [error] [serial_port.cpp] 无法打开串口 /dev/ttyACM0
[2026-07-22 05:57:52.700] [debug] 

[2026-07-22 05:57:52.700] [info] [main.cpp] 当前计算帧率: 30.10 FPS
[2026-07-22 05:57:53.115] [warning] [serial_port.cpp] 尝试重新打开串口...
[2026-07-22 05:57:53.115] [error] [serial_port.cpp] 无法打开串口 /dev/ttyACM0
[2026-07-22 05:57:53.623] [warning] [serial_port.cpp] 尝试重新打开串口...
[2026-07-22 05:57:53.623] [error] [serial_port.cpp] 无法打开串口 /dev/ttyACM0
[2026-07-22 05:57:53.731] [debug] 

[2026-07-22 05:57:53.731] [info] [main.cpp] 当前计算帧率: 30.07 FPS
[2026-07-22 05:57:54.127] [warning] [serial_port.cpp] 尝试重新打开串口...
[2026-07-22 05:57:54.127] [error] [serial_port.cpp] 无法打开串口 /dev/ttyACM0
[2026-07-22 05:57:54.632] [warning] [serial_port.cpp] 尝试重新打开串口...
[2026-07-22 05:57:54.632] [error] [serial_port.cpp] 无法打开串口 /dev/ttyACM0
[2026-07-22 05:57:54.731] [debug] 

[2026-07-22 05:57:54.731] [info] [main.cpp] 当前计算帧率: 29.99 FPS
[2026-07-22 05:57:55.137] [warning] [serial_port.cpp] 尝试重新打开串口...
[2026-07-22 05:57:55.137] [error] [serial_port.cpp] 无法打开串口 /dev/ttyACM0
[2026-07-22 05:57:55.288] [error] [main.cpp] 连续读取空帧，相机物理掉线！
[2026-07-22 05:57:55.288] [debug] ---------------------------------------
[2026-07-22 05:57:55.288] [warning] [main.cpp] 相机已断开, 0.5s 后尝试重新连接...
[2026-07-22 05:57:55.289] [info] [SERIAL THREAD] 相机 ERROR, 串口 ERROR, 有效信息 NO, 发送 238 and 238 FAILED
[2026-07-22 05:57:55.642] [warning] [serial_port.cpp] 尝试重新打开串口...
[2026-07-22 05:57:55.642] [error] [serial_port.cpp] 无法打开串口 /dev/ttyACM0
[2026-07-22 05:57:55.891] [debug] ---------------------------------------
[2026-07-22 05:57:55.891] [warning] [main.cpp] 相机已断开, 0.5s 后尝试重新连接...
[2026-07-22 05:57:56.146] [warning] [serial_port.cpp] 尝试重新打开串口...
[2026-07-22 05:57:56.146] [error] [serial_port.cpp] 无法打开串口 /dev/ttyACM0
[2026-07-22 05:57:56.532] [debug] 
[2026-07-22 05:57:56.532] [debug] ================= [ACTUAL CAMERA STATUS] =================
[2026-07-22 05:57:56.532] [debug]   Backend API   : V4L2
[2026-07-22 05:57:56.532] [debug]   Resolution    : 1280x720
[2026-07-22 05:57:56.532] [debug]   FPS           : 30
[2026-07-22 05:57:56.532] [debug]   Video Format  : MJPG
[2026-07-22 05:57:56.532] [debug]   Exposure      : 156
[2026-07-22 05:57:56.532] [debug]   Brightness    : 0
[2026-07-22 05:57:56.532] [debug]   Contrast      : 0
[2026-07-22 05:57:56.532] [debug] ==========================================================
[2026-07-22 05:57:56.532] [debug] [main.cpp] 相机初始化完毕, 按 'ESC' 或 'q' 退出

[2026-07-22 05:57:56.532] [info] [main.cpp] 相机重连成功，恢复视觉流！
[2026-07-22 05:57:56.539] [info] [SERIAL THREAD] 相机 OK, 串口 ERROR, 有效信息 NO, 发送 255 and 255 FAILED
[2026-07-22 05:57:56.650] [warning] [serial_port.cpp] 尝试重新打开串口...
[2026-07-22 05:57:56.650] [error] [serial_port.cpp] 无法打开串口 /dev/ttyACM0
[2026-07-22 05:57:56.832] [debug] 

[2026-07-22 05:57:56.832] [info] [main.cpp] 当前计算帧率: 4.76 FPS
[2026-07-22 05:57:57.155] [warning] [serial_port.cpp] 尝试重新打开串口...
[2026-07-22 05:57:57.155] [error] [serial_port.cpp] 无法打开串口 /dev/ttyACM0
[2026-07-22 05:57:57.661] [warning] [serial_port.cpp] 尝试重新打开串口...
[2026-07-22 05:57:57.661] [info] [serial_port.cpp] 串口 /dev/ttyACM0 打开成功，波特率: 115200
[2026-07-22 05:57:57.661] [info] [SERIAL THREAD] 相机 OK, 串口 OK, 有效信息 NO, 发送 255 and 255 FAILED
[2026-07-22 05:57:57.671] [info] [SERIAL THREAD] 相机 OK, 串口 OK, 有效信息 NO, 发送 255 and 255 SUCCESSED
[2026-07-22 05:57:57.861] [debug] 

[2026-07-22 05:57:57.861] [info] [main.cpp] 当前计算帧率: 27.21 FPS
[2026-07-22 05:57:58.861] [debug] 

[2026-07-22 05:57:58.861] [info] [main.cpp] 当前计算帧率: 25.99 FPS
[2026-07-22 05:57:59.862] [debug] 

[2026-07-22 05:57:59.862] [info] [main.cpp] 当前计算帧率: 29.97 FPS
[2026-07-22 05:58:00.864] [debug] 

[2026-07-22 05:58:00.864] [info] [main.cpp] 当前计算帧率: 29.93 FPS
[2026-07-22 05:58:01.893] [debug] 

[2026-07-22 05:58:01.893] [info] [main.cpp] 当前计算帧率: 30.13 FPS
[2026-07-22 05:58:02.894] [debug] 

[2026-07-22 05:58:02.894] [info] [main.cpp] 当前计算帧率: 25.97 FPS
[2026-07-22 05:58:04.088] [debug] 

[2026-07-22 05:58:04.088] [info] [main.cpp] 当前计算帧率: 25.13 FPS
[2026-07-22 05:58:05.089] [debug] 

[2026-07-22 05:58:05.089] [info] [main.cpp] 当前计算帧率: 30.97 FPS
[2026-07-22 05:58:06.091] [debug] 

[2026-07-22 05:58:06.092] [info] [main.cpp] 当前计算帧率: 29.93 FPS
[2026-07-22 05:58:07.204] [debug] 

[2026-07-22 05:58:07.204] [info] [main.cpp] 当前计算帧率: 22.47 FPS
[2026-07-22 05:58:07.519] [info] [qrcode_scanner.cpp] data1 更新，检测到 基础框 和 核心框 的颜色: Blue,Red
[2026-07-22 05:58:07.519] [info] [qrcode_scanner.cpp] data2 更新，检测到 三个投球框 的颜色顺序: Blue,Yellow,Red
[2026-07-22 05:58:07.523] [info] [SERIAL THREAD] 相机 OK, 串口 OK, 有效信息 YES, 发送 5 and 6 SUCCESSED
[2026-07-22 05:58:08.240] [debug] 

[2026-07-22 05:58:08.240] [info] [main.cpp] 当前计算帧率: 30.89 FPS
[2026-07-22 05:58:09.304] [debug] 

[2026-07-22 05:58:09.304] [info] [main.cpp] 当前计算帧率: 26.33 FPS
[2026-07-22 05:58:10.317] [debug] 

[2026-07-22 05:58:10.317] [info] [main.cpp] 当前计算帧率: 27.63 FPS
[2026-07-22 05:58:11.317] [debug] 

[2026-07-22 05:58:11.317] [info] [main.cpp] 当前计算帧率: 22.00 FPS
[2026-07-22 05:58:12.322] [debug] 

[2026-07-22 05:58:12.322] [info] [main.cpp] 当前计算帧率: 25.88 FPS
[2026-07-22 05:58:13.350] [debug] 

[2026-07-22 05:58:13.350] [info] [main.cpp] 当前计算帧率: 26.25 FPS
[2026-07-22 05:58:14.380] [debug] 

[2026-07-22 05:58:14.380] [info] [main.cpp] 当前计算帧率: 22.34 FPS
[2026-07-22 05:58:15.544] [debug] 

[2026-07-22 05:58:15.544] [info] [main.cpp] 当前计算帧率: 22.35 FPS
[2026-07-22 05:58:16.416] [info] [qrcode_scanner.cpp] data1 更新，检测到 基础框 和 核心框 的颜色: Yellow,Blue
[2026-07-22 05:58:16.422] [info] [SERIAL THREAD] 相机 OK, 串口 OK, 有效信息 YES, 发送 4 and 6 SUCCESSED
[2026-07-22 05:58:16.449] [info] [qrcode_scanner.cpp] data2 更新，检测到 三个投球框 的颜色顺序: Red,Blue,Yellow
[2026-07-22 05:58:16.452] [info] [SERIAL THREAD] 相机 OK, 串口 OK, 有效信息 YES, 发送 4 and 2 SUCCESSED
[2026-07-22 05:58:16.548] [debug] 

[2026-07-22 05:58:16.548] [info] [main.cpp] 当前计算帧率: 25.89 FPS
[2026-07-22 05:58:17.646] [debug] 

[2026-07-22 05:58:17.646] [info] [main.cpp] 当前计算帧率: 25.50 FPS
[2026-07-22 05:58:18.677] [debug] 

[2026-07-22 05:58:18.677] [info] [main.cpp] 当前计算帧率: 25.23 FPS
[2026-07-22 05:58:19.740] [debug] 

[2026-07-22 05:58:19.740] [info] [main.cpp] 当前计算帧率: 22.58 FPS
[2026-07-22 05:58:20.744] [debug] 

[2026-07-22 05:58:20.744] [info] [main.cpp] 当前计算帧率: 25.89 FPS
[2026-07-22 05:58:21.773] [debug] 

[2026-07-22 05:58:21.773] [info] [main.cpp] 当前计算帧率: 31.08 FPS
[2026-07-22 05:58:22.809] [debug] 

[2026-07-22 05:58:22.810] [info] [main.cpp] 当前计算帧率: 14.47 FPS
[2026-07-22 05:58:23.588] [info] [qrcode_scanner.cpp] data2 更新，检测到 三个投球框 的颜色顺序: Blue,Yellow,Red
[2026-07-22 05:58:23.596] [info] [SERIAL THREAD] 相机 OK, 串口 OK, 有效信息 YES, 发送 4 and 6 SUCCESSED
[2026-07-22 05:58:23.598] [info] [qrcode_scanner.cpp] data1 更新，检测到 基础框 和 核心框 的颜色: Blue,Red
[2026-07-22 05:58:23.606] [info] [SERIAL THREAD] 相机 OK, 串口 OK, 有效信息 YES, 发送 5 and 6 SUCCESSED
[2026-07-22 05:58:23.810] [debug] 

[2026-07-22 05:58:23.810] [info] [main.cpp] 当前计算帧率: 22.98 FPS
[2026-07-22 05:58:24.837] [debug] 

[2026-07-22 05:58:24.837] [info] [main.cpp] 当前计算帧率: 28.25 FPS
[2026-07-22 05:58:25.840] [debug] 

[2026-07-22 05:58:25.840] [info] [main.cpp] 当前计算帧率: 25.92 FPS
[2026-07-22 05:58:26.872] [debug] 

[2026-07-22 05:58:26.872] [info] [main.cpp] 当前计算帧率: 26.15 FPS
[2026-07-22 05:58:27.976] [debug] 

[2026-07-22 05:58:27.976] [info] [main.cpp] 当前计算帧率: 18.11 FPS
[2026-07-22 05:58:29.003] [debug] 

[2026-07-22 05:58:29.003] [info] [main.cpp] 当前计算帧率: 19.48 FPS
[2026-07-22 05:58:30.007] [debug] 

[2026-07-22 05:58:30.007] [info] [main.cpp] 当前计算帧率: 25.90 FPS
[2026-07-22 05:58:31.039] [debug] 

[2026-07-22 05:58:31.039] [info] [main.cpp] 当前计算帧率: 22.29 FPS
[2026-07-22 05:58:32.056] [debug] 

[2026-07-22 05:58:32.056] [info] [main.cpp] 当前计算帧率: 19.67 FPS
[2026-07-22 05:58:33.079] [debug] 

[2026-07-22 05:58:33.080] [info] [main.cpp] 当前计算帧率: 30.28 FPS
[2026-07-22 05:58:34.095] [debug] 

[2026-07-22 05:58:34.095] [info] [main.cpp] 当前计算帧率: 23.62 FPS
[2026-07-22 05:58:35.218] [debug] 

[2026-07-22 05:58:35.218] [info] [main.cpp] 当前计算帧率: 19.59 FPS
[2026-07-22 05:58:36.252] [debug] 

[2026-07-22 05:58:36.252] [info] [main.cpp] 当前计算帧率: 27.08 FPS
[2026-07-22 05:58:37.260] [debug] 

[2026-07-22 05:58:37.260] [info] [main.cpp] 当前计算帧率: 31.76 FPS
[2026-07-22 05:58:38.418] [debug] 

[2026-07-22 05:58:38.418] [info] [main.cpp] 当前计算帧率: 16.40 FPS
[2026-07-22 05:58:39.424] [debug] 

[2026-07-22 05:58:39.424] [info] [main.cpp] 当前计算帧率: 30.83 FPS
[2026-07-22 05:58:40.426] [debug] 

[2026-07-22 05:58:40.426] [info] [main.cpp] 当前计算帧率: 25.94 FPS
[2026-07-22 05:58:41.342] [info] [qrcode_scanner.cpp] data1 更新，检测到 基础框 和 核心框 的颜色: Red,Blue
[2026-07-22 05:58:41.350] [info] [SERIAL THREAD] 相机 OK, 串口 OK, 有效信息 YES, 发送 2 and 6 SUCCESSED
[2026-07-22 05:58:41.447] [debug] 

[2026-07-22 05:58:41.447] [info] [main.cpp] 当前计算帧率: 22.53 FPS
[2026-07-22 05:58:41.597] [info] [qrcode_scanner.cpp] data2 更新，检测到 三个投球框 的颜色顺序: Yellow,Blue,Red
[2026-07-22 05:58:41.603] [info] [SERIAL THREAD] 相机 OK, 串口 OK, 有效信息 YES, 发送 2 and 4 SUCCESSED
[2026-07-22 05:58:42.455] [debug] 

[2026-07-22 05:58:42.455] [info] [main.cpp] 当前计算帧率: 29.76 FPS
[2026-07-22 05:58:43.659] [debug] 

[2026-07-22 05:58:43.659] [info] [main.cpp] 当前计算帧率: 16.61 FPS
[2026-07-22 05:58:44.692] [debug] 

[2026-07-22 05:58:44.692] [info] [main.cpp] 当前计算帧率: 24.21 FPS
[2026-07-22 05:58:45.716] [debug] 

[2026-07-22 05:58:45.716] [info] [main.cpp] 当前计算帧率: 22.45 FPS
[2026-07-22 05:58:46.716] [debug] 

[2026-07-22 05:58:46.716] [info] [main.cpp] 当前计算帧率: 27.99 FPS
[2026-07-22 05:58:47.752] [debug] 

[2026-07-22 05:58:47.752] [info] [main.cpp] 当前计算帧率: 24.13 FPS
[2026-07-22 05:58:48.334] [info] [qrcode_scanner.cpp] data1 更新，检测到 基础框 和 核心框 的颜色: Blue,Red
[2026-07-22 05:58:48.341] [info] [SERIAL THREAD] 相机 OK, 串口 OK, 有效信息 YES, 发送 5 and 4 SUCCESSED
[2026-07-22 05:58:48.349] [info] [qrcode_scanner.cpp] data2 更新，检测到 三个投球框 的颜色顺序: Blue,Yellow,Red
[2026-07-22 05:58:48.352] [info] [SERIAL THREAD] 相机 OK, 串口 OK, 有效信息 YES, 发送 5 and 6 SUCCESSED
[2026-07-22 05:58:48.785] [debug] 

[2026-07-22 05:58:48.785] [info] [main.cpp] 当前计算帧率: 26.13 FPS
[2026-07-22 05:58:49.815] [debug] 

[2026-07-22 05:58:49.815] [info] [main.cpp] 当前计算帧率: 30.10 FPS
[2026-07-22 05:58:50.816] [debug] 

[2026-07-22 05:58:50.816] [info] [main.cpp] 当前计算帧率: 29.98 FPS
[2026-07-22 05:58:51.847] [debug] 

[2026-07-22 05:58:51.848] [info] [main.cpp] 当前计算帧率: 27.14 FPS
[2026-07-22 05:58:52.881] [debug] 

[2026-07-22 05:58:52.881] [info] [main.cpp] 当前计算帧率: 27.10 FPS
[2026-07-22 05:58:53.911] [debug] 

[2026-07-22 05:58:53.911] [info] [main.cpp] 当前计算帧率: 26.21 FPS
[2026-07-22 05:58:54.144] [info] [qrcode_scanner.cpp] data2 更新，检测到 三个投球框 的颜色顺序: Red,Yellow,Blue
[2026-07-22 05:58:54.148] [info] [SERIAL THREAD] 相机 OK, 串口 OK, 有效信息 YES, 发送 5 and 1 SUCCESSED
[2026-07-22 05:58:54.247] [info] [qrcode_scanner.cpp] data1 更新，检测到 基础框 和 核心框 的颜色: Yellow,Red
[2026-07-22 05:58:54.249] [info] [SERIAL THREAD] 相机 OK, 串口 OK, 有效信息 YES, 发送 3 and 1 SUCCESSED
[2026-07-22 05:58:54.913] [debug] 

[2026-07-22 05:58:54.913] [info] [main.cpp] 当前计算帧率: 29.93 FPS
[2026-07-22 05:58:55.943] [debug] 

[2026-07-22 05:58:55.943] [info] [main.cpp] 当前计算帧率: 30.10 FPS
[2026-07-22 05:58:57.071] [debug] 

[2026-07-22 05:58:57.071] [info] [main.cpp] 当前计算帧率: 15.96 FPS
[2026-07-22 05:58:58.171] [debug] 

[2026-07-22 05:58:58.171] [info] [main.cpp] 当前计算帧率: 23.63 FPS
[2026-07-22 05:58:59.206] [debug] 

[2026-07-22 05:58:59.206] [info] [main.cpp] 当前计算帧率: 25.12 FPS
[2026-07-22 05:59:00.226] [debug] 

[2026-07-22 05:59:00.226] [info] [main.cpp] 当前计算帧率: 21.56 FPS
[2026-07-22 05:59:01.243] [debug] 

[2026-07-22 05:59:01.243] [info] [main.cpp] 当前计算帧率: 31.47 FPS
[2026-07-22 05:59:02.251] [debug] 

[2026-07-22 05:59:02.251] [info] [main.cpp] 当前计算帧率: 18.86 FPS
[2026-07-22 05:59:03.267] [debug] 

[2026-07-22 05:59:03.267] [info] [main.cpp] 当前计算帧率: 30.50 FPS
[2026-07-22 05:59:04.361] [debug] 

[2026-07-22 05:59:04.361] [info] [main.cpp] 当前计算帧率: 21.94 FPS
[2026-07-22 05:59:05.539] [debug] 

[2026-07-22 05:59:05.539] [info] [main.cpp] 当前计算帧率: 27.17 FPS
[2026-07-22 05:59:06.570] [debug] 

[2026-07-22 05:59:06.570] [info] [main.cpp] 当前计算帧率: 25.20 FPS
[2026-07-22 05:59:07.600] [debug] 

[2026-07-22 05:59:07.600] [info] [main.cpp] 当前计算帧率: 23.32 FPS
[2026-07-22 05:59:07.766] [info] [qrcode_scanner.cpp] data1 更新，检测到 基础框 和 核心框 的颜色: Yellow,Blue
[2026-07-22 05:59:07.769] [info] [SERIAL THREAD] 相机 OK, 串口 OK, 有效信息 YES, 发送 4 and 1 SUCCESSED
[2026-07-22 05:59:08.619] [debug] 

[2026-07-22 05:59:08.619] [info] [main.cpp] 当前计算帧率: 29.42 FPS
[2026-07-22 05:59:09.623] [debug] 

[2026-07-22 05:59:09.623] [info] [main.cpp] 当前计算帧率: 28.89 FPS
[2026-07-22 05:59:10.722] [debug] 

[2026-07-22 05:59:10.722] [info] [main.cpp] 当前计算帧率: 26.38 FPS
[2026-07-22 05:59:11.727] [debug] 

[2026-07-22 05:59:11.727] [info] [main.cpp] 当前计算帧率: 31.85 FPS
[2026-07-22 05:59:12.727] [debug] 

[2026-07-22 05:59:12.727] [info] [main.cpp] 当前计算帧率: 22.00 FPS
[2026-07-22 05:59:13.827] [debug] 

[2026-07-22 05:59:13.827] [info] [main.cpp] 当前计算帧率: 14.55 FPS
[2026-07-22 05:59:14.827] [debug] 

[2026-07-22 05:59:14.827] [info] [main.cpp] 当前计算帧率: 20.99 FPS
[2026-07-22 05:59:15.859] [debug] 

[2026-07-22 05:59:15.859] [info] [main.cpp] 当前计算帧率: 27.15 FPS
[2026-07-22 05:59:16.894] [debug] 

[2026-07-22 05:59:16.894] [info] [main.cpp] 当前计算帧率: 23.18 FPS
[2026-07-22 05:59:17.925] [debug] 

[2026-07-22 05:59:17.925] [info] [main.cpp] 当前计算帧率: 27.15 FPS
[2026-07-22 05:59:18.956] [debug] 

[2026-07-22 05:59:18.956] [info] [main.cpp] 当前计算帧率: 27.17 FPS
[2026-07-22 05:59:19.958] [debug] 

[2026-07-22 05:59:19.958] [info] [main.cpp] 当前计算帧率: 26.95 FPS
[2026-07-22 05:59:21.124] [debug] 

[2026-07-22 05:59:21.124] [info] [main.cpp] 当前计算帧率: 26.58 FPS
[2026-07-22 05:59:22.151] [debug] 

[2026-07-22 05:59:22.151] [info] [main.cpp] 当前计算帧率: 28.25 FPS
[2026-07-22 05:59:23.151] [debug] 

[2026-07-22 05:59:23.151] [info] [main.cpp] 当前计算帧率: 26.99 FPS
[2026-07-22 05:59:24.243] [debug] 

[2026-07-22 05:59:24.243] [info] [main.cpp] 当前计算帧率: 22.90 FPS
[2026-07-22 05:59:25.254] [debug] 

[2026-07-22 05:59:25.254] [info] [main.cpp] 当前计算帧率: 28.68 FPS
[2026-07-22 05:59:26.283] [debug] 

[2026-07-22 05:59:26.283] [info] [main.cpp] 当前计算帧率: 23.31 FPS
[2026-07-22 05:59:27.127] [debug] 

[2026-07-22 05:59:27.127] [warning] [main.cpp] 捕捉到退出信号(SIGINT)，准备退出程序...

[2026-07-22 05:59:27.170] [warning] [serial_port.cpp] 串口已关闭。
