[2026-07-24 13:05:00.222] [debug] ================= [CONFIG LOADED] =================
[2026-07-24 13:05:00.222] [debug]   Mode: Raspberry Pi
[2026-07-24 13:05:00.222] [debug]   Camera ID : 0
[2026-07-24 13:05:00.222] [debug]   Target Res: 1280x720
[2026-07-24 13:05:00.222] [debug]   Target Fmt: MJPG
[2026-07-24 13:05:00.222] [debug]   Target Brightness: 0
[2026-07-24 13:05:00.222] [debug]   Target Contrast: 30
[2026-07-24 13:05:00.222] [debug]   Model Path: ../models/detect.prototxt | ../models/detect.caffemodel | ../models/sr.prototxt | ../models/sr.caffemodel

[2026-07-24 13:05:00.222] [debug]   Stream        : Port=5000, Res=640x360, Quality=60
[2026-07-24 13:05:00.222] [debug] ===================================================
[2026-07-24 13:05:00.226] [info] [qrcode_scanner.cpp] 微信模型加载成功
[2026-07-24 13:05:00.349] [debug] 
[2026-07-24 13:05:00.349] [debug] ================= [ACTUAL CAMERA STATUS] =================
[2026-07-24 13:05:00.349] [debug]   Backend API   : V4L2
[2026-07-24 13:05:00.349] [debug]   Resolution    : 1280x720
[2026-07-24 13:05:00.349] [debug]   FPS           : 30
[2026-07-24 13:05:00.349] [debug]   Video Format  : MJPG
[2026-07-24 13:05:00.349] [debug]   Exposure      : 166
[2026-07-24 13:05:00.349] [debug]   Brightness    : 0
[2026-07-24 13:05:00.349] [debug]   Contrast      : 30
[2026-07-24 13:05:00.349] [debug] ==========================================================
[2026-07-24 13:05:00.349] [debug] [main.cpp] 相机初始化完毕, 按 'Ctrl+C' 退出

[2026-07-24 13:05:00.349] [debug] ================= [SERIAL STATUS] =================
[2026-07-24 13:05:00.349] [error] [serial_port.cpp] 无法打开串口 /dev/ttyACM0

[2026-07-24 13:05:00.349] [error]   is_serial_open: FAILED
[2026-07-24 13:05:00.349] [debug] ===================================================

[2026-07-24 13:05:00.349] [info] [HttpStream] HTTP 服务器已启动，端口: 5000
[2026-07-24 13:05:00.349] [info] 本机局域网 IP: 10.62.146.83  (接口: wlp0s20f3)
[2026-07-24 13:05:00.349] [debug] [main.cpp] starting 3 threads...

[2026-07-24 13:05:00.349] [info] [HttpStream] 服务器正在 0.0.0.0:5000 监听
[2026-07-24 13:05:00.349] [info] [SERIAL THREAD] 相机 OK, 串口 ERROR, 有效信息 NO, 发送 255 and 255 FAILED
[2026-07-24 13:05:00.723] [warning] [serial_port.cpp] 尝试重新打开串口...
[2026-07-24 13:05:00.723] [error] [serial_port.cpp] 无法打开串口 /dev/ttyACM0

[2026-07-24 13:05:01.230] [warning] [serial_port.cpp] 尝试重新打开串口...
[2026-07-24 13:05:01.230] [error] [serial_port.cpp] 无法打开串口 /dev/ttyACM0

[2026-07-24 13:05:01.739] [warning] [serial_port.cpp] 尝试重新打开串口...
[2026-07-24 13:05:01.740] [error] [serial_port.cpp] 无法打开串口 /dev/ttyACM0

[2026-07-24 13:05:02.247] [warning] [serial_port.cpp] 尝试重新打开串口...
[2026-07-24 13:05:02.247] [error] [serial_port.cpp] 无法打开串口 /dev/ttyACM0

[2026-07-24 13:05:02.749] [warning] [serial_port.cpp] 尝试重新打开串口...
[2026-07-24 13:05:02.749] [error] [serial_port.cpp] 无法打开串口 /dev/ttyACM0

[2026-07-24 13:05:03.250] [warning] [serial_port.cpp] 尝试重新打开串口...
[2026-07-24 13:05:03.250] [error] [serial_port.cpp] 无法打开串口 /dev/ttyACM0

[2026-07-24 13:05:03.758] [warning] [serial_port.cpp] 尝试重新打开串口...
[2026-07-24 13:05:03.759] [error] [serial_port.cpp] 无法打开串口 /dev/ttyACM0

[2026-07-24 13:05:04.264] [warning] [serial_port.cpp] 尝试重新打开串口...
[2026-07-24 13:05:04.264] [error] [serial_port.cpp] 无法打开串口 /dev/ttyACM0

[2026-07-24 13:05:04.770] [warning] [serial_port.cpp] 尝试重新打开串口...
[2026-07-24 13:05:04.770] [error] [serial_port.cpp] 无法打开串口 /dev/ttyACM0

[2026-07-24 13:05:05.277] [warning] [serial_port.cpp] 尝试重新打开串口...
[2026-07-24 13:05:05.277] [error] [serial_port.cpp] 无法打开串口 /dev/ttyACM0

[2026-07-24 13:05:05.782] [warning] [serial_port.cpp] 尝试重新打开串口...
[2026-07-24 13:05:05.782] [error] [serial_port.cpp] 无法打开串口 /dev/ttyACM0

[2026-07-24 13:05:06.288] [warning] [serial_port.cpp] 尝试重新打开串口...
[2026-07-24 13:05:06.288] [error] [serial_port.cpp] 无法打开串口 /dev/ttyACM0

[2026-07-24 13:05:06.795] [warning] [serial_port.cpp] 尝试重新打开串口...
[2026-07-24 13:05:06.795] [error] [serial_port.cpp] 无法打开串口 /dev/ttyACM0

[2026-07-24 13:05:07.301] [warning] [serial_port.cpp] 尝试重新打开串口...
[2026-07-24 13:05:07.301] [error] [serial_port.cpp] 无法打开串口 /dev/ttyACM0

[2026-07-24 13:05:07.809] [warning] [serial_port.cpp] 尝试重新打开串口...
[2026-07-24 13:05:07.809] [error] [serial_port.cpp] 无法打开串口 /dev/ttyACM0

[2026-07-24 13:05:08.314] [warning] [serial_port.cpp] 尝试重新打开串口...
[2026-07-24 13:05:08.314] [error] [serial_port.cpp] 无法打开串口 /dev/ttyACM0

[2026-07-24 13:05:08.699] [debug] 

[2026-07-24 13:05:08.699] [warning] [main.cpp] 捕捉到退出信号(SIGINT)，准备退出程序...

[2026-07-24 13:05:08.761] [info] [HttpStream] HTTP 服务器已停止。
