[2026-07-24 12:41:45.659] [debug] ================= [CONFIG LOADED] =================
[2026-07-24 12:41:45.659] [debug]   Mode: Raspberry Pi
[2026-07-24 12:41:45.659] [debug]   Camera ID : 0
[2026-07-24 12:41:45.659] [debug]   Target Res: 1280x720
[2026-07-24 12:41:45.659] [debug]   Target Fmt: MJPG
[2026-07-24 12:41:45.659] [debug]   Target Brightness: 0
[2026-07-24 12:41:45.659] [debug]   Target Contrast: 30
[2026-07-24 12:41:45.659] [debug]   Model Path: ../models/detect.prototxt | ../models/detect.caffemodel | ../models/sr.prototxt | ../models/sr.caffemodel

[2026-07-24 12:41:45.659] [debug]   Stream        : Port=5000, Res=640x360, Quality=60
[2026-07-24 12:41:45.659] [debug] ===================================================
[2026-07-24 12:41:45.663] [info] [qrcode_scanner.cpp] 微信模型加载成功
[2026-07-24 12:41:45.785] [debug] 
[2026-07-24 12:41:45.785] [debug] ================= [ACTUAL CAMERA STATUS] =================
[2026-07-24 12:41:45.785] [debug]   Backend API   : V4L2
[2026-07-24 12:41:45.785] [debug]   Resolution    : 1280x720
[2026-07-24 12:41:45.785] [debug]   FPS           : 30
[2026-07-24 12:41:45.785] [debug]   Video Format  : MJPG
[2026-07-24 12:41:45.785] [debug]   Exposure      : 166
[2026-07-24 12:41:45.785] [debug]   Brightness    : 0
[2026-07-24 12:41:45.785] [debug]   Contrast      : 30
[2026-07-24 12:41:45.785] [debug] ==========================================================
[2026-07-24 12:41:45.785] [debug] [main.cpp] 相机初始化完毕, 按 'Ctrl+C' 退出

[2026-07-24 12:41:45.785] [debug] ================= [SERIAL STATUS] =================
[2026-07-24 12:41:45.785] [error] [serial_port.cpp] 无法打开串口 /dev/ttyACM0

[2026-07-24 12:41:45.785] [error]   is_serial_open: FAILED
[2026-07-24 12:41:45.785] [debug] ===================================================

[2026-07-24 12:41:45.786] [info] [HttpStream] HTTP 服务器已启动，端口: 5000
[2026-07-24 12:41:45.786] [info] [HttpStream] 服务器正在 0.0.0.0:5000 监听
[2026-07-24 12:41:45.786] [info] [SERIAL THREAD] 相机 OK, 串口 ERROR, 有效信息 NO, 发送 255 and 255 FAILED
[2026-07-24 12:41:45.786] [info] 本机局域网 IP: 10.62.146.83  (接口: wlp0s20f3)
[2026-07-24 12:41:45.786] [debug] [main.cpp] starting 3 threads...

[2026-07-24 12:41:46.169] [warning] [serial_port.cpp] 尝试重新打开串口...
[2026-07-24 12:41:46.169] [error] [serial_port.cpp] 无法打开串口 /dev/ttyACM0

[2026-07-24 12:41:46.675] [warning] [serial_port.cpp] 尝试重新打开串口...
[2026-07-24 12:41:46.675] [error] [serial_port.cpp] 无法打开串口 /dev/ttyACM0

[2026-07-24 12:41:47.179] [warning] [serial_port.cpp] 尝试重新打开串口...
[2026-07-24 12:41:47.180] [error] [serial_port.cpp] 无法打开串口 /dev/ttyACM0

[2026-07-24 12:41:47.688] [warning] [serial_port.cpp] 尝试重新打开串口...
[2026-07-24 12:41:47.688] [error] [serial_port.cpp] 无法打开串口 /dev/ttyACM0

[2026-07-24 12:41:48.194] [warning] [serial_port.cpp] 尝试重新打开串口...
[2026-07-24 12:41:48.194] [error] [serial_port.cpp] 无法打开串口 /dev/ttyACM0

[2026-07-24 12:41:48.702] [warning] [serial_port.cpp] 尝试重新打开串口...
[2026-07-24 12:41:48.702] [error] [serial_port.cpp] 无法打开串口 /dev/ttyACM0

[2026-07-24 12:41:49.211] [warning] [serial_port.cpp] 尝试重新打开串口...
[2026-07-24 12:41:49.212] [error] [serial_port.cpp] 无法打开串口 /dev/ttyACM0

[2026-07-24 12:41:49.718] [warning] [serial_port.cpp] 尝试重新打开串口...
[2026-07-24 12:41:49.718] [error] [serial_port.cpp] 无法打开串口 /dev/ttyACM0

[2026-07-24 12:41:50.223] [warning] [serial_port.cpp] 尝试重新打开串口...
[2026-07-24 12:41:50.223] [error] [serial_port.cpp] 无法打开串口 /dev/ttyACM0

[2026-07-24 12:41:50.728] [warning] [serial_port.cpp] 尝试重新打开串口...
[2026-07-24 12:41:50.729] [error] [serial_port.cpp] 无法打开串口 /dev/ttyACM0

[2026-07-24 12:41:51.229] [warning] [serial_port.cpp] 尝试重新打开串口...
[2026-07-24 12:41:51.229] [error] [serial_port.cpp] 无法打开串口 /dev/ttyACM0

[2026-07-24 12:41:51.737] [warning] [serial_port.cpp] 尝试重新打开串口...
[2026-07-24 12:41:51.737] [error] [serial_port.cpp] 无法打开串口 /dev/ttyACM0

[2026-07-24 12:41:52.242] [warning] [serial_port.cpp] 尝试重新打开串口...
[2026-07-24 12:41:52.242] [error] [serial_port.cpp] 无法打开串口 /dev/ttyACM0

[2026-07-24 12:41:52.746] [warning] [serial_port.cpp] 尝试重新打开串口...
[2026-07-24 12:41:52.746] [error] [serial_port.cpp] 无法打开串口 /dev/ttyACM0

[2026-07-24 12:41:53.250] [warning] [serial_port.cpp] 尝试重新打开串口...
[2026-07-24 12:41:53.250] [error] [serial_port.cpp] 无法打开串口 /dev/ttyACM0

[2026-07-24 12:41:53.754] [warning] [serial_port.cpp] 尝试重新打开串口...
[2026-07-24 12:41:53.754] [error] [serial_port.cpp] 无法打开串口 /dev/ttyACM0

[2026-07-24 12:41:54.257] [warning] [serial_port.cpp] 尝试重新打开串口...
[2026-07-24 12:41:54.257] [error] [serial_port.cpp] 无法打开串口 /dev/ttyACM0

[2026-07-24 12:41:54.762] [warning] [serial_port.cpp] 尝试重新打开串口...
[2026-07-24 12:41:54.762] [error] [serial_port.cpp] 无法打开串口 /dev/ttyACM0

[2026-07-24 12:41:55.266] [warning] [serial_port.cpp] 尝试重新打开串口...
[2026-07-24 12:41:55.266] [error] [serial_port.cpp] 无法打开串口 /dev/ttyACM0

[2026-07-24 12:41:55.770] [warning] [serial_port.cpp] 尝试重新打开串口...
[2026-07-24 12:41:55.770] [error] [serial_port.cpp] 无法打开串口 /dev/ttyACM0

[2026-07-24 12:41:56.273] [warning] [serial_port.cpp] 尝试重新打开串口...
[2026-07-24 12:41:56.273] [error] [serial_port.cpp] 无法打开串口 /dev/ttyACM0

[2026-07-24 12:41:56.778] [warning] [serial_port.cpp] 尝试重新打开串口...
[2026-07-24 12:41:56.778] [error] [serial_port.cpp] 无法打开串口 /dev/ttyACM0

[2026-07-24 12:41:57.282] [warning] [serial_port.cpp] 尝试重新打开串口...
[2026-07-24 12:41:57.282] [error] [serial_port.cpp] 无法打开串口 /dev/ttyACM0

[2026-07-24 12:41:57.785] [warning] [serial_port.cpp] 尝试重新打开串口...
[2026-07-24 12:41:57.785] [error] [serial_port.cpp] 无法打开串口 /dev/ttyACM0

[2026-07-24 12:41:58.288] [warning] [serial_port.cpp] 尝试重新打开串口...
[2026-07-24 12:41:58.289] [error] [serial_port.cpp] 无法打开串口 /dev/ttyACM0

[2026-07-24 12:41:58.792] [warning] [serial_port.cpp] 尝试重新打开串口...
[2026-07-24 12:41:58.792] [error] [serial_port.cpp] 无法打开串口 /dev/ttyACM0

[2026-07-24 12:41:59.296] [warning] [serial_port.cpp] 尝试重新打开串口...
[2026-07-24 12:41:59.296] [error] [serial_port.cpp] 无法打开串口 /dev/ttyACM0

[2026-07-24 12:41:59.800] [warning] [serial_port.cpp] 尝试重新打开串口...
[2026-07-24 12:41:59.800] [error] [serial_port.cpp] 无法打开串口 /dev/ttyACM0

[2026-07-24 12:42:00.304] [warning] [serial_port.cpp] 尝试重新打开串口...
[2026-07-24 12:42:00.304] [error] [serial_port.cpp] 无法打开串口 /dev/ttyACM0

[2026-07-24 12:42:00.808] [warning] [serial_port.cpp] 尝试重新打开串口...
[2026-07-24 12:42:00.808] [error] [serial_port.cpp] 无法打开串口 /dev/ttyACM0

[2026-07-24 12:42:01.312] [warning] [serial_port.cpp] 尝试重新打开串口...
[2026-07-24 12:42:01.312] [error] [serial_port.cpp] 无法打开串口 /dev/ttyACM0

[2026-07-24 12:42:01.815] [warning] [serial_port.cpp] 尝试重新打开串口...
[2026-07-24 12:42:01.816] [error] [serial_port.cpp] 无法打开串口 /dev/ttyACM0

[2026-07-24 12:42:02.321] [warning] [serial_port.cpp] 尝试重新打开串口...
[2026-07-24 12:42:02.321] [error] [serial_port.cpp] 无法打开串口 /dev/ttyACM0

[2026-07-24 12:42:02.677] [info] [qrcode_scanner.cpp] data1 更新，检测到 基础框 和 核心框 的颜色: Red,Blue
[2026-07-24 12:42:02.686] [info] [SERIAL THREAD] 相机 OK, 串口 ERROR, 有效信息 YES, 发送 2 and 255 FAILED
[2026-07-24 12:42:02.716] [info] [qrcode_scanner.cpp] data2 更新，检测到 三个投球框 的颜色顺序: Yellow,Blue,Red
[2026-07-24 12:42:02.726] [info] [SERIAL THREAD] 相机 OK, 串口 ERROR, 有效信息 YES, 发送 2 and 4 FAILED
[2026-07-24 12:42:02.829] [warning] [serial_port.cpp] 尝试重新打开串口...
[2026-07-24 12:42:02.830] [error] [serial_port.cpp] 无法打开串口 /dev/ttyACM0

[2026-07-24 12:42:03.334] [warning] [serial_port.cpp] 尝试重新打开串口...
[2026-07-24 12:42:03.334] [error] [serial_port.cpp] 无法打开串口 /dev/ttyACM0

[2026-07-24 12:42:03.840] [warning] [serial_port.cpp] 尝试重新打开串口...
[2026-07-24 12:42:03.840] [error] [serial_port.cpp] 无法打开串口 /dev/ttyACM0

[2026-07-24 12:42:04.344] [warning] [serial_port.cpp] 尝试重新打开串口...
[2026-07-24 12:42:04.344] [error] [serial_port.cpp] 无法打开串口 /dev/ttyACM0

[2026-07-24 12:42:04.849] [warning] [serial_port.cpp] 尝试重新打开串口...
[2026-07-24 12:42:04.849] [error] [serial_port.cpp] 无法打开串口 /dev/ttyACM0

[2026-07-24 12:42:05.353] [warning] [serial_port.cpp] 尝试重新打开串口...
[2026-07-24 12:42:05.353] [error] [serial_port.cpp] 无法打开串口 /dev/ttyACM0

[2026-07-24 12:42:05.857] [warning] [serial_port.cpp] 尝试重新打开串口...
[2026-07-24 12:42:05.857] [error] [serial_port.cpp] 无法打开串口 /dev/ttyACM0

[2026-07-24 12:42:06.361] [warning] [serial_port.cpp] 尝试重新打开串口...
[2026-07-24 12:42:06.361] [error] [serial_port.cpp] 无法打开串口 /dev/ttyACM0

[2026-07-24 12:42:06.865] [warning] [serial_port.cpp] 尝试重新打开串口...
[2026-07-24 12:42:06.865] [error] [serial_port.cpp] 无法打开串口 /dev/ttyACM0

[2026-07-24 12:42:07.369] [warning] [serial_port.cpp] 尝试重新打开串口...
[2026-07-24 12:42:07.369] [error] [serial_port.cpp] 无法打开串口 /dev/ttyACM0

[2026-07-24 12:42:07.873] [warning] [serial_port.cpp] 尝试重新打开串口...
[2026-07-24 12:42:07.873] [error] [serial_port.cpp] 无法打开串口 /dev/ttyACM0

[2026-07-24 12:42:08.377] [warning] [serial_port.cpp] 尝试重新打开串口...
[2026-07-24 12:42:08.377] [error] [serial_port.cpp] 无法打开串口 /dev/ttyACM0

[2026-07-24 12:42:08.881] [warning] [serial_port.cpp] 尝试重新打开串口...
[2026-07-24 12:42:08.881] [error] [serial_port.cpp] 无法打开串口 /dev/ttyACM0

[2026-07-24 12:42:09.385] [warning] [serial_port.cpp] 尝试重新打开串口...
[2026-07-24 12:42:09.385] [error] [serial_port.cpp] 无法打开串口 /dev/ttyACM0

[2026-07-24 12:42:09.888] [warning] [serial_port.cpp] 尝试重新打开串口...
[2026-07-24 12:42:09.889] [error] [serial_port.cpp] 无法打开串口 /dev/ttyACM0

[2026-07-24 12:42:10.392] [warning] [serial_port.cpp] 尝试重新打开串口...
[2026-07-24 12:42:10.392] [error] [serial_port.cpp] 无法打开串口 /dev/ttyACM0

[2026-07-24 12:42:10.896] [warning] [serial_port.cpp] 尝试重新打开串口...
[2026-07-24 12:42:10.896] [error] [serial_port.cpp] 无法打开串口 /dev/ttyACM0

[2026-07-24 12:42:11.400] [warning] [serial_port.cpp] 尝试重新打开串口...
[2026-07-24 12:42:11.400] [error] [serial_port.cpp] 无法打开串口 /dev/ttyACM0

[2026-07-24 12:42:11.904] [warning] [serial_port.cpp] 尝试重新打开串口...
[2026-07-24 12:42:11.904] [error] [serial_port.cpp] 无法打开串口 /dev/ttyACM0

[2026-07-24 12:42:12.408] [warning] [serial_port.cpp] 尝试重新打开串口...
[2026-07-24 12:42:12.408] [error] [serial_port.cpp] 无法打开串口 /dev/ttyACM0

[2026-07-24 12:42:12.911] [warning] [serial_port.cpp] 尝试重新打开串口...
[2026-07-24 12:42:12.911] [error] [serial_port.cpp] 无法打开串口 /dev/ttyACM0

[2026-07-24 12:42:13.415] [warning] [serial_port.cpp] 尝试重新打开串口...
[2026-07-24 12:42:13.416] [error] [serial_port.cpp] 无法打开串口 /dev/ttyACM0

[2026-07-24 12:42:13.919] [warning] [serial_port.cpp] 尝试重新打开串口...
[2026-07-24 12:42:13.920] [error] [serial_port.cpp] 无法打开串口 /dev/ttyACM0

[2026-07-24 12:42:14.423] [warning] [serial_port.cpp] 尝试重新打开串口...
[2026-07-24 12:42:14.424] [error] [serial_port.cpp] 无法打开串口 /dev/ttyACM0

[2026-07-24 12:42:14.927] [warning] [serial_port.cpp] 尝试重新打开串口...
[2026-07-24 12:42:14.927] [error] [serial_port.cpp] 无法打开串口 /dev/ttyACM0

[2026-07-24 12:42:15.431] [warning] [serial_port.cpp] 尝试重新打开串口...
[2026-07-24 12:42:15.431] [error] [serial_port.cpp] 无法打开串口 /dev/ttyACM0

[2026-07-24 12:42:15.935] [warning] [serial_port.cpp] 尝试重新打开串口...
[2026-07-24 12:42:15.935] [error] [serial_port.cpp] 无法打开串口 /dev/ttyACM0

[2026-07-24 12:42:16.439] [warning] [serial_port.cpp] 尝试重新打开串口...
[2026-07-24 12:42:16.439] [error] [serial_port.cpp] 无法打开串口 /dev/ttyACM0

[2026-07-24 12:42:16.942] [warning] [serial_port.cpp] 尝试重新打开串口...
[2026-07-24 12:42:16.942] [error] [serial_port.cpp] 无法打开串口 /dev/ttyACM0

[2026-07-24 12:42:17.446] [warning] [serial_port.cpp] 尝试重新打开串口...
[2026-07-24 12:42:17.447] [error] [serial_port.cpp] 无法打开串口 /dev/ttyACM0

[2026-07-24 12:42:17.950] [warning] [serial_port.cpp] 尝试重新打开串口...
[2026-07-24 12:42:17.950] [error] [serial_port.cpp] 无法打开串口 /dev/ttyACM0

[2026-07-24 12:42:18.454] [warning] [serial_port.cpp] 尝试重新打开串口...
[2026-07-24 12:42:18.454] [error] [serial_port.cpp] 无法打开串口 /dev/ttyACM0

[2026-07-24 12:42:18.958] [warning] [serial_port.cpp] 尝试重新打开串口...
[2026-07-24 12:42:18.958] [error] [serial_port.cpp] 无法打开串口 /dev/ttyACM0

[2026-07-24 12:42:19.461] [warning] [serial_port.cpp] 尝试重新打开串口...
[2026-07-24 12:42:19.461] [error] [serial_port.cpp] 无法打开串口 /dev/ttyACM0

[2026-07-24 12:42:19.965] [warning] [serial_port.cpp] 尝试重新打开串口...
[2026-07-24 12:42:19.965] [error] [serial_port.cpp] 无法打开串口 /dev/ttyACM0

[2026-07-24 12:42:20.470] [warning] [serial_port.cpp] 尝试重新打开串口...
[2026-07-24 12:42:20.470] [error] [serial_port.cpp] 无法打开串口 /dev/ttyACM0

[2026-07-24 12:42:20.974] [warning] [serial_port.cpp] 尝试重新打开串口...
[2026-07-24 12:42:20.974] [error] [serial_port.cpp] 无法打开串口 /dev/ttyACM0

[2026-07-24 12:42:21.478] [warning] [serial_port.cpp] 尝试重新打开串口...
[2026-07-24 12:42:21.478] [error] [serial_port.cpp] 无法打开串口 /dev/ttyACM0

[2026-07-24 12:42:21.982] [warning] [serial_port.cpp] 尝试重新打开串口...
[2026-07-24 12:42:21.982] [error] [serial_port.cpp] 无法打开串口 /dev/ttyACM0

[2026-07-24 12:42:22.485] [warning] [serial_port.cpp] 尝试重新打开串口...
[2026-07-24 12:42:22.486] [error] [serial_port.cpp] 无法打开串口 /dev/ttyACM0

[2026-07-24 12:42:22.989] [warning] [serial_port.cpp] 尝试重新打开串口...
[2026-07-24 12:42:22.989] [error] [serial_port.cpp] 无法打开串口 /dev/ttyACM0

[2026-07-24 12:42:23.493] [warning] [serial_port.cpp] 尝试重新打开串口...
[2026-07-24 12:42:23.494] [error] [serial_port.cpp] 无法打开串口 /dev/ttyACM0

[2026-07-24 12:42:23.997] [warning] [serial_port.cpp] 尝试重新打开串口...
[2026-07-24 12:42:23.997] [error] [serial_port.cpp] 无法打开串口 /dev/ttyACM0

[2026-07-24 12:42:24.501] [warning] [serial_port.cpp] 尝试重新打开串口...
[2026-07-24 12:42:24.501] [error] [serial_port.cpp] 无法打开串口 /dev/ttyACM0

[2026-07-24 12:42:25.005] [warning] [serial_port.cpp] 尝试重新打开串口...
[2026-07-24 12:42:25.005] [error] [serial_port.cpp] 无法打开串口 /dev/ttyACM0

[2026-07-24 12:42:25.509] [warning] [serial_port.cpp] 尝试重新打开串口...
[2026-07-24 12:42:25.509] [error] [serial_port.cpp] 无法打开串口 /dev/ttyACM0

[2026-07-24 12:42:26.012] [warning] [serial_port.cpp] 尝试重新打开串口...
[2026-07-24 12:42:26.013] [error] [serial_port.cpp] 无法打开串口 /dev/ttyACM0

[2026-07-24 12:42:26.516] [warning] [serial_port.cpp] 尝试重新打开串口...
[2026-07-24 12:42:26.516] [error] [serial_port.cpp] 无法打开串口 /dev/ttyACM0

[2026-07-24 12:42:27.023] [warning] [serial_port.cpp] 尝试重新打开串口...
[2026-07-24 12:42:27.023] [error] [serial_port.cpp] 无法打开串口 /dev/ttyACM0

[2026-07-24 12:42:27.527] [warning] [serial_port.cpp] 尝试重新打开串口...
[2026-07-24 12:42:27.527] [error] [serial_port.cpp] 无法打开串口 /dev/ttyACM0

[2026-07-24 12:42:28.031] [warning] [serial_port.cpp] 尝试重新打开串口...
[2026-07-24 12:42:28.031] [error] [serial_port.cpp] 无法打开串口 /dev/ttyACM0

[2026-07-24 12:42:28.535] [warning] [serial_port.cpp] 尝试重新打开串口...
[2026-07-24 12:42:28.535] [error] [serial_port.cpp] 无法打开串口 /dev/ttyACM0

[2026-07-24 12:42:29.038] [warning] [serial_port.cpp] 尝试重新打开串口...
[2026-07-24 12:42:29.038] [error] [serial_port.cpp] 无法打开串口 /dev/ttyACM0

[2026-07-24 12:42:29.542] [warning] [serial_port.cpp] 尝试重新打开串口...
[2026-07-24 12:42:29.542] [error] [serial_port.cpp] 无法打开串口 /dev/ttyACM0

[2026-07-24 12:42:30.047] [warning] [serial_port.cpp] 尝试重新打开串口...
[2026-07-24 12:42:30.047] [error] [serial_port.cpp] 无法打开串口 /dev/ttyACM0

[2026-07-24 12:42:30.551] [warning] [serial_port.cpp] 尝试重新打开串口...
[2026-07-24 12:42:30.551] [error] [serial_port.cpp] 无法打开串口 /dev/ttyACM0

[2026-07-24 12:42:31.055] [warning] [serial_port.cpp] 尝试重新打开串口...
[2026-07-24 12:42:31.055] [error] [serial_port.cpp] 无法打开串口 /dev/ttyACM0

[2026-07-24 12:42:31.559] [warning] [serial_port.cpp] 尝试重新打开串口...
[2026-07-24 12:42:31.559] [error] [serial_port.cpp] 无法打开串口 /dev/ttyACM0

[2026-07-24 12:42:32.063] [warning] [serial_port.cpp] 尝试重新打开串口...
[2026-07-24 12:42:32.063] [error] [serial_port.cpp] 无法打开串口 /dev/ttyACM0

[2026-07-24 12:42:32.567] [warning] [serial_port.cpp] 尝试重新打开串口...
[2026-07-24 12:42:32.567] [error] [serial_port.cpp] 无法打开串口 /dev/ttyACM0

[2026-07-24 12:42:33.070] [warning] [serial_port.cpp] 尝试重新打开串口...
[2026-07-24 12:42:33.070] [error] [serial_port.cpp] 无法打开串口 /dev/ttyACM0

[2026-07-24 12:42:33.574] [warning] [serial_port.cpp] 尝试重新打开串口...
[2026-07-24 12:42:33.574] [error] [serial_port.cpp] 无法打开串口 /dev/ttyACM0

[2026-07-24 12:42:34.078] [warning] [serial_port.cpp] 尝试重新打开串口...
[2026-07-24 12:42:34.078] [error] [serial_port.cpp] 无法打开串口 /dev/ttyACM0

[2026-07-24 12:42:34.581] [warning] [serial_port.cpp] 尝试重新打开串口...
[2026-07-24 12:42:34.581] [error] [serial_port.cpp] 无法打开串口 /dev/ttyACM0

[2026-07-24 12:42:35.085] [warning] [serial_port.cpp] 尝试重新打开串口...
[2026-07-24 12:42:35.085] [error] [serial_port.cpp] 无法打开串口 /dev/ttyACM0

[2026-07-24 12:42:35.589] [warning] [serial_port.cpp] 尝试重新打开串口...
[2026-07-24 12:42:35.589] [error] [serial_port.cpp] 无法打开串口 /dev/ttyACM0

[2026-07-24 12:42:36.093] [warning] [serial_port.cpp] 尝试重新打开串口...
[2026-07-24 12:42:36.093] [error] [serial_port.cpp] 无法打开串口 /dev/ttyACM0

[2026-07-24 12:42:36.596] [warning] [serial_port.cpp] 尝试重新打开串口...
[2026-07-24 12:42:36.596] [error] [serial_port.cpp] 无法打开串口 /dev/ttyACM0

[2026-07-24 12:42:37.101] [warning] [serial_port.cpp] 尝试重新打开串口...
[2026-07-24 12:42:37.101] [error] [serial_port.cpp] 无法打开串口 /dev/ttyACM0

[2026-07-24 12:42:37.605] [warning] [serial_port.cpp] 尝试重新打开串口...
[2026-07-24 12:42:37.605] [error] [serial_port.cpp] 无法打开串口 /dev/ttyACM0

[2026-07-24 12:42:38.109] [warning] [serial_port.cpp] 尝试重新打开串口...
[2026-07-24 12:42:38.109] [error] [serial_port.cpp] 无法打开串口 /dev/ttyACM0

[2026-07-24 12:42:38.613] [warning] [serial_port.cpp] 尝试重新打开串口...
[2026-07-24 12:42:38.613] [error] [serial_port.cpp] 无法打开串口 /dev/ttyACM0

[2026-07-24 12:42:39.116] [warning] [serial_port.cpp] 尝试重新打开串口...
[2026-07-24 12:42:39.116] [error] [serial_port.cpp] 无法打开串口 /dev/ttyACM0

[2026-07-24 12:42:39.620] [warning] [serial_port.cpp] 尝试重新打开串口...
[2026-07-24 12:42:39.620] [error] [serial_port.cpp] 无法打开串口 /dev/ttyACM0

[2026-07-24 12:42:40.124] [warning] [serial_port.cpp] 尝试重新打开串口...
[2026-07-24 12:42:40.125] [error] [serial_port.cpp] 无法打开串口 /dev/ttyACM0

[2026-07-24 12:42:40.628] [warning] [serial_port.cpp] 尝试重新打开串口...
[2026-07-24 12:42:40.628] [error] [serial_port.cpp] 无法打开串口 /dev/ttyACM0

[2026-07-24 12:42:41.132] [warning] [serial_port.cpp] 尝试重新打开串口...
[2026-07-24 12:42:41.132] [error] [serial_port.cpp] 无法打开串口 /dev/ttyACM0

[2026-07-24 12:42:41.636] [warning] [serial_port.cpp] 尝试重新打开串口...
[2026-07-24 12:42:41.636] [error] [serial_port.cpp] 无法打开串口 /dev/ttyACM0

[2026-07-24 12:42:42.140] [warning] [serial_port.cpp] 尝试重新打开串口...
[2026-07-24 12:42:42.140] [error] [serial_port.cpp] 无法打开串口 /dev/ttyACM0

[2026-07-24 12:42:42.643] [warning] [serial_port.cpp] 尝试重新打开串口...
[2026-07-24 12:42:42.643] [error] [serial_port.cpp] 无法打开串口 /dev/ttyACM0

[2026-07-24 12:42:43.147] [warning] [serial_port.cpp] 尝试重新打开串口...
[2026-07-24 12:42:43.147] [error] [serial_port.cpp] 无法打开串口 /dev/ttyACM0

[2026-07-24 12:42:43.651] [warning] [serial_port.cpp] 尝试重新打开串口...
[2026-07-24 12:42:43.651] [error] [serial_port.cpp] 无法打开串口 /dev/ttyACM0

[2026-07-24 12:42:44.155] [warning] [serial_port.cpp] 尝试重新打开串口...
[2026-07-24 12:42:44.155] [error] [serial_port.cpp] 无法打开串口 /dev/ttyACM0

[2026-07-24 12:42:44.659] [warning] [serial_port.cpp] 尝试重新打开串口...
[2026-07-24 12:42:44.659] [error] [serial_port.cpp] 无法打开串口 /dev/ttyACM0

[2026-07-24 12:42:45.163] [warning] [serial_port.cpp] 尝试重新打开串口...
[2026-07-24 12:42:45.163] [error] [serial_port.cpp] 无法打开串口 /dev/ttyACM0

[2026-07-24 12:42:45.667] [warning] [serial_port.cpp] 尝试重新打开串口...
[2026-07-24 12:42:45.668] [error] [serial_port.cpp] 无法打开串口 /dev/ttyACM0

[2026-07-24 12:42:46.171] [warning] [serial_port.cpp] 尝试重新打开串口...
[2026-07-24 12:42:46.171] [error] [serial_port.cpp] 无法打开串口 /dev/ttyACM0

[2026-07-24 12:42:46.675] [warning] [serial_port.cpp] 尝试重新打开串口...
[2026-07-24 12:42:46.676] [error] [serial_port.cpp] 无法打开串口 /dev/ttyACM0

[2026-07-24 12:42:47.179] [warning] [serial_port.cpp] 尝试重新打开串口...
[2026-07-24 12:42:47.179] [error] [serial_port.cpp] 无法打开串口 /dev/ttyACM0

[2026-07-24 12:42:47.682] [warning] [serial_port.cpp] 尝试重新打开串口...
[2026-07-24 12:42:47.683] [error] [serial_port.cpp] 无法打开串口 /dev/ttyACM0

[2026-07-24 12:42:48.187] [warning] [serial_port.cpp] 尝试重新打开串口...
[2026-07-24 12:42:48.187] [error] [serial_port.cpp] 无法打开串口 /dev/ttyACM0

[2026-07-24 12:42:48.690] [warning] [serial_port.cpp] 尝试重新打开串口...
[2026-07-24 12:42:48.690] [error] [serial_port.cpp] 无法打开串口 /dev/ttyACM0

[2026-07-24 12:42:49.195] [warning] [serial_port.cpp] 尝试重新打开串口...
[2026-07-24 12:42:49.195] [error] [serial_port.cpp] 无法打开串口 /dev/ttyACM0

[2026-07-24 12:42:49.698] [warning] [serial_port.cpp] 尝试重新打开串口...
[2026-07-24 12:42:49.698] [error] [serial_port.cpp] 无法打开串口 /dev/ttyACM0

[2026-07-24 12:42:50.202] [warning] [serial_port.cpp] 尝试重新打开串口...
[2026-07-24 12:42:50.202] [error] [serial_port.cpp] 无法打开串口 /dev/ttyACM0

[2026-07-24 12:42:50.706] [warning] [serial_port.cpp] 尝试重新打开串口...
[2026-07-24 12:42:50.706] [error] [serial_port.cpp] 无法打开串口 /dev/ttyACM0

[2026-07-24 12:42:51.210] [warning] [serial_port.cpp] 尝试重新打开串口...
[2026-07-24 12:42:51.210] [error] [serial_port.cpp] 无法打开串口 /dev/ttyACM0

[2026-07-24 12:42:51.714] [warning] [serial_port.cpp] 尝试重新打开串口...
[2026-07-24 12:42:51.714] [error] [serial_port.cpp] 无法打开串口 /dev/ttyACM0

[2026-07-24 12:42:52.219] [warning] [serial_port.cpp] 尝试重新打开串口...
[2026-07-24 12:42:52.219] [error] [serial_port.cpp] 无法打开串口 /dev/ttyACM0

[2026-07-24 12:42:52.723] [warning] [serial_port.cpp] 尝试重新打开串口...
[2026-07-24 12:42:52.723] [error] [serial_port.cpp] 无法打开串口 /dev/ttyACM0

[2026-07-24 12:42:53.227] [warning] [serial_port.cpp] 尝试重新打开串口...
[2026-07-24 12:42:53.227] [error] [serial_port.cpp] 无法打开串口 /dev/ttyACM0

[2026-07-24 12:42:53.731] [warning] [serial_port.cpp] 尝试重新打开串口...
[2026-07-24 12:42:53.731] [error] [serial_port.cpp] 无法打开串口 /dev/ttyACM0

[2026-07-24 12:42:54.234] [warning] [serial_port.cpp] 尝试重新打开串口...
[2026-07-24 12:42:54.234] [error] [serial_port.cpp] 无法打开串口 /dev/ttyACM0

[2026-07-24 12:42:54.738] [warning] [serial_port.cpp] 尝试重新打开串口...
[2026-07-24 12:42:54.738] [error] [serial_port.cpp] 无法打开串口 /dev/ttyACM0

[2026-07-24 12:42:55.241] [warning] [serial_port.cpp] 尝试重新打开串口...
[2026-07-24 12:42:55.241] [error] [serial_port.cpp] 无法打开串口 /dev/ttyACM0

[2026-07-24 12:42:55.745] [warning] [serial_port.cpp] 尝试重新打开串口...
[2026-07-24 12:42:55.745] [error] [serial_port.cpp] 无法打开串口 /dev/ttyACM0

[2026-07-24 12:42:56.249] [warning] [serial_port.cpp] 尝试重新打开串口...
[2026-07-24 12:42:56.249] [error] [serial_port.cpp] 无法打开串口 /dev/ttyACM0

[2026-07-24 12:42:56.752] [warning] [serial_port.cpp] 尝试重新打开串口...
[2026-07-24 12:42:56.752] [error] [serial_port.cpp] 无法打开串口 /dev/ttyACM0

[2026-07-24 12:42:57.257] [warning] [serial_port.cpp] 尝试重新打开串口...
[2026-07-24 12:42:57.257] [error] [serial_port.cpp] 无法打开串口 /dev/ttyACM0

[2026-07-24 12:42:57.760] [warning] [serial_port.cpp] 尝试重新打开串口...
[2026-07-24 12:42:57.760] [error] [serial_port.cpp] 无法打开串口 /dev/ttyACM0

[2026-07-24 12:42:58.264] [warning] [serial_port.cpp] 尝试重新打开串口...
[2026-07-24 12:42:58.265] [error] [serial_port.cpp] 无法打开串口 /dev/ttyACM0

[2026-07-24 12:42:58.768] [warning] [serial_port.cpp] 尝试重新打开串口...
[2026-07-24 12:42:58.769] [error] [serial_port.cpp] 无法打开串口 /dev/ttyACM0

[2026-07-24 12:42:59.273] [warning] [serial_port.cpp] 尝试重新打开串口...
[2026-07-24 12:42:59.273] [error] [serial_port.cpp] 无法打开串口 /dev/ttyACM0

[2026-07-24 12:42:59.776] [warning] [serial_port.cpp] 尝试重新打开串口...
[2026-07-24 12:42:59.776] [error] [serial_port.cpp] 无法打开串口 /dev/ttyACM0

[2026-07-24 12:43:00.280] [warning] [serial_port.cpp] 尝试重新打开串口...
[2026-07-24 12:43:00.280] [error] [serial_port.cpp] 无法打开串口 /dev/ttyACM0

[2026-07-24 12:43:00.784] [warning] [serial_port.cpp] 尝试重新打开串口...
[2026-07-24 12:43:00.784] [error] [serial_port.cpp] 无法打开串口 /dev/ttyACM0

[2026-07-24 12:43:01.287] [warning] [serial_port.cpp] 尝试重新打开串口...
[2026-07-24 12:43:01.288] [error] [serial_port.cpp] 无法打开串口 /dev/ttyACM0

[2026-07-24 12:43:01.791] [warning] [serial_port.cpp] 尝试重新打开串口...
[2026-07-24 12:43:01.791] [error] [serial_port.cpp] 无法打开串口 /dev/ttyACM0

[2026-07-24 12:43:02.296] [warning] [serial_port.cpp] 尝试重新打开串口...
[2026-07-24 12:43:02.296] [error] [serial_port.cpp] 无法打开串口 /dev/ttyACM0

[2026-07-24 12:43:02.800] [warning] [serial_port.cpp] 尝试重新打开串口...
[2026-07-24 12:43:02.800] [error] [serial_port.cpp] 无法打开串口 /dev/ttyACM0

[2026-07-24 12:43:03.304] [warning] [serial_port.cpp] 尝试重新打开串口...
[2026-07-24 12:43:03.304] [error] [serial_port.cpp] 无法打开串口 /dev/ttyACM0

[2026-07-24 12:43:03.808] [warning] [serial_port.cpp] 尝试重新打开串口...
[2026-07-24 12:43:03.808] [error] [serial_port.cpp] 无法打开串口 /dev/ttyACM0

[2026-07-24 12:43:04.312] [warning] [serial_port.cpp] 尝试重新打开串口...
[2026-07-24 12:43:04.312] [error] [serial_port.cpp] 无法打开串口 /dev/ttyACM0

[2026-07-24 12:43:04.816] [warning] [serial_port.cpp] 尝试重新打开串口...
[2026-07-24 12:43:04.816] [error] [serial_port.cpp] 无法打开串口 /dev/ttyACM0

[2026-07-24 12:43:05.320] [warning] [serial_port.cpp] 尝试重新打开串口...
[2026-07-24 12:43:05.321] [error] [serial_port.cpp] 无法打开串口 /dev/ttyACM0

[2026-07-24 12:43:05.824] [warning] [serial_port.cpp] 尝试重新打开串口...
[2026-07-24 12:43:05.824] [error] [serial_port.cpp] 无法打开串口 /dev/ttyACM0

[2026-07-24 12:43:06.328] [warning] [serial_port.cpp] 尝试重新打开串口...
[2026-07-24 12:43:06.328] [error] [serial_port.cpp] 无法打开串口 /dev/ttyACM0

[2026-07-24 12:43:06.832] [warning] [serial_port.cpp] 尝试重新打开串口...
[2026-07-24 12:43:06.832] [error] [serial_port.cpp] 无法打开串口 /dev/ttyACM0

[2026-07-24 12:43:07.336] [warning] [serial_port.cpp] 尝试重新打开串口...
[2026-07-24 12:43:07.336] [error] [serial_port.cpp] 无法打开串口 /dev/ttyACM0

[2026-07-24 12:43:07.841] [warning] [serial_port.cpp] 尝试重新打开串口...
[2026-07-24 12:43:07.841] [error] [serial_port.cpp] 无法打开串口 /dev/ttyACM0

[2026-07-24 12:43:08.346] [warning] [serial_port.cpp] 尝试重新打开串口...
[2026-07-24 12:43:08.346] [error] [serial_port.cpp] 无法打开串口 /dev/ttyACM0

[2026-07-24 12:43:08.850] [warning] [serial_port.cpp] 尝试重新打开串口...
[2026-07-24 12:43:08.850] [error] [serial_port.cpp] 无法打开串口 /dev/ttyACM0

[2026-07-24 12:43:09.354] [warning] [serial_port.cpp] 尝试重新打开串口...
[2026-07-24 12:43:09.354] [error] [serial_port.cpp] 无法打开串口 /dev/ttyACM0

[2026-07-24 12:43:09.858] [warning] [serial_port.cpp] 尝试重新打开串口...
[2026-07-24 12:43:09.858] [error] [serial_port.cpp] 无法打开串口 /dev/ttyACM0

[2026-07-24 12:43:10.362] [warning] [serial_port.cpp] 尝试重新打开串口...
[2026-07-24 12:43:10.362] [error] [serial_port.cpp] 无法打开串口 /dev/ttyACM0

[2026-07-24 12:43:10.866] [warning] [serial_port.cpp] 尝试重新打开串口...
[2026-07-24 12:43:10.866] [error] [serial_port.cpp] 无法打开串口 /dev/ttyACM0

[2026-07-24 12:43:11.370] [warning] [serial_port.cpp] 尝试重新打开串口...
[2026-07-24 12:43:11.370] [error] [serial_port.cpp] 无法打开串口 /dev/ttyACM0

[2026-07-24 12:43:11.875] [warning] [serial_port.cpp] 尝试重新打开串口...
[2026-07-24 12:43:11.875] [error] [serial_port.cpp] 无法打开串口 /dev/ttyACM0

[2026-07-24 12:43:12.380] [warning] [serial_port.cpp] 尝试重新打开串口...
[2026-07-24 12:43:12.380] [error] [serial_port.cpp] 无法打开串口 /dev/ttyACM0

[2026-07-24 12:43:12.885] [warning] [serial_port.cpp] 尝试重新打开串口...
[2026-07-24 12:43:12.885] [error] [serial_port.cpp] 无法打开串口 /dev/ttyACM0

[2026-07-24 12:43:13.389] [warning] [serial_port.cpp] 尝试重新打开串口...
[2026-07-24 12:43:13.389] [error] [serial_port.cpp] 无法打开串口 /dev/ttyACM0

[2026-07-24 12:43:13.893] [warning] [serial_port.cpp] 尝试重新打开串口...
[2026-07-24 12:43:13.893] [error] [serial_port.cpp] 无法打开串口 /dev/ttyACM0

[2026-07-24 12:43:14.397] [warning] [serial_port.cpp] 尝试重新打开串口...
[2026-07-24 12:43:14.397] [error] [serial_port.cpp] 无法打开串口 /dev/ttyACM0

[2026-07-24 12:43:14.900] [warning] [serial_port.cpp] 尝试重新打开串口...
[2026-07-24 12:43:14.900] [error] [serial_port.cpp] 无法打开串口 /dev/ttyACM0

[2026-07-24 12:43:15.404] [warning] [serial_port.cpp] 尝试重新打开串口...
[2026-07-24 12:43:15.404] [error] [serial_port.cpp] 无法打开串口 /dev/ttyACM0

[2026-07-24 12:43:15.907] [warning] [serial_port.cpp] 尝试重新打开串口...
[2026-07-24 12:43:15.907] [error] [serial_port.cpp] 无法打开串口 /dev/ttyACM0

[2026-07-24 12:43:16.411] [warning] [serial_port.cpp] 尝试重新打开串口...
[2026-07-24 12:43:16.411] [error] [serial_port.cpp] 无法打开串口 /dev/ttyACM0

[2026-07-24 12:43:16.915] [warning] [serial_port.cpp] 尝试重新打开串口...
[2026-07-24 12:43:16.915] [error] [serial_port.cpp] 无法打开串口 /dev/ttyACM0

[2026-07-24 12:43:17.419] [warning] [serial_port.cpp] 尝试重新打开串口...
[2026-07-24 12:43:17.419] [error] [serial_port.cpp] 无法打开串口 /dev/ttyACM0

[2026-07-24 12:43:17.922] [warning] [serial_port.cpp] 尝试重新打开串口...
[2026-07-24 12:43:17.922] [error] [serial_port.cpp] 无法打开串口 /dev/ttyACM0

[2026-07-24 12:43:18.427] [warning] [serial_port.cpp] 尝试重新打开串口...
[2026-07-24 12:43:18.427] [error] [serial_port.cpp] 无法打开串口 /dev/ttyACM0

[2026-07-24 12:43:18.931] [warning] [serial_port.cpp] 尝试重新打开串口...
[2026-07-24 12:43:18.931] [error] [serial_port.cpp] 无法打开串口 /dev/ttyACM0

[2026-07-24 12:43:19.434] [warning] [serial_port.cpp] 尝试重新打开串口...
[2026-07-24 12:43:19.434] [error] [serial_port.cpp] 无法打开串口 /dev/ttyACM0

[2026-07-24 12:43:19.938] [warning] [serial_port.cpp] 尝试重新打开串口...
[2026-07-24 12:43:19.938] [error] [serial_port.cpp] 无法打开串口 /dev/ttyACM0

[2026-07-24 12:43:20.442] [warning] [serial_port.cpp] 尝试重新打开串口...
[2026-07-24 12:43:20.442] [error] [serial_port.cpp] 无法打开串口 /dev/ttyACM0

[2026-07-24 12:43:20.946] [warning] [serial_port.cpp] 尝试重新打开串口...
[2026-07-24 12:43:20.946] [error] [serial_port.cpp] 无法打开串口 /dev/ttyACM0

[2026-07-24 12:43:21.450] [warning] [serial_port.cpp] 尝试重新打开串口...
[2026-07-24 12:43:21.450] [error] [serial_port.cpp] 无法打开串口 /dev/ttyACM0

[2026-07-24 12:43:21.955] [warning] [serial_port.cpp] 尝试重新打开串口...
[2026-07-24 12:43:21.955] [error] [serial_port.cpp] 无法打开串口 /dev/ttyACM0

[2026-07-24 12:43:22.459] [warning] [serial_port.cpp] 尝试重新打开串口...
[2026-07-24 12:43:22.459] [error] [serial_port.cpp] 无法打开串口 /dev/ttyACM0

[2026-07-24 12:43:22.962] [warning] [serial_port.cpp] 尝试重新打开串口...
[2026-07-24 12:43:22.962] [error] [serial_port.cpp] 无法打开串口 /dev/ttyACM0

[2026-07-24 12:43:23.466] [warning] [serial_port.cpp] 尝试重新打开串口...
[2026-07-24 12:43:23.466] [error] [serial_port.cpp] 无法打开串口 /dev/ttyACM0

[2026-07-24 12:43:23.970] [warning] [serial_port.cpp] 尝试重新打开串口...
[2026-07-24 12:43:23.970] [error] [serial_port.cpp] 无法打开串口 /dev/ttyACM0

[2026-07-24 12:43:24.474] [warning] [serial_port.cpp] 尝试重新打开串口...
[2026-07-24 12:43:24.474] [error] [serial_port.cpp] 无法打开串口 /dev/ttyACM0

[2026-07-24 12:43:24.977] [warning] [serial_port.cpp] 尝试重新打开串口...
[2026-07-24 12:43:24.977] [error] [serial_port.cpp] 无法打开串口 /dev/ttyACM0

[2026-07-24 12:43:25.481] [warning] [serial_port.cpp] 尝试重新打开串口...
[2026-07-24 12:43:25.481] [error] [serial_port.cpp] 无法打开串口 /dev/ttyACM0

[2026-07-24 12:43:25.984] [warning] [serial_port.cpp] 尝试重新打开串口...
[2026-07-24 12:43:25.984] [error] [serial_port.cpp] 无法打开串口 /dev/ttyACM0

[2026-07-24 12:43:26.488] [warning] [serial_port.cpp] 尝试重新打开串口...
[2026-07-24 12:43:26.488] [error] [serial_port.cpp] 无法打开串口 /dev/ttyACM0

[2026-07-24 12:43:26.992] [warning] [serial_port.cpp] 尝试重新打开串口...
[2026-07-24 12:43:26.992] [error] [serial_port.cpp] 无法打开串口 /dev/ttyACM0

[2026-07-24 12:43:27.496] [warning] [serial_port.cpp] 尝试重新打开串口...
[2026-07-24 12:43:27.496] [error] [serial_port.cpp] 无法打开串口 /dev/ttyACM0

[2026-07-24 12:43:28.001] [warning] [serial_port.cpp] 尝试重新打开串口...
[2026-07-24 12:43:28.001] [error] [serial_port.cpp] 无法打开串口 /dev/ttyACM0

[2026-07-24 12:43:28.505] [warning] [serial_port.cpp] 尝试重新打开串口...
[2026-07-24 12:43:28.505] [error] [serial_port.cpp] 无法打开串口 /dev/ttyACM0

[2026-07-24 12:43:29.008] [warning] [serial_port.cpp] 尝试重新打开串口...
[2026-07-24 12:43:29.008] [error] [serial_port.cpp] 无法打开串口 /dev/ttyACM0

[2026-07-24 12:43:29.512] [warning] [serial_port.cpp] 尝试重新打开串口...
[2026-07-24 12:43:29.512] [error] [serial_port.cpp] 无法打开串口 /dev/ttyACM0

[2026-07-24 12:43:30.016] [warning] [serial_port.cpp] 尝试重新打开串口...
[2026-07-24 12:43:30.016] [error] [serial_port.cpp] 无法打开串口 /dev/ttyACM0

[2026-07-24 12:43:30.520] [warning] [serial_port.cpp] 尝试重新打开串口...
[2026-07-24 12:43:30.520] [error] [serial_port.cpp] 无法打开串口 /dev/ttyACM0

[2026-07-24 12:43:31.024] [warning] [serial_port.cpp] 尝试重新打开串口...
[2026-07-24 12:43:31.024] [error] [serial_port.cpp] 无法打开串口 /dev/ttyACM0

[2026-07-24 12:43:31.529] [warning] [serial_port.cpp] 尝试重新打开串口...
[2026-07-24 12:43:31.529] [error] [serial_port.cpp] 无法打开串口 /dev/ttyACM0

[2026-07-24 12:43:32.033] [warning] [serial_port.cpp] 尝试重新打开串口...
[2026-07-24 12:43:32.033] [error] [serial_port.cpp] 无法打开串口 /dev/ttyACM0

[2026-07-24 12:43:32.537] [warning] [serial_port.cpp] 尝试重新打开串口...
[2026-07-24 12:43:32.537] [error] [serial_port.cpp] 无法打开串口 /dev/ttyACM0

[2026-07-24 12:43:33.041] [warning] [serial_port.cpp] 尝试重新打开串口...
[2026-07-24 12:43:33.041] [error] [serial_port.cpp] 无法打开串口 /dev/ttyACM0

[2026-07-24 12:43:33.545] [warning] [serial_port.cpp] 尝试重新打开串口...
[2026-07-24 12:43:33.545] [error] [serial_port.cpp] 无法打开串口 /dev/ttyACM0

[2026-07-24 12:43:34.048] [warning] [serial_port.cpp] 尝试重新打开串口...
[2026-07-24 12:43:34.049] [error] [serial_port.cpp] 无法打开串口 /dev/ttyACM0

[2026-07-24 12:43:34.553] [warning] [serial_port.cpp] 尝试重新打开串口...
[2026-07-24 12:43:34.553] [error] [serial_port.cpp] 无法打开串口 /dev/ttyACM0

[2026-07-24 12:43:35.056] [warning] [serial_port.cpp] 尝试重新打开串口...
[2026-07-24 12:43:35.056] [error] [serial_port.cpp] 无法打开串口 /dev/ttyACM0

[2026-07-24 12:43:35.560] [warning] [serial_port.cpp] 尝试重新打开串口...
[2026-07-24 12:43:35.560] [error] [serial_port.cpp] 无法打开串口 /dev/ttyACM0

[2026-07-24 12:43:36.064] [warning] [serial_port.cpp] 尝试重新打开串口...
[2026-07-24 12:43:36.064] [error] [serial_port.cpp] 无法打开串口 /dev/ttyACM0

[2026-07-24 12:43:36.567] [warning] [serial_port.cpp] 尝试重新打开串口...
[2026-07-24 12:43:36.567] [error] [serial_port.cpp] 无法打开串口 /dev/ttyACM0

[2026-07-24 12:43:37.071] [warning] [serial_port.cpp] 尝试重新打开串口...
[2026-07-24 12:43:37.071] [error] [serial_port.cpp] 无法打开串口 /dev/ttyACM0

[2026-07-24 12:43:37.575] [warning] [serial_port.cpp] 尝试重新打开串口...
[2026-07-24 12:43:37.575] [error] [serial_port.cpp] 无法打开串口 /dev/ttyACM0

[2026-07-24 12:43:38.079] [warning] [serial_port.cpp] 尝试重新打开串口...
[2026-07-24 12:43:38.079] [error] [serial_port.cpp] 无法打开串口 /dev/ttyACM0

[2026-07-24 12:43:38.582] [warning] [serial_port.cpp] 尝试重新打开串口...
[2026-07-24 12:43:38.582] [error] [serial_port.cpp] 无法打开串口 /dev/ttyACM0

[2026-07-24 12:43:39.087] [warning] [serial_port.cpp] 尝试重新打开串口...
[2026-07-24 12:43:39.087] [error] [serial_port.cpp] 无法打开串口 /dev/ttyACM0

[2026-07-24 12:43:39.590] [warning] [serial_port.cpp] 尝试重新打开串口...
[2026-07-24 12:43:39.590] [error] [serial_port.cpp] 无法打开串口 /dev/ttyACM0

[2026-07-24 12:43:40.094] [warning] [serial_port.cpp] 尝试重新打开串口...
[2026-07-24 12:43:40.095] [error] [serial_port.cpp] 无法打开串口 /dev/ttyACM0

[2026-07-24 12:43:40.598] [warning] [serial_port.cpp] 尝试重新打开串口...
[2026-07-24 12:43:40.598] [error] [serial_port.cpp] 无法打开串口 /dev/ttyACM0

[2026-07-24 12:43:41.102] [warning] [serial_port.cpp] 尝试重新打开串口...
[2026-07-24 12:43:41.102] [error] [serial_port.cpp] 无法打开串口 /dev/ttyACM0

[2026-07-24 12:43:41.607] [warning] [serial_port.cpp] 尝试重新打开串口...
[2026-07-24 12:43:41.607] [error] [serial_port.cpp] 无法打开串口 /dev/ttyACM0

[2026-07-24 12:43:42.111] [warning] [serial_port.cpp] 尝试重新打开串口...
[2026-07-24 12:43:42.111] [error] [serial_port.cpp] 无法打开串口 /dev/ttyACM0

[2026-07-24 12:43:42.615] [warning] [serial_port.cpp] 尝试重新打开串口...
[2026-07-24 12:43:42.616] [error] [serial_port.cpp] 无法打开串口 /dev/ttyACM0

[2026-07-24 12:43:43.119] [warning] [serial_port.cpp] 尝试重新打开串口...
[2026-07-24 12:43:43.119] [error] [serial_port.cpp] 无法打开串口 /dev/ttyACM0

[2026-07-24 12:43:43.624] [warning] [serial_port.cpp] 尝试重新打开串口...
[2026-07-24 12:43:43.624] [error] [serial_port.cpp] 无法打开串口 /dev/ttyACM0

[2026-07-24 12:43:44.129] [warning] [serial_port.cpp] 尝试重新打开串口...
[2026-07-24 12:43:44.129] [error] [serial_port.cpp] 无法打开串口 /dev/ttyACM0

[2026-07-24 12:43:44.633] [warning] [serial_port.cpp] 尝试重新打开串口...
[2026-07-24 12:43:44.633] [error] [serial_port.cpp] 无法打开串口 /dev/ttyACM0

[2026-07-24 12:43:45.137] [warning] [serial_port.cpp] 尝试重新打开串口...
[2026-07-24 12:43:45.137] [error] [serial_port.cpp] 无法打开串口 /dev/ttyACM0

[2026-07-24 12:43:45.641] [warning] [serial_port.cpp] 尝试重新打开串口...
[2026-07-24 12:43:45.641] [error] [serial_port.cpp] 无法打开串口 /dev/ttyACM0

[2026-07-24 12:43:46.146] [warning] [serial_port.cpp] 尝试重新打开串口...
[2026-07-24 12:43:46.146] [error] [serial_port.cpp] 无法打开串口 /dev/ttyACM0

[2026-07-24 12:43:46.650] [warning] [serial_port.cpp] 尝试重新打开串口...
[2026-07-24 12:43:46.650] [error] [serial_port.cpp] 无法打开串口 /dev/ttyACM0

[2026-07-24 12:43:47.154] [warning] [serial_port.cpp] 尝试重新打开串口...
[2026-07-24 12:43:47.154] [error] [serial_port.cpp] 无法打开串口 /dev/ttyACM0

[2026-07-24 12:43:47.658] [warning] [serial_port.cpp] 尝试重新打开串口...
[2026-07-24 12:43:47.658] [error] [serial_port.cpp] 无法打开串口 /dev/ttyACM0

[2026-07-24 12:43:48.162] [warning] [serial_port.cpp] 尝试重新打开串口...
[2026-07-24 12:43:48.162] [error] [serial_port.cpp] 无法打开串口 /dev/ttyACM0

[2026-07-24 12:43:48.667] [warning] [serial_port.cpp] 尝试重新打开串口...
[2026-07-24 12:43:48.667] [error] [serial_port.cpp] 无法打开串口 /dev/ttyACM0

[2026-07-24 12:43:49.170] [warning] [serial_port.cpp] 尝试重新打开串口...
[2026-07-24 12:43:49.170] [error] [serial_port.cpp] 无法打开串口 /dev/ttyACM0

[2026-07-24 12:43:49.674] [warning] [serial_port.cpp] 尝试重新打开串口...
[2026-07-24 12:43:49.674] [error] [serial_port.cpp] 无法打开串口 /dev/ttyACM0

[2026-07-24 12:43:50.179] [warning] [serial_port.cpp] 尝试重新打开串口...
[2026-07-24 12:43:50.179] [error] [serial_port.cpp] 无法打开串口 /dev/ttyACM0

[2026-07-24 12:43:50.684] [warning] [serial_port.cpp] 尝试重新打开串口...
[2026-07-24 12:43:50.684] [error] [serial_port.cpp] 无法打开串口 /dev/ttyACM0

[2026-07-24 12:43:51.188] [warning] [serial_port.cpp] 尝试重新打开串口...
[2026-07-24 12:43:51.188] [error] [serial_port.cpp] 无法打开串口 /dev/ttyACM0

[2026-07-24 12:43:51.691] [warning] [serial_port.cpp] 尝试重新打开串口...
[2026-07-24 12:43:51.691] [error] [serial_port.cpp] 无法打开串口 /dev/ttyACM0

[2026-07-24 12:43:52.196] [warning] [serial_port.cpp] 尝试重新打开串口...
[2026-07-24 12:43:52.196] [error] [serial_port.cpp] 无法打开串口 /dev/ttyACM0

[2026-07-24 12:43:52.700] [warning] [serial_port.cpp] 尝试重新打开串口...
[2026-07-24 12:43:52.700] [error] [serial_port.cpp] 无法打开串口 /dev/ttyACM0

[2026-07-24 12:43:53.204] [warning] [serial_port.cpp] 尝试重新打开串口...
[2026-07-24 12:43:53.204] [error] [serial_port.cpp] 无法打开串口 /dev/ttyACM0

