[2026-07-24 02:03:42.549] [debug] ================= [CONFIG LOADED] =================
[2026-07-24 02:03:42.549] [debug]   Mode: PC
[2026-07-24 02:03:42.549] [debug]   Camera ID : 0
[2026-07-24 02:03:42.549] [debug]   Target Res: 1280x720
[2026-07-24 02:03:42.549] [debug]   Target Fmt: MJPG
[2026-07-24 02:03:42.549] [debug]   Target Brightness: 0
[2026-07-24 02:03:42.549] [debug]   Target Contrast: 0
[2026-07-24 02:03:42.549] [debug]   Model Path: ../models/detect.prototxt | ../models/detect.caffemodel | ../models/sr.prototxt | ../models/sr.caffemodel

[2026-07-24 02:03:42.549] [debug]   Stream        : Port=5000, Res=640x360, Quality=60
[2026-07-24 02:03:42.549] [debug] ===================================================
[2026-07-24 02:03:42.552] [info] [qrcode_scanner.cpp] 微信模型加载成功
[2026-07-24 02:03:42.579] [debug] 
[2026-07-24 02:03:42.579] [debug] ================= [ACTUAL CAMERA STATUS] =================
[2026-07-24 02:03:42.579] [debug]   Backend API   : V4L2
[2026-07-24 02:03:42.579] [debug]   Resolution    : 1280x720
[2026-07-24 02:03:42.579] [debug]   FPS           : 30
[2026-07-24 02:03:42.579] [debug]   Video Format  : MJPG
[2026-07-24 02:03:42.579] [debug]   Exposure      : 166
[2026-07-24 02:03:42.579] [debug]   Brightness    : 0
[2026-07-24 02:03:42.579] [debug]   Contrast      : 0
[2026-07-24 02:03:42.579] [debug] ==========================================================
[2026-07-24 02:03:42.579] [debug] [main.cpp] 相机初始化完毕, 按 'ESC' 或 'q' 退出

[2026-07-24 02:03:42.579] [debug] ================= [SERIAL STATUS] =================
[2026-07-24 02:03:42.579] [error] [serial_port.cpp] 无法打开串口 /dev/ttyACM0

[2026-07-24 02:03:42.579] [error]   is_serial_open: FAILED
[2026-07-24 02:03:42.579] [debug] ===================================================

[2026-07-24 02:03:42.579] [info] [HttpStream] HTTP 服务器已启动，端口: 5000
[2026-07-24 02:03:42.579] [info] [HttpStream] 服务器正在 0.0.0.0:5000 监听
[2026-07-24 02:03:42.579] [info] 本机局域网 IP: 10.62.146.83  (接口: wlp0s20f3)
[2026-07-24 02:03:42.579] [debug] [main.cpp] starting 3 threads...

[2026-07-24 02:03:42.579] [info] [SERIAL THREAD] 相机 OK, 串口 ERROR, 有效信息 NO, 发送 255 and 255 FAILED
[2026-07-24 02:03:43.053] [warning] [serial_port.cpp] 尝试重新打开串口...
[2026-07-24 02:03:43.053] [error] [serial_port.cpp] 无法打开串口 /dev/ttyACM0

[2026-07-24 02:03:43.560] [warning] [serial_port.cpp] 尝试重新打开串口...
[2026-07-24 02:03:43.560] [error] [serial_port.cpp] 无法打开串口 /dev/ttyACM0

[2026-07-24 02:03:44.064] [warning] [serial_port.cpp] 尝试重新打开串口...
[2026-07-24 02:03:44.064] [error] [serial_port.cpp] 无法打开串口 /dev/ttyACM0

[2026-07-24 02:03:44.569] [warning] [serial_port.cpp] 尝试重新打开串口...
[2026-07-24 02:03:44.569] [error] [serial_port.cpp] 无法打开串口 /dev/ttyACM0

[2026-07-24 02:03:45.073] [warning] [serial_port.cpp] 尝试重新打开串口...
[2026-07-24 02:03:45.073] [error] [serial_port.cpp] 无法打开串口 /dev/ttyACM0

[2026-07-24 02:03:45.576] [warning] [serial_port.cpp] 尝试重新打开串口...
[2026-07-24 02:03:45.577] [error] [serial_port.cpp] 无法打开串口 /dev/ttyACM0

[2026-07-24 02:03:46.080] [warning] [serial_port.cpp] 尝试重新打开串口...
[2026-07-24 02:03:46.080] [error] [serial_port.cpp] 无法打开串口 /dev/ttyACM0

[2026-07-24 02:03:46.585] [warning] [serial_port.cpp] 尝试重新打开串口...
[2026-07-24 02:03:46.585] [error] [serial_port.cpp] 无法打开串口 /dev/ttyACM0

[2026-07-24 02:03:47.090] [warning] [serial_port.cpp] 尝试重新打开串口...
[2026-07-24 02:03:47.090] [error] [serial_port.cpp] 无法打开串口 /dev/ttyACM0

[2026-07-24 02:03:47.594] [warning] [serial_port.cpp] 尝试重新打开串口...
[2026-07-24 02:03:47.594] [error] [serial_port.cpp] 无法打开串口 /dev/ttyACM0

[2026-07-24 02:03:48.099] [warning] [serial_port.cpp] 尝试重新打开串口...
[2026-07-24 02:03:48.099] [error] [serial_port.cpp] 无法打开串口 /dev/ttyACM0

[2026-07-24 02:03:48.603] [warning] [serial_port.cpp] 尝试重新打开串口...
[2026-07-24 02:03:48.603] [error] [serial_port.cpp] 无法打开串口 /dev/ttyACM0

[2026-07-24 02:03:49.108] [warning] [serial_port.cpp] 尝试重新打开串口...
[2026-07-24 02:03:49.108] [error] [serial_port.cpp] 无法打开串口 /dev/ttyACM0

[2026-07-24 02:03:49.612] [warning] [serial_port.cpp] 尝试重新打开串口...
[2026-07-24 02:03:49.612] [error] [serial_port.cpp] 无法打开串口 /dev/ttyACM0

[2026-07-24 02:03:50.116] [warning] [serial_port.cpp] 尝试重新打开串口...
[2026-07-24 02:03:50.116] [error] [serial_port.cpp] 无法打开串口 /dev/ttyACM0

[2026-07-24 02:03:50.620] [warning] [serial_port.cpp] 尝试重新打开串口...
[2026-07-24 02:03:50.620] [error] [serial_port.cpp] 无法打开串口 /dev/ttyACM0

[2026-07-24 02:03:51.126] [warning] [serial_port.cpp] 尝试重新打开串口...
[2026-07-24 02:03:51.126] [error] [serial_port.cpp] 无法打开串口 /dev/ttyACM0

[2026-07-24 02:03:51.630] [warning] [serial_port.cpp] 尝试重新打开串口...
[2026-07-24 02:03:51.630] [error] [serial_port.cpp] 无法打开串口 /dev/ttyACM0

[2026-07-24 02:03:52.134] [warning] [serial_port.cpp] 尝试重新打开串口...
[2026-07-24 02:03:52.135] [error] [serial_port.cpp] 无法打开串口 /dev/ttyACM0

[2026-07-24 02:03:52.641] [warning] [serial_port.cpp] 尝试重新打开串口...
[2026-07-24 02:03:52.641] [error] [serial_port.cpp] 无法打开串口 /dev/ttyACM0

[2026-07-24 02:03:53.146] [warning] [serial_port.cpp] 尝试重新打开串口...
[2026-07-24 02:03:53.146] [error] [serial_port.cpp] 无法打开串口 /dev/ttyACM0

[2026-07-24 02:03:53.650] [warning] [serial_port.cpp] 尝试重新打开串口...
[2026-07-24 02:03:53.650] [error] [serial_port.cpp] 无法打开串口 /dev/ttyACM0

[2026-07-24 02:03:54.154] [warning] [serial_port.cpp] 尝试重新打开串口...
[2026-07-24 02:03:54.154] [error] [serial_port.cpp] 无法打开串口 /dev/ttyACM0

[2026-07-24 02:03:54.658] [warning] [serial_port.cpp] 尝试重新打开串口...
[2026-07-24 02:03:54.658] [error] [serial_port.cpp] 无法打开串口 /dev/ttyACM0

[2026-07-24 02:03:55.162] [warning] [serial_port.cpp] 尝试重新打开串口...
[2026-07-24 02:03:55.162] [error] [serial_port.cpp] 无法打开串口 /dev/ttyACM0

[2026-07-24 02:03:55.668] [warning] [serial_port.cpp] 尝试重新打开串口...
[2026-07-24 02:03:55.668] [error] [serial_port.cpp] 无法打开串口 /dev/ttyACM0

[2026-07-24 02:03:56.172] [warning] [serial_port.cpp] 尝试重新打开串口...
[2026-07-24 02:03:56.172] [error] [serial_port.cpp] 无法打开串口 /dev/ttyACM0

[2026-07-24 02:03:56.676] [warning] [serial_port.cpp] 尝试重新打开串口...
[2026-07-24 02:03:56.676] [error] [serial_port.cpp] 无法打开串口 /dev/ttyACM0

[2026-07-24 02:03:57.180] [warning] [serial_port.cpp] 尝试重新打开串口...
[2026-07-24 02:03:57.180] [error] [serial_port.cpp] 无法打开串口 /dev/ttyACM0

[2026-07-24 02:03:57.684] [warning] [serial_port.cpp] 尝试重新打开串口...
[2026-07-24 02:03:57.684] [error] [serial_port.cpp] 无法打开串口 /dev/ttyACM0

[2026-07-24 02:03:58.188] [warning] [serial_port.cpp] 尝试重新打开串口...
[2026-07-24 02:03:58.188] [error] [serial_port.cpp] 无法打开串口 /dev/ttyACM0

[2026-07-24 02:03:58.692] [warning] [serial_port.cpp] 尝试重新打开串口...
[2026-07-24 02:03:58.692] [error] [serial_port.cpp] 无法打开串口 /dev/ttyACM0

[2026-07-24 02:03:59.197] [warning] [serial_port.cpp] 尝试重新打开串口...
[2026-07-24 02:03:59.197] [error] [serial_port.cpp] 无法打开串口 /dev/ttyACM0

[2026-07-24 02:03:59.700] [warning] [serial_port.cpp] 尝试重新打开串口...
[2026-07-24 02:03:59.700] [error] [serial_port.cpp] 无法打开串口 /dev/ttyACM0

[2026-07-24 02:04:00.207] [warning] [serial_port.cpp] 尝试重新打开串口...
[2026-07-24 02:04:00.207] [error] [serial_port.cpp] 无法打开串口 /dev/ttyACM0

[2026-07-24 02:04:00.715] [warning] [serial_port.cpp] 尝试重新打开串口...
[2026-07-24 02:04:00.715] [error] [serial_port.cpp] 无法打开串口 /dev/ttyACM0

[2026-07-24 02:04:01.221] [warning] [serial_port.cpp] 尝试重新打开串口...
[2026-07-24 02:04:01.221] [error] [serial_port.cpp] 无法打开串口 /dev/ttyACM0

[2026-07-24 02:04:01.728] [warning] [serial_port.cpp] 尝试重新打开串口...
[2026-07-24 02:04:01.728] [error] [serial_port.cpp] 无法打开串口 /dev/ttyACM0

[2026-07-24 02:04:02.232] [warning] [serial_port.cpp] 尝试重新打开串口...
[2026-07-24 02:04:02.232] [error] [serial_port.cpp] 无法打开串口 /dev/ttyACM0

[2026-07-24 02:04:02.737] [warning] [serial_port.cpp] 尝试重新打开串口...
[2026-07-24 02:04:02.737] [error] [serial_port.cpp] 无法打开串口 /dev/ttyACM0

[2026-07-24 02:04:03.241] [warning] [serial_port.cpp] 尝试重新打开串口...
[2026-07-24 02:04:03.241] [error] [serial_port.cpp] 无法打开串口 /dev/ttyACM0

[2026-07-24 02:04:03.745] [warning] [serial_port.cpp] 尝试重新打开串口...
[2026-07-24 02:04:03.745] [error] [serial_port.cpp] 无法打开串口 /dev/ttyACM0

[2026-07-24 02:04:04.249] [warning] [serial_port.cpp] 尝试重新打开串口...
[2026-07-24 02:04:04.249] [error] [serial_port.cpp] 无法打开串口 /dev/ttyACM0

[2026-07-24 02:04:04.755] [warning] [serial_port.cpp] 尝试重新打开串口...
[2026-07-24 02:04:04.755] [error] [serial_port.cpp] 无法打开串口 /dev/ttyACM0

[2026-07-24 02:04:05.259] [warning] [serial_port.cpp] 尝试重新打开串口...
[2026-07-24 02:04:05.259] [error] [serial_port.cpp] 无法打开串口 /dev/ttyACM0

[2026-07-24 02:04:05.765] [warning] [serial_port.cpp] 尝试重新打开串口...
[2026-07-24 02:04:05.765] [error] [serial_port.cpp] 无法打开串口 /dev/ttyACM0

[2026-07-24 02:04:06.269] [warning] [serial_port.cpp] 尝试重新打开串口...
[2026-07-24 02:04:06.269] [error] [serial_port.cpp] 无法打开串口 /dev/ttyACM0

[2026-07-24 02:04:06.773] [warning] [serial_port.cpp] 尝试重新打开串口...
[2026-07-24 02:04:06.774] [error] [serial_port.cpp] 无法打开串口 /dev/ttyACM0

[2026-07-24 02:04:07.278] [warning] [serial_port.cpp] 尝试重新打开串口...
[2026-07-24 02:04:07.278] [error] [serial_port.cpp] 无法打开串口 /dev/ttyACM0

[2026-07-24 02:04:07.782] [warning] [serial_port.cpp] 尝试重新打开串口...
[2026-07-24 02:04:07.782] [error] [serial_port.cpp] 无法打开串口 /dev/ttyACM0

[2026-07-24 02:04:08.286] [warning] [serial_port.cpp] 尝试重新打开串口...
[2026-07-24 02:04:08.286] [error] [serial_port.cpp] 无法打开串口 /dev/ttyACM0

[2026-07-24 02:04:08.790] [warning] [serial_port.cpp] 尝试重新打开串口...
[2026-07-24 02:04:08.790] [error] [serial_port.cpp] 无法打开串口 /dev/ttyACM0

[2026-07-24 02:04:09.294] [warning] [serial_port.cpp] 尝试重新打开串口...
[2026-07-24 02:04:09.294] [error] [serial_port.cpp] 无法打开串口 /dev/ttyACM0

[2026-07-24 02:04:09.798] [warning] [serial_port.cpp] 尝试重新打开串口...
[2026-07-24 02:04:09.798] [error] [serial_port.cpp] 无法打开串口 /dev/ttyACM0

[2026-07-24 02:04:10.302] [warning] [serial_port.cpp] 尝试重新打开串口...
[2026-07-24 02:04:10.302] [error] [serial_port.cpp] 无法打开串口 /dev/ttyACM0

[2026-07-24 02:04:10.807] [warning] [serial_port.cpp] 尝试重新打开串口...
[2026-07-24 02:04:10.807] [error] [serial_port.cpp] 无法打开串口 /dev/ttyACM0

[2026-07-24 02:04:11.311] [warning] [serial_port.cpp] 尝试重新打开串口...
[2026-07-24 02:04:11.311] [error] [serial_port.cpp] 无法打开串口 /dev/ttyACM0

[2026-07-24 02:04:11.815] [warning] [serial_port.cpp] 尝试重新打开串口...
[2026-07-24 02:04:11.815] [error] [serial_port.cpp] 无法打开串口 /dev/ttyACM0

[2026-07-24 02:04:12.319] [warning] [serial_port.cpp] 尝试重新打开串口...
[2026-07-24 02:04:12.319] [error] [serial_port.cpp] 无法打开串口 /dev/ttyACM0

[2026-07-24 02:04:12.824] [warning] [serial_port.cpp] 尝试重新打开串口...
[2026-07-24 02:04:12.824] [error] [serial_port.cpp] 无法打开串口 /dev/ttyACM0

[2026-07-24 02:04:13.328] [warning] [serial_port.cpp] 尝试重新打开串口...
[2026-07-24 02:04:13.329] [error] [serial_port.cpp] 无法打开串口 /dev/ttyACM0

[2026-07-24 02:04:13.832] [warning] [serial_port.cpp] 尝试重新打开串口...
[2026-07-24 02:04:13.832] [error] [serial_port.cpp] 无法打开串口 /dev/ttyACM0

[2026-07-24 02:04:14.338] [warning] [serial_port.cpp] 尝试重新打开串口...
[2026-07-24 02:04:14.338] [error] [serial_port.cpp] 无法打开串口 /dev/ttyACM0

[2026-07-24 02:04:14.842] [warning] [serial_port.cpp] 尝试重新打开串口...
[2026-07-24 02:04:14.842] [error] [serial_port.cpp] 无法打开串口 /dev/ttyACM0

[2026-07-24 02:04:15.346] [warning] [serial_port.cpp] 尝试重新打开串口...
[2026-07-24 02:04:15.346] [error] [serial_port.cpp] 无法打开串口 /dev/ttyACM0

[2026-07-24 02:04:15.850] [warning] [serial_port.cpp] 尝试重新打开串口...
[2026-07-24 02:04:15.850] [error] [serial_port.cpp] 无法打开串口 /dev/ttyACM0

[2026-07-24 02:04:16.354] [warning] [serial_port.cpp] 尝试重新打开串口...
[2026-07-24 02:04:16.354] [error] [serial_port.cpp] 无法打开串口 /dev/ttyACM0

[2026-07-24 02:04:16.859] [warning] [serial_port.cpp] 尝试重新打开串口...
[2026-07-24 02:04:16.859] [error] [serial_port.cpp] 无法打开串口 /dev/ttyACM0

[2026-07-24 02:04:17.362] [warning] [serial_port.cpp] 尝试重新打开串口...
[2026-07-24 02:04:17.362] [error] [serial_port.cpp] 无法打开串口 /dev/ttyACM0

[2026-07-24 02:04:17.867] [warning] [serial_port.cpp] 尝试重新打开串口...
[2026-07-24 02:04:17.867] [error] [serial_port.cpp] 无法打开串口 /dev/ttyACM0

[2026-07-24 02:04:18.371] [warning] [serial_port.cpp] 尝试重新打开串口...
[2026-07-24 02:04:18.371] [error] [serial_port.cpp] 无法打开串口 /dev/ttyACM0

[2026-07-24 02:04:18.875] [warning] [serial_port.cpp] 尝试重新打开串口...
[2026-07-24 02:04:18.875] [error] [serial_port.cpp] 无法打开串口 /dev/ttyACM0

[2026-07-24 02:04:19.379] [warning] [serial_port.cpp] 尝试重新打开串口...
[2026-07-24 02:04:19.379] [error] [serial_port.cpp] 无法打开串口 /dev/ttyACM0

[2026-07-24 02:04:19.883] [warning] [serial_port.cpp] 尝试重新打开串口...
[2026-07-24 02:04:19.883] [error] [serial_port.cpp] 无法打开串口 /dev/ttyACM0

[2026-07-24 02:04:20.386] [warning] [serial_port.cpp] 尝试重新打开串口...
[2026-07-24 02:04:20.386] [error] [serial_port.cpp] 无法打开串口 /dev/ttyACM0

[2026-07-24 02:04:20.893] [warning] [serial_port.cpp] 尝试重新打开串口...
[2026-07-24 02:04:20.893] [error] [serial_port.cpp] 无法打开串口 /dev/ttyACM0

[2026-07-24 02:04:21.398] [warning] [serial_port.cpp] 尝试重新打开串口...
[2026-07-24 02:04:21.398] [error] [serial_port.cpp] 无法打开串口 /dev/ttyACM0

[2026-07-24 02:04:21.903] [warning] [serial_port.cpp] 尝试重新打开串口...
[2026-07-24 02:04:21.903] [error] [serial_port.cpp] 无法打开串口 /dev/ttyACM0

[2026-07-24 02:04:22.407] [warning] [serial_port.cpp] 尝试重新打开串口...
[2026-07-24 02:04:22.408] [error] [serial_port.cpp] 无法打开串口 /dev/ttyACM0

[2026-07-24 02:04:22.911] [warning] [serial_port.cpp] 尝试重新打开串口...
[2026-07-24 02:04:22.911] [error] [serial_port.cpp] 无法打开串口 /dev/ttyACM0

[2026-07-24 02:04:23.415] [warning] [serial_port.cpp] 尝试重新打开串口...
[2026-07-24 02:04:23.416] [error] [serial_port.cpp] 无法打开串口 /dev/ttyACM0

[2026-07-24 02:04:23.919] [warning] [serial_port.cpp] 尝试重新打开串口...
[2026-07-24 02:04:23.919] [error] [serial_port.cpp] 无法打开串口 /dev/ttyACM0

[2026-07-24 02:04:24.423] [warning] [serial_port.cpp] 尝试重新打开串口...
[2026-07-24 02:04:24.423] [error] [serial_port.cpp] 无法打开串口 /dev/ttyACM0

[2026-07-24 02:04:24.927] [warning] [serial_port.cpp] 尝试重新打开串口...
[2026-07-24 02:04:24.927] [error] [serial_port.cpp] 无法打开串口 /dev/ttyACM0

[2026-07-24 02:04:25.432] [warning] [serial_port.cpp] 尝试重新打开串口...
[2026-07-24 02:04:25.432] [error] [serial_port.cpp] 无法打开串口 /dev/ttyACM0

[2026-07-24 02:04:25.937] [warning] [serial_port.cpp] 尝试重新打开串口...
[2026-07-24 02:04:25.937] [error] [serial_port.cpp] 无法打开串口 /dev/ttyACM0

[2026-07-24 02:04:26.441] [warning] [serial_port.cpp] 尝试重新打开串口...
[2026-07-24 02:04:26.441] [error] [serial_port.cpp] 无法打开串口 /dev/ttyACM0

[2026-07-24 02:04:26.945] [warning] [serial_port.cpp] 尝试重新打开串口...
[2026-07-24 02:04:26.945] [error] [serial_port.cpp] 无法打开串口 /dev/ttyACM0

[2026-07-24 02:04:27.449] [warning] [serial_port.cpp] 尝试重新打开串口...
[2026-07-24 02:04:27.449] [error] [serial_port.cpp] 无法打开串口 /dev/ttyACM0

[2026-07-24 02:04:27.953] [warning] [serial_port.cpp] 尝试重新打开串口...
[2026-07-24 02:04:27.953] [error] [serial_port.cpp] 无法打开串口 /dev/ttyACM0

[2026-07-24 02:04:28.457] [warning] [serial_port.cpp] 尝试重新打开串口...
[2026-07-24 02:04:28.457] [error] [serial_port.cpp] 无法打开串口 /dev/ttyACM0

[2026-07-24 02:04:28.961] [warning] [serial_port.cpp] 尝试重新打开串口...
[2026-07-24 02:04:28.961] [error] [serial_port.cpp] 无法打开串口 /dev/ttyACM0

[2026-07-24 02:04:29.465] [warning] [serial_port.cpp] 尝试重新打开串口...
[2026-07-24 02:04:29.465] [error] [serial_port.cpp] 无法打开串口 /dev/ttyACM0

[2026-07-24 02:04:29.970] [warning] [serial_port.cpp] 尝试重新打开串口...
[2026-07-24 02:04:29.970] [error] [serial_port.cpp] 无法打开串口 /dev/ttyACM0

[2026-07-24 02:04:30.474] [warning] [serial_port.cpp] 尝试重新打开串口...
[2026-07-24 02:04:30.474] [error] [serial_port.cpp] 无法打开串口 /dev/ttyACM0

[2026-07-24 02:04:30.979] [warning] [serial_port.cpp] 尝试重新打开串口...
[2026-07-24 02:04:30.979] [error] [serial_port.cpp] 无法打开串口 /dev/ttyACM0

[2026-07-24 02:04:31.484] [warning] [serial_port.cpp] 尝试重新打开串口...
[2026-07-24 02:04:31.484] [error] [serial_port.cpp] 无法打开串口 /dev/ttyACM0

[2026-07-24 02:04:31.992] [warning] [serial_port.cpp] 尝试重新打开串口...
[2026-07-24 02:04:31.992] [error] [serial_port.cpp] 无法打开串口 /dev/ttyACM0

[2026-07-24 02:04:32.497] [warning] [serial_port.cpp] 尝试重新打开串口...
[2026-07-24 02:04:32.497] [error] [serial_port.cpp] 无法打开串口 /dev/ttyACM0

[2026-07-24 02:04:33.002] [warning] [serial_port.cpp] 尝试重新打开串口...
[2026-07-24 02:04:33.002] [error] [serial_port.cpp] 无法打开串口 /dev/ttyACM0

[2026-07-24 02:04:33.507] [warning] [serial_port.cpp] 尝试重新打开串口...
[2026-07-24 02:04:33.507] [error] [serial_port.cpp] 无法打开串口 /dev/ttyACM0

[2026-07-24 02:04:34.011] [warning] [serial_port.cpp] 尝试重新打开串口...
[2026-07-24 02:04:34.011] [error] [serial_port.cpp] 无法打开串口 /dev/ttyACM0

[2026-07-24 02:04:34.515] [warning] [serial_port.cpp] 尝试重新打开串口...
[2026-07-24 02:04:34.515] [error] [serial_port.cpp] 无法打开串口 /dev/ttyACM0

[2026-07-24 02:04:35.019] [warning] [serial_port.cpp] 尝试重新打开串口...
[2026-07-24 02:04:35.019] [error] [serial_port.cpp] 无法打开串口 /dev/ttyACM0

[2026-07-24 02:04:35.524] [warning] [serial_port.cpp] 尝试重新打开串口...
[2026-07-24 02:04:35.524] [error] [serial_port.cpp] 无法打开串口 /dev/ttyACM0

[2026-07-24 02:04:36.028] [warning] [serial_port.cpp] 尝试重新打开串口...
[2026-07-24 02:04:36.028] [error] [serial_port.cpp] 无法打开串口 /dev/ttyACM0

[2026-07-24 02:04:36.532] [warning] [serial_port.cpp] 尝试重新打开串口...
[2026-07-24 02:04:36.532] [error] [serial_port.cpp] 无法打开串口 /dev/ttyACM0

[2026-07-24 02:04:37.037] [warning] [serial_port.cpp] 尝试重新打开串口...
[2026-07-24 02:04:37.037] [error] [serial_port.cpp] 无法打开串口 /dev/ttyACM0

[2026-07-24 02:04:37.541] [warning] [serial_port.cpp] 尝试重新打开串口...
[2026-07-24 02:04:37.541] [error] [serial_port.cpp] 无法打开串口 /dev/ttyACM0

[2026-07-24 02:04:38.046] [warning] [serial_port.cpp] 尝试重新打开串口...
[2026-07-24 02:04:38.046] [error] [serial_port.cpp] 无法打开串口 /dev/ttyACM0

[2026-07-24 02:04:38.549] [warning] [serial_port.cpp] 尝试重新打开串口...
[2026-07-24 02:04:38.549] [error] [serial_port.cpp] 无法打开串口 /dev/ttyACM0

[2026-07-24 02:04:39.054] [warning] [serial_port.cpp] 尝试重新打开串口...
[2026-07-24 02:04:39.054] [error] [serial_port.cpp] 无法打开串口 /dev/ttyACM0

[2026-07-24 02:04:39.559] [warning] [serial_port.cpp] 尝试重新打开串口...
[2026-07-24 02:04:39.559] [error] [serial_port.cpp] 无法打开串口 /dev/ttyACM0

[2026-07-24 02:04:40.064] [warning] [serial_port.cpp] 尝试重新打开串口...
[2026-07-24 02:04:40.064] [error] [serial_port.cpp] 无法打开串口 /dev/ttyACM0

[2026-07-24 02:04:40.567] [warning] [serial_port.cpp] 尝试重新打开串口...
[2026-07-24 02:04:40.567] [error] [serial_port.cpp] 无法打开串口 /dev/ttyACM0

[2026-07-24 02:04:41.072] [warning] [serial_port.cpp] 尝试重新打开串口...
[2026-07-24 02:04:41.072] [error] [serial_port.cpp] 无法打开串口 /dev/ttyACM0

[2026-07-24 02:04:41.577] [warning] [serial_port.cpp] 尝试重新打开串口...
[2026-07-24 02:04:41.577] [error] [serial_port.cpp] 无法打开串口 /dev/ttyACM0

[2026-07-24 02:04:42.080] [warning] [serial_port.cpp] 尝试重新打开串口...
[2026-07-24 02:04:42.081] [error] [serial_port.cpp] 无法打开串口 /dev/ttyACM0

[2026-07-24 02:04:42.584] [warning] [serial_port.cpp] 尝试重新打开串口...
[2026-07-24 02:04:42.585] [error] [serial_port.cpp] 无法打开串口 /dev/ttyACM0

[2026-07-24 02:04:43.090] [warning] [serial_port.cpp] 尝试重新打开串口...
[2026-07-24 02:04:43.090] [error] [serial_port.cpp] 无法打开串口 /dev/ttyACM0

[2026-07-24 02:04:43.594] [warning] [serial_port.cpp] 尝试重新打开串口...
[2026-07-24 02:04:43.594] [error] [serial_port.cpp] 无法打开串口 /dev/ttyACM0

[2026-07-24 02:04:44.098] [warning] [serial_port.cpp] 尝试重新打开串口...
[2026-07-24 02:04:44.098] [error] [serial_port.cpp] 无法打开串口 /dev/ttyACM0

[2026-07-24 02:04:44.602] [warning] [serial_port.cpp] 尝试重新打开串口...
[2026-07-24 02:04:44.602] [error] [serial_port.cpp] 无法打开串口 /dev/ttyACM0

[2026-07-24 02:04:45.106] [warning] [serial_port.cpp] 尝试重新打开串口...
[2026-07-24 02:04:45.106] [error] [serial_port.cpp] 无法打开串口 /dev/ttyACM0

[2026-07-24 02:04:45.610] [warning] [serial_port.cpp] 尝试重新打开串口...
[2026-07-24 02:04:45.610] [error] [serial_port.cpp] 无法打开串口 /dev/ttyACM0

[2026-07-24 02:04:46.115] [warning] [serial_port.cpp] 尝试重新打开串口...
[2026-07-24 02:04:46.115] [error] [serial_port.cpp] 无法打开串口 /dev/ttyACM0

[2026-07-24 02:04:46.619] [warning] [serial_port.cpp] 尝试重新打开串口...
[2026-07-24 02:04:46.619] [error] [serial_port.cpp] 无法打开串口 /dev/ttyACM0

[2026-07-24 02:04:47.123] [warning] [serial_port.cpp] 尝试重新打开串口...
[2026-07-24 02:04:47.123] [error] [serial_port.cpp] 无法打开串口 /dev/ttyACM0

[2026-07-24 02:04:47.628] [warning] [serial_port.cpp] 尝试重新打开串口...
[2026-07-24 02:04:47.628] [error] [serial_port.cpp] 无法打开串口 /dev/ttyACM0

[2026-07-24 02:04:48.132] [warning] [serial_port.cpp] 尝试重新打开串口...
[2026-07-24 02:04:48.132] [error] [serial_port.cpp] 无法打开串口 /dev/ttyACM0

[2026-07-24 02:04:48.637] [warning] [serial_port.cpp] 尝试重新打开串口...
[2026-07-24 02:04:48.637] [error] [serial_port.cpp] 无法打开串口 /dev/ttyACM0

[2026-07-24 02:04:49.142] [warning] [serial_port.cpp] 尝试重新打开串口...
[2026-07-24 02:04:49.142] [error] [serial_port.cpp] 无法打开串口 /dev/ttyACM0

[2026-07-24 02:04:49.645] [warning] [serial_port.cpp] 尝试重新打开串口...
[2026-07-24 02:04:49.645] [error] [serial_port.cpp] 无法打开串口 /dev/ttyACM0

[2026-07-24 02:04:50.149] [warning] [serial_port.cpp] 尝试重新打开串口...
[2026-07-24 02:04:50.149] [error] [serial_port.cpp] 无法打开串口 /dev/ttyACM0

[2026-07-24 02:04:50.654] [warning] [serial_port.cpp] 尝试重新打开串口...
[2026-07-24 02:04:50.654] [error] [serial_port.cpp] 无法打开串口 /dev/ttyACM0

[2026-07-24 02:04:51.158] [warning] [serial_port.cpp] 尝试重新打开串口...
[2026-07-24 02:04:51.158] [error] [serial_port.cpp] 无法打开串口 /dev/ttyACM0

[2026-07-24 02:04:51.662] [warning] [serial_port.cpp] 尝试重新打开串口...
[2026-07-24 02:04:51.662] [error] [serial_port.cpp] 无法打开串口 /dev/ttyACM0

[2026-07-24 02:04:52.167] [warning] [serial_port.cpp] 尝试重新打开串口...
[2026-07-24 02:04:52.167] [error] [serial_port.cpp] 无法打开串口 /dev/ttyACM0

[2026-07-24 02:04:52.672] [warning] [serial_port.cpp] 尝试重新打开串口...
[2026-07-24 02:04:52.672] [error] [serial_port.cpp] 无法打开串口 /dev/ttyACM0

[2026-07-24 02:04:53.177] [warning] [serial_port.cpp] 尝试重新打开串口...
[2026-07-24 02:04:53.177] [error] [serial_port.cpp] 无法打开串口 /dev/ttyACM0

[2026-07-24 02:04:53.682] [warning] [serial_port.cpp] 尝试重新打开串口...
[2026-07-24 02:04:53.682] [error] [serial_port.cpp] 无法打开串口 /dev/ttyACM0

[2026-07-24 02:04:54.186] [warning] [serial_port.cpp] 尝试重新打开串口...
[2026-07-24 02:04:54.186] [error] [serial_port.cpp] 无法打开串口 /dev/ttyACM0

[2026-07-24 02:04:54.689] [warning] [serial_port.cpp] 尝试重新打开串口...
[2026-07-24 02:04:54.690] [error] [serial_port.cpp] 无法打开串口 /dev/ttyACM0

[2026-07-24 02:04:55.194] [warning] [serial_port.cpp] 尝试重新打开串口...
[2026-07-24 02:04:55.194] [error] [serial_port.cpp] 无法打开串口 /dev/ttyACM0

[2026-07-24 02:04:55.698] [warning] [serial_port.cpp] 尝试重新打开串口...
[2026-07-24 02:04:55.699] [error] [serial_port.cpp] 无法打开串口 /dev/ttyACM0

[2026-07-24 02:04:56.203] [warning] [serial_port.cpp] 尝试重新打开串口...
[2026-07-24 02:04:56.204] [error] [serial_port.cpp] 无法打开串口 /dev/ttyACM0

[2026-07-24 02:04:56.709] [warning] [serial_port.cpp] 尝试重新打开串口...
[2026-07-24 02:04:56.709] [error] [serial_port.cpp] 无法打开串口 /dev/ttyACM0

[2026-07-24 02:04:57.214] [warning] [serial_port.cpp] 尝试重新打开串口...
[2026-07-24 02:04:57.214] [error] [serial_port.cpp] 无法打开串口 /dev/ttyACM0

[2026-07-24 02:04:57.718] [warning] [serial_port.cpp] 尝试重新打开串口...
[2026-07-24 02:04:57.718] [error] [serial_port.cpp] 无法打开串口 /dev/ttyACM0

[2026-07-24 02:04:58.222] [warning] [serial_port.cpp] 尝试重新打开串口...
[2026-07-24 02:04:58.222] [error] [serial_port.cpp] 无法打开串口 /dev/ttyACM0

[2026-07-24 02:04:58.726] [warning] [serial_port.cpp] 尝试重新打开串口...
[2026-07-24 02:04:58.726] [error] [serial_port.cpp] 无法打开串口 /dev/ttyACM0

[2026-07-24 02:04:59.230] [warning] [serial_port.cpp] 尝试重新打开串口...
[2026-07-24 02:04:59.230] [error] [serial_port.cpp] 无法打开串口 /dev/ttyACM0

[2026-07-24 02:04:59.733] [warning] [serial_port.cpp] 尝试重新打开串口...
[2026-07-24 02:04:59.733] [error] [serial_port.cpp] 无法打开串口 /dev/ttyACM0

[2026-07-24 02:05:00.238] [warning] [serial_port.cpp] 尝试重新打开串口...
[2026-07-24 02:05:00.238] [error] [serial_port.cpp] 无法打开串口 /dev/ttyACM0

[2026-07-24 02:05:00.743] [warning] [serial_port.cpp] 尝试重新打开串口...
[2026-07-24 02:05:00.743] [error] [serial_port.cpp] 无法打开串口 /dev/ttyACM0

[2026-07-24 02:05:01.247] [warning] [serial_port.cpp] 尝试重新打开串口...
[2026-07-24 02:05:01.247] [error] [serial_port.cpp] 无法打开串口 /dev/ttyACM0

[2026-07-24 02:05:01.754] [warning] [serial_port.cpp] 尝试重新打开串口...
[2026-07-24 02:05:01.754] [error] [serial_port.cpp] 无法打开串口 /dev/ttyACM0

[2026-07-24 02:05:02.260] [warning] [serial_port.cpp] 尝试重新打开串口...
[2026-07-24 02:05:02.260] [error] [serial_port.cpp] 无法打开串口 /dev/ttyACM0

[2026-07-24 02:05:02.766] [warning] [serial_port.cpp] 尝试重新打开串口...
[2026-07-24 02:05:02.766] [error] [serial_port.cpp] 无法打开串口 /dev/ttyACM0

[2026-07-24 02:05:03.273] [warning] [serial_port.cpp] 尝试重新打开串口...
[2026-07-24 02:05:03.273] [error] [serial_port.cpp] 无法打开串口 /dev/ttyACM0

[2026-07-24 02:05:03.779] [warning] [serial_port.cpp] 尝试重新打开串口...
[2026-07-24 02:05:03.780] [error] [serial_port.cpp] 无法打开串口 /dev/ttyACM0

[2026-07-24 02:05:04.286] [warning] [serial_port.cpp] 尝试重新打开串口...
[2026-07-24 02:05:04.286] [error] [serial_port.cpp] 无法打开串口 /dev/ttyACM0

[2026-07-24 02:05:04.792] [warning] [serial_port.cpp] 尝试重新打开串口...
[2026-07-24 02:05:04.792] [error] [serial_port.cpp] 无法打开串口 /dev/ttyACM0

[2026-07-24 02:05:05.295] [warning] [serial_port.cpp] 尝试重新打开串口...
[2026-07-24 02:05:05.295] [error] [serial_port.cpp] 无法打开串口 /dev/ttyACM0

[2026-07-24 02:05:05.800] [warning] [serial_port.cpp] 尝试重新打开串口...
[2026-07-24 02:05:05.800] [error] [serial_port.cpp] 无法打开串口 /dev/ttyACM0

[2026-07-24 02:05:06.304] [warning] [serial_port.cpp] 尝试重新打开串口...
[2026-07-24 02:05:06.304] [error] [serial_port.cpp] 无法打开串口 /dev/ttyACM0

[2026-07-24 02:05:06.809] [warning] [serial_port.cpp] 尝试重新打开串口...
[2026-07-24 02:05:06.809] [error] [serial_port.cpp] 无法打开串口 /dev/ttyACM0

[2026-07-24 02:05:07.313] [warning] [serial_port.cpp] 尝试重新打开串口...
[2026-07-24 02:05:07.313] [error] [serial_port.cpp] 无法打开串口 /dev/ttyACM0

[2026-07-24 02:05:07.821] [warning] [serial_port.cpp] 尝试重新打开串口...
[2026-07-24 02:05:07.821] [error] [serial_port.cpp] 无法打开串口 /dev/ttyACM0

[2026-07-24 02:05:08.325] [warning] [serial_port.cpp] 尝试重新打开串口...
[2026-07-24 02:05:08.325] [error] [serial_port.cpp] 无法打开串口 /dev/ttyACM0

[2026-07-24 02:05:08.829] [warning] [serial_port.cpp] 尝试重新打开串口...
[2026-07-24 02:05:08.829] [error] [serial_port.cpp] 无法打开串口 /dev/ttyACM0

[2026-07-24 02:05:09.334] [warning] [serial_port.cpp] 尝试重新打开串口...
[2026-07-24 02:05:09.334] [error] [serial_port.cpp] 无法打开串口 /dev/ttyACM0

[2026-07-24 02:05:09.838] [warning] [serial_port.cpp] 尝试重新打开串口...
[2026-07-24 02:05:09.838] [error] [serial_port.cpp] 无法打开串口 /dev/ttyACM0

[2026-07-24 02:05:10.343] [warning] [serial_port.cpp] 尝试重新打开串口...
[2026-07-24 02:05:10.343] [error] [serial_port.cpp] 无法打开串口 /dev/ttyACM0

[2026-07-24 02:05:10.847] [warning] [serial_port.cpp] 尝试重新打开串口...
[2026-07-24 02:05:10.847] [error] [serial_port.cpp] 无法打开串口 /dev/ttyACM0

[2026-07-24 02:05:11.352] [warning] [serial_port.cpp] 尝试重新打开串口...
[2026-07-24 02:05:11.352] [error] [serial_port.cpp] 无法打开串口 /dev/ttyACM0

[2026-07-24 02:05:11.856] [warning] [serial_port.cpp] 尝试重新打开串口...
[2026-07-24 02:05:11.856] [error] [serial_port.cpp] 无法打开串口 /dev/ttyACM0

[2026-07-24 02:05:12.359] [warning] [serial_port.cpp] 尝试重新打开串口...
[2026-07-24 02:05:12.359] [error] [serial_port.cpp] 无法打开串口 /dev/ttyACM0

[2026-07-24 02:05:12.863] [warning] [serial_port.cpp] 尝试重新打开串口...
[2026-07-24 02:05:12.864] [error] [serial_port.cpp] 无法打开串口 /dev/ttyACM0

[2026-07-24 02:05:13.369] [warning] [serial_port.cpp] 尝试重新打开串口...
[2026-07-24 02:05:13.369] [error] [serial_port.cpp] 无法打开串口 /dev/ttyACM0

[2026-07-24 02:05:13.873] [warning] [serial_port.cpp] 尝试重新打开串口...
[2026-07-24 02:05:13.873] [error] [serial_port.cpp] 无法打开串口 /dev/ttyACM0

[2026-07-24 02:05:14.378] [warning] [serial_port.cpp] 尝试重新打开串口...
[2026-07-24 02:05:14.378] [error] [serial_port.cpp] 无法打开串口 /dev/ttyACM0

[2026-07-24 02:05:14.882] [warning] [serial_port.cpp] 尝试重新打开串口...
[2026-07-24 02:05:14.882] [error] [serial_port.cpp] 无法打开串口 /dev/ttyACM0

[2026-07-24 02:05:15.386] [warning] [serial_port.cpp] 尝试重新打开串口...
[2026-07-24 02:05:15.386] [error] [serial_port.cpp] 无法打开串口 /dev/ttyACM0

[2026-07-24 02:05:15.890] [warning] [serial_port.cpp] 尝试重新打开串口...
[2026-07-24 02:05:15.890] [error] [serial_port.cpp] 无法打开串口 /dev/ttyACM0

[2026-07-24 02:05:16.397] [warning] [serial_port.cpp] 尝试重新打开串口...
[2026-07-24 02:05:16.397] [error] [serial_port.cpp] 无法打开串口 /dev/ttyACM0

[2026-07-24 02:05:16.901] [warning] [serial_port.cpp] 尝试重新打开串口...
[2026-07-24 02:05:16.901] [error] [serial_port.cpp] 无法打开串口 /dev/ttyACM0

[2026-07-24 02:05:17.406] [warning] [serial_port.cpp] 尝试重新打开串口...
[2026-07-24 02:05:17.406] [error] [serial_port.cpp] 无法打开串口 /dev/ttyACM0

[2026-07-24 02:05:17.912] [warning] [serial_port.cpp] 尝试重新打开串口...
[2026-07-24 02:05:17.912] [error] [serial_port.cpp] 无法打开串口 /dev/ttyACM0

[2026-07-24 02:05:18.416] [warning] [serial_port.cpp] 尝试重新打开串口...
[2026-07-24 02:05:18.416] [error] [serial_port.cpp] 无法打开串口 /dev/ttyACM0

[2026-07-24 02:05:18.921] [warning] [serial_port.cpp] 尝试重新打开串口...
[2026-07-24 02:05:18.921] [error] [serial_port.cpp] 无法打开串口 /dev/ttyACM0

[2026-07-24 02:05:19.425] [warning] [serial_port.cpp] 尝试重新打开串口...
[2026-07-24 02:05:19.425] [error] [serial_port.cpp] 无法打开串口 /dev/ttyACM0

[2026-07-24 02:05:19.929] [warning] [serial_port.cpp] 尝试重新打开串口...
[2026-07-24 02:05:19.930] [error] [serial_port.cpp] 无法打开串口 /dev/ttyACM0

[2026-07-24 02:05:20.434] [warning] [serial_port.cpp] 尝试重新打开串口...
[2026-07-24 02:05:20.434] [error] [serial_port.cpp] 无法打开串口 /dev/ttyACM0

[2026-07-24 02:05:20.938] [warning] [serial_port.cpp] 尝试重新打开串口...
[2026-07-24 02:05:20.938] [error] [serial_port.cpp] 无法打开串口 /dev/ttyACM0

[2026-07-24 02:05:21.442] [warning] [serial_port.cpp] 尝试重新打开串口...
[2026-07-24 02:05:21.442] [error] [serial_port.cpp] 无法打开串口 /dev/ttyACM0

[2026-07-24 02:05:21.946] [warning] [serial_port.cpp] 尝试重新打开串口...
[2026-07-24 02:05:21.946] [error] [serial_port.cpp] 无法打开串口 /dev/ttyACM0

[2026-07-24 02:05:22.451] [warning] [serial_port.cpp] 尝试重新打开串口...
[2026-07-24 02:05:22.451] [error] [serial_port.cpp] 无法打开串口 /dev/ttyACM0

[2026-07-24 02:05:22.955] [warning] [serial_port.cpp] 尝试重新打开串口...
[2026-07-24 02:05:22.955] [error] [serial_port.cpp] 无法打开串口 /dev/ttyACM0

[2026-07-24 02:05:23.459] [warning] [serial_port.cpp] 尝试重新打开串口...
[2026-07-24 02:05:23.459] [error] [serial_port.cpp] 无法打开串口 /dev/ttyACM0

[2026-07-24 02:05:23.964] [warning] [serial_port.cpp] 尝试重新打开串口...
[2026-07-24 02:05:23.964] [error] [serial_port.cpp] 无法打开串口 /dev/ttyACM0

[2026-07-24 02:05:24.468] [warning] [serial_port.cpp] 尝试重新打开串口...
[2026-07-24 02:05:24.468] [error] [serial_port.cpp] 无法打开串口 /dev/ttyACM0

[2026-07-24 02:05:24.972] [warning] [serial_port.cpp] 尝试重新打开串口...
[2026-07-24 02:05:24.972] [error] [serial_port.cpp] 无法打开串口 /dev/ttyACM0

[2026-07-24 02:05:25.476] [warning] [serial_port.cpp] 尝试重新打开串口...
[2026-07-24 02:05:25.476] [error] [serial_port.cpp] 无法打开串口 /dev/ttyACM0

[2026-07-24 02:05:25.981] [warning] [serial_port.cpp] 尝试重新打开串口...
[2026-07-24 02:05:25.981] [error] [serial_port.cpp] 无法打开串口 /dev/ttyACM0

[2026-07-24 02:05:26.485] [warning] [serial_port.cpp] 尝试重新打开串口...
[2026-07-24 02:05:26.485] [error] [serial_port.cpp] 无法打开串口 /dev/ttyACM0

[2026-07-24 02:05:26.989] [warning] [serial_port.cpp] 尝试重新打开串口...
[2026-07-24 02:05:26.989] [error] [serial_port.cpp] 无法打开串口 /dev/ttyACM0

[2026-07-24 02:05:27.494] [warning] [serial_port.cpp] 尝试重新打开串口...
[2026-07-24 02:05:27.494] [error] [serial_port.cpp] 无法打开串口 /dev/ttyACM0

[2026-07-24 02:05:27.998] [warning] [serial_port.cpp] 尝试重新打开串口...
[2026-07-24 02:05:27.998] [error] [serial_port.cpp] 无法打开串口 /dev/ttyACM0

[2026-07-24 02:05:28.502] [warning] [serial_port.cpp] 尝试重新打开串口...
[2026-07-24 02:05:28.503] [error] [serial_port.cpp] 无法打开串口 /dev/ttyACM0

[2026-07-24 02:05:29.006] [warning] [serial_port.cpp] 尝试重新打开串口...
[2026-07-24 02:05:29.007] [error] [serial_port.cpp] 无法打开串口 /dev/ttyACM0

[2026-07-24 02:05:29.512] [warning] [serial_port.cpp] 尝试重新打开串口...
[2026-07-24 02:05:29.512] [error] [serial_port.cpp] 无法打开串口 /dev/ttyACM0

[2026-07-24 02:05:30.017] [warning] [serial_port.cpp] 尝试重新打开串口...
[2026-07-24 02:05:30.017] [error] [serial_port.cpp] 无法打开串口 /dev/ttyACM0

[2026-07-24 02:05:30.521] [warning] [serial_port.cpp] 尝试重新打开串口...
[2026-07-24 02:05:30.521] [error] [serial_port.cpp] 无法打开串口 /dev/ttyACM0

[2026-07-24 02:05:31.025] [warning] [serial_port.cpp] 尝试重新打开串口...
[2026-07-24 02:05:31.025] [error] [serial_port.cpp] 无法打开串口 /dev/ttyACM0

[2026-07-24 02:05:31.531] [warning] [serial_port.cpp] 尝试重新打开串口...
[2026-07-24 02:05:31.531] [error] [serial_port.cpp] 无法打开串口 /dev/ttyACM0

[2026-07-24 02:05:32.035] [warning] [serial_port.cpp] 尝试重新打开串口...
[2026-07-24 02:05:32.035] [error] [serial_port.cpp] 无法打开串口 /dev/ttyACM0

[2026-07-24 02:05:32.540] [warning] [serial_port.cpp] 尝试重新打开串口...
[2026-07-24 02:05:32.540] [error] [serial_port.cpp] 无法打开串口 /dev/ttyACM0

[2026-07-24 02:05:33.046] [warning] [serial_port.cpp] 尝试重新打开串口...
[2026-07-24 02:05:33.046] [error] [serial_port.cpp] 无法打开串口 /dev/ttyACM0

[2026-07-24 02:05:33.550] [warning] [serial_port.cpp] 尝试重新打开串口...
[2026-07-24 02:05:33.550] [error] [serial_port.cpp] 无法打开串口 /dev/ttyACM0

[2026-07-24 02:05:34.055] [warning] [serial_port.cpp] 尝试重新打开串口...
[2026-07-24 02:05:34.055] [error] [serial_port.cpp] 无法打开串口 /dev/ttyACM0

[2026-07-24 02:05:34.559] [warning] [serial_port.cpp] 尝试重新打开串口...
[2026-07-24 02:05:34.559] [error] [serial_port.cpp] 无法打开串口 /dev/ttyACM0

[2026-07-24 02:05:35.064] [warning] [serial_port.cpp] 尝试重新打开串口...
[2026-07-24 02:05:35.064] [error] [serial_port.cpp] 无法打开串口 /dev/ttyACM0

[2026-07-24 02:05:35.567] [warning] [serial_port.cpp] 尝试重新打开串口...
[2026-07-24 02:05:35.567] [error] [serial_port.cpp] 无法打开串口 /dev/ttyACM0

[2026-07-24 02:05:36.072] [warning] [serial_port.cpp] 尝试重新打开串口...
[2026-07-24 02:05:36.072] [error] [serial_port.cpp] 无法打开串口 /dev/ttyACM0

[2026-07-24 02:05:36.576] [warning] [serial_port.cpp] 尝试重新打开串口...
[2026-07-24 02:05:36.576] [error] [serial_port.cpp] 无法打开串口 /dev/ttyACM0

[2026-07-24 02:05:37.080] [warning] [serial_port.cpp] 尝试重新打开串口...
[2026-07-24 02:05:37.080] [error] [serial_port.cpp] 无法打开串口 /dev/ttyACM0

[2026-07-24 02:05:37.585] [warning] [serial_port.cpp] 尝试重新打开串口...
[2026-07-24 02:05:37.585] [error] [serial_port.cpp] 无法打开串口 /dev/ttyACM0

[2026-07-24 02:05:38.090] [warning] [serial_port.cpp] 尝试重新打开串口...
[2026-07-24 02:05:38.090] [error] [serial_port.cpp] 无法打开串口 /dev/ttyACM0

[2026-07-24 02:05:38.594] [warning] [serial_port.cpp] 尝试重新打开串口...
[2026-07-24 02:05:38.594] [error] [serial_port.cpp] 无法打开串口 /dev/ttyACM0

[2026-07-24 02:05:39.099] [warning] [serial_port.cpp] 尝试重新打开串口...
[2026-07-24 02:05:39.099] [error] [serial_port.cpp] 无法打开串口 /dev/ttyACM0

[2026-07-24 02:05:39.605] [warning] [serial_port.cpp] 尝试重新打开串口...
[2026-07-24 02:05:39.605] [error] [serial_port.cpp] 无法打开串口 /dev/ttyACM0

[2026-07-24 02:05:40.109] [warning] [serial_port.cpp] 尝试重新打开串口...
[2026-07-24 02:05:40.109] [error] [serial_port.cpp] 无法打开串口 /dev/ttyACM0

[2026-07-24 02:05:40.613] [warning] [serial_port.cpp] 尝试重新打开串口...
[2026-07-24 02:05:40.614] [error] [serial_port.cpp] 无法打开串口 /dev/ttyACM0

[2026-07-24 02:05:41.118] [warning] [serial_port.cpp] 尝试重新打开串口...
[2026-07-24 02:05:41.118] [error] [serial_port.cpp] 无法打开串口 /dev/ttyACM0

[2026-07-24 02:05:41.621] [warning] [serial_port.cpp] 尝试重新打开串口...
[2026-07-24 02:05:41.621] [error] [serial_port.cpp] 无法打开串口 /dev/ttyACM0

[2026-07-24 02:05:42.125] [warning] [serial_port.cpp] 尝试重新打开串口...
[2026-07-24 02:05:42.125] [error] [serial_port.cpp] 无法打开串口 /dev/ttyACM0

[2026-07-24 02:05:42.629] [warning] [serial_port.cpp] 尝试重新打开串口...
[2026-07-24 02:05:42.629] [error] [serial_port.cpp] 无法打开串口 /dev/ttyACM0

[2026-07-24 02:05:43.133] [warning] [serial_port.cpp] 尝试重新打开串口...
[2026-07-24 02:05:43.133] [error] [serial_port.cpp] 无法打开串口 /dev/ttyACM0

[2026-07-24 02:05:43.637] [warning] [serial_port.cpp] 尝试重新打开串口...
[2026-07-24 02:05:43.637] [error] [serial_port.cpp] 无法打开串口 /dev/ttyACM0

[2026-07-24 02:05:44.141] [warning] [serial_port.cpp] 尝试重新打开串口...
[2026-07-24 02:05:44.141] [error] [serial_port.cpp] 无法打开串口 /dev/ttyACM0

[2026-07-24 02:05:44.645] [warning] [serial_port.cpp] 尝试重新打开串口...
[2026-07-24 02:05:44.645] [error] [serial_port.cpp] 无法打开串口 /dev/ttyACM0

[2026-07-24 02:05:45.150] [warning] [serial_port.cpp] 尝试重新打开串口...
[2026-07-24 02:05:45.150] [error] [serial_port.cpp] 无法打开串口 /dev/ttyACM0

[2026-07-24 02:05:45.654] [warning] [serial_port.cpp] 尝试重新打开串口...
[2026-07-24 02:05:45.654] [error] [serial_port.cpp] 无法打开串口 /dev/ttyACM0

[2026-07-24 02:05:46.158] [warning] [serial_port.cpp] 尝试重新打开串口...
[2026-07-24 02:05:46.158] [error] [serial_port.cpp] 无法打开串口 /dev/ttyACM0

[2026-07-24 02:05:46.663] [warning] [serial_port.cpp] 尝试重新打开串口...
[2026-07-24 02:05:46.663] [error] [serial_port.cpp] 无法打开串口 /dev/ttyACM0

[2026-07-24 02:05:47.167] [warning] [serial_port.cpp] 尝试重新打开串口...
[2026-07-24 02:05:47.168] [error] [serial_port.cpp] 无法打开串口 /dev/ttyACM0

[2026-07-24 02:05:47.672] [warning] [serial_port.cpp] 尝试重新打开串口...
[2026-07-24 02:05:47.672] [error] [serial_port.cpp] 无法打开串口 /dev/ttyACM0

[2026-07-24 02:05:48.176] [warning] [serial_port.cpp] 尝试重新打开串口...
[2026-07-24 02:05:48.176] [error] [serial_port.cpp] 无法打开串口 /dev/ttyACM0

[2026-07-24 02:05:48.680] [warning] [serial_port.cpp] 尝试重新打开串口...
[2026-07-24 02:05:48.680] [error] [serial_port.cpp] 无法打开串口 /dev/ttyACM0

[2026-07-24 02:05:49.186] [warning] [serial_port.cpp] 尝试重新打开串口...
[2026-07-24 02:05:49.186] [error] [serial_port.cpp] 无法打开串口 /dev/ttyACM0

[2026-07-24 02:05:49.690] [warning] [serial_port.cpp] 尝试重新打开串口...
[2026-07-24 02:05:49.690] [error] [serial_port.cpp] 无法打开串口 /dev/ttyACM0

[2026-07-24 02:05:50.195] [warning] [serial_port.cpp] 尝试重新打开串口...
[2026-07-24 02:05:50.195] [error] [serial_port.cpp] 无法打开串口 /dev/ttyACM0

[2026-07-24 02:05:50.699] [warning] [serial_port.cpp] 尝试重新打开串口...
[2026-07-24 02:05:50.699] [error] [serial_port.cpp] 无法打开串口 /dev/ttyACM0

[2026-07-24 02:05:51.203] [warning] [serial_port.cpp] 尝试重新打开串口...
[2026-07-24 02:05:51.203] [error] [serial_port.cpp] 无法打开串口 /dev/ttyACM0

[2026-07-24 02:05:51.707] [warning] [serial_port.cpp] 尝试重新打开串口...
[2026-07-24 02:05:51.707] [error] [serial_port.cpp] 无法打开串口 /dev/ttyACM0

[2026-07-24 02:05:52.214] [warning] [serial_port.cpp] 尝试重新打开串口...
[2026-07-24 02:05:52.214] [error] [serial_port.cpp] 无法打开串口 /dev/ttyACM0

[2026-07-24 02:05:52.719] [warning] [serial_port.cpp] 尝试重新打开串口...
[2026-07-24 02:05:52.719] [error] [serial_port.cpp] 无法打开串口 /dev/ttyACM0

[2026-07-24 02:05:53.223] [warning] [serial_port.cpp] 尝试重新打开串口...
[2026-07-24 02:05:53.223] [error] [serial_port.cpp] 无法打开串口 /dev/ttyACM0

[2026-07-24 02:05:53.727] [warning] [serial_port.cpp] 尝试重新打开串口...
[2026-07-24 02:05:53.727] [error] [serial_port.cpp] 无法打开串口 /dev/ttyACM0

[2026-07-24 02:05:54.230] [warning] [serial_port.cpp] 尝试重新打开串口...
[2026-07-24 02:05:54.230] [error] [serial_port.cpp] 无法打开串口 /dev/ttyACM0

[2026-07-24 02:05:54.734] [warning] [serial_port.cpp] 尝试重新打开串口...
[2026-07-24 02:05:54.734] [error] [serial_port.cpp] 无法打开串口 /dev/ttyACM0

[2026-07-24 02:05:55.239] [warning] [serial_port.cpp] 尝试重新打开串口...
[2026-07-24 02:05:55.239] [error] [serial_port.cpp] 无法打开串口 /dev/ttyACM0

[2026-07-24 02:05:55.743] [warning] [serial_port.cpp] 尝试重新打开串口...
[2026-07-24 02:05:55.743] [error] [serial_port.cpp] 无法打开串口 /dev/ttyACM0

[2026-07-24 02:05:56.247] [warning] [serial_port.cpp] 尝试重新打开串口...
[2026-07-24 02:05:56.247] [error] [serial_port.cpp] 无法打开串口 /dev/ttyACM0

[2026-07-24 02:05:56.751] [warning] [serial_port.cpp] 尝试重新打开串口...
[2026-07-24 02:05:56.751] [error] [serial_port.cpp] 无法打开串口 /dev/ttyACM0

[2026-07-24 02:05:57.255] [warning] [serial_port.cpp] 尝试重新打开串口...
[2026-07-24 02:05:57.256] [error] [serial_port.cpp] 无法打开串口 /dev/ttyACM0

[2026-07-24 02:05:57.759] [warning] [serial_port.cpp] 尝试重新打开串口...
[2026-07-24 02:05:57.759] [error] [serial_port.cpp] 无法打开串口 /dev/ttyACM0

[2026-07-24 02:05:58.263] [warning] [serial_port.cpp] 尝试重新打开串口...
[2026-07-24 02:05:58.263] [error] [serial_port.cpp] 无法打开串口 /dev/ttyACM0

[2026-07-24 02:05:58.767] [warning] [serial_port.cpp] 尝试重新打开串口...
[2026-07-24 02:05:58.767] [error] [serial_port.cpp] 无法打开串口 /dev/ttyACM0

[2026-07-24 02:05:59.271] [warning] [serial_port.cpp] 尝试重新打开串口...
[2026-07-24 02:05:59.271] [error] [serial_port.cpp] 无法打开串口 /dev/ttyACM0

[2026-07-24 02:05:59.776] [warning] [serial_port.cpp] 尝试重新打开串口...
[2026-07-24 02:05:59.776] [error] [serial_port.cpp] 无法打开串口 /dev/ttyACM0

[2026-07-24 02:06:00.281] [warning] [serial_port.cpp] 尝试重新打开串口...
[2026-07-24 02:06:00.281] [error] [serial_port.cpp] 无法打开串口 /dev/ttyACM0

[2026-07-24 02:06:00.790] [warning] [serial_port.cpp] 尝试重新打开串口...
[2026-07-24 02:06:00.790] [error] [serial_port.cpp] 无法打开串口 /dev/ttyACM0

[2026-07-24 02:06:01.297] [warning] [serial_port.cpp] 尝试重新打开串口...
[2026-07-24 02:06:01.297] [error] [serial_port.cpp] 无法打开串口 /dev/ttyACM0

[2026-07-24 02:06:01.802] [warning] [serial_port.cpp] 尝试重新打开串口...
[2026-07-24 02:06:01.802] [error] [serial_port.cpp] 无法打开串口 /dev/ttyACM0

[2026-07-24 02:06:02.306] [warning] [serial_port.cpp] 尝试重新打开串口...
[2026-07-24 02:06:02.306] [error] [serial_port.cpp] 无法打开串口 /dev/ttyACM0

[2026-07-24 02:06:02.811] [warning] [serial_port.cpp] 尝试重新打开串口...
[2026-07-24 02:06:02.811] [error] [serial_port.cpp] 无法打开串口 /dev/ttyACM0

[2026-07-24 02:06:03.314] [warning] [serial_port.cpp] 尝试重新打开串口...
[2026-07-24 02:06:03.314] [error] [serial_port.cpp] 无法打开串口 /dev/ttyACM0

[2026-07-24 02:06:03.820] [warning] [serial_port.cpp] 尝试重新打开串口...
[2026-07-24 02:06:03.820] [error] [serial_port.cpp] 无法打开串口 /dev/ttyACM0

[2026-07-24 02:06:04.324] [warning] [serial_port.cpp] 尝试重新打开串口...
[2026-07-24 02:06:04.324] [error] [serial_port.cpp] 无法打开串口 /dev/ttyACM0

[2026-07-24 02:06:04.828] [warning] [serial_port.cpp] 尝试重新打开串口...
[2026-07-24 02:06:04.828] [error] [serial_port.cpp] 无法打开串口 /dev/ttyACM0

[2026-07-24 02:06:05.333] [warning] [serial_port.cpp] 尝试重新打开串口...
[2026-07-24 02:06:05.333] [error] [serial_port.cpp] 无法打开串口 /dev/ttyACM0

[2026-07-24 02:06:05.837] [warning] [serial_port.cpp] 尝试重新打开串口...
[2026-07-24 02:06:05.837] [error] [serial_port.cpp] 无法打开串口 /dev/ttyACM0

[2026-07-24 02:06:06.341] [warning] [serial_port.cpp] 尝试重新打开串口...
[2026-07-24 02:06:06.341] [error] [serial_port.cpp] 无法打开串口 /dev/ttyACM0

[2026-07-24 02:06:06.848] [warning] [serial_port.cpp] 尝试重新打开串口...
[2026-07-24 02:06:06.848] [error] [serial_port.cpp] 无法打开串口 /dev/ttyACM0

[2026-07-24 02:06:07.352] [warning] [serial_port.cpp] 尝试重新打开串口...
[2026-07-24 02:06:07.352] [error] [serial_port.cpp] 无法打开串口 /dev/ttyACM0

[2026-07-24 02:06:07.856] [warning] [serial_port.cpp] 尝试重新打开串口...
[2026-07-24 02:06:07.856] [error] [serial_port.cpp] 无法打开串口 /dev/ttyACM0

[2026-07-24 02:06:08.363] [warning] [serial_port.cpp] 尝试重新打开串口...
[2026-07-24 02:06:08.363] [error] [serial_port.cpp] 无法打开串口 /dev/ttyACM0

[2026-07-24 02:06:08.868] [warning] [serial_port.cpp] 尝试重新打开串口...
[2026-07-24 02:06:08.868] [error] [serial_port.cpp] 无法打开串口 /dev/ttyACM0

[2026-07-24 02:06:09.372] [warning] [serial_port.cpp] 尝试重新打开串口...
[2026-07-24 02:06:09.373] [error] [serial_port.cpp] 无法打开串口 /dev/ttyACM0

[2026-07-24 02:06:09.877] [warning] [serial_port.cpp] 尝试重新打开串口...
[2026-07-24 02:06:09.877] [error] [serial_port.cpp] 无法打开串口 /dev/ttyACM0

[2026-07-24 02:06:10.381] [warning] [serial_port.cpp] 尝试重新打开串口...
[2026-07-24 02:06:10.381] [error] [serial_port.cpp] 无法打开串口 /dev/ttyACM0

[2026-07-24 02:06:10.888] [warning] [serial_port.cpp] 尝试重新打开串口...
[2026-07-24 02:06:10.888] [error] [serial_port.cpp] 无法打开串口 /dev/ttyACM0

[2026-07-24 02:06:11.392] [warning] [serial_port.cpp] 尝试重新打开串口...
[2026-07-24 02:06:11.392] [error] [serial_port.cpp] 无法打开串口 /dev/ttyACM0

[2026-07-24 02:06:11.493] [debug] 

[2026-07-24 02:06:11.493] [warning] [main.cpp] 捕捉到退出信号(SIGINT)，准备退出程序...

[2026-07-24 02:06:11.526] [info] [HttpStream] HTTP 服务器已停止。
