[2026-07-24 12:29:16.059] [debug] ================= [CONFIG LOADED] =================
[2026-07-24 12:29:16.059] [debug]   Mode: Raspberry Pi
[2026-07-24 12:29:16.059] [debug]   Camera ID : 0
[2026-07-24 12:29:16.059] [debug]   Target Res: 1280x720
[2026-07-24 12:29:16.059] [debug]   Target Fmt: MJPG
[2026-07-24 12:29:16.059] [debug]   Target Brightness: 0
[2026-07-24 12:29:16.059] [debug]   Target Contrast: 30
[2026-07-24 12:29:16.059] [debug]   Model Path: ../models/detect.prototxt | ../models/detect.caffemodel | ../models/sr.prototxt | ../models/sr.caffemodel

[2026-07-24 12:29:16.059] [debug]   Stream        : Port=5000, Res=640x360, Quality=60
[2026-07-24 12:29:16.059] [debug] ===================================================
[2026-07-24 12:29:16.065] [info] [qrcode_scanner.cpp] 微信模型加载成功
[2026-07-24 12:29:16.189] [debug] 
[2026-07-24 12:29:16.189] [debug] ================= [ACTUAL CAMERA STATUS] =================
[2026-07-24 12:29:16.189] [debug]   Backend API   : V4L2
[2026-07-24 12:29:16.189] [debug]   Resolution    : 1280x720
[2026-07-24 12:29:16.189] [debug]   FPS           : 30
[2026-07-24 12:29:16.189] [debug]   Video Format  : MJPG
[2026-07-24 12:29:16.189] [debug]   Exposure      : 166
[2026-07-24 12:29:16.189] [debug]   Brightness    : 0
[2026-07-24 12:29:16.189] [debug]   Contrast      : 30
[2026-07-24 12:29:16.189] [debug] ==========================================================
[2026-07-24 12:29:16.189] [debug] [main.cpp] 相机初始化完毕, 按 'Ctrl+C' 退出

[2026-07-24 12:29:16.189] [debug] ================= [SERIAL STATUS] =================
[2026-07-24 12:29:16.189] [error] [serial_port.cpp] 无法打开串口 /dev/ttyACM0

[2026-07-24 12:29:16.189] [error]   is_serial_open: FAILED
[2026-07-24 12:29:16.189] [debug] ===================================================

[2026-07-24 12:29:16.190] [info] [HttpStream] HTTP 服务器已启动，端口: 5000
[2026-07-24 12:29:16.190] [info] [HttpStream] 服务器正在 0.0.0.0:5000 监听
[2026-07-24 12:29:16.190] [info] 本机局域网 IP: 10.62.146.83  (接口: wlp0s20f3)
[2026-07-24 12:29:16.190] [debug] [main.cpp] starting 3 threads...

[2026-07-24 12:29:16.190] [info] [SERIAL THREAD] 相机 OK, 串口 ERROR, 有效信息 NO, 发送 255 and 255 FAILED
[2026-07-24 12:29:16.563] [warning] [serial_port.cpp] 尝试重新打开串口...
[2026-07-24 12:29:16.563] [error] [serial_port.cpp] 无法打开串口 /dev/ttyACM0

[2026-07-24 12:29:17.069] [warning] [serial_port.cpp] 尝试重新打开串口...
[2026-07-24 12:29:17.069] [error] [serial_port.cpp] 无法打开串口 /dev/ttyACM0

[2026-07-24 12:29:17.574] [warning] [serial_port.cpp] 尝试重新打开串口...
[2026-07-24 12:29:17.574] [error] [serial_port.cpp] 无法打开串口 /dev/ttyACM0

[2026-07-24 12:29:18.080] [warning] [serial_port.cpp] 尝试重新打开串口...
[2026-07-24 12:29:18.080] [error] [serial_port.cpp] 无法打开串口 /dev/ttyACM0

[2026-07-24 12:29:18.584] [warning] [serial_port.cpp] 尝试重新打开串口...
[2026-07-24 12:29:18.584] [error] [serial_port.cpp] 无法打开串口 /dev/ttyACM0

[2026-07-24 12:29:18.652] [debug] 

[2026-07-24 12:29:18.652] [warning] [main.cpp] 捕捉到退出信号(SIGINT)，准备退出程序...

[2026-07-24 12:29:18.687] [info] [HttpStream] HTTP 服务器已停止。
