[2026-07-24 13:30:01.841] [debug] ================= [CONFIG LOADED] =================
[2026-07-24 13:30:01.841] [debug]   Mode: Raspberry Pi
[2026-07-24 13:30:01.841] [debug]   Camera ID : 2
[2026-07-24 13:30:01.841] [debug]   Target Res: 1280x720
[2026-07-24 13:30:01.841] [debug]   Target Fmt: MJPG
[2026-07-24 13:30:01.841] [debug]   Target Brightness: 0
[2026-07-24 13:30:01.841] [debug]   Target Contrast: 30
[2026-07-24 13:30:01.841] [debug]   Model Path: ../models/detect.prototxt | ../models/detect.caffemodel | ../models/sr.prototxt | ../models/sr.caffemodel

[2026-07-24 13:30:01.841] [debug]   Stream        : Port=5000, Res=640x360, Quality=60
[2026-07-24 13:30:01.841] [debug] ===================================================
[2026-07-24 13:30:01.845] [info] [qrcode_scanner.cpp] 微信模型加载成功
[2026-07-24 13:30:02.085] [debug] 
[2026-07-24 13:30:02.085] [debug] ================= [ACTUAL CAMERA STATUS] =================
[2026-07-24 13:30:02.085] [debug]   Backend API   : V4L2
[2026-07-24 13:30:02.085] [debug]   Resolution    : 1280x720
[2026-07-24 13:30:02.085] [debug]   FPS           : 30
[2026-07-24 13:30:02.085] [debug]   Video Format  : MJPG
[2026-07-24 13:30:02.085] [debug]   Exposure      : 156
[2026-07-24 13:30:02.085] [debug]   Brightness    : 0
[2026-07-24 13:30:02.085] [debug]   Contrast      : 30
[2026-07-24 13:30:02.085] [debug] ==========================================================
[2026-07-24 13:30:02.085] [debug] [main.cpp] 相机初始化完毕, 按 'Ctrl+C' 退出

[2026-07-24 13:30:02.085] [debug] ================= [SERIAL STATUS] =================
[2026-07-24 13:30:02.085] [error] [serial_port.cpp] 无法打开串口 /dev/ttyACM0

[2026-07-24 13:30:02.085] [error]   is_serial_open: FAILED
[2026-07-24 13:30:02.085] [debug] ===================================================

[2026-07-24 13:30:02.086] [info] [HttpStream] HTTP 服务器已启动，端口: 5000
[2026-07-24 13:30:02.086] [info] 本机局域网 IP: 10.62.146.83  (接口: wlp0s20f3)
[2026-07-24 13:30:02.086] [debug] [main.cpp] starting 3 threads...

[2026-07-24 13:30:02.086] [info] [SERIAL THREAD] 相机 OK, 串口 ERROR, 有效信息 NO, 发送 255 and 255 FAILED
[2026-07-24 13:30:02.086] [info] [HttpStream] 服务器正在 0.0.0.0:5000 监听
[2026-07-24 13:30:02.351] [warning] [serial_port.cpp] 尝试重新打开串口...
[2026-07-24 13:30:02.351] [error] [serial_port.cpp] 无法打开串口 /dev/ttyACM0

[2026-07-24 13:30:02.859] [warning] [serial_port.cpp] 尝试重新打开串口...
[2026-07-24 13:30:02.860] [error] [serial_port.cpp] 无法打开串口 /dev/ttyACM0

[2026-07-24 13:30:03.365] [warning] [serial_port.cpp] 尝试重新打开串口...
[2026-07-24 13:30:03.366] [error] [serial_port.cpp] 无法打开串口 /dev/ttyACM0

[2026-07-24 13:30:03.873] [warning] [serial_port.cpp] 尝试重新打开串口...
[2026-07-24 13:30:03.873] [error] [serial_port.cpp] 无法打开串口 /dev/ttyACM0

[2026-07-24 13:30:04.380] [warning] [serial_port.cpp] 尝试重新打开串口...
[2026-07-24 13:30:04.380] [error] [serial_port.cpp] 无法打开串口 /dev/ttyACM0

[2026-07-24 13:30:04.885] [warning] [serial_port.cpp] 尝试重新打开串口...
[2026-07-24 13:30:04.885] [error] [serial_port.cpp] 无法打开串口 /dev/ttyACM0

[2026-07-24 13:30:05.392] [warning] [serial_port.cpp] 尝试重新打开串口...
[2026-07-24 13:30:05.392] [error] [serial_port.cpp] 无法打开串口 /dev/ttyACM0

[2026-07-24 13:30:05.893] [warning] [serial_port.cpp] 尝试重新打开串口...
[2026-07-24 13:30:05.893] [error] [serial_port.cpp] 无法打开串口 /dev/ttyACM0

[2026-07-24 13:30:06.401] [warning] [serial_port.cpp] 尝试重新打开串口...
[2026-07-24 13:30:06.401] [error] [serial_port.cpp] 无法打开串口 /dev/ttyACM0

[2026-07-24 13:30:06.910] [warning] [serial_port.cpp] 尝试重新打开串口...
[2026-07-24 13:30:06.910] [error] [serial_port.cpp] 无法打开串口 /dev/ttyACM0

[2026-07-24 13:30:07.416] [warning] [serial_port.cpp] 尝试重新打开串口...
[2026-07-24 13:30:07.416] [error] [serial_port.cpp] 无法打开串口 /dev/ttyACM0

[2026-07-24 13:30:07.922] [warning] [serial_port.cpp] 尝试重新打开串口...
[2026-07-24 13:30:07.922] [error] [serial_port.cpp] 无法打开串口 /dev/ttyACM0

[2026-07-24 13:30:08.427] [warning] [serial_port.cpp] 尝试重新打开串口...
[2026-07-24 13:30:08.427] [error] [serial_port.cpp] 无法打开串口 /dev/ttyACM0

[2026-07-24 13:30:08.931] [warning] [serial_port.cpp] 尝试重新打开串口...
[2026-07-24 13:30:08.931] [error] [serial_port.cpp] 无法打开串口 /dev/ttyACM0

[2026-07-24 13:30:09.437] [warning] [serial_port.cpp] 尝试重新打开串口...
[2026-07-24 13:30:09.437] [error] [serial_port.cpp] 无法打开串口 /dev/ttyACM0

[2026-07-24 13:30:09.944] [warning] [serial_port.cpp] 尝试重新打开串口...
[2026-07-24 13:30:09.944] [error] [serial_port.cpp] 无法打开串口 /dev/ttyACM0

[2026-07-24 13:30:10.450] [warning] [serial_port.cpp] 尝试重新打开串口...
[2026-07-24 13:30:10.450] [error] [serial_port.cpp] 无法打开串口 /dev/ttyACM0

[2026-07-24 13:30:10.956] [warning] [serial_port.cpp] 尝试重新打开串口...
[2026-07-24 13:30:10.956] [error] [serial_port.cpp] 无法打开串口 /dev/ttyACM0

[2026-07-24 13:30:11.461] [warning] [serial_port.cpp] 尝试重新打开串口...
[2026-07-24 13:30:11.461] [error] [serial_port.cpp] 无法打开串口 /dev/ttyACM0

[2026-07-24 13:30:11.966] [warning] [serial_port.cpp] 尝试重新打开串口...
[2026-07-24 13:30:11.966] [error] [serial_port.cpp] 无法打开串口 /dev/ttyACM0

[2026-07-24 13:30:12.473] [warning] [serial_port.cpp] 尝试重新打开串口...
[2026-07-24 13:30:12.473] [error] [serial_port.cpp] 无法打开串口 /dev/ttyACM0

[2026-07-24 13:30:12.982] [warning] [serial_port.cpp] 尝试重新打开串口...
[2026-07-24 13:30:12.982] [error] [serial_port.cpp] 无法打开串口 /dev/ttyACM0

[2026-07-24 13:30:13.488] [warning] [serial_port.cpp] 尝试重新打开串口...
[2026-07-24 13:30:13.488] [error] [serial_port.cpp] 无法打开串口 /dev/ttyACM0

[2026-07-24 13:30:13.995] [warning] [serial_port.cpp] 尝试重新打开串口...
[2026-07-24 13:30:13.996] [error] [serial_port.cpp] 无法打开串口 /dev/ttyACM0

[2026-07-24 13:30:14.502] [warning] [serial_port.cpp] 尝试重新打开串口...
[2026-07-24 13:30:14.502] [error] [serial_port.cpp] 无法打开串口 /dev/ttyACM0

[2026-07-24 13:30:15.006] [warning] [serial_port.cpp] 尝试重新打开串口...
[2026-07-24 13:30:15.006] [error] [serial_port.cpp] 无法打开串口 /dev/ttyACM0

[2026-07-24 13:30:15.513] [warning] [serial_port.cpp] 尝试重新打开串口...
[2026-07-24 13:30:15.513] [error] [serial_port.cpp] 无法打开串口 /dev/ttyACM0

[2026-07-24 13:30:16.014] [warning] [serial_port.cpp] 尝试重新打开串口...
[2026-07-24 13:30:16.015] [error] [serial_port.cpp] 无法打开串口 /dev/ttyACM0

[2026-07-24 13:30:16.521] [warning] [serial_port.cpp] 尝试重新打开串口...
[2026-07-24 13:30:16.521] [error] [serial_port.cpp] 无法打开串口 /dev/ttyACM0

[2026-07-24 13:30:17.028] [warning] [serial_port.cpp] 尝试重新打开串口...
[2026-07-24 13:30:17.028] [error] [serial_port.cpp] 无法打开串口 /dev/ttyACM0

[2026-07-24 13:30:17.533] [warning] [serial_port.cpp] 尝试重新打开串口...
[2026-07-24 13:30:17.533] [error] [serial_port.cpp] 无法打开串口 /dev/ttyACM0

[2026-07-24 13:30:18.039] [warning] [serial_port.cpp] 尝试重新打开串口...
[2026-07-24 13:30:18.040] [error] [serial_port.cpp] 无法打开串口 /dev/ttyACM0

[2026-07-24 13:30:18.545] [warning] [serial_port.cpp] 尝试重新打开串口...
[2026-07-24 13:30:18.545] [error] [serial_port.cpp] 无法打开串口 /dev/ttyACM0

[2026-07-24 13:30:19.049] [warning] [serial_port.cpp] 尝试重新打开串口...
[2026-07-24 13:30:19.050] [error] [serial_port.cpp] 无法打开串口 /dev/ttyACM0

[2026-07-24 13:30:19.555] [warning] [serial_port.cpp] 尝试重新打开串口...
[2026-07-24 13:30:19.556] [error] [serial_port.cpp] 无法打开串口 /dev/ttyACM0

[2026-07-24 13:30:20.062] [warning] [serial_port.cpp] 尝试重新打开串口...
[2026-07-24 13:30:20.062] [error] [serial_port.cpp] 无法打开串口 /dev/ttyACM0

[2026-07-24 13:30:20.567] [warning] [serial_port.cpp] 尝试重新打开串口...
[2026-07-24 13:30:20.567] [error] [serial_port.cpp] 无法打开串口 /dev/ttyACM0

[2026-07-24 13:30:21.072] [warning] [serial_port.cpp] 尝试重新打开串口...
[2026-07-24 13:30:21.072] [error] [serial_port.cpp] 无法打开串口 /dev/ttyACM0

[2026-07-24 13:30:21.577] [warning] [serial_port.cpp] 尝试重新打开串口...
[2026-07-24 13:30:21.577] [error] [serial_port.cpp] 无法打开串口 /dev/ttyACM0

[2026-07-24 13:30:22.081] [warning] [serial_port.cpp] 尝试重新打开串口...
[2026-07-24 13:30:22.081] [error] [serial_port.cpp] 无法打开串口 /dev/ttyACM0

[2026-07-24 13:30:22.586] [warning] [serial_port.cpp] 尝试重新打开串口...
[2026-07-24 13:30:22.586] [error] [serial_port.cpp] 无法打开串口 /dev/ttyACM0

[2026-07-24 13:30:23.092] [warning] [serial_port.cpp] 尝试重新打开串口...
[2026-07-24 13:30:23.092] [error] [serial_port.cpp] 无法打开串口 /dev/ttyACM0

[2026-07-24 13:30:23.600] [warning] [serial_port.cpp] 尝试重新打开串口...
[2026-07-24 13:30:23.600] [error] [serial_port.cpp] 无法打开串口 /dev/ttyACM0

[2026-07-24 13:30:24.105] [warning] [serial_port.cpp] 尝试重新打开串口...
[2026-07-24 13:30:24.105] [error] [serial_port.cpp] 无法打开串口 /dev/ttyACM0

[2026-07-24 13:30:24.612] [warning] [serial_port.cpp] 尝试重新打开串口...
[2026-07-24 13:30:24.612] [error] [serial_port.cpp] 无法打开串口 /dev/ttyACM0

[2026-07-24 13:30:25.121] [warning] [serial_port.cpp] 尝试重新打开串口...
[2026-07-24 13:30:25.121] [error] [serial_port.cpp] 无法打开串口 /dev/ttyACM0

[2026-07-24 13:30:25.627] [warning] [serial_port.cpp] 尝试重新打开串口...
[2026-07-24 13:30:25.627] [error] [serial_port.cpp] 无法打开串口 /dev/ttyACM0

[2026-07-24 13:30:26.134] [warning] [serial_port.cpp] 尝试重新打开串口...
[2026-07-24 13:30:26.134] [error] [serial_port.cpp] 无法打开串口 /dev/ttyACM0

[2026-07-24 13:30:26.640] [warning] [serial_port.cpp] 尝试重新打开串口...
[2026-07-24 13:30:26.640] [error] [serial_port.cpp] 无法打开串口 /dev/ttyACM0

[2026-07-24 13:30:27.146] [warning] [serial_port.cpp] 尝试重新打开串口...
[2026-07-24 13:30:27.146] [error] [serial_port.cpp] 无法打开串口 /dev/ttyACM0

[2026-07-24 13:30:27.649] [warning] [serial_port.cpp] 尝试重新打开串口...
[2026-07-24 13:30:27.649] [error] [serial_port.cpp] 无法打开串口 /dev/ttyACM0

[2026-07-24 13:30:28.156] [warning] [serial_port.cpp] 尝试重新打开串口...
[2026-07-24 13:30:28.156] [error] [serial_port.cpp] 无法打开串口 /dev/ttyACM0

[2026-07-24 13:30:28.664] [warning] [serial_port.cpp] 尝试重新打开串口...
[2026-07-24 13:30:28.665] [error] [serial_port.cpp] 无法打开串口 /dev/ttyACM0

[2026-07-24 13:30:29.169] [warning] [serial_port.cpp] 尝试重新打开串口...
[2026-07-24 13:30:29.170] [error] [serial_port.cpp] 无法打开串口 /dev/ttyACM0

[2026-07-24 13:30:29.676] [warning] [serial_port.cpp] 尝试重新打开串口...
[2026-07-24 13:30:29.676] [error] [serial_port.cpp] 无法打开串口 /dev/ttyACM0

[2026-07-24 13:30:30.182] [warning] [serial_port.cpp] 尝试重新打开串口...
[2026-07-24 13:30:30.182] [error] [serial_port.cpp] 无法打开串口 /dev/ttyACM0

[2026-07-24 13:30:30.690] [warning] [serial_port.cpp] 尝试重新打开串口...
[2026-07-24 13:30:30.690] [error] [serial_port.cpp] 无法打开串口 /dev/ttyACM0

[2026-07-24 13:30:31.196] [warning] [serial_port.cpp] 尝试重新打开串口...
[2026-07-24 13:30:31.197] [error] [serial_port.cpp] 无法打开串口 /dev/ttyACM0

[2026-07-24 13:30:31.703] [warning] [serial_port.cpp] 尝试重新打开串口...
[2026-07-24 13:30:31.703] [error] [serial_port.cpp] 无法打开串口 /dev/ttyACM0

[2026-07-24 13:30:32.210] [warning] [serial_port.cpp] 尝试重新打开串口...
[2026-07-24 13:30:32.210] [error] [serial_port.cpp] 无法打开串口 /dev/ttyACM0

[2026-07-24 13:30:32.717] [warning] [serial_port.cpp] 尝试重新打开串口...
[2026-07-24 13:30:32.718] [error] [serial_port.cpp] 无法打开串口 /dev/ttyACM0

[2026-07-24 13:30:33.223] [warning] [serial_port.cpp] 尝试重新打开串口...
[2026-07-24 13:30:33.223] [error] [serial_port.cpp] 无法打开串口 /dev/ttyACM0

[2026-07-24 13:30:33.728] [warning] [serial_port.cpp] 尝试重新打开串口...
[2026-07-24 13:30:33.728] [error] [serial_port.cpp] 无法打开串口 /dev/ttyACM0

[2026-07-24 13:30:34.235] [warning] [serial_port.cpp] 尝试重新打开串口...
[2026-07-24 13:30:34.235] [error] [serial_port.cpp] 无法打开串口 /dev/ttyACM0

[2026-07-24 13:30:34.742] [warning] [serial_port.cpp] 尝试重新打开串口...
[2026-07-24 13:30:34.742] [error] [serial_port.cpp] 无法打开串口 /dev/ttyACM0

[2026-07-24 13:30:35.248] [warning] [serial_port.cpp] 尝试重新打开串口...
[2026-07-24 13:30:35.248] [error] [serial_port.cpp] 无法打开串口 /dev/ttyACM0

[2026-07-24 13:30:35.755] [warning] [serial_port.cpp] 尝试重新打开串口...
[2026-07-24 13:30:35.755] [error] [serial_port.cpp] 无法打开串口 /dev/ttyACM0

[2026-07-24 13:30:36.263] [warning] [serial_port.cpp] 尝试重新打开串口...
[2026-07-24 13:30:36.263] [error] [serial_port.cpp] 无法打开串口 /dev/ttyACM0

[2026-07-24 13:30:36.769] [warning] [serial_port.cpp] 尝试重新打开串口...
[2026-07-24 13:30:36.769] [error] [serial_port.cpp] 无法打开串口 /dev/ttyACM0

[2026-07-24 13:30:37.275] [warning] [serial_port.cpp] 尝试重新打开串口...
[2026-07-24 13:30:37.275] [error] [serial_port.cpp] 无法打开串口 /dev/ttyACM0

[2026-07-24 13:30:37.782] [warning] [serial_port.cpp] 尝试重新打开串口...
[2026-07-24 13:30:37.782] [error] [serial_port.cpp] 无法打开串口 /dev/ttyACM0

[2026-07-24 13:30:38.289] [warning] [serial_port.cpp] 尝试重新打开串口...
[2026-07-24 13:30:38.289] [error] [serial_port.cpp] 无法打开串口 /dev/ttyACM0

[2026-07-24 13:30:38.796] [warning] [serial_port.cpp] 尝试重新打开串口...
[2026-07-24 13:30:38.797] [error] [serial_port.cpp] 无法打开串口 /dev/ttyACM0

[2026-07-24 13:30:39.054] [error] [main.cpp] 连续读取空帧，相机物理掉线！
[2026-07-24 13:30:39.054] [warning] [main.cpp] 相机已断开, 0.5s 后尝试重新连接...
[2026-07-24 13:30:39.060] [info] [SERIAL THREAD] 相机 ERROR, 串口 ERROR, 有效信息 NO, 发送 238 and 238 FAILED
[2026-07-24 13:30:39.305] [warning] [serial_port.cpp] 尝试重新打开串口...
[2026-07-24 13:30:39.305] [error] [serial_port.cpp] 无法打开串口 /dev/ttyACM0

[2026-07-24 13:30:39.655] [warning] [main.cpp] 相机已断开, 0.5s 后尝试重新连接...
[2026-07-24 13:30:39.814] [warning] [serial_port.cpp] 尝试重新打开串口...
[2026-07-24 13:30:39.814] [error] [serial_port.cpp] 无法打开串口 /dev/ttyACM0

[2026-07-24 13:30:40.157] [warning] [main.cpp] 相机已断开, 0.5s 后尝试重新连接...
[2026-07-24 13:30:40.322] [warning] [serial_port.cpp] 尝试重新打开串口...
[2026-07-24 13:30:40.322] [error] [serial_port.cpp] 无法打开串口 /dev/ttyACM0

[2026-07-24 13:30:40.658] [warning] [main.cpp] 相机已断开, 0.5s 后尝试重新连接...
[2026-07-24 13:30:40.832] [warning] [serial_port.cpp] 尝试重新打开串口...
[2026-07-24 13:30:40.832] [error] [serial_port.cpp] 无法打开串口 /dev/ttyACM0

[2026-07-24 13:30:41.159] [warning] [main.cpp] 相机已断开, 0.5s 后尝试重新连接...
[2026-07-24 13:30:41.342] [warning] [serial_port.cpp] 尝试重新打开串口...
[2026-07-24 13:30:41.342] [error] [serial_port.cpp] 无法打开串口 /dev/ttyACM0

[2026-07-24 13:30:41.660] [warning] [main.cpp] 相机已断开, 0.5s 后尝试重新连接...
[2026-07-24 13:30:41.843] [warning] [serial_port.cpp] 尝试重新打开串口...
[2026-07-24 13:30:41.843] [error] [serial_port.cpp] 无法打开串口 /dev/ttyACM0

[2026-07-24 13:30:42.161] [warning] [main.cpp] 相机已断开, 0.5s 后尝试重新连接...
[2026-07-24 13:30:42.351] [warning] [serial_port.cpp] 尝试重新打开串口...
[2026-07-24 13:30:42.351] [error] [serial_port.cpp] 无法打开串口 /dev/ttyACM0

[2026-07-24 13:30:42.663] [warning] [main.cpp] 相机已断开, 0.5s 后尝试重新连接...
[2026-07-24 13:30:42.860] [warning] [serial_port.cpp] 尝试重新打开串口...
[2026-07-24 13:30:42.860] [error] [serial_port.cpp] 无法打开串口 /dev/ttyACM0

[2026-07-24 13:30:43.163] [warning] [main.cpp] 相机已断开, 0.5s 后尝试重新连接...
[2026-07-24 13:30:43.370] [warning] [serial_port.cpp] 尝试重新打开串口...
[2026-07-24 13:30:43.370] [error] [serial_port.cpp] 无法打开串口 /dev/ttyACM0

[2026-07-24 13:30:43.665] [warning] [main.cpp] 相机已断开, 0.5s 后尝试重新连接...
[2026-07-24 13:30:43.879] [warning] [serial_port.cpp] 尝试重新打开串口...
[2026-07-24 13:30:43.879] [error] [serial_port.cpp] 无法打开串口 /dev/ttyACM0

[2026-07-24 13:30:44.166] [warning] [main.cpp] 相机已断开, 0.5s 后尝试重新连接...
[2026-07-24 13:30:44.389] [warning] [serial_port.cpp] 尝试重新打开串口...
[2026-07-24 13:30:44.389] [error] [serial_port.cpp] 无法打开串口 /dev/ttyACM0

[2026-07-24 13:30:44.667] [warning] [main.cpp] 相机已断开, 0.5s 后尝试重新连接...
[2026-07-24 13:30:44.890] [warning] [serial_port.cpp] 尝试重新打开串口...
[2026-07-24 13:30:44.890] [error] [serial_port.cpp] 无法打开串口 /dev/ttyACM0

[2026-07-24 13:30:45.168] [warning] [main.cpp] 相机已断开, 0.5s 后尝试重新连接...
[2026-07-24 13:30:45.399] [warning] [serial_port.cpp] 尝试重新打开串口...
[2026-07-24 13:30:45.399] [error] [serial_port.cpp] 无法打开串口 /dev/ttyACM0

[2026-07-24 13:30:45.669] [warning] [main.cpp] 相机已断开, 0.5s 后尝试重新连接...
[2026-07-24 13:30:45.899] [warning] [serial_port.cpp] 尝试重新打开串口...
[2026-07-24 13:30:45.899] [error] [serial_port.cpp] 无法打开串口 /dev/ttyACM0

[2026-07-24 13:30:46.170] [warning] [main.cpp] 相机已断开, 0.5s 后尝试重新连接...
[2026-07-24 13:30:46.408] [warning] [serial_port.cpp] 尝试重新打开串口...
[2026-07-24 13:30:46.408] [error] [serial_port.cpp] 无法打开串口 /dev/ttyACM0

[2026-07-24 13:30:46.671] [warning] [main.cpp] 相机已断开, 0.5s 后尝试重新连接...
[2026-07-24 13:30:46.918] [warning] [serial_port.cpp] 尝试重新打开串口...
[2026-07-24 13:30:46.918] [error] [serial_port.cpp] 无法打开串口 /dev/ttyACM0

[2026-07-24 13:30:47.172] [warning] [main.cpp] 相机已断开, 0.5s 后尝试重新连接...
[2026-07-24 13:30:47.427] [warning] [serial_port.cpp] 尝试重新打开串口...
[2026-07-24 13:30:47.427] [error] [serial_port.cpp] 无法打开串口 /dev/ttyACM0

[2026-07-24 13:30:47.674] [warning] [main.cpp] 相机已断开, 0.5s 后尝试重新连接...
[2026-07-24 13:30:47.935] [warning] [serial_port.cpp] 尝试重新打开串口...
[2026-07-24 13:30:47.935] [error] [serial_port.cpp] 无法打开串口 /dev/ttyACM0

[2026-07-24 13:30:48.175] [warning] [main.cpp] 相机已断开, 0.5s 后尝试重新连接...
[2026-07-24 13:30:48.444] [warning] [serial_port.cpp] 尝试重新打开串口...
[2026-07-24 13:30:48.444] [error] [serial_port.cpp] 无法打开串口 /dev/ttyACM0

[2026-07-24 13:30:48.676] [warning] [main.cpp] 相机已断开, 0.5s 后尝试重新连接...
[2026-07-24 13:30:48.952] [warning] [serial_port.cpp] 尝试重新打开串口...
[2026-07-24 13:30:48.952] [error] [serial_port.cpp] 无法打开串口 /dev/ttyACM0

[2026-07-24 13:30:49.176] [warning] [main.cpp] 相机已断开, 0.5s 后尝试重新连接...
[2026-07-24 13:30:49.329] [debug] 

[2026-07-24 13:30:49.329] [warning] [main.cpp] 捕捉到退出信号(SIGINT)，准备退出程序...

[2026-07-24 13:30:49.678] [info] [HttpStream] HTTP 服务器已停止。
