[2026-07-24 01:40:56.938] [debug] ================= [CONFIG LOADED] =================
[2026-07-24 01:40:56.938] [debug]   Mode: PC
[2026-07-24 01:40:56.938] [debug]   Camera ID : 0
[2026-07-24 01:40:56.938] [debug]   Target Res: 1280x720
[2026-07-24 01:40:56.938] [debug]   Target Fmt: MJPG
[2026-07-24 01:40:56.938] [debug]   Target Brightness: 0
[2026-07-24 01:40:56.938] [debug]   Target Contrast: 0
[2026-07-24 01:40:56.938] [debug]   Model Path: ../models/detect.prototxt | ../models/detect.caffemodel | ../models/sr.prototxt | ../models/sr.caffemodel

[2026-07-24 01:40:56.938] [debug]   Stream        : Port=5000, Res=640x360, Quality=60
[2026-07-24 01:40:56.938] [debug] ===================================================
[2026-07-24 01:40:56.942] [info] [qrcode_scanner.cpp] 微信模型加载成功
[2026-07-24 01:40:56.973] [debug] 
[2026-07-24 01:40:56.973] [debug] ================= [ACTUAL CAMERA STATUS] =================
[2026-07-24 01:40:56.973] [debug]   Backend API   : V4L2
[2026-07-24 01:40:56.973] [debug]   Resolution    : 1280x720
[2026-07-24 01:40:56.973] [debug]   FPS           : 30
[2026-07-24 01:40:56.973] [debug]   Video Format  : MJPG
[2026-07-24 01:40:56.973] [debug]   Exposure      : 166
[2026-07-24 01:40:56.973] [debug]   Brightness    : 0
[2026-07-24 01:40:56.973] [debug]   Contrast      : 0
[2026-07-24 01:40:56.973] [debug] ==========================================================
[2026-07-24 01:40:56.973] [debug] [main.cpp] 相机初始化完毕, 按 'ESC' 或 'q' 退出

[2026-07-24 01:40:56.973] [debug] ================= [SERIAL STATUS] =================
[2026-07-24 01:40:56.973] [error] [serial_port.cpp] 无法打开串口 /dev/ttyACM0

[2026-07-24 01:40:56.973] [error]   is_serial_open: FAILED
[2026-07-24 01:40:56.973] [debug] ===================================================

[2026-07-24 01:40:56.973] [info] [HttpStream] HTTP 服务器启动，端口: 5000
[2026-07-24 01:40:56.973] [info] [SERIAL THREAD] 相机 OK, 串口 ERROR, 有效信息 NO, 发送 255 and 255 FAILED
[2026-07-24 01:40:56.973] [info] 本机局域网 IP: 10.247.242.88  (接口: wlp0s20f3)
[2026-07-24 01:40:56.973] [debug] [main.cpp] starting 3 threads...

[2026-07-24 01:40:57.440] [warning] [serial_port.cpp] 尝试重新打开串口...
[2026-07-24 01:40:57.440] [error] [serial_port.cpp] 无法打开串口 /dev/ttyACM0

[2026-07-24 01:40:57.944] [warning] [serial_port.cpp] 尝试重新打开串口...
[2026-07-24 01:40:57.944] [error] [serial_port.cpp] 无法打开串口 /dev/ttyACM0

[2026-07-24 01:40:58.449] [warning] [serial_port.cpp] 尝试重新打开串口...
[2026-07-24 01:40:58.449] [error] [serial_port.cpp] 无法打开串口 /dev/ttyACM0

[2026-07-24 01:40:58.954] [warning] [serial_port.cpp] 尝试重新打开串口...
[2026-07-24 01:40:58.954] [error] [serial_port.cpp] 无法打开串口 /dev/ttyACM0

[2026-07-24 01:40:59.459] [warning] [serial_port.cpp] 尝试重新打开串口...
[2026-07-24 01:40:59.459] [error] [serial_port.cpp] 无法打开串口 /dev/ttyACM0

[2026-07-24 01:40:59.964] [warning] [serial_port.cpp] 尝试重新打开串口...
[2026-07-24 01:40:59.964] [error] [serial_port.cpp] 无法打开串口 /dev/ttyACM0

[2026-07-24 01:41:00.469] [warning] [serial_port.cpp] 尝试重新打开串口...
[2026-07-24 01:41:00.469] [error] [serial_port.cpp] 无法打开串口 /dev/ttyACM0

[2026-07-24 01:41:00.973] [warning] [serial_port.cpp] 尝试重新打开串口...
[2026-07-24 01:41:00.973] [error] [serial_port.cpp] 无法打开串口 /dev/ttyACM0

[2026-07-24 01:41:01.478] [warning] [serial_port.cpp] 尝试重新打开串口...
[2026-07-24 01:41:01.478] [error] [serial_port.cpp] 无法打开串口 /dev/ttyACM0

[2026-07-24 01:41:01.983] [warning] [serial_port.cpp] 尝试重新打开串口...
[2026-07-24 01:41:01.983] [error] [serial_port.cpp] 无法打开串口 /dev/ttyACM0

[2026-07-24 01:41:02.487] [warning] [serial_port.cpp] 尝试重新打开串口...
[2026-07-24 01:41:02.487] [error] [serial_port.cpp] 无法打开串口 /dev/ttyACM0

[2026-07-24 01:41:02.991] [warning] [serial_port.cpp] 尝试重新打开串口...
[2026-07-24 01:41:02.991] [error] [serial_port.cpp] 无法打开串口 /dev/ttyACM0

[2026-07-24 01:41:03.496] [warning] [serial_port.cpp] 尝试重新打开串口...
[2026-07-24 01:41:03.496] [error] [serial_port.cpp] 无法打开串口 /dev/ttyACM0

[2026-07-24 01:41:04.000] [warning] [serial_port.cpp] 尝试重新打开串口...
[2026-07-24 01:41:04.000] [error] [serial_port.cpp] 无法打开串口 /dev/ttyACM0

[2026-07-24 01:41:04.505] [warning] [serial_port.cpp] 尝试重新打开串口...
[2026-07-24 01:41:04.505] [error] [serial_port.cpp] 无法打开串口 /dev/ttyACM0

[2026-07-24 01:41:05.008] [warning] [serial_port.cpp] 尝试重新打开串口...
[2026-07-24 01:41:05.008] [error] [serial_port.cpp] 无法打开串口 /dev/ttyACM0

[2026-07-24 01:41:05.512] [warning] [serial_port.cpp] 尝试重新打开串口...
[2026-07-24 01:41:05.512] [error] [serial_port.cpp] 无法打开串口 /dev/ttyACM0

[2026-07-24 01:41:06.016] [warning] [serial_port.cpp] 尝试重新打开串口...
[2026-07-24 01:41:06.016] [error] [serial_port.cpp] 无法打开串口 /dev/ttyACM0

[2026-07-24 01:41:06.521] [warning] [serial_port.cpp] 尝试重新打开串口...
[2026-07-24 01:41:06.521] [error] [serial_port.cpp] 无法打开串口 /dev/ttyACM0

[2026-07-24 01:41:07.026] [warning] [serial_port.cpp] 尝试重新打开串口...
[2026-07-24 01:41:07.026] [error] [serial_port.cpp] 无法打开串口 /dev/ttyACM0

[2026-07-24 01:41:07.530] [warning] [serial_port.cpp] 尝试重新打开串口...
[2026-07-24 01:41:07.530] [error] [serial_port.cpp] 无法打开串口 /dev/ttyACM0

[2026-07-24 01:41:08.036] [warning] [serial_port.cpp] 尝试重新打开串口...
[2026-07-24 01:41:08.036] [error] [serial_port.cpp] 无法打开串口 /dev/ttyACM0

[2026-07-24 01:41:08.540] [warning] [serial_port.cpp] 尝试重新打开串口...
[2026-07-24 01:41:08.541] [error] [serial_port.cpp] 无法打开串口 /dev/ttyACM0

[2026-07-24 01:41:09.045] [warning] [serial_port.cpp] 尝试重新打开串口...
[2026-07-24 01:41:09.045] [error] [serial_port.cpp] 无法打开串口 /dev/ttyACM0

[2026-07-24 01:41:09.550] [warning] [serial_port.cpp] 尝试重新打开串口...
[2026-07-24 01:41:09.550] [error] [serial_port.cpp] 无法打开串口 /dev/ttyACM0

[2026-07-24 01:41:10.055] [warning] [serial_port.cpp] 尝试重新打开串口...
[2026-07-24 01:41:10.055] [error] [serial_port.cpp] 无法打开串口 /dev/ttyACM0

[2026-07-24 01:41:10.559] [warning] [serial_port.cpp] 尝试重新打开串口...
[2026-07-24 01:41:10.559] [error] [serial_port.cpp] 无法打开串口 /dev/ttyACM0

[2026-07-24 01:41:11.063] [warning] [serial_port.cpp] 尝试重新打开串口...
[2026-07-24 01:41:11.063] [error] [serial_port.cpp] 无法打开串口 /dev/ttyACM0

[2026-07-24 01:41:11.567] [warning] [serial_port.cpp] 尝试重新打开串口...
[2026-07-24 01:41:11.567] [error] [serial_port.cpp] 无法打开串口 /dev/ttyACM0

[2026-07-24 01:41:12.072] [warning] [serial_port.cpp] 尝试重新打开串口...
[2026-07-24 01:41:12.072] [error] [serial_port.cpp] 无法打开串口 /dev/ttyACM0

[2026-07-24 01:41:12.577] [warning] [serial_port.cpp] 尝试重新打开串口...
[2026-07-24 01:41:12.577] [error] [serial_port.cpp] 无法打开串口 /dev/ttyACM0

[2026-07-24 01:41:13.082] [warning] [serial_port.cpp] 尝试重新打开串口...
[2026-07-24 01:41:13.082] [error] [serial_port.cpp] 无法打开串口 /dev/ttyACM0

[2026-07-24 01:41:13.586] [warning] [serial_port.cpp] 尝试重新打开串口...
[2026-07-24 01:41:13.586] [error] [serial_port.cpp] 无法打开串口 /dev/ttyACM0

[2026-07-24 01:41:14.091] [warning] [serial_port.cpp] 尝试重新打开串口...
[2026-07-24 01:41:14.091] [error] [serial_port.cpp] 无法打开串口 /dev/ttyACM0

[2026-07-24 01:41:14.596] [warning] [serial_port.cpp] 尝试重新打开串口...
[2026-07-24 01:41:14.596] [error] [serial_port.cpp] 无法打开串口 /dev/ttyACM0

[2026-07-24 01:41:15.101] [warning] [serial_port.cpp] 尝试重新打开串口...
[2026-07-24 01:41:15.101] [error] [serial_port.cpp] 无法打开串口 /dev/ttyACM0

[2026-07-24 01:41:15.605] [warning] [serial_port.cpp] 尝试重新打开串口...
[2026-07-24 01:41:15.605] [error] [serial_port.cpp] 无法打开串口 /dev/ttyACM0

[2026-07-24 01:41:16.111] [warning] [serial_port.cpp] 尝试重新打开串口...
[2026-07-24 01:41:16.111] [error] [serial_port.cpp] 无法打开串口 /dev/ttyACM0

[2026-07-24 01:41:16.617] [warning] [serial_port.cpp] 尝试重新打开串口...
[2026-07-24 01:41:16.617] [error] [serial_port.cpp] 无法打开串口 /dev/ttyACM0

[2026-07-24 01:41:17.121] [warning] [serial_port.cpp] 尝试重新打开串口...
[2026-07-24 01:41:17.122] [error] [serial_port.cpp] 无法打开串口 /dev/ttyACM0

[2026-07-24 01:41:17.626] [warning] [serial_port.cpp] 尝试重新打开串口...
[2026-07-24 01:41:17.626] [error] [serial_port.cpp] 无法打开串口 /dev/ttyACM0

[2026-07-24 01:41:18.130] [warning] [serial_port.cpp] 尝试重新打开串口...
[2026-07-24 01:41:18.130] [error] [serial_port.cpp] 无法打开串口 /dev/ttyACM0

[2026-07-24 01:41:18.639] [warning] [serial_port.cpp] 尝试重新打开串口...
[2026-07-24 01:41:18.639] [error] [serial_port.cpp] 无法打开串口 /dev/ttyACM0

[2026-07-24 01:41:19.142] [warning] [serial_port.cpp] 尝试重新打开串口...
[2026-07-24 01:41:19.142] [error] [serial_port.cpp] 无法打开串口 /dev/ttyACM0

[2026-07-24 01:41:19.648] [warning] [serial_port.cpp] 尝试重新打开串口...
[2026-07-24 01:41:19.648] [error] [serial_port.cpp] 无法打开串口 /dev/ttyACM0

[2026-07-24 01:41:20.153] [warning] [serial_port.cpp] 尝试重新打开串口...
[2026-07-24 01:41:20.153] [error] [serial_port.cpp] 无法打开串口 /dev/ttyACM0

[2026-07-24 01:41:20.656] [warning] [serial_port.cpp] 尝试重新打开串口...
[2026-07-24 01:41:20.657] [error] [serial_port.cpp] 无法打开串口 /dev/ttyACM0

[2026-07-24 01:41:21.161] [warning] [serial_port.cpp] 尝试重新打开串口...
[2026-07-24 01:41:21.161] [error] [serial_port.cpp] 无法打开串口 /dev/ttyACM0

[2026-07-24 01:41:21.667] [warning] [serial_port.cpp] 尝试重新打开串口...
[2026-07-24 01:41:21.667] [error] [serial_port.cpp] 无法打开串口 /dev/ttyACM0

[2026-07-24 01:41:22.172] [warning] [serial_port.cpp] 尝试重新打开串口...
[2026-07-24 01:41:22.172] [error] [serial_port.cpp] 无法打开串口 /dev/ttyACM0

[2026-07-24 01:41:22.676] [warning] [serial_port.cpp] 尝试重新打开串口...
[2026-07-24 01:41:22.676] [error] [serial_port.cpp] 无法打开串口 /dev/ttyACM0

[2026-07-24 01:41:23.180] [warning] [serial_port.cpp] 尝试重新打开串口...
[2026-07-24 01:41:23.180] [error] [serial_port.cpp] 无法打开串口 /dev/ttyACM0

[2026-07-24 01:41:23.684] [warning] [serial_port.cpp] 尝试重新打开串口...
[2026-07-24 01:41:23.684] [error] [serial_port.cpp] 无法打开串口 /dev/ttyACM0

[2026-07-24 01:41:24.189] [warning] [serial_port.cpp] 尝试重新打开串口...
[2026-07-24 01:41:24.189] [error] [serial_port.cpp] 无法打开串口 /dev/ttyACM0

[2026-07-24 01:41:24.692] [warning] [serial_port.cpp] 尝试重新打开串口...
[2026-07-24 01:41:24.692] [error] [serial_port.cpp] 无法打开串口 /dev/ttyACM0

[2026-07-24 01:41:25.197] [warning] [serial_port.cpp] 尝试重新打开串口...
[2026-07-24 01:41:25.197] [error] [serial_port.cpp] 无法打开串口 /dev/ttyACM0

[2026-07-24 01:41:25.701] [warning] [serial_port.cpp] 尝试重新打开串口...
[2026-07-24 01:41:25.701] [error] [serial_port.cpp] 无法打开串口 /dev/ttyACM0

[2026-07-24 01:41:26.204] [warning] [serial_port.cpp] 尝试重新打开串口...
[2026-07-24 01:41:26.205] [error] [serial_port.cpp] 无法打开串口 /dev/ttyACM0

[2026-07-24 01:41:26.709] [warning] [serial_port.cpp] 尝试重新打开串口...
[2026-07-24 01:41:26.709] [error] [serial_port.cpp] 无法打开串口 /dev/ttyACM0

[2026-07-24 01:41:27.213] [warning] [serial_port.cpp] 尝试重新打开串口...
[2026-07-24 01:41:27.213] [error] [serial_port.cpp] 无法打开串口 /dev/ttyACM0

[2026-07-24 01:41:27.717] [warning] [serial_port.cpp] 尝试重新打开串口...
[2026-07-24 01:41:27.717] [error] [serial_port.cpp] 无法打开串口 /dev/ttyACM0

[2026-07-24 01:41:28.221] [warning] [serial_port.cpp] 尝试重新打开串口...
[2026-07-24 01:41:28.221] [error] [serial_port.cpp] 无法打开串口 /dev/ttyACM0

[2026-07-24 01:41:28.725] [warning] [serial_port.cpp] 尝试重新打开串口...
[2026-07-24 01:41:28.725] [error] [serial_port.cpp] 无法打开串口 /dev/ttyACM0

[2026-07-24 01:41:29.230] [warning] [serial_port.cpp] 尝试重新打开串口...
[2026-07-24 01:41:29.230] [error] [serial_port.cpp] 无法打开串口 /dev/ttyACM0

[2026-07-24 01:41:29.735] [warning] [serial_port.cpp] 尝试重新打开串口...
[2026-07-24 01:41:29.735] [error] [serial_port.cpp] 无法打开串口 /dev/ttyACM0

[2026-07-24 01:41:30.239] [warning] [serial_port.cpp] 尝试重新打开串口...
[2026-07-24 01:41:30.240] [error] [serial_port.cpp] 无法打开串口 /dev/ttyACM0

[2026-07-24 01:41:30.747] [warning] [serial_port.cpp] 尝试重新打开串口...
[2026-07-24 01:41:30.747] [error] [serial_port.cpp] 无法打开串口 /dev/ttyACM0

[2026-07-24 01:41:31.252] [warning] [serial_port.cpp] 尝试重新打开串口...
[2026-07-24 01:41:31.252] [error] [serial_port.cpp] 无法打开串口 /dev/ttyACM0

[2026-07-24 01:41:31.757] [warning] [serial_port.cpp] 尝试重新打开串口...
[2026-07-24 01:41:31.757] [error] [serial_port.cpp] 无法打开串口 /dev/ttyACM0

[2026-07-24 01:41:32.261] [warning] [serial_port.cpp] 尝试重新打开串口...
[2026-07-24 01:41:32.261] [error] [serial_port.cpp] 无法打开串口 /dev/ttyACM0

[2026-07-24 01:41:32.767] [warning] [serial_port.cpp] 尝试重新打开串口...
[2026-07-24 01:41:32.767] [error] [serial_port.cpp] 无法打开串口 /dev/ttyACM0

[2026-07-24 01:41:33.271] [warning] [serial_port.cpp] 尝试重新打开串口...
[2026-07-24 01:41:33.271] [error] [serial_port.cpp] 无法打开串口 /dev/ttyACM0

[2026-07-24 01:41:33.778] [warning] [serial_port.cpp] 尝试重新打开串口...
[2026-07-24 01:41:33.779] [error] [serial_port.cpp] 无法打开串口 /dev/ttyACM0

[2026-07-24 01:41:34.283] [warning] [serial_port.cpp] 尝试重新打开串口...
[2026-07-24 01:41:34.283] [error] [serial_port.cpp] 无法打开串口 /dev/ttyACM0

[2026-07-24 01:41:34.788] [warning] [serial_port.cpp] 尝试重新打开串口...
[2026-07-24 01:41:34.788] [error] [serial_port.cpp] 无法打开串口 /dev/ttyACM0

[2026-07-24 01:41:35.293] [warning] [serial_port.cpp] 尝试重新打开串口...
[2026-07-24 01:41:35.293] [error] [serial_port.cpp] 无法打开串口 /dev/ttyACM0

[2026-07-24 01:41:35.797] [warning] [serial_port.cpp] 尝试重新打开串口...
[2026-07-24 01:41:35.797] [error] [serial_port.cpp] 无法打开串口 /dev/ttyACM0

[2026-07-24 01:41:36.303] [warning] [serial_port.cpp] 尝试重新打开串口...
[2026-07-24 01:41:36.303] [error] [serial_port.cpp] 无法打开串口 /dev/ttyACM0

[2026-07-24 01:41:36.806] [warning] [serial_port.cpp] 尝试重新打开串口...
[2026-07-24 01:41:36.807] [error] [serial_port.cpp] 无法打开串口 /dev/ttyACM0

[2026-07-24 01:41:37.311] [warning] [serial_port.cpp] 尝试重新打开串口...
[2026-07-24 01:41:37.311] [error] [serial_port.cpp] 无法打开串口 /dev/ttyACM0

[2026-07-24 01:41:37.819] [warning] [serial_port.cpp] 尝试重新打开串口...
[2026-07-24 01:41:37.819] [error] [serial_port.cpp] 无法打开串口 /dev/ttyACM0

[2026-07-24 01:41:38.323] [warning] [serial_port.cpp] 尝试重新打开串口...
[2026-07-24 01:41:38.324] [error] [serial_port.cpp] 无法打开串口 /dev/ttyACM0

[2026-07-24 01:41:38.828] [warning] [serial_port.cpp] 尝试重新打开串口...
[2026-07-24 01:41:38.828] [error] [serial_port.cpp] 无法打开串口 /dev/ttyACM0

[2026-07-24 01:41:39.332] [warning] [serial_port.cpp] 尝试重新打开串口...
[2026-07-24 01:41:39.332] [error] [serial_port.cpp] 无法打开串口 /dev/ttyACM0

[2026-07-24 01:41:39.836] [warning] [serial_port.cpp] 尝试重新打开串口...
[2026-07-24 01:41:39.837] [error] [serial_port.cpp] 无法打开串口 /dev/ttyACM0

[2026-07-24 01:41:40.341] [warning] [serial_port.cpp] 尝试重新打开串口...
[2026-07-24 01:41:40.341] [error] [serial_port.cpp] 无法打开串口 /dev/ttyACM0

[2026-07-24 01:41:40.846] [warning] [serial_port.cpp] 尝试重新打开串口...
[2026-07-24 01:41:40.846] [error] [serial_port.cpp] 无法打开串口 /dev/ttyACM0

[2026-07-24 01:41:41.350] [warning] [serial_port.cpp] 尝试重新打开串口...
[2026-07-24 01:41:41.350] [error] [serial_port.cpp] 无法打开串口 /dev/ttyACM0

[2026-07-24 01:41:41.855] [warning] [serial_port.cpp] 尝试重新打开串口...
[2026-07-24 01:41:41.855] [error] [serial_port.cpp] 无法打开串口 /dev/ttyACM0

[2026-07-24 01:41:42.359] [warning] [serial_port.cpp] 尝试重新打开串口...
[2026-07-24 01:41:42.359] [error] [serial_port.cpp] 无法打开串口 /dev/ttyACM0

[2026-07-24 01:41:42.863] [warning] [serial_port.cpp] 尝试重新打开串口...
[2026-07-24 01:41:42.863] [error] [serial_port.cpp] 无法打开串口 /dev/ttyACM0

[2026-07-24 01:41:43.366] [warning] [serial_port.cpp] 尝试重新打开串口...
[2026-07-24 01:41:43.367] [error] [serial_port.cpp] 无法打开串口 /dev/ttyACM0

[2026-07-24 01:41:43.871] [warning] [serial_port.cpp] 尝试重新打开串口...
[2026-07-24 01:41:43.871] [error] [serial_port.cpp] 无法打开串口 /dev/ttyACM0

[2026-07-24 01:41:44.376] [warning] [serial_port.cpp] 尝试重新打开串口...
[2026-07-24 01:41:44.376] [error] [serial_port.cpp] 无法打开串口 /dev/ttyACM0

[2026-07-24 01:41:44.884] [warning] [serial_port.cpp] 尝试重新打开串口...
[2026-07-24 01:41:44.884] [error] [serial_port.cpp] 无法打开串口 /dev/ttyACM0

[2026-07-24 01:41:45.390] [warning] [serial_port.cpp] 尝试重新打开串口...
[2026-07-24 01:41:45.390] [error] [serial_port.cpp] 无法打开串口 /dev/ttyACM0

[2026-07-24 01:41:45.894] [warning] [serial_port.cpp] 尝试重新打开串口...
[2026-07-24 01:41:45.894] [error] [serial_port.cpp] 无法打开串口 /dev/ttyACM0

[2026-07-24 01:41:46.404] [warning] [serial_port.cpp] 尝试重新打开串口...
[2026-07-24 01:41:46.404] [error] [serial_port.cpp] 无法打开串口 /dev/ttyACM0

[2026-07-24 01:41:46.909] [warning] [serial_port.cpp] 尝试重新打开串口...
[2026-07-24 01:41:46.909] [error] [serial_port.cpp] 无法打开串口 /dev/ttyACM0

[2026-07-24 01:41:47.414] [warning] [serial_port.cpp] 尝试重新打开串口...
[2026-07-24 01:41:47.414] [error] [serial_port.cpp] 无法打开串口 /dev/ttyACM0

[2026-07-24 01:41:47.918] [warning] [serial_port.cpp] 尝试重新打开串口...
[2026-07-24 01:41:47.918] [error] [serial_port.cpp] 无法打开串口 /dev/ttyACM0

[2026-07-24 01:41:48.422] [warning] [serial_port.cpp] 尝试重新打开串口...
[2026-07-24 01:41:48.422] [error] [serial_port.cpp] 无法打开串口 /dev/ttyACM0

[2026-07-24 01:41:48.927] [warning] [serial_port.cpp] 尝试重新打开串口...
[2026-07-24 01:41:48.927] [error] [serial_port.cpp] 无法打开串口 /dev/ttyACM0

[2026-07-24 01:41:49.432] [warning] [serial_port.cpp] 尝试重新打开串口...
[2026-07-24 01:41:49.432] [error] [serial_port.cpp] 无法打开串口 /dev/ttyACM0

[2026-07-24 01:41:49.937] [warning] [serial_port.cpp] 尝试重新打开串口...
[2026-07-24 01:41:49.937] [error] [serial_port.cpp] 无法打开串口 /dev/ttyACM0

[2026-07-24 01:41:50.441] [warning] [serial_port.cpp] 尝试重新打开串口...
[2026-07-24 01:41:50.441] [error] [serial_port.cpp] 无法打开串口 /dev/ttyACM0

[2026-07-24 01:41:50.945] [warning] [serial_port.cpp] 尝试重新打开串口...
[2026-07-24 01:41:50.945] [error] [serial_port.cpp] 无法打开串口 /dev/ttyACM0

[2026-07-24 01:41:51.449] [warning] [serial_port.cpp] 尝试重新打开串口...
[2026-07-24 01:41:51.450] [error] [serial_port.cpp] 无法打开串口 /dev/ttyACM0

[2026-07-24 01:41:51.954] [warning] [serial_port.cpp] 尝试重新打开串口...
[2026-07-24 01:41:51.954] [error] [serial_port.cpp] 无法打开串口 /dev/ttyACM0

[2026-07-24 01:41:52.458] [warning] [serial_port.cpp] 尝试重新打开串口...
[2026-07-24 01:41:52.458] [error] [serial_port.cpp] 无法打开串口 /dev/ttyACM0

[2026-07-24 01:41:52.963] [warning] [serial_port.cpp] 尝试重新打开串口...
[2026-07-24 01:41:52.963] [error] [serial_port.cpp] 无法打开串口 /dev/ttyACM0

[2026-07-24 01:41:53.469] [warning] [serial_port.cpp] 尝试重新打开串口...
[2026-07-24 01:41:53.469] [error] [serial_port.cpp] 无法打开串口 /dev/ttyACM0

[2026-07-24 01:41:53.973] [warning] [serial_port.cpp] 尝试重新打开串口...
[2026-07-24 01:41:53.973] [error] [serial_port.cpp] 无法打开串口 /dev/ttyACM0

[2026-07-24 01:41:54.477] [warning] [serial_port.cpp] 尝试重新打开串口...
[2026-07-24 01:41:54.477] [error] [serial_port.cpp] 无法打开串口 /dev/ttyACM0

[2026-07-24 01:41:54.981] [warning] [serial_port.cpp] 尝试重新打开串口...
[2026-07-24 01:41:54.981] [error] [serial_port.cpp] 无法打开串口 /dev/ttyACM0

[2026-07-24 01:41:55.486] [warning] [serial_port.cpp] 尝试重新打开串口...
[2026-07-24 01:41:55.486] [error] [serial_port.cpp] 无法打开串口 /dev/ttyACM0

[2026-07-24 01:41:55.991] [warning] [serial_port.cpp] 尝试重新打开串口...
[2026-07-24 01:41:55.991] [error] [serial_port.cpp] 无法打开串口 /dev/ttyACM0

[2026-07-24 01:41:56.494] [warning] [serial_port.cpp] 尝试重新打开串口...
[2026-07-24 01:41:56.495] [error] [serial_port.cpp] 无法打开串口 /dev/ttyACM0

[2026-07-24 01:41:56.999] [warning] [serial_port.cpp] 尝试重新打开串口...
[2026-07-24 01:41:56.999] [error] [serial_port.cpp] 无法打开串口 /dev/ttyACM0

[2026-07-24 01:41:57.504] [warning] [serial_port.cpp] 尝试重新打开串口...
[2026-07-24 01:41:57.504] [error] [serial_port.cpp] 无法打开串口 /dev/ttyACM0

[2026-07-24 01:41:58.008] [warning] [serial_port.cpp] 尝试重新打开串口...
[2026-07-24 01:41:58.008] [error] [serial_port.cpp] 无法打开串口 /dev/ttyACM0

[2026-07-24 01:41:58.512] [warning] [serial_port.cpp] 尝试重新打开串口...
[2026-07-24 01:41:58.512] [error] [serial_port.cpp] 无法打开串口 /dev/ttyACM0

[2026-07-24 01:41:59.018] [warning] [serial_port.cpp] 尝试重新打开串口...
[2026-07-24 01:41:59.018] [error] [serial_port.cpp] 无法打开串口 /dev/ttyACM0

[2026-07-24 01:41:59.523] [warning] [serial_port.cpp] 尝试重新打开串口...
[2026-07-24 01:41:59.523] [error] [serial_port.cpp] 无法打开串口 /dev/ttyACM0

[2026-07-24 01:42:00.027] [warning] [serial_port.cpp] 尝试重新打开串口...
[2026-07-24 01:42:00.028] [error] [serial_port.cpp] 无法打开串口 /dev/ttyACM0

[2026-07-24 01:42:00.532] [warning] [serial_port.cpp] 尝试重新打开串口...
[2026-07-24 01:42:00.532] [error] [serial_port.cpp] 无法打开串口 /dev/ttyACM0

[2026-07-24 01:42:01.036] [warning] [serial_port.cpp] 尝试重新打开串口...
[2026-07-24 01:42:01.036] [error] [serial_port.cpp] 无法打开串口 /dev/ttyACM0

[2026-07-24 01:42:01.540] [warning] [serial_port.cpp] 尝试重新打开串口...
[2026-07-24 01:42:01.540] [error] [serial_port.cpp] 无法打开串口 /dev/ttyACM0

[2026-07-24 01:42:02.044] [warning] [serial_port.cpp] 尝试重新打开串口...
[2026-07-24 01:42:02.044] [error] [serial_port.cpp] 无法打开串口 /dev/ttyACM0

[2026-07-24 01:42:02.549] [warning] [serial_port.cpp] 尝试重新打开串口...
[2026-07-24 01:42:02.549] [error] [serial_port.cpp] 无法打开串口 /dev/ttyACM0

[2026-07-24 01:42:03.054] [warning] [serial_port.cpp] 尝试重新打开串口...
[2026-07-24 01:42:03.054] [error] [serial_port.cpp] 无法打开串口 /dev/ttyACM0

[2026-07-24 01:42:03.558] [warning] [serial_port.cpp] 尝试重新打开串口...
[2026-07-24 01:42:03.558] [error] [serial_port.cpp] 无法打开串口 /dev/ttyACM0

[2026-07-24 01:42:04.063] [warning] [serial_port.cpp] 尝试重新打开串口...
[2026-07-24 01:42:04.063] [error] [serial_port.cpp] 无法打开串口 /dev/ttyACM0

[2026-07-24 01:42:04.568] [warning] [serial_port.cpp] 尝试重新打开串口...
[2026-07-24 01:42:04.568] [error] [serial_port.cpp] 无法打开串口 /dev/ttyACM0

[2026-07-24 01:42:05.074] [warning] [serial_port.cpp] 尝试重新打开串口...
[2026-07-24 01:42:05.074] [error] [serial_port.cpp] 无法打开串口 /dev/ttyACM0

[2026-07-24 01:42:05.578] [warning] [serial_port.cpp] 尝试重新打开串口...
[2026-07-24 01:42:05.578] [error] [serial_port.cpp] 无法打开串口 /dev/ttyACM0

[2026-07-24 01:42:06.082] [warning] [serial_port.cpp] 尝试重新打开串口...
[2026-07-24 01:42:06.082] [error] [serial_port.cpp] 无法打开串口 /dev/ttyACM0

[2026-07-24 01:42:06.589] [warning] [serial_port.cpp] 尝试重新打开串口...
[2026-07-24 01:42:06.589] [error] [serial_port.cpp] 无法打开串口 /dev/ttyACM0

[2026-07-24 01:42:07.094] [warning] [serial_port.cpp] 尝试重新打开串口...
[2026-07-24 01:42:07.094] [error] [serial_port.cpp] 无法打开串口 /dev/ttyACM0

[2026-07-24 01:42:07.598] [warning] [serial_port.cpp] 尝试重新打开串口...
[2026-07-24 01:42:07.598] [error] [serial_port.cpp] 无法打开串口 /dev/ttyACM0

[2026-07-24 01:42:08.106] [warning] [serial_port.cpp] 尝试重新打开串口...
[2026-07-24 01:42:08.106] [error] [serial_port.cpp] 无法打开串口 /dev/ttyACM0

[2026-07-24 01:42:08.611] [warning] [serial_port.cpp] 尝试重新打开串口...
[2026-07-24 01:42:08.611] [error] [serial_port.cpp] 无法打开串口 /dev/ttyACM0

[2026-07-24 01:42:09.114] [warning] [serial_port.cpp] 尝试重新打开串口...
[2026-07-24 01:42:09.114] [error] [serial_port.cpp] 无法打开串口 /dev/ttyACM0

[2026-07-24 01:42:09.618] [warning] [serial_port.cpp] 尝试重新打开串口...
[2026-07-24 01:42:09.618] [error] [serial_port.cpp] 无法打开串口 /dev/ttyACM0

[2026-07-24 01:42:10.127] [warning] [serial_port.cpp] 尝试重新打开串口...
[2026-07-24 01:42:10.127] [error] [serial_port.cpp] 无法打开串口 /dev/ttyACM0

[2026-07-24 01:42:10.632] [warning] [serial_port.cpp] 尝试重新打开串口...
[2026-07-24 01:42:10.632] [error] [serial_port.cpp] 无法打开串口 /dev/ttyACM0

[2026-07-24 01:42:11.140] [warning] [serial_port.cpp] 尝试重新打开串口...
[2026-07-24 01:42:11.140] [error] [serial_port.cpp] 无法打开串口 /dev/ttyACM0

[2026-07-24 01:42:11.644] [warning] [serial_port.cpp] 尝试重新打开串口...
[2026-07-24 01:42:11.644] [error] [serial_port.cpp] 无法打开串口 /dev/ttyACM0

[2026-07-24 01:42:12.148] [warning] [serial_port.cpp] 尝试重新打开串口...
[2026-07-24 01:42:12.148] [error] [serial_port.cpp] 无法打开串口 /dev/ttyACM0

[2026-07-24 01:42:12.652] [warning] [serial_port.cpp] 尝试重新打开串口...
[2026-07-24 01:42:12.652] [error] [serial_port.cpp] 无法打开串口 /dev/ttyACM0

[2026-07-24 01:42:13.157] [warning] [serial_port.cpp] 尝试重新打开串口...
[2026-07-24 01:42:13.157] [error] [serial_port.cpp] 无法打开串口 /dev/ttyACM0

[2026-07-24 01:42:13.663] [warning] [serial_port.cpp] 尝试重新打开串口...
[2026-07-24 01:42:13.663] [error] [serial_port.cpp] 无法打开串口 /dev/ttyACM0

[2026-07-24 01:42:14.170] [warning] [serial_port.cpp] 尝试重新打开串口...
[2026-07-24 01:42:14.170] [error] [serial_port.cpp] 无法打开串口 /dev/ttyACM0

[2026-07-24 01:42:14.674] [warning] [serial_port.cpp] 尝试重新打开串口...
[2026-07-24 01:42:14.674] [error] [serial_port.cpp] 无法打开串口 /dev/ttyACM0

[2026-07-24 01:42:15.179] [warning] [serial_port.cpp] 尝试重新打开串口...
[2026-07-24 01:42:15.180] [error] [serial_port.cpp] 无法打开串口 /dev/ttyACM0

[2026-07-24 01:42:15.686] [warning] [serial_port.cpp] 尝试重新打开串口...
[2026-07-24 01:42:15.686] [error] [serial_port.cpp] 无法打开串口 /dev/ttyACM0

[2026-07-24 01:42:16.192] [warning] [serial_port.cpp] 尝试重新打开串口...
[2026-07-24 01:42:16.192] [error] [serial_port.cpp] 无法打开串口 /dev/ttyACM0

[2026-07-24 01:42:16.696] [warning] [serial_port.cpp] 尝试重新打开串口...
[2026-07-24 01:42:16.696] [error] [serial_port.cpp] 无法打开串口 /dev/ttyACM0

[2026-07-24 01:42:17.200] [warning] [serial_port.cpp] 尝试重新打开串口...
[2026-07-24 01:42:17.200] [error] [serial_port.cpp] 无法打开串口 /dev/ttyACM0

[2026-07-24 01:42:17.703] [warning] [serial_port.cpp] 尝试重新打开串口...
[2026-07-24 01:42:17.703] [error] [serial_port.cpp] 无法打开串口 /dev/ttyACM0

[2026-07-24 01:42:18.207] [warning] [serial_port.cpp] 尝试重新打开串口...
[2026-07-24 01:42:18.208] [error] [serial_port.cpp] 无法打开串口 /dev/ttyACM0

[2026-07-24 01:42:18.713] [warning] [serial_port.cpp] 尝试重新打开串口...
[2026-07-24 01:42:18.713] [error] [serial_port.cpp] 无法打开串口 /dev/ttyACM0

[2026-07-24 01:42:19.218] [warning] [serial_port.cpp] 尝试重新打开串口...
[2026-07-24 01:42:19.219] [error] [serial_port.cpp] 无法打开串口 /dev/ttyACM0

[2026-07-24 01:42:19.723] [warning] [serial_port.cpp] 尝试重新打开串口...
[2026-07-24 01:42:19.723] [error] [serial_port.cpp] 无法打开串口 /dev/ttyACM0

[2026-07-24 01:42:20.227] [warning] [serial_port.cpp] 尝试重新打开串口...
[2026-07-24 01:42:20.227] [error] [serial_port.cpp] 无法打开串口 /dev/ttyACM0

[2026-07-24 01:42:20.732] [warning] [serial_port.cpp] 尝试重新打开串口...
[2026-07-24 01:42:20.732] [error] [serial_port.cpp] 无法打开串口 /dev/ttyACM0

[2026-07-24 01:42:21.236] [warning] [serial_port.cpp] 尝试重新打开串口...
[2026-07-24 01:42:21.236] [error] [serial_port.cpp] 无法打开串口 /dev/ttyACM0

[2026-07-24 01:42:21.742] [warning] [serial_port.cpp] 尝试重新打开串口...
[2026-07-24 01:42:21.742] [error] [serial_port.cpp] 无法打开串口 /dev/ttyACM0

[2026-07-24 01:42:22.246] [warning] [serial_port.cpp] 尝试重新打开串口...
[2026-07-24 01:42:22.246] [error] [serial_port.cpp] 无法打开串口 /dev/ttyACM0

[2026-07-24 01:42:22.750] [warning] [serial_port.cpp] 尝试重新打开串口...
[2026-07-24 01:42:22.750] [error] [serial_port.cpp] 无法打开串口 /dev/ttyACM0

[2026-07-24 01:42:23.254] [warning] [serial_port.cpp] 尝试重新打开串口...
[2026-07-24 01:42:23.254] [error] [serial_port.cpp] 无法打开串口 /dev/ttyACM0

[2026-07-24 01:42:23.759] [warning] [serial_port.cpp] 尝试重新打开串口...
[2026-07-24 01:42:23.759] [error] [serial_port.cpp] 无法打开串口 /dev/ttyACM0

[2026-07-24 01:42:24.264] [warning] [serial_port.cpp] 尝试重新打开串口...
[2026-07-24 01:42:24.264] [error] [serial_port.cpp] 无法打开串口 /dev/ttyACM0

[2026-07-24 01:42:24.768] [warning] [serial_port.cpp] 尝试重新打开串口...
[2026-07-24 01:42:24.768] [error] [serial_port.cpp] 无法打开串口 /dev/ttyACM0

[2026-07-24 01:42:25.272] [warning] [serial_port.cpp] 尝试重新打开串口...
[2026-07-24 01:42:25.272] [error] [serial_port.cpp] 无法打开串口 /dev/ttyACM0

[2026-07-24 01:42:25.776] [warning] [serial_port.cpp] 尝试重新打开串口...
[2026-07-24 01:42:25.776] [error] [serial_port.cpp] 无法打开串口 /dev/ttyACM0

[2026-07-24 01:42:26.280] [warning] [serial_port.cpp] 尝试重新打开串口...
[2026-07-24 01:42:26.280] [error] [serial_port.cpp] 无法打开串口 /dev/ttyACM0

[2026-07-24 01:42:26.786] [warning] [serial_port.cpp] 尝试重新打开串口...
[2026-07-24 01:42:26.786] [error] [serial_port.cpp] 无法打开串口 /dev/ttyACM0

[2026-07-24 01:42:27.293] [warning] [serial_port.cpp] 尝试重新打开串口...
[2026-07-24 01:42:27.293] [error] [serial_port.cpp] 无法打开串口 /dev/ttyACM0

[2026-07-24 01:42:27.800] [warning] [serial_port.cpp] 尝试重新打开串口...
[2026-07-24 01:42:27.800] [error] [serial_port.cpp] 无法打开串口 /dev/ttyACM0

[2026-07-24 01:42:28.305] [warning] [serial_port.cpp] 尝试重新打开串口...
[2026-07-24 01:42:28.305] [error] [serial_port.cpp] 无法打开串口 /dev/ttyACM0

[2026-07-24 01:42:28.809] [warning] [serial_port.cpp] 尝试重新打开串口...
[2026-07-24 01:42:28.810] [error] [serial_port.cpp] 无法打开串口 /dev/ttyACM0

[2026-07-24 01:42:29.314] [warning] [serial_port.cpp] 尝试重新打开串口...
[2026-07-24 01:42:29.314] [error] [serial_port.cpp] 无法打开串口 /dev/ttyACM0

[2026-07-24 01:42:29.820] [warning] [serial_port.cpp] 尝试重新打开串口...
[2026-07-24 01:42:29.820] [error] [serial_port.cpp] 无法打开串口 /dev/ttyACM0

[2026-07-24 01:42:30.325] [warning] [serial_port.cpp] 尝试重新打开串口...
[2026-07-24 01:42:30.325] [error] [serial_port.cpp] 无法打开串口 /dev/ttyACM0

[2026-07-24 01:42:30.830] [warning] [serial_port.cpp] 尝试重新打开串口...
[2026-07-24 01:42:30.830] [error] [serial_port.cpp] 无法打开串口 /dev/ttyACM0

[2026-07-24 01:42:31.335] [warning] [serial_port.cpp] 尝试重新打开串口...
[2026-07-24 01:42:31.335] [error] [serial_port.cpp] 无法打开串口 /dev/ttyACM0

[2026-07-24 01:42:31.840] [warning] [serial_port.cpp] 尝试重新打开串口...
[2026-07-24 01:42:31.840] [error] [serial_port.cpp] 无法打开串口 /dev/ttyACM0

[2026-07-24 01:42:32.346] [warning] [serial_port.cpp] 尝试重新打开串口...
[2026-07-24 01:42:32.346] [error] [serial_port.cpp] 无法打开串口 /dev/ttyACM0

[2026-07-24 01:42:32.850] [warning] [serial_port.cpp] 尝试重新打开串口...
[2026-07-24 01:42:32.850] [error] [serial_port.cpp] 无法打开串口 /dev/ttyACM0

[2026-07-24 01:42:33.355] [warning] [serial_port.cpp] 尝试重新打开串口...
[2026-07-24 01:42:33.355] [error] [serial_port.cpp] 无法打开串口 /dev/ttyACM0

[2026-07-24 01:42:33.860] [warning] [serial_port.cpp] 尝试重新打开串口...
[2026-07-24 01:42:33.860] [error] [serial_port.cpp] 无法打开串口 /dev/ttyACM0

[2026-07-24 01:42:34.365] [warning] [serial_port.cpp] 尝试重新打开串口...
[2026-07-24 01:42:34.365] [error] [serial_port.cpp] 无法打开串口 /dev/ttyACM0

[2026-07-24 01:42:34.869] [warning] [serial_port.cpp] 尝试重新打开串口...
[2026-07-24 01:42:34.869] [error] [serial_port.cpp] 无法打开串口 /dev/ttyACM0

[2026-07-24 01:42:35.374] [warning] [serial_port.cpp] 尝试重新打开串口...
[2026-07-24 01:42:35.374] [error] [serial_port.cpp] 无法打开串口 /dev/ttyACM0

[2026-07-24 01:42:35.879] [warning] [serial_port.cpp] 尝试重新打开串口...
[2026-07-24 01:42:35.879] [error] [serial_port.cpp] 无法打开串口 /dev/ttyACM0

[2026-07-24 01:42:36.385] [warning] [serial_port.cpp] 尝试重新打开串口...
[2026-07-24 01:42:36.385] [error] [serial_port.cpp] 无法打开串口 /dev/ttyACM0

[2026-07-24 01:42:36.889] [warning] [serial_port.cpp] 尝试重新打开串口...
[2026-07-24 01:42:36.889] [error] [serial_port.cpp] 无法打开串口 /dev/ttyACM0

[2026-07-24 01:42:37.393] [warning] [serial_port.cpp] 尝试重新打开串口...
[2026-07-24 01:42:37.393] [error] [serial_port.cpp] 无法打开串口 /dev/ttyACM0

[2026-07-24 01:42:37.898] [warning] [serial_port.cpp] 尝试重新打开串口...
[2026-07-24 01:42:37.898] [error] [serial_port.cpp] 无法打开串口 /dev/ttyACM0

[2026-07-24 01:42:38.402] [warning] [serial_port.cpp] 尝试重新打开串口...
[2026-07-24 01:42:38.402] [error] [serial_port.cpp] 无法打开串口 /dev/ttyACM0

[2026-07-24 01:42:38.906] [warning] [serial_port.cpp] 尝试重新打开串口...
[2026-07-24 01:42:38.906] [error] [serial_port.cpp] 无法打开串口 /dev/ttyACM0

[2026-07-24 01:42:39.410] [warning] [serial_port.cpp] 尝试重新打开串口...
[2026-07-24 01:42:39.410] [error] [serial_port.cpp] 无法打开串口 /dev/ttyACM0

[2026-07-24 01:42:39.914] [warning] [serial_port.cpp] 尝试重新打开串口...
[2026-07-24 01:42:39.914] [error] [serial_port.cpp] 无法打开串口 /dev/ttyACM0

[2026-07-24 01:42:40.419] [warning] [serial_port.cpp] 尝试重新打开串口...
[2026-07-24 01:42:40.419] [error] [serial_port.cpp] 无法打开串口 /dev/ttyACM0

[2026-07-24 01:42:40.923] [warning] [serial_port.cpp] 尝试重新打开串口...
[2026-07-24 01:42:40.923] [error] [serial_port.cpp] 无法打开串口 /dev/ttyACM0

[2026-07-24 01:42:41.427] [warning] [serial_port.cpp] 尝试重新打开串口...
[2026-07-24 01:42:41.427] [error] [serial_port.cpp] 无法打开串口 /dev/ttyACM0

[2026-07-24 01:42:41.931] [warning] [serial_port.cpp] 尝试重新打开串口...
[2026-07-24 01:42:41.931] [error] [serial_port.cpp] 无法打开串口 /dev/ttyACM0

[2026-07-24 01:42:42.435] [warning] [serial_port.cpp] 尝试重新打开串口...
[2026-07-24 01:42:42.435] [error] [serial_port.cpp] 无法打开串口 /dev/ttyACM0

[2026-07-24 01:42:42.939] [warning] [serial_port.cpp] 尝试重新打开串口...
[2026-07-24 01:42:42.939] [error] [serial_port.cpp] 无法打开串口 /dev/ttyACM0

[2026-07-24 01:42:43.443] [warning] [serial_port.cpp] 尝试重新打开串口...
[2026-07-24 01:42:43.443] [error] [serial_port.cpp] 无法打开串口 /dev/ttyACM0

[2026-07-24 01:42:43.947] [warning] [serial_port.cpp] 尝试重新打开串口...
[2026-07-24 01:42:43.947] [error] [serial_port.cpp] 无法打开串口 /dev/ttyACM0

[2026-07-24 01:42:44.451] [warning] [serial_port.cpp] 尝试重新打开串口...
[2026-07-24 01:42:44.452] [error] [serial_port.cpp] 无法打开串口 /dev/ttyACM0

[2026-07-24 01:42:44.956] [warning] [serial_port.cpp] 尝试重新打开串口...
[2026-07-24 01:42:44.956] [error] [serial_port.cpp] 无法打开串口 /dev/ttyACM0

[2026-07-24 01:42:45.460] [warning] [serial_port.cpp] 尝试重新打开串口...
[2026-07-24 01:42:45.461] [error] [serial_port.cpp] 无法打开串口 /dev/ttyACM0

[2026-07-24 01:42:45.967] [warning] [serial_port.cpp] 尝试重新打开串口...
[2026-07-24 01:42:45.967] [error] [serial_port.cpp] 无法打开串口 /dev/ttyACM0

[2026-07-24 01:42:46.471] [warning] [serial_port.cpp] 尝试重新打开串口...
[2026-07-24 01:42:46.471] [error] [serial_port.cpp] 无法打开串口 /dev/ttyACM0

[2026-07-24 01:42:46.976] [warning] [serial_port.cpp] 尝试重新打开串口...
[2026-07-24 01:42:46.976] [error] [serial_port.cpp] 无法打开串口 /dev/ttyACM0

[2026-07-24 01:42:47.480] [warning] [serial_port.cpp] 尝试重新打开串口...
[2026-07-24 01:42:47.480] [error] [serial_port.cpp] 无法打开串口 /dev/ttyACM0

[2026-07-24 01:42:47.987] [warning] [serial_port.cpp] 尝试重新打开串口...
[2026-07-24 01:42:47.987] [error] [serial_port.cpp] 无法打开串口 /dev/ttyACM0

[2026-07-24 01:42:48.491] [warning] [serial_port.cpp] 尝试重新打开串口...
[2026-07-24 01:42:48.491] [error] [serial_port.cpp] 无法打开串口 /dev/ttyACM0

[2026-07-24 01:42:48.996] [warning] [serial_port.cpp] 尝试重新打开串口...
[2026-07-24 01:42:48.996] [error] [serial_port.cpp] 无法打开串口 /dev/ttyACM0

[2026-07-24 01:42:49.501] [warning] [serial_port.cpp] 尝试重新打开串口...
[2026-07-24 01:42:49.501] [error] [serial_port.cpp] 无法打开串口 /dev/ttyACM0

[2026-07-24 01:42:50.005] [warning] [serial_port.cpp] 尝试重新打开串口...
[2026-07-24 01:42:50.005] [error] [serial_port.cpp] 无法打开串口 /dev/ttyACM0

[2026-07-24 01:42:50.509] [warning] [serial_port.cpp] 尝试重新打开串口...
[2026-07-24 01:42:50.509] [error] [serial_port.cpp] 无法打开串口 /dev/ttyACM0

[2026-07-24 01:42:51.013] [warning] [serial_port.cpp] 尝试重新打开串口...
[2026-07-24 01:42:51.013] [error] [serial_port.cpp] 无法打开串口 /dev/ttyACM0

[2026-07-24 01:42:51.519] [warning] [serial_port.cpp] 尝试重新打开串口...
[2026-07-24 01:42:51.519] [error] [serial_port.cpp] 无法打开串口 /dev/ttyACM0

[2026-07-24 01:42:52.022] [warning] [serial_port.cpp] 尝试重新打开串口...
[2026-07-24 01:42:52.023] [error] [serial_port.cpp] 无法打开串口 /dev/ttyACM0

[2026-07-24 01:42:52.527] [warning] [serial_port.cpp] 尝试重新打开串口...
[2026-07-24 01:42:52.527] [error] [serial_port.cpp] 无法打开串口 /dev/ttyACM0

[2026-07-24 01:42:53.031] [warning] [serial_port.cpp] 尝试重新打开串口...
[2026-07-24 01:42:53.031] [error] [serial_port.cpp] 无法打开串口 /dev/ttyACM0

[2026-07-24 01:42:53.535] [warning] [serial_port.cpp] 尝试重新打开串口...
[2026-07-24 01:42:53.535] [error] [serial_port.cpp] 无法打开串口 /dev/ttyACM0

[2026-07-24 01:42:54.040] [warning] [serial_port.cpp] 尝试重新打开串口...
[2026-07-24 01:42:54.040] [error] [serial_port.cpp] 无法打开串口 /dev/ttyACM0

[2026-07-24 01:42:54.544] [warning] [serial_port.cpp] 尝试重新打开串口...
[2026-07-24 01:42:54.545] [error] [serial_port.cpp] 无法打开串口 /dev/ttyACM0

[2026-07-24 01:42:55.049] [warning] [serial_port.cpp] 尝试重新打开串口...
[2026-07-24 01:42:55.049] [error] [serial_port.cpp] 无法打开串口 /dev/ttyACM0

[2026-07-24 01:42:55.554] [warning] [serial_port.cpp] 尝试重新打开串口...
[2026-07-24 01:42:55.554] [error] [serial_port.cpp] 无法打开串口 /dev/ttyACM0

[2026-07-24 01:42:56.058] [warning] [serial_port.cpp] 尝试重新打开串口...
[2026-07-24 01:42:56.058] [error] [serial_port.cpp] 无法打开串口 /dev/ttyACM0

[2026-07-24 01:42:56.563] [warning] [serial_port.cpp] 尝试重新打开串口...
[2026-07-24 01:42:56.563] [error] [serial_port.cpp] 无法打开串口 /dev/ttyACM0

[2026-07-24 01:42:57.068] [warning] [serial_port.cpp] 尝试重新打开串口...
[2026-07-24 01:42:57.068] [error] [serial_port.cpp] 无法打开串口 /dev/ttyACM0

[2026-07-24 01:42:57.572] [warning] [serial_port.cpp] 尝试重新打开串口...
[2026-07-24 01:42:57.572] [error] [serial_port.cpp] 无法打开串口 /dev/ttyACM0

[2026-07-24 01:42:58.077] [warning] [serial_port.cpp] 尝试重新打开串口...
[2026-07-24 01:42:58.077] [error] [serial_port.cpp] 无法打开串口 /dev/ttyACM0

[2026-07-24 01:42:58.583] [warning] [serial_port.cpp] 尝试重新打开串口...
[2026-07-24 01:42:58.583] [error] [serial_port.cpp] 无法打开串口 /dev/ttyACM0

[2026-07-24 01:42:59.087] [warning] [serial_port.cpp] 尝试重新打开串口...
[2026-07-24 01:42:59.087] [error] [serial_port.cpp] 无法打开串口 /dev/ttyACM0

[2026-07-24 01:42:59.591] [warning] [serial_port.cpp] 尝试重新打开串口...
[2026-07-24 01:42:59.591] [error] [serial_port.cpp] 无法打开串口 /dev/ttyACM0

[2026-07-24 01:43:00.095] [warning] [serial_port.cpp] 尝试重新打开串口...
[2026-07-24 01:43:00.095] [error] [serial_port.cpp] 无法打开串口 /dev/ttyACM0

[2026-07-24 01:43:00.599] [warning] [serial_port.cpp] 尝试重新打开串口...
[2026-07-24 01:43:00.599] [error] [serial_port.cpp] 无法打开串口 /dev/ttyACM0

[2026-07-24 01:43:01.104] [warning] [serial_port.cpp] 尝试重新打开串口...
[2026-07-24 01:43:01.104] [error] [serial_port.cpp] 无法打开串口 /dev/ttyACM0

[2026-07-24 01:43:01.608] [warning] [serial_port.cpp] 尝试重新打开串口...
[2026-07-24 01:43:01.608] [error] [serial_port.cpp] 无法打开串口 /dev/ttyACM0

[2026-07-24 01:43:02.112] [warning] [serial_port.cpp] 尝试重新打开串口...
[2026-07-24 01:43:02.112] [error] [serial_port.cpp] 无法打开串口 /dev/ttyACM0

[2026-07-24 01:43:02.616] [warning] [serial_port.cpp] 尝试重新打开串口...
[2026-07-24 01:43:02.616] [error] [serial_port.cpp] 无法打开串口 /dev/ttyACM0

[2026-07-24 01:43:03.120] [warning] [serial_port.cpp] 尝试重新打开串口...
[2026-07-24 01:43:03.120] [error] [serial_port.cpp] 无法打开串口 /dev/ttyACM0

[2026-07-24 01:43:03.624] [warning] [serial_port.cpp] 尝试重新打开串口...
[2026-07-24 01:43:03.624] [error] [serial_port.cpp] 无法打开串口 /dev/ttyACM0

[2026-07-24 01:43:04.128] [warning] [serial_port.cpp] 尝试重新打开串口...
[2026-07-24 01:43:04.128] [error] [serial_port.cpp] 无法打开串口 /dev/ttyACM0

[2026-07-24 01:43:04.633] [warning] [serial_port.cpp] 尝试重新打开串口...
[2026-07-24 01:43:04.633] [error] [serial_port.cpp] 无法打开串口 /dev/ttyACM0

[2026-07-24 01:43:05.137] [warning] [serial_port.cpp] 尝试重新打开串口...
[2026-07-24 01:43:05.137] [error] [serial_port.cpp] 无法打开串口 /dev/ttyACM0

[2026-07-24 01:43:05.646] [warning] [serial_port.cpp] 尝试重新打开串口...
[2026-07-24 01:43:05.646] [error] [serial_port.cpp] 无法打开串口 /dev/ttyACM0

[2026-07-24 01:43:06.150] [warning] [serial_port.cpp] 尝试重新打开串口...
[2026-07-24 01:43:06.151] [error] [serial_port.cpp] 无法打开串口 /dev/ttyACM0

[2026-07-24 01:43:06.656] [warning] [serial_port.cpp] 尝试重新打开串口...
[2026-07-24 01:43:06.656] [error] [serial_port.cpp] 无法打开串口 /dev/ttyACM0

[2026-07-24 01:43:07.161] [warning] [serial_port.cpp] 尝试重新打开串口...
[2026-07-24 01:43:07.161] [error] [serial_port.cpp] 无法打开串口 /dev/ttyACM0

[2026-07-24 01:43:07.665] [warning] [serial_port.cpp] 尝试重新打开串口...
[2026-07-24 01:43:07.665] [error] [serial_port.cpp] 无法打开串口 /dev/ttyACM0

[2026-07-24 01:43:08.171] [warning] [serial_port.cpp] 尝试重新打开串口...
[2026-07-24 01:43:08.171] [error] [serial_port.cpp] 无法打开串口 /dev/ttyACM0

[2026-07-24 01:43:08.674] [warning] [serial_port.cpp] 尝试重新打开串口...
[2026-07-24 01:43:08.675] [error] [serial_port.cpp] 无法打开串口 /dev/ttyACM0

[2026-07-24 01:43:09.180] [warning] [serial_port.cpp] 尝试重新打开串口...
[2026-07-24 01:43:09.180] [error] [serial_port.cpp] 无法打开串口 /dev/ttyACM0

[2026-07-24 01:43:09.684] [warning] [serial_port.cpp] 尝试重新打开串口...
[2026-07-24 01:43:09.684] [error] [serial_port.cpp] 无法打开串口 /dev/ttyACM0

[2026-07-24 01:43:10.188] [warning] [serial_port.cpp] 尝试重新打开串口...
[2026-07-24 01:43:10.188] [error] [serial_port.cpp] 无法打开串口 /dev/ttyACM0

[2026-07-24 01:43:10.692] [warning] [serial_port.cpp] 尝试重新打开串口...
[2026-07-24 01:43:10.692] [error] [serial_port.cpp] 无法打开串口 /dev/ttyACM0

[2026-07-24 01:43:11.197] [warning] [serial_port.cpp] 尝试重新打开串口...
[2026-07-24 01:43:11.197] [error] [serial_port.cpp] 无法打开串口 /dev/ttyACM0

[2026-07-24 01:43:11.700] [warning] [serial_port.cpp] 尝试重新打开串口...
[2026-07-24 01:43:11.701] [error] [serial_port.cpp] 无法打开串口 /dev/ttyACM0

[2026-07-24 01:43:12.204] [warning] [serial_port.cpp] 尝试重新打开串口...
[2026-07-24 01:43:12.204] [error] [serial_port.cpp] 无法打开串口 /dev/ttyACM0

[2026-07-24 01:43:12.708] [warning] [serial_port.cpp] 尝试重新打开串口...
[2026-07-24 01:43:12.708] [error] [serial_port.cpp] 无法打开串口 /dev/ttyACM0

[2026-07-24 01:43:13.212] [warning] [serial_port.cpp] 尝试重新打开串口...
[2026-07-24 01:43:13.212] [error] [serial_port.cpp] 无法打开串口 /dev/ttyACM0

[2026-07-24 01:43:13.716] [warning] [serial_port.cpp] 尝试重新打开串口...
[2026-07-24 01:43:13.716] [error] [serial_port.cpp] 无法打开串口 /dev/ttyACM0

[2026-07-24 01:43:14.220] [warning] [serial_port.cpp] 尝试重新打开串口...
[2026-07-24 01:43:14.220] [error] [serial_port.cpp] 无法打开串口 /dev/ttyACM0

[2026-07-24 01:43:14.725] [warning] [serial_port.cpp] 尝试重新打开串口...
[2026-07-24 01:43:14.725] [error] [serial_port.cpp] 无法打开串口 /dev/ttyACM0

[2026-07-24 01:43:15.228] [warning] [serial_port.cpp] 尝试重新打开串口...
[2026-07-24 01:43:15.228] [error] [serial_port.cpp] 无法打开串口 /dev/ttyACM0

[2026-07-24 01:43:15.732] [warning] [serial_port.cpp] 尝试重新打开串口...
[2026-07-24 01:43:15.732] [error] [serial_port.cpp] 无法打开串口 /dev/ttyACM0

[2026-07-24 01:43:16.236] [warning] [serial_port.cpp] 尝试重新打开串口...
[2026-07-24 01:43:16.236] [error] [serial_port.cpp] 无法打开串口 /dev/ttyACM0

[2026-07-24 01:43:16.739] [warning] [serial_port.cpp] 尝试重新打开串口...
[2026-07-24 01:43:16.740] [error] [serial_port.cpp] 无法打开串口 /dev/ttyACM0

[2026-07-24 01:43:17.244] [warning] [serial_port.cpp] 尝试重新打开串口...
[2026-07-24 01:43:17.244] [error] [serial_port.cpp] 无法打开串口 /dev/ttyACM0

[2026-07-24 01:43:17.748] [warning] [serial_port.cpp] 尝试重新打开串口...
[2026-07-24 01:43:17.748] [error] [serial_port.cpp] 无法打开串口 /dev/ttyACM0

[2026-07-24 01:43:18.252] [warning] [serial_port.cpp] 尝试重新打开串口...
[2026-07-24 01:43:18.252] [error] [serial_port.cpp] 无法打开串口 /dev/ttyACM0

[2026-07-24 01:43:18.756] [warning] [serial_port.cpp] 尝试重新打开串口...
[2026-07-24 01:43:18.756] [error] [serial_port.cpp] 无法打开串口 /dev/ttyACM0

[2026-07-24 01:43:19.260] [warning] [serial_port.cpp] 尝试重新打开串口...
[2026-07-24 01:43:19.260] [error] [serial_port.cpp] 无法打开串口 /dev/ttyACM0

[2026-07-24 01:43:19.765] [warning] [serial_port.cpp] 尝试重新打开串口...
[2026-07-24 01:43:19.765] [error] [serial_port.cpp] 无法打开串口 /dev/ttyACM0

[2026-07-24 01:43:20.270] [warning] [serial_port.cpp] 尝试重新打开串口...
[2026-07-24 01:43:20.270] [error] [serial_port.cpp] 无法打开串口 /dev/ttyACM0

[2026-07-24 01:43:20.774] [warning] [serial_port.cpp] 尝试重新打开串口...
[2026-07-24 01:43:20.774] [error] [serial_port.cpp] 无法打开串口 /dev/ttyACM0

[2026-07-24 01:43:21.280] [warning] [serial_port.cpp] 尝试重新打开串口...
[2026-07-24 01:43:21.280] [error] [serial_port.cpp] 无法打开串口 /dev/ttyACM0

[2026-07-24 01:43:21.787] [warning] [serial_port.cpp] 尝试重新打开串口...
[2026-07-24 01:43:21.787] [error] [serial_port.cpp] 无法打开串口 /dev/ttyACM0

[2026-07-24 01:43:22.294] [warning] [serial_port.cpp] 尝试重新打开串口...
[2026-07-24 01:43:22.294] [error] [serial_port.cpp] 无法打开串口 /dev/ttyACM0

[2026-07-24 01:43:22.801] [warning] [serial_port.cpp] 尝试重新打开串口...
[2026-07-24 01:43:22.801] [error] [serial_port.cpp] 无法打开串口 /dev/ttyACM0

[2026-07-24 01:43:23.311] [warning] [serial_port.cpp] 尝试重新打开串口...
[2026-07-24 01:43:23.311] [error] [serial_port.cpp] 无法打开串口 /dev/ttyACM0

[2026-07-24 01:43:23.819] [warning] [serial_port.cpp] 尝试重新打开串口...
[2026-07-24 01:43:23.819] [error] [serial_port.cpp] 无法打开串口 /dev/ttyACM0

[2026-07-24 01:43:24.325] [warning] [serial_port.cpp] 尝试重新打开串口...
[2026-07-24 01:43:24.326] [error] [serial_port.cpp] 无法打开串口 /dev/ttyACM0

[2026-07-24 01:43:24.830] [warning] [serial_port.cpp] 尝试重新打开串口...
[2026-07-24 01:43:24.830] [error] [serial_port.cpp] 无法打开串口 /dev/ttyACM0

[2026-07-24 01:43:25.335] [warning] [serial_port.cpp] 尝试重新打开串口...
[2026-07-24 01:43:25.336] [error] [serial_port.cpp] 无法打开串口 /dev/ttyACM0

[2026-07-24 01:43:25.840] [warning] [serial_port.cpp] 尝试重新打开串口...
[2026-07-24 01:43:25.840] [error] [serial_port.cpp] 无法打开串口 /dev/ttyACM0

[2026-07-24 01:43:26.345] [warning] [serial_port.cpp] 尝试重新打开串口...
[2026-07-24 01:43:26.345] [error] [serial_port.cpp] 无法打开串口 /dev/ttyACM0

[2026-07-24 01:43:26.849] [warning] [serial_port.cpp] 尝试重新打开串口...
[2026-07-24 01:43:26.849] [error] [serial_port.cpp] 无法打开串口 /dev/ttyACM0

[2026-07-24 01:43:27.353] [warning] [serial_port.cpp] 尝试重新打开串口...
[2026-07-24 01:43:27.353] [error] [serial_port.cpp] 无法打开串口 /dev/ttyACM0

[2026-07-24 01:43:27.857] [warning] [serial_port.cpp] 尝试重新打开串口...
[2026-07-24 01:43:27.857] [error] [serial_port.cpp] 无法打开串口 /dev/ttyACM0

[2026-07-24 01:43:28.362] [warning] [serial_port.cpp] 尝试重新打开串口...
[2026-07-24 01:43:28.362] [error] [serial_port.cpp] 无法打开串口 /dev/ttyACM0

[2026-07-24 01:43:28.866] [warning] [serial_port.cpp] 尝试重新打开串口...
[2026-07-24 01:43:28.866] [error] [serial_port.cpp] 无法打开串口 /dev/ttyACM0

[2026-07-24 01:43:29.372] [warning] [serial_port.cpp] 尝试重新打开串口...
[2026-07-24 01:43:29.372] [error] [serial_port.cpp] 无法打开串口 /dev/ttyACM0

[2026-07-24 01:43:29.876] [warning] [serial_port.cpp] 尝试重新打开串口...
[2026-07-24 01:43:29.876] [error] [serial_port.cpp] 无法打开串口 /dev/ttyACM0

[2026-07-24 01:43:30.381] [warning] [serial_port.cpp] 尝试重新打开串口...
[2026-07-24 01:43:30.381] [error] [serial_port.cpp] 无法打开串口 /dev/ttyACM0

[2026-07-24 01:43:30.886] [warning] [serial_port.cpp] 尝试重新打开串口...
[2026-07-24 01:43:30.886] [error] [serial_port.cpp] 无法打开串口 /dev/ttyACM0

[2026-07-24 01:43:31.391] [warning] [serial_port.cpp] 尝试重新打开串口...
[2026-07-24 01:43:31.391] [error] [serial_port.cpp] 无法打开串口 /dev/ttyACM0

[2026-07-24 01:43:31.895] [warning] [serial_port.cpp] 尝试重新打开串口...
[2026-07-24 01:43:31.895] [error] [serial_port.cpp] 无法打开串口 /dev/ttyACM0

[2026-07-24 01:43:32.399] [warning] [serial_port.cpp] 尝试重新打开串口...
[2026-07-24 01:43:32.399] [error] [serial_port.cpp] 无法打开串口 /dev/ttyACM0

[2026-07-24 01:43:32.903] [warning] [serial_port.cpp] 尝试重新打开串口...
[2026-07-24 01:43:32.904] [error] [serial_port.cpp] 无法打开串口 /dev/ttyACM0

[2026-07-24 01:43:33.408] [warning] [serial_port.cpp] 尝试重新打开串口...
[2026-07-24 01:43:33.408] [error] [serial_port.cpp] 无法打开串口 /dev/ttyACM0

[2026-07-24 01:43:33.912] [warning] [serial_port.cpp] 尝试重新打开串口...
[2026-07-24 01:43:33.912] [error] [serial_port.cpp] 无法打开串口 /dev/ttyACM0

[2026-07-24 01:43:34.415] [warning] [serial_port.cpp] 尝试重新打开串口...
[2026-07-24 01:43:34.415] [error] [serial_port.cpp] 无法打开串口 /dev/ttyACM0

[2026-07-24 01:43:34.919] [warning] [serial_port.cpp] 尝试重新打开串口...
[2026-07-24 01:43:34.919] [error] [serial_port.cpp] 无法打开串口 /dev/ttyACM0

[2026-07-24 01:43:35.425] [warning] [serial_port.cpp] 尝试重新打开串口...
[2026-07-24 01:43:35.425] [error] [serial_port.cpp] 无法打开串口 /dev/ttyACM0

[2026-07-24 01:43:35.929] [warning] [serial_port.cpp] 尝试重新打开串口...
[2026-07-24 01:43:35.929] [error] [serial_port.cpp] 无法打开串口 /dev/ttyACM0

[2026-07-24 01:43:36.434] [warning] [serial_port.cpp] 尝试重新打开串口...
[2026-07-24 01:43:36.434] [error] [serial_port.cpp] 无法打开串口 /dev/ttyACM0

[2026-07-24 01:43:36.939] [warning] [serial_port.cpp] 尝试重新打开串口...
[2026-07-24 01:43:36.939] [error] [serial_port.cpp] 无法打开串口 /dev/ttyACM0

[2026-07-24 01:43:37.443] [warning] [serial_port.cpp] 尝试重新打开串口...
[2026-07-24 01:43:37.443] [error] [serial_port.cpp] 无法打开串口 /dev/ttyACM0

[2026-07-24 01:43:37.946] [warning] [serial_port.cpp] 尝试重新打开串口...
[2026-07-24 01:43:37.946] [error] [serial_port.cpp] 无法打开串口 /dev/ttyACM0

[2026-07-24 01:43:38.451] [warning] [serial_port.cpp] 尝试重新打开串口...
[2026-07-24 01:43:38.451] [error] [serial_port.cpp] 无法打开串口 /dev/ttyACM0

[2026-07-24 01:43:38.955] [warning] [serial_port.cpp] 尝试重新打开串口...
[2026-07-24 01:43:38.955] [error] [serial_port.cpp] 无法打开串口 /dev/ttyACM0

[2026-07-24 01:43:39.459] [warning] [serial_port.cpp] 尝试重新打开串口...
[2026-07-24 01:43:39.459] [error] [serial_port.cpp] 无法打开串口 /dev/ttyACM0

[2026-07-24 01:43:39.963] [warning] [serial_port.cpp] 尝试重新打开串口...
[2026-07-24 01:43:39.963] [error] [serial_port.cpp] 无法打开串口 /dev/ttyACM0

[2026-07-24 01:43:40.468] [warning] [serial_port.cpp] 尝试重新打开串口...
[2026-07-24 01:43:40.468] [error] [serial_port.cpp] 无法打开串口 /dev/ttyACM0

[2026-07-24 01:43:40.972] [warning] [serial_port.cpp] 尝试重新打开串口...
[2026-07-24 01:43:40.972] [error] [serial_port.cpp] 无法打开串口 /dev/ttyACM0

[2026-07-24 01:43:41.477] [warning] [serial_port.cpp] 尝试重新打开串口...
[2026-07-24 01:43:41.477] [error] [serial_port.cpp] 无法打开串口 /dev/ttyACM0

[2026-07-24 01:43:41.602] [debug] 

[2026-07-24 01:43:41.602] [warning] [main.cpp] 捕捉到退出信号(SIGINT)，准备退出程序...

[2026-07-24 01:43:41.743] [info] [HttpStream] HTTP 服务器已停止。
