[2026-07-24 02:02:06.119] [debug] ================= [CONFIG LOADED] =================
[2026-07-24 02:02:06.119] [debug]   Mode: PC
[2026-07-24 02:02:06.119] [debug]   Camera ID : 0
[2026-07-24 02:02:06.119] [debug]   Target Res: 1280x720
[2026-07-24 02:02:06.119] [debug]   Target Fmt: MJPG
[2026-07-24 02:02:06.119] [debug]   Target Brightness: 0
[2026-07-24 02:02:06.119] [debug]   Target Contrast: 0
[2026-07-24 02:02:06.119] [debug]   Model Path: ../models/detect.prototxt | ../models/detect.caffemodel | ../models/sr.prototxt | ../models/sr.caffemodel

[2026-07-24 02:02:06.119] [debug]   Stream        : Port=5000, Res=640x360, Quality=60
[2026-07-24 02:02:06.119] [debug] ===================================================
[2026-07-24 02:02:06.123] [info] [qrcode_scanner.cpp] 微信模型加载成功
[2026-07-24 02:02:06.149] [debug] 
[2026-07-24 02:02:06.149] [debug] ================= [ACTUAL CAMERA STATUS] =================
[2026-07-24 02:02:06.149] [debug]   Backend API   : V4L2
[2026-07-24 02:02:06.149] [debug]   Resolution    : 1280x720
[2026-07-24 02:02:06.149] [debug]   FPS           : 30
[2026-07-24 02:02:06.149] [debug]   Video Format  : MJPG
[2026-07-24 02:02:06.149] [debug]   Exposure      : 166
[2026-07-24 02:02:06.149] [debug]   Brightness    : 0
[2026-07-24 02:02:06.149] [debug]   Contrast      : 0
[2026-07-24 02:02:06.149] [debug] ==========================================================
[2026-07-24 02:02:06.149] [debug] [main.cpp] 相机初始化完毕, 按 'ESC' 或 'q' 退出

[2026-07-24 02:02:06.149] [debug] ================= [SERIAL STATUS] =================
[2026-07-24 02:02:06.149] [error] [serial_port.cpp] 无法打开串口 /dev/ttyACM0

[2026-07-24 02:02:06.149] [error]   is_serial_open: FAILED
[2026-07-24 02:02:06.149] [debug] ===================================================

[2026-07-24 02:02:06.149] [info] [HttpStream] HTTP 服务器已启动，端口: 5000
[2026-07-24 02:02:06.149] [info] [SERIAL THREAD] 相机 OK, 串口 ERROR, 有效信息 NO, 发送 255 and 255 FAILED
[2026-07-24 02:02:06.149] [info] [HttpStream] 服务器正在 0.0.0.0:5000 监听
[2026-07-24 02:02:06.149] [info] 本机局域网 IP: 10.62.146.83  (接口: wlp0s20f3)
[2026-07-24 02:02:06.149] [debug] [main.cpp] starting 3 threads...

[2026-07-24 02:02:06.624] [warning] [serial_port.cpp] 尝试重新打开串口...
[2026-07-24 02:02:06.624] [error] [serial_port.cpp] 无法打开串口 /dev/ttyACM0

[2026-07-24 02:02:07.128] [warning] [serial_port.cpp] 尝试重新打开串口...
[2026-07-24 02:02:07.128] [error] [serial_port.cpp] 无法打开串口 /dev/ttyACM0

[2026-07-24 02:02:07.633] [warning] [serial_port.cpp] 尝试重新打开串口...
[2026-07-24 02:02:07.633] [error] [serial_port.cpp] 无法打开串口 /dev/ttyACM0

[2026-07-24 02:02:08.138] [warning] [serial_port.cpp] 尝试重新打开串口...
[2026-07-24 02:02:08.138] [error] [serial_port.cpp] 无法打开串口 /dev/ttyACM0

[2026-07-24 02:02:08.642] [warning] [serial_port.cpp] 尝试重新打开串口...
[2026-07-24 02:02:08.642] [error] [serial_port.cpp] 无法打开串口 /dev/ttyACM0

[2026-07-24 02:02:09.146] [warning] [serial_port.cpp] 尝试重新打开串口...
[2026-07-24 02:02:09.146] [error] [serial_port.cpp] 无法打开串口 /dev/ttyACM0

[2026-07-24 02:02:09.650] [warning] [serial_port.cpp] 尝试重新打开串口...
[2026-07-24 02:02:09.650] [error] [serial_port.cpp] 无法打开串口 /dev/ttyACM0

[2026-07-24 02:02:10.154] [warning] [serial_port.cpp] 尝试重新打开串口...
[2026-07-24 02:02:10.155] [error] [serial_port.cpp] 无法打开串口 /dev/ttyACM0

[2026-07-24 02:02:10.660] [warning] [serial_port.cpp] 尝试重新打开串口...
[2026-07-24 02:02:10.660] [error] [serial_port.cpp] 无法打开串口 /dev/ttyACM0

[2026-07-24 02:02:11.164] [warning] [serial_port.cpp] 尝试重新打开串口...
[2026-07-24 02:02:11.165] [error] [serial_port.cpp] 无法打开串口 /dev/ttyACM0

[2026-07-24 02:02:11.668] [warning] [serial_port.cpp] 尝试重新打开串口...
[2026-07-24 02:02:11.669] [error] [serial_port.cpp] 无法打开串口 /dev/ttyACM0

[2026-07-24 02:02:12.173] [warning] [serial_port.cpp] 尝试重新打开串口...
[2026-07-24 02:02:12.173] [error] [serial_port.cpp] 无法打开串口 /dev/ttyACM0

[2026-07-24 02:02:12.677] [warning] [serial_port.cpp] 尝试重新打开串口...
[2026-07-24 02:02:12.677] [error] [serial_port.cpp] 无法打开串口 /dev/ttyACM0

[2026-07-24 02:02:13.181] [warning] [serial_port.cpp] 尝试重新打开串口...
[2026-07-24 02:02:13.181] [error] [serial_port.cpp] 无法打开串口 /dev/ttyACM0

[2026-07-24 02:02:13.685] [warning] [serial_port.cpp] 尝试重新打开串口...
[2026-07-24 02:02:13.685] [error] [serial_port.cpp] 无法打开串口 /dev/ttyACM0

[2026-07-24 02:02:14.190] [warning] [serial_port.cpp] 尝试重新打开串口...
[2026-07-24 02:02:14.190] [error] [serial_port.cpp] 无法打开串口 /dev/ttyACM0

[2026-07-24 02:02:14.694] [warning] [serial_port.cpp] 尝试重新打开串口...
[2026-07-24 02:02:14.694] [error] [serial_port.cpp] 无法打开串口 /dev/ttyACM0

[2026-07-24 02:02:15.200] [warning] [serial_port.cpp] 尝试重新打开串口...
[2026-07-24 02:02:15.200] [error] [serial_port.cpp] 无法打开串口 /dev/ttyACM0

[2026-07-24 02:02:15.705] [warning] [serial_port.cpp] 尝试重新打开串口...
[2026-07-24 02:02:15.705] [error] [serial_port.cpp] 无法打开串口 /dev/ttyACM0

[2026-07-24 02:02:16.209] [warning] [serial_port.cpp] 尝试重新打开串口...
[2026-07-24 02:02:16.210] [error] [serial_port.cpp] 无法打开串口 /dev/ttyACM0

[2026-07-24 02:02:16.714] [warning] [serial_port.cpp] 尝试重新打开串口...
[2026-07-24 02:02:16.714] [error] [serial_port.cpp] 无法打开串口 /dev/ttyACM0

[2026-07-24 02:02:17.218] [warning] [serial_port.cpp] 尝试重新打开串口...
[2026-07-24 02:02:17.218] [error] [serial_port.cpp] 无法打开串口 /dev/ttyACM0

[2026-07-24 02:02:17.722] [warning] [serial_port.cpp] 尝试重新打开串口...
[2026-07-24 02:02:17.722] [error] [serial_port.cpp] 无法打开串口 /dev/ttyACM0

[2026-07-24 02:02:18.226] [warning] [serial_port.cpp] 尝试重新打开串口...
[2026-07-24 02:02:18.227] [error] [serial_port.cpp] 无法打开串口 /dev/ttyACM0

[2026-07-24 02:02:18.730] [warning] [serial_port.cpp] 尝试重新打开串口...
[2026-07-24 02:02:18.730] [error] [serial_port.cpp] 无法打开串口 /dev/ttyACM0

[2026-07-24 02:02:19.235] [warning] [serial_port.cpp] 尝试重新打开串口...
[2026-07-24 02:02:19.235] [error] [serial_port.cpp] 无法打开串口 /dev/ttyACM0

[2026-07-24 02:02:19.739] [warning] [serial_port.cpp] 尝试重新打开串口...
[2026-07-24 02:02:19.739] [error] [serial_port.cpp] 无法打开串口 /dev/ttyACM0

[2026-07-24 02:02:20.243] [warning] [serial_port.cpp] 尝试重新打开串口...
[2026-07-24 02:02:20.243] [error] [serial_port.cpp] 无法打开串口 /dev/ttyACM0

[2026-07-24 02:02:20.746] [warning] [serial_port.cpp] 尝试重新打开串口...
[2026-07-24 02:02:20.746] [error] [serial_port.cpp] 无法打开串口 /dev/ttyACM0

[2026-07-24 02:02:21.250] [warning] [serial_port.cpp] 尝试重新打开串口...
[2026-07-24 02:02:21.250] [error] [serial_port.cpp] 无法打开串口 /dev/ttyACM0

[2026-07-24 02:02:21.757] [warning] [serial_port.cpp] 尝试重新打开串口...
[2026-07-24 02:02:21.757] [error] [serial_port.cpp] 无法打开串口 /dev/ttyACM0

[2026-07-24 02:02:22.261] [warning] [serial_port.cpp] 尝试重新打开串口...
[2026-07-24 02:02:22.261] [error] [serial_port.cpp] 无法打开串口 /dev/ttyACM0

[2026-07-24 02:02:22.767] [warning] [serial_port.cpp] 尝试重新打开串口...
[2026-07-24 02:02:22.767] [error] [serial_port.cpp] 无法打开串口 /dev/ttyACM0

[2026-07-24 02:02:23.272] [warning] [serial_port.cpp] 尝试重新打开串口...
[2026-07-24 02:02:23.272] [error] [serial_port.cpp] 无法打开串口 /dev/ttyACM0

[2026-07-24 02:02:23.777] [warning] [serial_port.cpp] 尝试重新打开串口...
[2026-07-24 02:02:23.778] [error] [serial_port.cpp] 无法打开串口 /dev/ttyACM0

[2026-07-24 02:02:24.281] [warning] [serial_port.cpp] 尝试重新打开串口...
[2026-07-24 02:02:24.281] [error] [serial_port.cpp] 无法打开串口 /dev/ttyACM0

[2026-07-24 02:02:24.785] [warning] [serial_port.cpp] 尝试重新打开串口...
[2026-07-24 02:02:24.786] [error] [serial_port.cpp] 无法打开串口 /dev/ttyACM0

[2026-07-24 02:02:25.290] [warning] [serial_port.cpp] 尝试重新打开串口...
[2026-07-24 02:02:25.290] [error] [serial_port.cpp] 无法打开串口 /dev/ttyACM0

[2026-07-24 02:02:25.796] [warning] [serial_port.cpp] 尝试重新打开串口...
[2026-07-24 02:02:25.796] [error] [serial_port.cpp] 无法打开串口 /dev/ttyACM0

[2026-07-24 02:02:26.303] [warning] [serial_port.cpp] 尝试重新打开串口...
[2026-07-24 02:02:26.304] [error] [serial_port.cpp] 无法打开串口 /dev/ttyACM0

[2026-07-24 02:02:26.810] [warning] [serial_port.cpp] 尝试重新打开串口...
[2026-07-24 02:02:26.810] [error] [serial_port.cpp] 无法打开串口 /dev/ttyACM0

[2026-07-24 02:02:27.317] [warning] [serial_port.cpp] 尝试重新打开串口...
[2026-07-24 02:02:27.317] [error] [serial_port.cpp] 无法打开串口 /dev/ttyACM0

[2026-07-24 02:02:27.824] [warning] [serial_port.cpp] 尝试重新打开串口...
[2026-07-24 02:02:27.824] [error] [serial_port.cpp] 无法打开串口 /dev/ttyACM0

[2026-07-24 02:02:28.328] [warning] [serial_port.cpp] 尝试重新打开串口...
[2026-07-24 02:02:28.328] [error] [serial_port.cpp] 无法打开串口 /dev/ttyACM0

[2026-07-24 02:02:28.831] [warning] [serial_port.cpp] 尝试重新打开串口...
[2026-07-24 02:02:28.832] [error] [serial_port.cpp] 无法打开串口 /dev/ttyACM0

[2026-07-24 02:02:29.336] [warning] [serial_port.cpp] 尝试重新打开串口...
[2026-07-24 02:02:29.336] [error] [serial_port.cpp] 无法打开串口 /dev/ttyACM0

[2026-07-24 02:02:29.839] [warning] [serial_port.cpp] 尝试重新打开串口...
[2026-07-24 02:02:29.840] [error] [serial_port.cpp] 无法打开串口 /dev/ttyACM0

[2026-07-24 02:02:30.344] [warning] [serial_port.cpp] 尝试重新打开串口...
[2026-07-24 02:02:30.344] [error] [serial_port.cpp] 无法打开串口 /dev/ttyACM0

[2026-07-24 02:02:30.848] [warning] [serial_port.cpp] 尝试重新打开串口...
[2026-07-24 02:02:30.848] [error] [serial_port.cpp] 无法打开串口 /dev/ttyACM0

[2026-07-24 02:02:31.353] [warning] [serial_port.cpp] 尝试重新打开串口...
[2026-07-24 02:02:31.353] [error] [serial_port.cpp] 无法打开串口 /dev/ttyACM0

[2026-07-24 02:02:31.858] [warning] [serial_port.cpp] 尝试重新打开串口...
[2026-07-24 02:02:31.858] [error] [serial_port.cpp] 无法打开串口 /dev/ttyACM0

[2026-07-24 02:02:32.362] [warning] [serial_port.cpp] 尝试重新打开串口...
[2026-07-24 02:02:32.362] [error] [serial_port.cpp] 无法打开串口 /dev/ttyACM0

[2026-07-24 02:02:32.869] [warning] [serial_port.cpp] 尝试重新打开串口...
[2026-07-24 02:02:32.869] [error] [serial_port.cpp] 无法打开串口 /dev/ttyACM0

[2026-07-24 02:02:33.374] [warning] [serial_port.cpp] 尝试重新打开串口...
[2026-07-24 02:02:33.374] [error] [serial_port.cpp] 无法打开串口 /dev/ttyACM0

[2026-07-24 02:02:33.878] [warning] [serial_port.cpp] 尝试重新打开串口...
[2026-07-24 02:02:33.878] [error] [serial_port.cpp] 无法打开串口 /dev/ttyACM0

[2026-07-24 02:02:34.382] [warning] [serial_port.cpp] 尝试重新打开串口...
[2026-07-24 02:02:34.383] [error] [serial_port.cpp] 无法打开串口 /dev/ttyACM0

[2026-07-24 02:02:34.887] [warning] [serial_port.cpp] 尝试重新打开串口...
[2026-07-24 02:02:34.888] [error] [serial_port.cpp] 无法打开串口 /dev/ttyACM0

[2026-07-24 02:02:35.392] [warning] [serial_port.cpp] 尝试重新打开串口...
[2026-07-24 02:02:35.392] [error] [serial_port.cpp] 无法打开串口 /dev/ttyACM0

[2026-07-24 02:02:35.896] [warning] [serial_port.cpp] 尝试重新打开串口...
[2026-07-24 02:02:35.896] [error] [serial_port.cpp] 无法打开串口 /dev/ttyACM0

[2026-07-24 02:02:36.400] [warning] [serial_port.cpp] 尝试重新打开串口...
[2026-07-24 02:02:36.400] [error] [serial_port.cpp] 无法打开串口 /dev/ttyACM0

[2026-07-24 02:02:36.904] [warning] [serial_port.cpp] 尝试重新打开串口...
[2026-07-24 02:02:36.904] [error] [serial_port.cpp] 无法打开串口 /dev/ttyACM0

[2026-07-24 02:02:37.408] [warning] [serial_port.cpp] 尝试重新打开串口...
[2026-07-24 02:02:37.408] [error] [serial_port.cpp] 无法打开串口 /dev/ttyACM0

[2026-07-24 02:02:37.912] [warning] [serial_port.cpp] 尝试重新打开串口...
[2026-07-24 02:02:37.912] [error] [serial_port.cpp] 无法打开串口 /dev/ttyACM0

[2026-07-24 02:02:38.417] [warning] [serial_port.cpp] 尝试重新打开串口...
[2026-07-24 02:02:38.417] [error] [serial_port.cpp] 无法打开串口 /dev/ttyACM0

[2026-07-24 02:02:38.921] [warning] [serial_port.cpp] 尝试重新打开串口...
[2026-07-24 02:02:38.921] [error] [serial_port.cpp] 无法打开串口 /dev/ttyACM0

[2026-07-24 02:02:39.425] [warning] [serial_port.cpp] 尝试重新打开串口...
[2026-07-24 02:02:39.425] [error] [serial_port.cpp] 无法打开串口 /dev/ttyACM0

[2026-07-24 02:02:39.931] [warning] [serial_port.cpp] 尝试重新打开串口...
[2026-07-24 02:02:39.931] [error] [serial_port.cpp] 无法打开串口 /dev/ttyACM0

[2026-07-24 02:02:40.435] [warning] [serial_port.cpp] 尝试重新打开串口...
[2026-07-24 02:02:40.435] [error] [serial_port.cpp] 无法打开串口 /dev/ttyACM0

[2026-07-24 02:02:40.942] [warning] [serial_port.cpp] 尝试重新打开串口...
[2026-07-24 02:02:40.942] [error] [serial_port.cpp] 无法打开串口 /dev/ttyACM0

[2026-07-24 02:02:41.446] [warning] [serial_port.cpp] 尝试重新打开串口...
[2026-07-24 02:02:41.446] [error] [serial_port.cpp] 无法打开串口 /dev/ttyACM0

[2026-07-24 02:02:41.953] [warning] [serial_port.cpp] 尝试重新打开串口...
[2026-07-24 02:02:41.954] [error] [serial_port.cpp] 无法打开串口 /dev/ttyACM0

[2026-07-24 02:02:42.458] [warning] [serial_port.cpp] 尝试重新打开串口...
[2026-07-24 02:02:42.458] [error] [serial_port.cpp] 无法打开串口 /dev/ttyACM0

[2026-07-24 02:02:42.962] [warning] [serial_port.cpp] 尝试重新打开串口...
[2026-07-24 02:02:42.962] [error] [serial_port.cpp] 无法打开串口 /dev/ttyACM0

[2026-07-24 02:02:43.467] [warning] [serial_port.cpp] 尝试重新打开串口...
[2026-07-24 02:02:43.467] [error] [serial_port.cpp] 无法打开串口 /dev/ttyACM0

[2026-07-24 02:02:43.971] [warning] [serial_port.cpp] 尝试重新打开串口...
[2026-07-24 02:02:43.971] [error] [serial_port.cpp] 无法打开串口 /dev/ttyACM0

[2026-07-24 02:02:44.475] [warning] [serial_port.cpp] 尝试重新打开串口...
[2026-07-24 02:02:44.476] [error] [serial_port.cpp] 无法打开串口 /dev/ttyACM0

[2026-07-24 02:02:44.979] [warning] [serial_port.cpp] 尝试重新打开串口...
[2026-07-24 02:02:44.979] [error] [serial_port.cpp] 无法打开串口 /dev/ttyACM0

[2026-07-24 02:02:45.484] [warning] [serial_port.cpp] 尝试重新打开串口...
[2026-07-24 02:02:45.484] [error] [serial_port.cpp] 无法打开串口 /dev/ttyACM0

[2026-07-24 02:02:45.989] [warning] [serial_port.cpp] 尝试重新打开串口...
[2026-07-24 02:02:45.989] [error] [serial_port.cpp] 无法打开串口 /dev/ttyACM0

[2026-07-24 02:02:46.493] [warning] [serial_port.cpp] 尝试重新打开串口...
[2026-07-24 02:02:46.493] [error] [serial_port.cpp] 无法打开串口 /dev/ttyACM0

[2026-07-24 02:02:47.000] [warning] [serial_port.cpp] 尝试重新打开串口...
[2026-07-24 02:02:47.000] [error] [serial_port.cpp] 无法打开串口 /dev/ttyACM0

[2026-07-24 02:02:47.505] [warning] [serial_port.cpp] 尝试重新打开串口...
[2026-07-24 02:02:47.505] [error] [serial_port.cpp] 无法打开串口 /dev/ttyACM0

[2026-07-24 02:02:48.008] [warning] [serial_port.cpp] 尝试重新打开串口...
[2026-07-24 02:02:48.008] [error] [serial_port.cpp] 无法打开串口 /dev/ttyACM0

[2026-07-24 02:02:48.512] [warning] [serial_port.cpp] 尝试重新打开串口...
[2026-07-24 02:02:48.513] [error] [serial_port.cpp] 无法打开串口 /dev/ttyACM0

[2026-07-24 02:02:49.020] [warning] [serial_port.cpp] 尝试重新打开串口...
[2026-07-24 02:02:49.020] [error] [serial_port.cpp] 无法打开串口 /dev/ttyACM0

[2026-07-24 02:02:49.527] [warning] [serial_port.cpp] 尝试重新打开串口...
[2026-07-24 02:02:49.527] [error] [serial_port.cpp] 无法打开串口 /dev/ttyACM0

[2026-07-24 02:02:50.034] [warning] [serial_port.cpp] 尝试重新打开串口...
[2026-07-24 02:02:50.034] [error] [serial_port.cpp] 无法打开串口 /dev/ttyACM0

[2026-07-24 02:02:50.541] [warning] [serial_port.cpp] 尝试重新打开串口...
[2026-07-24 02:02:50.541] [error] [serial_port.cpp] 无法打开串口 /dev/ttyACM0

[2026-07-24 02:02:51.047] [warning] [serial_port.cpp] 尝试重新打开串口...
[2026-07-24 02:02:51.047] [error] [serial_port.cpp] 无法打开串口 /dev/ttyACM0

[2026-07-24 02:02:51.553] [warning] [serial_port.cpp] 尝试重新打开串口...
[2026-07-24 02:02:51.553] [error] [serial_port.cpp] 无法打开串口 /dev/ttyACM0

[2026-07-24 02:02:52.059] [warning] [serial_port.cpp] 尝试重新打开串口...
[2026-07-24 02:02:52.060] [error] [serial_port.cpp] 无法打开串口 /dev/ttyACM0

[2026-07-24 02:02:52.570] [warning] [serial_port.cpp] 尝试重新打开串口...
[2026-07-24 02:02:52.570] [error] [serial_port.cpp] 无法打开串口 /dev/ttyACM0

[2026-07-24 02:02:53.077] [warning] [serial_port.cpp] 尝试重新打开串口...
[2026-07-24 02:02:53.077] [error] [serial_port.cpp] 无法打开串口 /dev/ttyACM0

[2026-07-24 02:02:53.581] [warning] [serial_port.cpp] 尝试重新打开串口...
[2026-07-24 02:02:53.582] [error] [serial_port.cpp] 无法打开串口 /dev/ttyACM0

[2026-07-24 02:02:54.086] [warning] [serial_port.cpp] 尝试重新打开串口...
[2026-07-24 02:02:54.086] [error] [serial_port.cpp] 无法打开串口 /dev/ttyACM0

[2026-07-24 02:02:54.590] [warning] [serial_port.cpp] 尝试重新打开串口...
[2026-07-24 02:02:54.590] [error] [serial_port.cpp] 无法打开串口 /dev/ttyACM0

[2026-07-24 02:02:55.095] [warning] [serial_port.cpp] 尝试重新打开串口...
[2026-07-24 02:02:55.095] [error] [serial_port.cpp] 无法打开串口 /dev/ttyACM0

[2026-07-24 02:02:55.603] [warning] [serial_port.cpp] 尝试重新打开串口...
[2026-07-24 02:02:55.606] [error] [serial_port.cpp] 无法打开串口 /dev/ttyACM0

[2026-07-24 02:02:56.110] [warning] [serial_port.cpp] 尝试重新打开串口...
[2026-07-24 02:02:56.111] [error] [serial_port.cpp] 无法打开串口 /dev/ttyACM0

[2026-07-24 02:02:56.614] [warning] [serial_port.cpp] 尝试重新打开串口...
[2026-07-24 02:02:56.614] [error] [serial_port.cpp] 无法打开串口 /dev/ttyACM0

[2026-07-24 02:02:57.119] [warning] [serial_port.cpp] 尝试重新打开串口...
[2026-07-24 02:02:57.119] [error] [serial_port.cpp] 无法打开串口 /dev/ttyACM0

[2026-07-24 02:02:57.623] [warning] [serial_port.cpp] 尝试重新打开串口...
[2026-07-24 02:02:57.623] [error] [serial_port.cpp] 无法打开串口 /dev/ttyACM0

[2026-07-24 02:02:58.127] [warning] [serial_port.cpp] 尝试重新打开串口...
[2026-07-24 02:02:58.127] [error] [serial_port.cpp] 无法打开串口 /dev/ttyACM0

[2026-07-24 02:02:58.631] [warning] [serial_port.cpp] 尝试重新打开串口...
[2026-07-24 02:02:58.632] [error] [serial_port.cpp] 无法打开串口 /dev/ttyACM0

[2026-07-24 02:02:59.138] [warning] [serial_port.cpp] 尝试重新打开串口...
[2026-07-24 02:02:59.138] [error] [serial_port.cpp] 无法打开串口 /dev/ttyACM0

[2026-07-24 02:02:59.637] [info] [HttpStream] HTTP 服务器已停止。
