[2026-07-24 12:59:24.312] [debug] ================= [CONFIG LOADED] =================
[2026-07-24 12:59:24.312] [debug]   Mode: PC
[2026-07-24 12:59:24.312] [debug]   Camera ID : 0
[2026-07-24 12:59:24.312] [debug]   Target Res: 720x1280
[2026-07-24 12:59:24.312] [debug]   Target Fmt: MJPG
[2026-07-24 12:59:24.312] [debug]   Target Brightness: 0
[2026-07-24 12:59:24.312] [debug]   Target Contrast: 30
[2026-07-24 12:59:24.312] [debug]   Model Path: ../models/detect.prototxt | ../models/detect.caffemodel | ../models/sr.prototxt | ../models/sr.caffemodel

[2026-07-24 12:59:24.312] [debug]   Stream        : Port=5000, Res=640x360, Quality=60
[2026-07-24 12:59:24.312] [debug] ===================================================
[2026-07-24 12:59:24.316] [info] [qrcode_scanner.cpp] 微信模型加载成功
[2026-07-24 12:59:24.438] [debug] 
[2026-07-24 12:59:24.438] [debug] ================= [ACTUAL CAMERA STATUS] =================
[2026-07-24 12:59:24.438] [debug]   Backend API   : V4L2
[2026-07-24 12:59:24.438] [debug]   Resolution    : 640x480
[2026-07-24 12:59:24.438] [debug]   FPS           : 30
[2026-07-24 12:59:24.438] [debug]   Video Format  : MJPG
[2026-07-24 12:59:24.438] [debug]   Exposure      : 166
[2026-07-24 12:59:24.438] [debug]   Brightness    : 0
[2026-07-24 12:59:24.438] [debug]   Contrast      : 30
[2026-07-24 12:59:24.438] [debug] ==========================================================
[2026-07-24 12:59:24.438] [debug] [main.cpp] 相机初始化完毕, 按 'ESC' 或 'q' 退出

[2026-07-24 12:59:24.438] [debug] ================= [SERIAL STATUS] =================
[2026-07-24 12:59:24.438] [error] [serial_port.cpp] 无法打开串口 /dev/ttyACM0

[2026-07-24 12:59:24.438] [error]   is_serial_open: FAILED
[2026-07-24 12:59:24.438] [debug] ===================================================

[2026-07-24 12:59:24.439] [info] [HttpStream] HTTP 服务器已启动，端口: 5000
[2026-07-24 12:59:24.439] [info] [SERIAL THREAD] 相机 OK, 串口 ERROR, 有效信息 NO, 发送 255 and 255 FAILED
[2026-07-24 12:59:24.439] [info] [HttpStream] 服务器正在 0.0.0.0:5000 监听
[2026-07-24 12:59:24.439] [info] 本机局域网 IP: 10.62.146.83  (接口: wlp0s20f3)
[2026-07-24 12:59:24.439] [debug] [main.cpp] starting 3 threads...

[2026-07-24 12:59:24.818] [warning] [serial_port.cpp] 尝试重新打开串口...
[2026-07-24 12:59:24.818] [error] [serial_port.cpp] 无法打开串口 /dev/ttyACM0

[2026-07-24 12:59:25.322] [warning] [serial_port.cpp] 尝试重新打开串口...
[2026-07-24 12:59:25.322] [error] [serial_port.cpp] 无法打开串口 /dev/ttyACM0

[2026-07-24 12:59:25.826] [warning] [serial_port.cpp] 尝试重新打开串口...
[2026-07-24 12:59:25.827] [error] [serial_port.cpp] 无法打开串口 /dev/ttyACM0

[2026-07-24 12:59:26.332] [warning] [serial_port.cpp] 尝试重新打开串口...
[2026-07-24 12:59:26.332] [error] [serial_port.cpp] 无法打开串口 /dev/ttyACM0

[2026-07-24 12:59:26.837] [warning] [serial_port.cpp] 尝试重新打开串口...
[2026-07-24 12:59:26.837] [error] [serial_port.cpp] 无法打开串口 /dev/ttyACM0

[2026-07-24 12:59:27.341] [warning] [serial_port.cpp] 尝试重新打开串口...
[2026-07-24 12:59:27.341] [error] [serial_port.cpp] 无法打开串口 /dev/ttyACM0

[2026-07-24 12:59:27.846] [warning] [serial_port.cpp] 尝试重新打开串口...
[2026-07-24 12:59:27.846] [error] [serial_port.cpp] 无法打开串口 /dev/ttyACM0

[2026-07-24 12:59:28.351] [warning] [serial_port.cpp] 尝试重新打开串口...
[2026-07-24 12:59:28.351] [error] [serial_port.cpp] 无法打开串口 /dev/ttyACM0

[2026-07-24 12:59:28.856] [warning] [serial_port.cpp] 尝试重新打开串口...
[2026-07-24 12:59:28.856] [error] [serial_port.cpp] 无法打开串口 /dev/ttyACM0

[2026-07-24 12:59:29.361] [warning] [serial_port.cpp] 尝试重新打开串口...
[2026-07-24 12:59:29.362] [error] [serial_port.cpp] 无法打开串口 /dev/ttyACM0

[2026-07-24 12:59:29.866] [warning] [serial_port.cpp] 尝试重新打开串口...
[2026-07-24 12:59:29.866] [error] [serial_port.cpp] 无法打开串口 /dev/ttyACM0

[2026-07-24 12:59:30.245] [debug] 

[2026-07-24 12:59:30.245] [warning] [main.cpp] 捕捉到退出信号(SIGINT)，准备退出程序...

[2026-07-24 12:59:30.289] [info] [HttpStream] HTTP 服务器已停止。
